In file included from [01m[K/usr/include/c++/11/memory:76[m[K,
                 from [01m[K/home/jake/moveit2_ws_main/install/moveit_core/include/moveit_core/moveit/macros/declare_ptr.h:37[m[K,
                 from [01m[K/home/jake/moveit2_ws_main/install/moveit_core/include/moveit_core/moveit/macros/class_forward.h:39[m[K,
                 from [01m[K/home/jake/moveit2_ws_main/src/moveit2/moveit_planners/ompl/ompl_interface/include/moveit/ompl_interface/parameterization/joint_space/constrained_planning_state_space.h:39[m[K,
                 from [01m[K/home/jake/moveit2_ws_main/src/moveit2/moveit_planners/ompl/ompl_interface/src/parameterization/joint_space/constrained_planning_state_space.cpp:37[m[K:
/usr/include/c++/11/bits/unique_ptr.h: In instantiation of â€˜[01m[Kstd::__uniq_ptr_impl<_Tp, _Dp>::__uniq_ptr_impl(std::__uniq_ptr_impl<_Tp, _Dp>::pointer, _Del&&) [with _Del = void (*)(void*); _Tp = char; _Dp = void (*)(void*); std::__uniq_ptr_impl<_Tp, _Dp>::pointer = char*][m[Kâ€™:
[01m[K/usr/include/c++/11/bits/unique_ptr.h:210:40:[m[K   required from â€˜[01m[Kstd::unique_ptr<_Tp, _Dp>::unique_ptr(std::unique_ptr<_Tp, _Dp>::pointer, std::__enable_if_t<(! std::is_lvalue_reference<_Del>::value), _Del&&>) [with _Del = void (*)(void*); <template-parameter-2-2> = void; _Tp = char; _Dp = void (*)(void*); std::unique_ptr<_Tp, _Dp>::pointer = char*; std::__enable_if_t<(! std::is_lvalue_reference<_Del>::value), _Del&&> = void (*&&)(void*)][m[Kâ€™
[01m[K/home/jake/ros2_iron/install/rmw/include/rmw/rmw/impl/cpp/demangle.hpp:47:43:[m[K   required from â€˜[01m[Kstd::string rmw::impl::cpp::demangle(const T&) [with T = std::exception; std::string = std::__cxx11::basic_string<char>][m[Kâ€™
[01m[K/home/jake/ros2_iron/install/rclcpp/include/rclcpp/rclcpp/client.hpp:297:11:[m[K   required from here
[01m[K/usr/include/c++/11/bits/unique_ptr.h:159:48:[m[K [01;31m[Kinternal compiler error: [m[KSegmentation fault
  159 |         : _M_t(__p, std::forward<_Del>(__d)) { [01;31m[K}[m[K
      |                                                [01;31m[K^[m[K
DW_FORM_strp out of range in .debug_info at 17
Please submit a full bug report,
with preprocessed source if appropriate.
See <file:///usr/share/doc/gcc-11/README.Bugs> for instructions.
gmake[2]: *** [ompl_interface/CMakeFiles/moveit_ompl_interface.dir/build.make:146: ompl_interface/CMakeFiles/moveit_ompl_interface.dir/src/parameterization/joint_space/constrained_planning_state_space.cpp.o] Error 1
gmake[2]: *** Waiting for unfinished jobs....
during GIMPLE pass: fixup_cfg
[01m[K/home/jake/moveit2_ws_main/src/moveit2/moveit_planners/ompl/ompl_interface/src/ompl_interface.cpp:[m[K In function â€˜[01m[Kconstexpr _Tp* std::__addressof(_Tp&) [with _Tp = const char][m[Kâ€™:
[01m[K/home/jake/moveit2_ws_main/src/moveit2/moveit_planners/ompl/ompl_interface/src/ompl_interface.cpp:266:1:[m[K [01;31m[Kinternal compiler error: [m[KSegmentation fault
  266 | [01;31m[K}[m[K  // namespace ompl_interface
      | [01;31m[K^[m[K
DW_FORM_strp out of range in .debug_info at 17
Please submit a full bug report,
with preprocessed source if appropriate.
See <file:///usr/share/doc/gcc-11/README.Bugs> for instructions.
gmake[2]: *** [ompl_interface/CMakeFiles/moveit_ompl_interface.dir/build.make:76: ompl_interface/CMakeFiles/moveit_ompl_interface.dir/src/ompl_interface.cpp.o] Error 1
In file included from [01m[K/home/jake/moveit2_ws_main/src/moveit2/moveit_planners/ompl/ompl_interface/include/moveit/ompl_interface/planning_context_manager.h:44[m[K,
                 from [01m[K/home/jake/moveit2_ws_main/src/moveit2/moveit_planners/ompl/ompl_interface/src/planning_context_manager.cpp:37[m[K:
[01m[K/opt/ros/iron/include/ompl-1.6/ompl/base/PlannerDataStorage.h:128:17:[m[K [01;31m[Kinternal compiler error: [m[KSegmentation fault
  128 |                 [01;31m[K}[m[K
      |                 [01;31m[K^[m[K
DW_FORM_strp out of range in .debug_info at 17
Please submit a full bug report,
with preprocessed source if appropriate.
See <file:///usr/share/doc/gcc-11/README.Bugs> for instructions.
gmake[2]: *** [ompl_interface/CMakeFiles/moveit_ompl_interface.dir/build.make:90: ompl_interface/CMakeFiles/moveit_ompl_interface.dir/src/planning_context_manager.cpp.o] Error 1
In file included from [01m[K/usr/include/c++/11/bits/stl_iterator_base_types.h:67[m[K,
                 from [01m[K/usr/include/c++/11/iterator:61[m[K,
                 from [01m[K/usr/include/boost/iterator/iterator_traits.hpp:10[m[K,
                 from [01m[K/usr/include/boost/range/mutable_iterator.hpp:23[m[K,
                 from [01m[K/usr/include/boost/range/iterator.hpp:20[m[K,
                 from [01m[K/usr/include/boost/range/begin.hpp:20[m[K,
                 from [01m[K/usr/include/boost/algorithm/string/trim.hpp:16[m[K,
                 from [01m[K/home/jake/moveit2_ws_main/src/moveit2/moveit_planners/ompl/ompl_interface/src/model_based_planning_context.cpp:37[m[K:
/usr/include/c++/11/type_traits: In instantiation of â€˜[01m[Kstruct std::__is_constructible_impl<std::__shared_ptr<ompl::base::Goal, __gnu_cxx::_S_atomic>, const std::shared_ptr<ompl_interface::ConstrainedGoalSampler>&>[m[Kâ€™:
[01m[K/usr/include/c++/11/type_traits:952:12:[m[K   required from â€˜[01m[Kstruct std::is_constructible<std::__shared_ptr<ompl::base::Goal, __gnu_cxx::_S_atomic>, const std::shared_ptr<ompl_interface::ConstrainedGoalSampler>&>[m[Kâ€™
[01m[K/usr/include/c++/11/bits/shared_ptr.h:125:8:[m[K   required by substitution of â€˜[01m[Ktemplate<class _Tp> template<class ... _Args> using _Constructible = typename std::enable_if<std::is_constructible<std::__shared_ptr<_Tp>, _Args ...>::value>::type [with _Args = {const std::shared_ptr<ompl_interface::ConstrainedGoalSampler>&}; _Tp = ompl::base::Goal][m[Kâ€™
[01m[K/usr/include/c++/11/bits/shared_ptr.h:295:9:[m[K   required by substitution of â€˜[01m[Ktemplate<class _Yp, class> std::shared_ptr<ompl::base::Goal>::shared_ptr(const std::shared_ptr<_Tp>&) [with _Yp = ompl_interface::ConstrainedGoalSampler; <template-parameter-1-2> = <missing>][m[Kâ€™
[01m[K/home/jake/moveit2_ws_main/src/moveit2/moveit_planners/ompl/ompl_interface/src/model_based_planning_context.cpp:535:108:[m[K   required from here
[01m[K/usr/include/c++/11/type_traits:946:30:[m[K [01;31m[Kinternal compiler error: [m[KSegmentation fault
  946 |     : public __bool_constant<[01;31m[K__is_constructible(_Tp, _Args...)[m[K>
      |                              [01;31m[K^~~~~~~~~~~~~~~~~~~~~~~~~~~~~~~~~[m[K
DW_FORM_strp out of range in .debug_info at 17
Please submit a full bug report,
with preprocessed source if appropriate.
See <file:///usr/share/doc/gcc-11/README.Bugs> for instructions.
gmake[2]: *** [ompl_interface/CMakeFiles/moveit_ompl_interface.dir/build.make:104: ompl_interface/CMakeFiles/moveit_ompl_interface.dir/src/model_based_planning_context.cpp.o] Error 1
gmake[1]: *** [CMakeFiles/Makefile2:186: ompl_interface/CMakeFiles/moveit_ompl_interface.dir/all] Error 2
gmake: *** [Makefile:146: all] Error 2
