-- The CXX compiler identification is GNU 11.4.0
-- Detecting CXX compiler ABI info
-- Detecting CXX compiler ABI info - done
-- Check for working CXX compiler: /usr/bin/c++ - skipped
-- Detecting CXX compile features
-- Detecting CXX compile features - done
-- Found moveit_common: 2.11.0 (/home/jake/moveit2_ws_main/install/moveit_common/share/moveit_common/cmake)
-- Found ament_cmake: 2.0.6 (/home/jake/ros2_iron/install/ament_cmake/share/ament_cmake/cmake)
-- Found Python3: /usr/bin/python3.10 (found version "3.10.12") found components: Interpreter 
-- Found Boost: /usr/lib/x86_64-linux-gnu/cmake/Boost-1.74.0/BoostConfig.cmake (found version "1.74.0") found components: system filesystem date_time thread serialization 
-- Found moveit_core: 2.11.0 (/home/jake/moveit2_ws_main/install/moveit_core/share/moveit_core/cmake)
-- Found Boost: /usr/lib/x86_64-linux-gnu/cmake/Boost-1.74.0/BoostConfig.cmake (found version "1.74.0") found components: chrono date_time filesystem iostreams program_options regex serialization system thread 
-- Found parameter_traits: 0.3.7 (/home/jake/moveit2_ws_main/install/parameter_traits/share/parameter_traits/cmake)
-- Found rosidl_generator_c: 4.0.1 (/home/jake/ros2_iron/install/rosidl_generator_c/share/rosidl_generator_c/cmake)
-- Found rosidl_generator_cpp: 4.0.1 (/home/jake/ros2_iron/install/rosidl_generator_cpp/share/rosidl_generator_cpp/cmake)
-- Using all available rosidl_typesupport_c: rosidl_typesupport_introspection_c;rosidl_typesupport_fastrtps_c
-- Using all available rosidl_typesupport_cpp: rosidl_typesupport_introspection_cpp;rosidl_typesupport_fastrtps_cpp
-- Found rmw_implementation_cmake: 7.1.0 (/home/jake/ros2_iron/install/rmw_implementation_cmake/share/rmw_implementation_cmake/cmake)
-- Found rmw_fastrtps_cpp: 7.1.4 (/home/jake/ros2_iron/install/rmw_fastrtps_cpp/share/rmw_fastrtps_cpp/cmake)
-- Found OpenSSL: /usr/lib/x86_64-linux-gnu/libcrypto.so (found version "3.0.2")  
-- Found FastRTPS: /home/jake/ros2_iron/install/fastrtps/include  
-- Using RMW implementation 'rmw_fastrtps_cpp' as default
-- Found Eigen3: TRUE (found version "3.4.0") 
-- Found rclcpp_lifecycle: 21.0.7 (/home/jake/ros2_iron/install/rclcpp_lifecycle/share/rclcpp_lifecycle/cmake)
-- Found Boost: /usr/lib/x86_64-linux-gnu/cmake/Boost-1.74.0/BoostConfig.cmake (found version "1.74.0") found components: filesystem 
-- library: /usr/lib/x86_64-linux-gnu/libcurl.so
-- Ensuring Eigen3 include directory is part of orocos-kdl CMake target
-- Found moveit_ros_planning: 2.11.0 (/home/jake/moveit2_ws_main/install/moveit_ros_planning/share/moveit_ros_planning/cmake)
-- Found Boost: /usr/lib/x86_64-linux-gnu/cmake/Boost-1.74.0/BoostConfig.cmake (found version "1.74.0") found components: system filesystem date_time program_options thread chrono 
-- Found ompl: /opt/ros/iron/include/ompl-1.6;/usr/include;/usr/include/eigen3  
-- Found OpenMP_CXX: -fopenmp (found version "4.5") 
-- Found OpenMP: TRUE (found version "4.5")  
-- Found ament_cmake_gtest: 2.0.6 (/home/jake/ros2_iron/install/ament_cmake_gtest/share/ament_cmake_gtest/cmake)
-- Found gtest sources under '/home/jake/ros2_iron/install/gtest_vendor/src/gtest_vendor': C++ tests using 'Google Test' will be built
-- The C compiler identification is GNU 11.4.0
-- Detecting C compiler ABI info
-- Detecting C compiler ABI info - done
-- Check for working C compiler: /usr/bin/cc - skipped
-- Detecting C compile features
-- Detecting C compile features - done
-- Found Threads: TRUE  
-- Configuring done
-- Generating done
-- Build files have been written to: /home/jake/moveit2_ws_main/build/moveit_planners_ompl
[  2%] [32mBuilding CXX object ompl_interface/CMakeFiles/moveit_ompl_interface.dir/src/parameterization/model_based_state_space.cpp.o[0m
[  5%] [32mBuilding CXX object ompl_interface/CMakeFiles/moveit_ompl_interface.dir/src/parameterization/joint_space/constrained_planning_state_space.cpp.o[0m
[  7%] [32mBuilding CXX object ompl_interface/CMakeFiles/moveit_ompl_interface.dir/src/model_based_planning_context.cpp.o[0m
[ 10%] [32mBuilding CXX object ompl_interface/CMakeFiles/moveit_ompl_interface.dir/src/ompl_interface.cpp.o[0m
[ 12%] [32mBuilding CXX object ompl_interface/CMakeFiles/moveit_ompl_interface.dir/src/planning_context_manager.cpp.o[0m
[ 15%] [32mBuilding CXX object ompl_interface/CMakeFiles/moveit_ompl_interface.dir/src/parameterization/model_based_state_space_factory.cpp.o[0m
[ 17%] [32mBuilding CXX object gtest/CMakeFiles/gtest.dir/src/gtest-all.cc.o[0m
[ 20%] [32mBuilding CXX object gtest/CMakeFiles/gtest_main.dir/src/gtest_main.cc.o[0m
[ 22%] [32m[1mLinking CXX static library libgtest_main.a[0m
[ 22%] Built target gtest_main
[ 25%] [32mBuilding CXX object ompl_interface/CMakeFiles/moveit_ompl_interface.dir/src/parameterization/joint_space/constrained_planning_state_space_factory.cpp.o[0m
In file included from [01m[K/usr/include/c++/11/memory:76[m[K,
                 from [01m[K/home/jake/moveit2_ws_main/install/moveit_core/include/moveit_core/moveit/macros/declare_ptr.h:37[m[K,
                 from [01m[K/home/jake/moveit2_ws_main/install/moveit_core/include/moveit_core/moveit/macros/class_forward.h:39[m[K,
                 from [01m[K/home/jake/moveit2_ws_main/src/moveit2/moveit_planners/ompl/ompl_interface/include/moveit/ompl_interface/parameterization/joint_space/constrained_planning_state_space.h:39[m[K,
                 from [01m[K/home/jake/moveit2_ws_main/src/moveit2/moveit_planners/ompl/ompl_interface/src/parameterization/joint_space/constrained_planning_state_space.cpp:37[m[K:
/usr/include/c++/11/bits/unique_ptr.h: In instantiation of â€˜[01m[Kstd::__uniq_ptr_impl<_Tp, _Dp>::__uniq_ptr_impl(std::__uniq_ptr_impl<_Tp, _Dp>::pointer, _Del&&) [with _Del = void (*)(void*); _Tp = char; _Dp = void (*)(void*); std::__uniq_ptr_impl<_Tp, _Dp>::pointer = char*][m[Kâ€™:
[01m[K/usr/include/c++/11/bits/unique_ptr.h:210:40:[m[K   required from â€˜[01m[Kstd::unique_ptr<_Tp, _Dp>::unique_ptr(std::unique_ptr<_Tp, _Dp>::pointer, std::__enable_if_t<(! std::is_lvalue_reference<_Del>::value), _Del&&>) [with _Del = void (*)(void*); <template-parameter-2-2> = void; _Tp = char; _Dp = void (*)(void*); std::unique_ptr<_Tp, _Dp>::pointer = char*; std::__enable_if_t<(! std::is_lvalue_reference<_Del>::value), _Del&&> = void (*&&)(void*)][m[Kâ€™
[01m[K/home/jake/ros2_iron/install/rmw/include/rmw/rmw/impl/cpp/demangle.hpp:47:43:[m[K   required from â€˜[01m[Kstd::string rmw::impl::cpp::demangle(const T&) [with T = std::exception; std::string = std::__cxx11::basic_string<char>][m[Kâ€™
[01m[K/home/jake/ros2_iron/install/rclcpp/include/rclcpp/rclcpp/client.hpp:297:11:[m[K   required from here
[01m[K/usr/include/c++/11/bits/unique_ptr.h:159:48:[m[K [01;31m[Kinternal compiler error: [m[KSegmentation fault
  159 |         : _M_t(__p, std::forward<_Del>(__d)) { [01;31m[K}[m[K
      |                                                [01;31m[K^[m[K
DW_FORM_strp out of range in .debug_info at 17
Please submit a full bug report,
with preprocessed source if appropriate.
See <file:///usr/share/doc/gcc-11/README.Bugs> for instructions.
gmake[2]: *** [ompl_interface/CMakeFiles/moveit_ompl_interface.dir/build.make:146: ompl_interface/CMakeFiles/moveit_ompl_interface.dir/src/parameterization/joint_space/constrained_planning_state_space.cpp.o] Error 1
gmake[2]: *** Waiting for unfinished jobs....
[ 27%] [32m[1mLinking CXX static library libgtest.a[0m
[ 27%] Built target gtest
during GIMPLE pass: fixup_cfg
[01m[K/home/jake/moveit2_ws_main/src/moveit2/moveit_planners/ompl/ompl_interface/src/ompl_interface.cpp:[m[K In function â€˜[01m[Kconstexpr _Tp* std::__addressof(_Tp&) [with _Tp = const char][m[Kâ€™:
[01m[K/home/jake/moveit2_ws_main/src/moveit2/moveit_planners/ompl/ompl_interface/src/ompl_interface.cpp:266:1:[m[K [01;31m[Kinternal compiler error: [m[KSegmentation fault
  266 | [01;31m[K}[m[K  // namespace ompl_interface
      | [01;31m[K^[m[K
DW_FORM_strp out of range in .debug_info at 17
Please submit a full bug report,
with preprocessed source if appropriate.
See <file:///usr/share/doc/gcc-11/README.Bugs> for instructions.
gmake[2]: *** [ompl_interface/CMakeFiles/moveit_ompl_interface.dir/build.make:76: ompl_interface/CMakeFiles/moveit_ompl_interface.dir/src/ompl_interface.cpp.o] Error 1
In file included from [01m[K/home/jake/moveit2_ws_main/src/moveit2/moveit_planners/ompl/ompl_interface/include/moveit/ompl_interface/planning_context_manager.h:44[m[K,
                 from [01m[K/home/jake/moveit2_ws_main/src/moveit2/moveit_planners/ompl/ompl_interface/src/planning_context_manager.cpp:37[m[K:
[01m[K/opt/ros/iron/include/ompl-1.6/ompl/base/PlannerDataStorage.h:128:17:[m[K [01;31m[Kinternal compiler error: [m[KSegmentation fault
  128 |                 [01;31m[K}[m[K
      |                 [01;31m[K^[m[K
DW_FORM_strp out of range in .debug_info at 17
Please submit a full bug report,
with preprocessed source if appropriate.
See <file:///usr/share/doc/gcc-11/README.Bugs> for instructions.
gmake[2]: *** [ompl_interface/CMakeFiles/moveit_ompl_interface.dir/build.make:90: ompl_interface/CMakeFiles/moveit_ompl_interface.dir/src/planning_context_manager.cpp.o] Error 1
In file included from [01m[K/usr/include/c++/11/bits/stl_iterator_base_types.h:67[m[K,
                 from [01m[K/usr/include/c++/11/iterator:61[m[K,
                 from [01m[K/usr/include/boost/iterator/iterator_traits.hpp:10[m[K,
                 from [01m[K/usr/include/boost/range/mutable_iterator.hpp:23[m[K,
                 from [01m[K/usr/include/boost/range/iterator.hpp:20[m[K,
                 from [01m[K/usr/include/boost/range/begin.hpp:20[m[K,
                 from [01m[K/usr/include/boost/algorithm/string/trim.hpp:16[m[K,
                 from [01m[K/home/jake/moveit2_ws_main/src/moveit2/moveit_planners/ompl/ompl_interface/src/model_based_planning_context.cpp:37[m[K:
/usr/include/c++/11/type_traits: In instantiation of â€˜[01m[Kstruct std::__is_constructible_impl<std::__shared_ptr<ompl::base::Goal, __gnu_cxx::_S_atomic>, const std::shared_ptr<ompl_interface::ConstrainedGoalSampler>&>[m[Kâ€™:
[01m[K/usr/include/c++/11/type_traits:952:12:[m[K   required from â€˜[01m[Kstruct std::is_constructible<std::__shared_ptr<ompl::base::Goal, __gnu_cxx::_S_atomic>, const std::shared_ptr<ompl_interface::ConstrainedGoalSampler>&>[m[Kâ€™
[01m[K/usr/include/c++/11/bits/shared_ptr.h:125:8:[m[K   required by substitution of â€˜[01m[Ktemplate<class _Tp> template<class ... _Args> using _Constructible = typename std::enable_if<std::is_constructible<std::__shared_ptr<_Tp>, _Args ...>::value>::type [with _Args = {const std::shared_ptr<ompl_interface::ConstrainedGoalSampler>&}; _Tp = ompl::base::Goal][m[Kâ€™
[01m[K/usr/include/c++/11/bits/shared_ptr.h:295:9:[m[K   required by substitution of â€˜[01m[Ktemplate<class _Yp, class> std::shared_ptr<ompl::base::Goal>::shared_ptr(const std::shared_ptr<_Tp>&) [with _Yp = ompl_interface::ConstrainedGoalSampler; <template-parameter-1-2> = <missing>][m[Kâ€™
[01m[K/home/jake/moveit2_ws_main/src/moveit2/moveit_planners/ompl/ompl_interface/src/model_based_planning_context.cpp:535:108:[m[K   required from here
[01m[K/usr/include/c++/11/type_traits:946:30:[m[K [01;31m[Kinternal compiler error: [m[KSegmentation fault
  946 |     : public __bool_constant<[01;31m[K__is_constructible(_Tp, _Args...)[m[K>
      |                              [01;31m[K^~~~~~~~~~~~~~~~~~~~~~~~~~~~~~~~~[m[K
DW_FORM_strp out of range in .debug_info at 17
Please submit a full bug report,
with preprocessed source if appropriate.
See <file:///usr/share/doc/gcc-11/README.Bugs> for instructions.
gmake[2]: *** [ompl_interface/CMakeFiles/moveit_ompl_interface.dir/build.make:104: ompl_interface/CMakeFiles/moveit_ompl_interface.dir/src/model_based_planning_context.cpp.o] Error 1
gmake[1]: *** [CMakeFiles/Makefile2:186: ompl_interface/CMakeFiles/moveit_ompl_interface.dir/all] Error 2
gmake: *** [Makefile:146: all] Error 2
