[0.260s] Invoking command in '/home/jake/moveit2_ws_main/build/moveit_ros_robot_interaction': AMENT_PREFIX_PATH=/home/jake/moveit2_ws_main/install/moveit_ros_planning:/home/jake/moveit2_ws_main/install/moveit_ros_occupancy_map_monitor:/home/jake/moveit2_ws_main/install/moveit_core:/home/jake/moveit2_ws_main/install/moveit_resources_panda_moveit_config:/home/jake/moveit2_ws_main/install/generate_parameter_library:/home/jake/moveit2_ws_main/install/parameter_traits:/home/jake/moveit2_ws_main/install/moveit_resources_pr2_description:/home/jake/moveit2_ws_main/install/moveit_resources_panda_description:/home/jake/moveit2_ws_main/install/moveit_msgs:/home/jake/moveit2_ws_main/install/moveit_configs_utils:/home/jake/moveit2_ws_main/install/moveit_common:/home/jake/moveit2_ws_main/install/geometric_shapes:/home/jake/moveit2_ws_main/install/generate_parameter_library_py:${AMENT_PREFIX_PATH} CMAKE_PREFIX_PATH=/home/jake/moveit2_ws_main/install/moveit_ros_planning:/home/jake/moveit2_ws_main/install/moveit_ros_occupancy_map_monitor:/home/jake/moveit2_ws_main/install/moveit_core:/home/jake/moveit2_ws_main/install/moveit_resources_panda_moveit_config:/home/jake/moveit2_ws_main/install/generate_parameter_library:/home/jake/moveit2_ws_main/install/parameter_traits:/home/jake/moveit2_ws_main/install/moveit_resources_pr2_description:/home/jake/moveit2_ws_main/install/moveit_resources_panda_description:/home/jake/moveit2_ws_main/install/moveit_msgs:/home/jake/moveit2_ws_main/install/moveit_common:/home/jake/moveit2_ws_main/install/geometric_shapes:/home/jake/ros2_iron/install/rosbag2:/home/jake/ros2_iron/install/rosbag2_storage_default_plugins:/home/jake/ros2_iron/install/rosbag2_storage_mcap:/home/jake/ros2_iron/install/rosbag2_compression_zstd:/home/jake/ros2_iron/install/mcap_vendor:/home/jake/ros2_iron/install/zstd_vendor:/home/jake/ros2_iron/install/rviz_visual_testing_framework:/home/jake/ros2_iron/install/rviz2:/home/jake/ros2_iron/install/rviz_default_plugins:/home/jake/ros2_iron/install/rviz_common:/home/jake/ros2_iron/install/rosbag2_py:/home/jake/ros2_iron/install/rosbag2_transport:/home/jake/ros2_iron/install/rosbag2_storage_sqlite3:/home/jake/ros2_iron/install/rosbag2_examples_cpp:/home/jake/ros2_iron/install/rosbag2_compression:/home/jake/ros2_iron/install/rosbag2_cpp:/home/jake/ros2_iron/install/rosbag2_storage:/home/jake/ros2_iron/install/image_common:/home/jake/ros2_iron/install/camera_info_manager:/home/jake/ros2_iron/install/camera_calibration_parsers:/home/jake/ros2_iron/install/yaml_cpp_vendor:/home/jake/ros2_iron/install/interactive_markers:/home/jake/ros2_iron/install/common_interfaces:/home/jake/ros2_iron/install/visualization_msgs:/home/jake/ros2_iron/install/dummy_robot_bringup:/home/jake/ros2_iron/install/robot_state_publisher:/home/jake/ros2_iron/install/kdl_parser:/home/jake/ros2_iron/install/urdf:/home/jake/ros2_iron/install/urdfdom:/home/jake/ros2_iron/install/urdf_parser_plugin:/home/jake/ros2_iron/install/urdfdom_headers:/home/jake/ros2_iron/install/turtlesim:/home/jake/ros2_iron/install/trajectory_msgs:/home/jake/ros2_iron/install/topic_statistics_demo:/home/jake/ros2_iron/install/pendulum_control:/home/jake/ros2_iron/install/tlsf_cpp:/home/jake/ros2_iron/install/geometry2:/home/jake/ros2_iron/install/tf2_sensor_msgs:/home/jake/ros2_iron/install/test_tf2:/home/jake/ros2_iron/install/tf2_kdl:/home/jake/ros2_iron/install/tf2_geometry_msgs:/home/jake/ros2_iron/install/tf2_eigen:/home/jake/ros2_iron/install/tf2_bullet:/home/jake/ros2_iron/install/tf2_ros:/home/jake/ros2_iron/install/tf2_py:/home/jake/ros2_iron/install/tf2_msgs:/home/jake/ros2_iron/install/tf2_eigen_kdl:/home/jake/ros2_iron/install/laser_geometry:/home/jake/ros2_iron/install/tf2:/home/jake/ros2_iron/install/test_tracetools:/home/jake/ros2_iron/install/test_msgs:/home/jake/ros2_iron/install/test_communication:/home/jake/ros2_iron/install/stereo_msgs:/home/jake/ros2_iron/install/std_srvs:/home/jake/ros2_iron/install/shape_msgs:/home/jake/ros2_iron/install/quality_of_service_demo_cpp:/home/jake/ros2_iron/install/map_msgs:/home/jake/ros2_iron/install/intra_process_demo:/home/jake/ros2_iron/install/image_transport:/home/jake/ros2_iron/install/image_tools:/home/jake/ros2_iron/install/dummy_sensors:/home/jake/ros2_iron/install/sensor_msgs:/home/jake/ros2_iron/install/ros2cli_common_extensions:/home/jake/ros2_iron/install/dummy_map_server:/home/jake/ros2_iron/install/nav_msgs:/home/jake/ros2_iron/install/logging_demo:/home/jake/ros2_iron/install/lifecycle:/home/jake/ros2_iron/install/diagnostic_msgs:/home/jake/ros2_iron/install/geometry_msgs:/home/jake/ros2_iron/install/examples_rclcpp_wait_set:/home/jake/ros2_iron/install/examples_rclcpp_multithreaded_executor:/home/jake/ros2_iron/install/examples_rclcpp_minimal_subscriber:/home/jake/ros2_iron/install/examples_rclcpp_minimal_publisher:/home/jake/ros2_iron/install/examples_rclcpp_minimal_composition:/home/jake/ros2_iron/install/examples_rclcpp_cbg_executor:/home/jake/ros2_iron/install/demo_nodes_cpp_native:/home/jake/ros2_iron/install/demo_nodes_cpp:/home/jake/ros2_iron/install/composition:/home/jake/ros2_iron/install/actionlib_msgs:/home/jake/ros2_iron/install/std_msgs:/home/jake/ros2_iron/install/rqt_gui_cpp:/home/jake/ros2_iron/install/rosbag2_test_common:/home/jake/ros2_iron/install/ros2lifecycle_test_fixtures:/home/jake/ros2_iron/install/rclcpp_lifecycle:/home/jake/ros2_iron/install/action_tutorials_cpp:/home/jake/ros2_iron/install/rclcpp_components:/home/jake/ros2_iron/install/examples_rclcpp_minimal_action_server:/home/jake/ros2_iron/install/examples_rclcpp_minimal_action_client:/home/jake/ros2_iron/install/rclcpp_action:/home/jake/ros2_iron/install/message_filters:/home/jake/ros2_iron/install/examples_rclcpp_minimal_timer:/home/jake/ros2_iron/install/examples_rclcpp_minimal_service:/home/jake/ros2_iron/install/examples_rclcpp_minimal_client:/home/jake/ros2_iron/install/examples_rclcpp_async_client:/home/jake/ros2_iron/install/rclcpp:/home/jake/ros2_iron/install/libstatistics_collector:/home/jake/ros2_iron/install/statistics_msgs:/home/jake/ros2_iron/install/sros2_cmake:/home/jake/ros2_iron/install/rqt_py_common:/home/jake/ros2_iron/install/ros_testing:/home/jake/ros2_iron/install/rclpy:/home/jake/ros2_iron/install/rosgraph_msgs:/home/jake/ros2_iron/install/rosbag2_interfaces:/home/jake/ros2_iron/install/ros2cli_test_interfaces:/home/jake/ros2_iron/install/rcl_lifecycle:/home/jake/ros2_iron/install/rcl_action:/home/jake/ros2_iron/install/rcl:/home/jake/ros2_iron/install/rmw_implementation:/home/jake/ros2_iron/install/rmw_fastrtps_dynamic_cpp:/home/jake/ros2_iron/install/rmw_fastrtps_cpp:/home/jake/ros2_iron/install/rmw_fastrtps_shared_cpp:/home/jake/ros2_iron/install/rmw_cyclonedds_cpp:/home/jake/ros2_iron/install/rmw_connextddsmicro:/home/jake/ros2_iron/install/rmw_connextdds:/home/jake/ros2_iron/install/rmw_connextdds_common:/home/jake/ros2_iron/install/rmw_dds_common:/home/jake/ros2_iron/install/composition_interfaces:/home/jake/ros2_iron/install/rcl_interfaces:/home/jake/ros2_iron/install/pendulum_msgs:/home/jake/ros2_iron/install/lifecycle_msgs:/home/jake/ros2_iron/install/example_interfaces:/home/jake/ros2_iron/install/action_tutorials_interfaces:/home/jake/ros2_iron/install/rosidl_default_runtime:/home/jake/ros2_iron/install/rosidl_default_generators:/home/jake/ros2_iron/install/action_msgs:/home/jake/ros2_iron/install/unique_identifier_msgs:/home/jake/ros2_iron/install/ament_lint_common:/home/jake/ros2_iron/install/ament_cmake_uncrustify:/home/jake/ros2_iron/install/uncrustify_vendor:/home/jake/ros2_iron/install/type_description_interfaces:/home/jake/ros2_iron/install/tracetools:/home/jake/ros2_iron/install/tlsf:/home/jake/ros2_iron/install/tinyxml_vendor:/home/jake/ros2_iron/install/qt_gui_core:/home/jake/ros2_iron/install/qt_gui_cpp:/home/jake/ros2_iron/install/pluginlib:/home/jake/ros2_iron/install/tinyxml2_vendor:/home/jake/ros2_iron/install/test_security:/home/jake/ros2_iron/install/test_rmw_implementation:/home/jake/ros2_iron/install/test_rclcpp:/home/jake/ros2_iron/install/test_quality_of_service:/home/jake/ros2_iron/install/test_launch_testing:/home/jake/ros2_iron/install/test_interface_files:/home/jake/ros2_iron/install/test_cli_remapping:/home/jake/ros2_iron/install/test_cli:/home/jake/ros2_iron/install/qt_gui_app:/home/jake/ros2_iron/install/qt_gui:/home/jake/ros2_iron/install/tango_icons_vendor:/home/jake/ros2_iron/install/sqlite3_vendor:/home/jake/ros2_iron/install/rcl_logging_spdlog:/home/jake/ros2_iron/install/spdlog_vendor:/home/jake/ros2_iron/install/shared_queues_vendor:/home/jake/ros2_iron/install/service_msgs:/home/jake/ros2_iron/install/rviz_rendering_tests:/home/jake/ros2_iron/install/rviz_rendering:/home/jake/ros2_iron/install/rviz_ogre_vendor:/home/jake/ros2_iron/install/rviz_assimp_vendor:/home/jake/ros2_iron/install/rttest:/home/jake/ros2_iron/install/rti_connext_dds_cmake_module:/home/jake/ros2_iron/install/builtin_interfaces:/home/jake/ros2_iron/install/rosidl_core_runtime:/home/jake/ros2_iron/install/rosidl_core_generators:/home/jake/ros2_iron/install/rosidl_generator_py:/home/jake/ros2_iron/install/rosidl_typesupport_tests:/home/jake/ros2_iron/install/rosidl_typesupport_introspection_tests:/home/jake/ros2_iron/install/rosidl_typesupport_cpp:/home/jake/ros2_iron/install/rosidl_typesupport_introspection_cpp:/home/jake/ros2_iron/install/rosidl_typesupport_c:/home/jake/ros2_iron/install/rosidl_typesupport_introspection_c:/home/jake/ros2_iron/install/rosidl_typesupport_fastrtps_c:/home/jake/ros2_iron/install/rosidl_typesupport_fastrtps_cpp:/home/jake/ros2_iron/install/rosidl_generator_cpp:/home/jake/ros2_iron/install/rosidl_runtime_cpp:/home/jake/ros2_iron/install/rosidl_dynamic_typesupport_fastrtps:/home/jake/ros2_iron/install/rcl_yaml_param_parser:/home/jake/ros2_iron/install/rmw:/home/jake/ros2_iron/install/rosidl_dynamic_typesupport:/home/jake/ros2_iron/install/rosidl_runtime_c:/home/jake/ros2_iron/install/rosidl_generator_c:/home/jake/ros2_iron/install/rosidl_typesupport_interface:/home/jake/ros2_iron/install/rosidl_generator_dds_idl:/home/jake/ros2_iron/install/rosidl_cmake:/home/jake/ros2_iron/install/rosidl_generator_type_description:/home/jake/ros2_iron/install/rosidl_parser:/home/jake/ros2_iron/install/rosidl_generator_tests:/home/jake/ros2_iron/install/rosidl_adapter:/home/jake/ros2_iron/install/rosbag2_tests:/home/jake/ros2_iron/install/rosbag2_test_msgdefs:/home/jake/ros2_iron/install/ros_environment:/home/jake/ros2_iron/install/rmw_implementation_cmake:/home/jake/ros2_iron/install/resource_retriever:/home/jake/ros2_iron/install/class_loader:/home/jake/ros2_iron/install/rcpputils:/home/jake/ros2_iron/install/rcl_logging_noop:/home/jake/ros2_iron/install/rcl_logging_interface:/home/jake/ros2_iron/install/rcutils:/home/jake/ros2_iron/install/qt_gui_py_common:/home/jake/ros2_iron/install/qt_dotgraph:/home/jake/ros2_iron/install/python_qt_binding:/home/jake/ros2_iron/install/python_orocos_kdl_vendor:/home/jake/ros2_iron/install/launch_testing_ament_cmake:/home/jake/ros2_iron/install/python_cmake_module:/home/jake/ros2_iron/install/pybind11_vendor:/home/jake/ros2_iron/install/performance_test_fixture:/home/jake/ros2_iron/install/osrf_testing_tools_cpp:/home/jake/ros2_iron/install/orocos_kdl_vendor:/home/jake/ros2_iron/install/mimick_vendor:/home/jake/ros2_iron/install/libyaml_vendor:/home/jake/ros2_iron/install/libcurl_vendor:/home/jake/ros2_iron/install/keyboard_handler:/home/jake/ros2_iron/install/iceoryx_introspection:/home/jake/ros2_iron/install/cyclonedds:/home/jake/ros2_iron/install/iceoryx_posh:/home/jake/ros2_iron/install/iceoryx_hoofs:/home/jake/ros2_iron/install/iceoryx_binding_c:/home/jake/ros2_iron/install/ament_cmake_ros:/home/jake/ros2_iron/install/ament_cmake_gmock:/home/jake/ros2_iron/install/gmock_vendor:/home/jake/ros2_iron/install/ament_cmake_auto:/home/jake/ros2_iron/install/ament_cmake_gtest:/home/jake/ros2_iron/install/gtest_vendor:/home/jake/ros2_iron/install/ament_cmake_google_benchmark:/home/jake/ros2_iron/install/google_benchmark_vendor:/home/jake/ros2_iron/install/fastrtps:/home/jake/ros2_iron/install/foonathan_memory_vendor:/home/jake/ros2_iron/install/fastrtps_cmake_module:/home/jake/ros2_iron/install/fastcdr:/home/jake/ros2_iron/install/eigen3_cmake_module:/home/jake/ros2_iron/install/console_bridge_vendor:/home/jake/ros2_iron/install/ament_cmake_xmllint:/home/jake/ros2_iron/install/ament_cmake_pyflakes:/home/jake/ros2_iron/install/ament_cmake_pycodestyle:/home/jake/ros2_iron/install/ament_cmake_pep257:/home/jake/ros2_iron/install/ament_cmake_pclint:/home/jake/ros2_iron/install/ament_lint_auto:/home/jake/ros2_iron/install/ament_cmake:/home/jake/ros2_iron/install/ament_cmake_version:/home/jake/ros2_iron/install/ament_cmake_vendor_package:/home/jake/ros2_iron/install/ament_cmake_pytest:/home/jake/ros2_iron/install/ament_cmake_mypy:/home/jake/ros2_iron/install/ament_cmake_lint_cmake:/home/jake/ros2_iron/install/ament_cmake_flake8:/home/jake/ros2_iron/install/ament_cmake_cpplint:/home/jake/ros2_iron/install/ament_cmake_cppcheck:/home/jake/ros2_iron/install/ament_cmake_copyright:/home/jake/ros2_iron/install/ament_cmake_clang_tidy:/home/jake/ros2_iron/install/ament_cmake_clang_format:/home/jake/ros2_iron/install/ament_cmake_test:/home/jake/ros2_iron/install/ament_cmake_target_dependencies:/home/jake/ros2_iron/install/ament_cmake_python:/home/jake/ros2_iron/install/ament_cmake_export_dependencies:/home/jake/ros2_iron/install/ament_cmake_libraries:/home/jake/ros2_iron/install/ament_cmake_include_directories:/home/jake/ros2_iron/install/ament_cmake_gen_version_h:/home/jake/ros2_iron/install/ament_cmake_export_targets:/home/jake/ros2_iron/install/ament_cmake_export_link_flags:/home/jake/ros2_iron/install/ament_cmake_export_interfaces:/home/jake/ros2_iron/install/ament_cmake_export_libraries:/home/jake/ros2_iron/install/ament_cmake_export_include_directories:/home/jake/ros2_iron/install/ament_cmake_export_definitions:/home/jake/ros2_iron/install/ament_cmake_core:/home/jake/ros2_iron/install/ament_index_cpp:/home/jake/ros2_iron/install/rqt_bag_plugins:/home/jake/ros2_iron/install/rqt_bag:/home/jake/ros2_iron/install/rosbag2_examples_py:/home/jake/ros2_iron/install/launch_testing_examples:/home/jake/ros2_iron/install/ros2bag:/home/jake/ros2_iron/install/tracetools_test:/home/jake/ros2_iron/install/tracetools_launch:/home/jake/ros2_iron/install/topic_monitor:/home/jake/ros2_iron/install/tf2_tools:/home/jake/ros2_iron/install/examples_tf2_py:/home/jake/ros2_iron/install/tf2_ros_py:/home/jake/ros2_iron/install/examples_rclpy_pointcloud_publisher:/home/jake/ros2_iron/install/sensor_msgs_py:/home/jake/ros2_iron/install/quality_of_service_demo_py:/home/jake/ros2_iron/install/rqt_plot:/home/jake/ros2_iron/install/ros2doctor:/home/jake/ros2_iron/install/lifecycle_py:/home/jake/ros2_iron/install/examples_rclpy_minimal_subscriber:/home/jake/ros2_iron/install/examples_rclpy_minimal_service:/home/jake/ros2_iron/install/examples_rclpy_minimal_publisher:/home/jake/ros2_iron/install/examples_rclpy_minimal_client:/home/jake/ros2_iron/install/examples_rclpy_executors:/home/jake/ros2_iron/install/demo_nodes_py:/home/jake/ros2_iron/install/rqt:/home/jake/ros2_iron/install/ros2component:/home/jake/ros2_iron/install/sros2:/home/jake/ros2_iron/install/rqt_topic:/home/jake/ros2_iron/install/rqt_srv:/home/jake/ros2_iron/install/rqt_shell:/home/jake/ros2_iron/install/rqt_service_caller:/home/jake/ros2_iron/install/rqt_reconfigure:/home/jake/ros2_iron/install/rqt_py_console:/home/jake/ros2_iron/install/rqt_publisher:/home/jake/ros2_iron/install/rqt_action:/home/jake/ros2_iron/install/rqt_msg:/home/jake/ros2_iron/install/rqt_console:/home/jake/ros2_iron/install/rqt_graph:/home/jake/ros2_iron/install/rqt_gui_py:/home/jake/ros2_iron/install/rqt_gui:/home/jake/ros2_iron/install/ros2trace:/home/jake/ros2_iron/install/ros2topic:/home/jake/ros2_iron/install/ros2test:/home/jake/ros2_iron/install/ros2param:/home/jake/ros2_iron/install/ros2lifecycle:/home/jake/ros2_iron/install/ros2service:/home/jake/ros2_iron/install/ros2run:/home/jake/ros2_iron/install/ros2launch:/home/jake/ros2_iron/install/ros2pkg:/home/jake/ros2_iron/install/ros2node:/home/jake/ros2_iron/install/ros2multicast:/home/jake/ros2_iron/install/ros2interface:/home/jake/ros2_iron/install/ros2action:/home/jake/ros2_iron/install/ros2cli:/home/jake/ros2_iron/install/launch_testing_ros:/home/jake/ros2_iron/install/launch_ros:/home/jake/ros2_iron/install/examples_rclpy_minimal_action_server:/home/jake/ros2_iron/install/examples_rclpy_minimal_action_client:/home/jake/ros2_iron/install/examples_rclpy_guard_conditions:/home/jake/ros2_iron/install/action_tutorials_py:/home/jake/ros2_iron/install/ament_uncrustify:/home/jake/ros2_iron/install/tracetools_trace:/home/jake/ros2_iron/install/tracetools_read:/home/jake/ros2_iron/install/test_tracetools_launch:/home/jake/ros2_iron/install/test_ros2trace:/home/jake/ros2_iron/install/test_launch_ros:/home/jake/ros2_iron/install/rpyutils:/home/jake/ros2_iron/install/rosidl_runtime_py:/home/jake/ros2_iron/install/rosidl_pycommon:/home/jake/ros2_iron/install/rosidl_cli:/home/jake/ros2_iron/install/launch_pytest:/home/jake/ros2_iron/install/launch_testing:/home/jake/ros2_iron/install/launch_yaml:/home/jake/ros2_iron/install/launch_xml:/home/jake/ros2_iron/install/launch:/home/jake/ros2_iron/install/osrf_pycommon:/home/jake/ros2_iron/install/domain_coordinator:/home/jake/ros2_iron/install/ament_xmllint:/home/jake/ros2_iron/install/ament_pyflakes:/home/jake/ros2_iron/install/ament_pycodestyle:/home/jake/ros2_iron/install/ament_pep257:/home/jake/ros2_iron/install/ament_pclint:/home/jake/ros2_iron/install/ament_package:/home/jake/ros2_iron/install/ament_mypy:/home/jake/ros2_iron/install/ament_lint_cmake:/home/jake/ros2_iron/install/ament_flake8:/home/jake/ros2_iron/install/ament_copyright:/home/jake/ros2_iron/install/ament_lint:/home/jake/ros2_iron/install/ament_index_python:/home/jake/ros2_iron/install/ament_cpplint:/home/jake/ros2_iron/install/ament_cppcheck:/home/jake/ros2_iron/install/ament_clang_tidy:/home/jake/ros2_iron/install/ament_clang_format:/opt/ros/iron LD_LIBRARY_PATH=/home/jake/moveit2_ws_main/install/moveit_ros_planning/lib:/home/jake/moveit2_ws_main/install/moveit_ros_occupancy_map_monitor/lib:/home/jake/moveit2_ws_main/install/moveit_core/lib:/home/jake/moveit2_ws_main/install/parameter_traits/lib:/home/jake/moveit2_ws_main/install/moveit_msgs/lib:/home/jake/moveit2_ws_main/install/geometric_shapes/lib:${LD_LIBRARY_PATH} PATH=/home/jake/moveit2_ws_main/install/moveit_core/bin:/home/jake/moveit2_ws_main/install/generate_parameter_library_py/bin:${PATH} PYTHONPATH=/home/jake/moveit2_ws_main/install/moveit_msgs/lib/python3.10/site-packages:/home/jake/moveit2_ws_main/install/moveit_configs_utils/lib/python3.10/site-packages:/home/jake/moveit2_ws_main/install/generate_parameter_library_py/lib/python3.10/site-packages:${PYTHONPATH} /usr/bin/cmake /home/jake/moveit2_ws_main/src/moveit2/moveit_ros/robot_interaction -DCMAKE_BUILD_TYPE=Release -DCMAKE_INSTALL_PREFIX=/home/jake/moveit2_ws_main/install/moveit_ros_robot_interaction
[0.491s] -- The CXX compiler identification is GNU 11.4.0
[0.520s] -- Detecting CXX compiler ABI info
[0.795s] -- Detecting CXX compiler ABI info - done
[0.809s] -- Check for working CXX compiler: /usr/bin/c++ - skipped
[0.809s] -- Detecting CXX compile features
[0.811s] -- Detecting CXX compile features - done
[0.817s] -- Found moveit_common: 2.11.0 (/home/jake/moveit2_ws_main/install/moveit_common/share/moveit_common/cmake)
[0.860s] -- Found ament_cmake: 2.0.6 (/home/jake/ros2_iron/install/ament_cmake/share/ament_cmake/cmake)
[2.224s] -- Found Python3: /usr/bin/python3.10 (found version "3.10.12") found components: Interpreter 
[3.717s] -- Found moveit_core: 2.11.0 (/home/jake/moveit2_ws_main/install/moveit_core/share/moveit_core/cmake)
[5.083s] -- Found Boost: /usr/lib/x86_64-linux-gnu/cmake/Boost-1.74.0/BoostConfig.cmake (found version "1.74.0") found components: chrono date_time filesystem iostreams program_options regex serialization system thread 
[5.756s] -- Found parameter_traits: 0.3.7 (/home/jake/moveit2_ws_main/install/parameter_traits/share/parameter_traits/cmake)
[6.223s] -- Found rosidl_generator_c: 4.0.1 (/home/jake/ros2_iron/install/rosidl_generator_c/share/rosidl_generator_c/cmake)
[6.331s] -- Found rosidl_generator_cpp: 4.0.1 (/home/jake/ros2_iron/install/rosidl_generator_cpp/share/rosidl_generator_cpp/cmake)
[6.525s] -- Using all available rosidl_typesupport_c: rosidl_typesupport_introspection_c;rosidl_typesupport_fastrtps_c
[6.698s] -- Using all available rosidl_typesupport_cpp: rosidl_typesupport_introspection_cpp;rosidl_typesupport_fastrtps_cpp
[7.341s] -- Found rmw_implementation_cmake: 7.1.0 (/home/jake/ros2_iron/install/rmw_implementation_cmake/share/rmw_implementation_cmake/cmake)
[7.427s] -- Found rmw_fastrtps_cpp: 7.1.4 (/home/jake/ros2_iron/install/rmw_fastrtps_cpp/share/rmw_fastrtps_cpp/cmake)
[8.188s] -- Found OpenSSL: /usr/lib/x86_64-linux-gnu/libcrypto.so (found version "3.0.2")  
[8.413s] -- Found FastRTPS: /home/jake/ros2_iron/install/fastrtps/include  
[8.736s] -- Using RMW implementation 'rmw_fastrtps_cpp' as default
[9.421s] -- Found Eigen3: TRUE (found version "3.4.0") 
[9.443s] -- Found rclcpp_lifecycle: 21.0.7 (/home/jake/ros2_iron/install/rclcpp_lifecycle/share/rclcpp_lifecycle/cmake)
[9.701s] -- Found Boost: /usr/lib/x86_64-linux-gnu/cmake/Boost-1.74.0/BoostConfig.cmake (found version "1.74.0") found components: filesystem 
[10.601s] -- library: /usr/lib/x86_64-linux-gnu/libcurl.so
[11.539s] -- Ensuring Eigen3 include directory is part of orocos-kdl CMake target
[15.477s] -- Found moveit_ros_planning: 2.11.0 (/home/jake/moveit2_ws_main/install/moveit_ros_planning/share/moveit_ros_planning/cmake)
[15.484s] -- Found Boost: /usr/lib/x86_64-linux-gnu/cmake/Boost-1.74.0/BoostConfig.cmake (found version "1.74.0") found components: system filesystem date_time program_options thread chrono 
[16.852s] -- Found interactive_markers: 2.4.0 (/home/jake/ros2_iron/install/interactive_markers/share/interactive_markers/cmake)
[16.876s] -- Performing Test COMPILER_HAS_HIDDEN_VISIBILITY
[17.143s] -- Performing Test COMPILER_HAS_HIDDEN_VISIBILITY - Success
[17.145s] -- Performing Test COMPILER_HAS_HIDDEN_INLINE_VISIBILITY
[17.426s] -- Performing Test COMPILER_HAS_HIDDEN_INLINE_VISIBILITY - Success
[17.426s] -- Performing Test COMPILER_HAS_DEPRECATED_ATTR
[17.695s] -- Performing Test COMPILER_HAS_DEPRECATED_ATTR - Success
[17.977s] -- Found ament_cmake_gtest: 2.0.6 (/home/jake/ros2_iron/install/ament_cmake_gtest/share/ament_cmake_gtest/cmake)
[18.026s] -- Found gtest sources under '/home/jake/ros2_iron/install/gtest_vendor/src/gtest_vendor': C++ tests using 'Google Test' will be built
[18.141s] -- The C compiler identification is GNU 11.4.0
[18.156s] -- Detecting C compiler ABI info
[18.410s] -- Detecting C compiler ABI info - done
[18.449s] -- Check for working C compiler: /usr/bin/cc - skipped
[18.450s] -- Detecting C compile features
[18.451s] -- Detecting C compile features - done
[18.460s] -- Found Threads: TRUE  
[18.475s] -- Configuring done
[18.740s] -- Generating done
[18.745s] -- Build files have been written to: /home/jake/moveit2_ws_main/build/moveit_ros_robot_interaction
[18.764s] Invoked command in '/home/jake/moveit2_ws_main/build/moveit_ros_robot_interaction' returned '0': AMENT_PREFIX_PATH=/home/jake/moveit2_ws_main/install/moveit_ros_planning:/home/jake/moveit2_ws_main/install/moveit_ros_occupancy_map_monitor:/home/jake/moveit2_ws_main/install/moveit_core:/home/jake/moveit2_ws_main/install/moveit_resources_panda_moveit_config:/home/jake/moveit2_ws_main/install/generate_parameter_library:/home/jake/moveit2_ws_main/install/parameter_traits:/home/jake/moveit2_ws_main/install/moveit_resources_pr2_description:/home/jake/moveit2_ws_main/install/moveit_resources_panda_description:/home/jake/moveit2_ws_main/install/moveit_msgs:/home/jake/moveit2_ws_main/install/moveit_configs_utils:/home/jake/moveit2_ws_main/install/moveit_common:/home/jake/moveit2_ws_main/install/geometric_shapes:/home/jake/moveit2_ws_main/install/generate_parameter_library_py:${AMENT_PREFIX_PATH} CMAKE_PREFIX_PATH=/home/jake/moveit2_ws_main/install/moveit_ros_planning:/home/jake/moveit2_ws_main/install/moveit_ros_occupancy_map_monitor:/home/jake/moveit2_ws_main/install/moveit_core:/home/jake/moveit2_ws_main/install/moveit_resources_panda_moveit_config:/home/jake/moveit2_ws_main/install/generate_parameter_library:/home/jake/moveit2_ws_main/install/parameter_traits:/home/jake/moveit2_ws_main/install/moveit_resources_pr2_description:/home/jake/moveit2_ws_main/install/moveit_resources_panda_description:/home/jake/moveit2_ws_main/install/moveit_msgs:/home/jake/moveit2_ws_main/install/moveit_common:/home/jake/moveit2_ws_main/install/geometric_shapes:/home/jake/ros2_iron/install/rosbag2:/home/jake/ros2_iron/install/rosbag2_storage_default_plugins:/home/jake/ros2_iron/install/rosbag2_storage_mcap:/home/jake/ros2_iron/install/rosbag2_compression_zstd:/home/jake/ros2_iron/install/mcap_vendor:/home/jake/ros2_iron/install/zstd_vendor:/home/jake/ros2_iron/install/rviz_visual_testing_framework:/home/jake/ros2_iron/install/rviz2:/home/jake/ros2_iron/install/rviz_default_plugins:/home/jake/ros2_iron/install/rviz_common:/home/jake/ros2_iron/install/rosbag2_py:/home/jake/ros2_iron/install/rosbag2_transport:/home/jake/ros2_iron/install/rosbag2_storage_sqlite3:/home/jake/ros2_iron/install/rosbag2_examples_cpp:/home/jake/ros2_iron/install/rosbag2_compression:/home/jake/ros2_iron/install/rosbag2_cpp:/home/jake/ros2_iron/install/rosbag2_storage:/home/jake/ros2_iron/install/image_common:/home/jake/ros2_iron/install/camera_info_manager:/home/jake/ros2_iron/install/camera_calibration_parsers:/home/jake/ros2_iron/install/yaml_cpp_vendor:/home/jake/ros2_iron/install/interactive_markers:/home/jake/ros2_iron/install/common_interfaces:/home/jake/ros2_iron/install/visualization_msgs:/home/jake/ros2_iron/install/dummy_robot_bringup:/home/jake/ros2_iron/install/robot_state_publisher:/home/jake/ros2_iron/install/kdl_parser:/home/jake/ros2_iron/install/urdf:/home/jake/ros2_iron/install/urdfdom:/home/jake/ros2_iron/install/urdf_parser_plugin:/home/jake/ros2_iron/install/urdfdom_headers:/home/jake/ros2_iron/install/turtlesim:/home/jake/ros2_iron/install/trajectory_msgs:/home/jake/ros2_iron/install/topic_statistics_demo:/home/jake/ros2_iron/install/pendulum_control:/home/jake/ros2_iron/install/tlsf_cpp:/home/jake/ros2_iron/install/geometry2:/home/jake/ros2_iron/install/tf2_sensor_msgs:/home/jake/ros2_iron/install/test_tf2:/home/jake/ros2_iron/install/tf2_kdl:/home/jake/ros2_iron/install/tf2_geometry_msgs:/home/jake/ros2_iron/install/tf2_eigen:/home/jake/ros2_iron/install/tf2_bullet:/home/jake/ros2_iron/install/tf2_ros:/home/jake/ros2_iron/install/tf2_py:/home/jake/ros2_iron/install/tf2_msgs:/home/jake/ros2_iron/install/tf2_eigen_kdl:/home/jake/ros2_iron/install/laser_geometry:/home/jake/ros2_iron/install/tf2:/home/jake/ros2_iron/install/test_tracetools:/home/jake/ros2_iron/install/test_msgs:/home/jake/ros2_iron/install/test_communication:/home/jake/ros2_iron/install/stereo_msgs:/home/jake/ros2_iron/install/std_srvs:/home/jake/ros2_iron/install/shape_msgs:/home/jake/ros2_iron/install/quality_of_service_demo_cpp:/home/jake/ros2_iron/install/map_msgs:/home/jake/ros2_iron/install/intra_process_demo:/home/jake/ros2_iron/install/image_transport:/home/jake/ros2_iron/install/image_tools:/home/jake/ros2_iron/install/dummy_sensors:/home/jake/ros2_iron/install/sensor_msgs:/home/jake/ros2_iron/install/ros2cli_common_extensions:/home/jake/ros2_iron/install/dummy_map_server:/home/jake/ros2_iron/install/nav_msgs:/home/jake/ros2_iron/install/logging_demo:/home/jake/ros2_iron/install/lifecycle:/home/jake/ros2_iron/install/diagnostic_msgs:/home/jake/ros2_iron/install/geometry_msgs:/home/jake/ros2_iron/install/examples_rclcpp_wait_set:/home/jake/ros2_iron/install/examples_rclcpp_multithreaded_executor:/home/jake/ros2_iron/install/examples_rclcpp_minimal_subscriber:/home/jake/ros2_iron/install/examples_rclcpp_minimal_publisher:/home/jake/ros2_iron/install/examples_rclcpp_minimal_composition:/home/jake/ros2_iron/install/examples_rclcpp_cbg_executor:/home/jake/ros2_iron/install/demo_nodes_cpp_native:/home/jake/ros2_iron/install/demo_nodes_cpp:/home/jake/ros2_iron/install/composition:/home/jake/ros2_iron/install/actionlib_msgs:/home/jake/ros2_iron/install/std_msgs:/home/jake/ros2_iron/install/rqt_gui_cpp:/home/jake/ros2_iron/install/rosbag2_test_common:/home/jake/ros2_iron/install/ros2lifecycle_test_fixtures:/home/jake/ros2_iron/install/rclcpp_lifecycle:/home/jake/ros2_iron/install/action_tutorials_cpp:/home/jake/ros2_iron/install/rclcpp_components:/home/jake/ros2_iron/install/examples_rclcpp_minimal_action_server:/home/jake/ros2_iron/install/examples_rclcpp_minimal_action_client:/home/jake/ros2_iron/install/rclcpp_action:/home/jake/ros2_iron/install/message_filters:/home/jake/ros2_iron/install/examples_rclcpp_minimal_timer:/home/jake/ros2_iron/install/examples_rclcpp_minimal_service:/home/jake/ros2_iron/install/examples_rclcpp_minimal_client:/home/jake/ros2_iron/install/examples_rclcpp_async_client:/home/jake/ros2_iron/install/rclcpp:/home/jake/ros2_iron/install/libstatistics_collector:/home/jake/ros2_iron/install/statistics_msgs:/home/jake/ros2_iron/install/sros2_cmake:/home/jake/ros2_iron/install/rqt_py_common:/home/jake/ros2_iron/install/ros_testing:/home/jake/ros2_iron/install/rclpy:/home/jake/ros2_iron/install/rosgraph_msgs:/home/jake/ros2_iron/install/rosbag2_interfaces:/home/jake/ros2_iron/install/ros2cli_test_interfaces:/home/jake/ros2_iron/install/rcl_lifecycle:/home/jake/ros2_iron/install/rcl_action:/home/jake/ros2_iron/install/rcl:/home/jake/ros2_iron/install/rmw_implementation:/home/jake/ros2_iron/install/rmw_fastrtps_dynamic_cpp:/home/jake/ros2_iron/install/rmw_fastrtps_cpp:/home/jake/ros2_iron/install/rmw_fastrtps_shared_cpp:/home/jake/ros2_iron/install/rmw_cyclonedds_cpp:/home/jake/ros2_iron/install/rmw_connextddsmicro:/home/jake/ros2_iron/install/rmw_connextdds:/home/jake/ros2_iron/install/rmw_connextdds_common:/home/jake/ros2_iron/install/rmw_dds_common:/home/jake/ros2_iron/install/composition_interfaces:/home/jake/ros2_iron/install/rcl_interfaces:/home/jake/ros2_iron/install/pendulum_msgs:/home/jake/ros2_iron/install/lifecycle_msgs:/home/jake/ros2_iron/install/example_interfaces:/home/jake/ros2_iron/install/action_tutorials_interfaces:/home/jake/ros2_iron/install/rosidl_default_runtime:/home/jake/ros2_iron/install/rosidl_default_generators:/home/jake/ros2_iron/install/action_msgs:/home/jake/ros2_iron/install/unique_identifier_msgs:/home/jake/ros2_iron/install/ament_lint_common:/home/jake/ros2_iron/install/ament_cmake_uncrustify:/home/jake/ros2_iron/install/uncrustify_vendor:/home/jake/ros2_iron/install/type_description_interfaces:/home/jake/ros2_iron/install/tracetools:/home/jake/ros2_iron/install/tlsf:/home/jake/ros2_iron/install/tinyxml_vendor:/home/jake/ros2_iron/install/qt_gui_core:/home/jake/ros2_iron/install/qt_gui_cpp:/home/jake/ros2_iron/install/pluginlib:/home/jake/ros2_iron/install/tinyxml2_vendor:/home/jake/ros2_iron/install/test_security:/home/jake/ros2_iron/install/test_rmw_implementation:/home/jake/ros2_iron/install/test_rclcpp:/home/jake/ros2_iron/install/test_quality_of_service:/home/jake/ros2_iron/install/test_launch_testing:/home/jake/ros2_iron/install/test_interface_files:/home/jake/ros2_iron/install/test_cli_remapping:/home/jake/ros2_iron/install/test_cli:/home/jake/ros2_iron/install/qt_gui_app:/home/jake/ros2_iron/install/qt_gui:/home/jake/ros2_iron/install/tango_icons_vendor:/home/jake/ros2_iron/install/sqlite3_vendor:/home/jake/ros2_iron/install/rcl_logging_spdlog:/home/jake/ros2_iron/install/spdlog_vendor:/home/jake/ros2_iron/install/shared_queues_vendor:/home/jake/ros2_iron/install/service_msgs:/home/jake/ros2_iron/install/rviz_rendering_tests:/home/jake/ros2_iron/install/rviz_rendering:/home/jake/ros2_iron/install/rviz_ogre_vendor:/home/jake/ros2_iron/install/rviz_assimp_vendor:/home/jake/ros2_iron/install/rttest:/home/jake/ros2_iron/install/rti_connext_dds_cmake_module:/home/jake/ros2_iron/install/builtin_interfaces:/home/jake/ros2_iron/install/rosidl_core_runtime:/home/jake/ros2_iron/install/rosidl_core_generators:/home/jake/ros2_iron/install/rosidl_generator_py:/home/jake/ros2_iron/install/rosidl_typesupport_tests:/home/jake/ros2_iron/install/rosidl_typesupport_introspection_tests:/home/jake/ros2_iron/install/rosidl_typesupport_cpp:/home/jake/ros2_iron/install/rosidl_typesupport_introspection_cpp:/home/jake/ros2_iron/install/rosidl_typesupport_c:/home/jake/ros2_iron/install/rosidl_typesupport_introspection_c:/home/jake/ros2_iron/install/rosidl_typesupport_fastrtps_c:/home/jake/ros2_iron/install/rosidl_typesupport_fastrtps_cpp:/home/jake/ros2_iron/install/rosidl_generator_cpp:/home/jake/ros2_iron/install/rosidl_runtime_cpp:/home/jake/ros2_iron/install/rosidl_dynamic_typesupport_fastrtps:/home/jake/ros2_iron/install/rcl_yaml_param_parser:/home/jake/ros2_iron/install/rmw:/home/jake/ros2_iron/install/rosidl_dynamic_typesupport:/home/jake/ros2_iron/install/rosidl_runtime_c:/home/jake/ros2_iron/install/rosidl_generator_c:/home/jake/ros2_iron/install/rosidl_typesupport_interface:/home/jake/ros2_iron/install/rosidl_generator_dds_idl:/home/jake/ros2_iron/install/rosidl_cmake:/home/jake/ros2_iron/install/rosidl_generator_type_description:/home/jake/ros2_iron/install/rosidl_parser:/home/jake/ros2_iron/install/rosidl_generator_tests:/home/jake/ros2_iron/install/rosidl_adapter:/home/jake/ros2_iron/install/rosbag2_tests:/home/jake/ros2_iron/install/rosbag2_test_msgdefs:/home/jake/ros2_iron/install/ros_environment:/home/jake/ros2_iron/install/rmw_implementation_cmake:/home/jake/ros2_iron/install/resource_retriever:/home/jake/ros2_iron/install/class_loader:/home/jake/ros2_iron/install/rcpputils:/home/jake/ros2_iron/install/rcl_logging_noop:/home/jake/ros2_iron/install/rcl_logging_interface:/home/jake/ros2_iron/install/rcutils:/home/jake/ros2_iron/install/qt_gui_py_common:/home/jake/ros2_iron/install/qt_dotgraph:/home/jake/ros2_iron/install/python_qt_binding:/home/jake/ros2_iron/install/python_orocos_kdl_vendor:/home/jake/ros2_iron/install/launch_testing_ament_cmake:/home/jake/ros2_iron/install/python_cmake_module:/home/jake/ros2_iron/install/pybind11_vendor:/home/jake/ros2_iron/install/performance_test_fixture:/home/jake/ros2_iron/install/osrf_testing_tools_cpp:/home/jake/ros2_iron/install/orocos_kdl_vendor:/home/jake/ros2_iron/install/mimick_vendor:/home/jake/ros2_iron/install/libyaml_vendor:/home/jake/ros2_iron/install/libcurl_vendor:/home/jake/ros2_iron/install/keyboard_handler:/home/jake/ros2_iron/install/iceoryx_introspection:/home/jake/ros2_iron/install/cyclonedds:/home/jake/ros2_iron/install/iceoryx_posh:/home/jake/ros2_iron/install/iceoryx_hoofs:/home/jake/ros2_iron/install/iceoryx_binding_c:/home/jake/ros2_iron/install/ament_cmake_ros:/home/jake/ros2_iron/install/ament_cmake_gmock:/home/jake/ros2_iron/install/gmock_vendor:/home/jake/ros2_iron/install/ament_cmake_auto:/home/jake/ros2_iron/install/ament_cmake_gtest:/home/jake/ros2_iron/install/gtest_vendor:/home/jake/ros2_iron/install/ament_cmake_google_benchmark:/home/jake/ros2_iron/install/google_benchmark_vendor:/home/jake/ros2_iron/install/fastrtps:/home/jake/ros2_iron/install/foonathan_memory_vendor:/home/jake/ros2_iron/install/fastrtps_cmake_module:/home/jake/ros2_iron/install/fastcdr:/home/jake/ros2_iron/install/eigen3_cmake_module:/home/jake/ros2_iron/install/console_bridge_vendor:/home/jake/ros2_iron/install/ament_cmake_xmllint:/home/jake/ros2_iron/install/ament_cmake_pyflakes:/home/jake/ros2_iron/install/ament_cmake_pycodestyle:/home/jake/ros2_iron/install/ament_cmake_pep257:/home/jake/ros2_iron/install/ament_cmake_pclint:/home/jake/ros2_iron/install/ament_lint_auto:/home/jake/ros2_iron/install/ament_cmake:/home/jake/ros2_iron/install/ament_cmake_version:/home/jake/ros2_iron/install/ament_cmake_vendor_package:/home/jake/ros2_iron/install/ament_cmake_pytest:/home/jake/ros2_iron/install/ament_cmake_mypy:/home/jake/ros2_iron/install/ament_cmake_lint_cmake:/home/jake/ros2_iron/install/ament_cmake_flake8:/home/jake/ros2_iron/install/ament_cmake_cpplint:/home/jake/ros2_iron/install/ament_cmake_cppcheck:/home/jake/ros2_iron/install/ament_cmake_copyright:/home/jake/ros2_iron/install/ament_cmake_clang_tidy:/home/jake/ros2_iron/install/ament_cmake_clang_format:/home/jake/ros2_iron/install/ament_cmake_test:/home/jake/ros2_iron/install/ament_cmake_target_dependencies:/home/jake/ros2_iron/install/ament_cmake_python:/home/jake/ros2_iron/install/ament_cmake_export_dependencies:/home/jake/ros2_iron/install/ament_cmake_libraries:/home/jake/ros2_iron/install/ament_cmake_include_directories:/home/jake/ros2_iron/install/ament_cmake_gen_version_h:/home/jake/ros2_iron/install/ament_cmake_export_targets:/home/jake/ros2_iron/install/ament_cmake_export_link_flags:/home/jake/ros2_iron/install/ament_cmake_export_interfaces:/home/jake/ros2_iron/install/ament_cmake_export_libraries:/home/jake/ros2_iron/install/ament_cmake_export_include_directories:/home/jake/ros2_iron/install/ament_cmake_export_definitions:/home/jake/ros2_iron/install/ament_cmake_core:/home/jake/ros2_iron/install/ament_index_cpp:/home/jake/ros2_iron/install/rqt_bag_plugins:/home/jake/ros2_iron/install/rqt_bag:/home/jake/ros2_iron/install/rosbag2_examples_py:/home/jake/ros2_iron/install/launch_testing_examples:/home/jake/ros2_iron/install/ros2bag:/home/jake/ros2_iron/install/tracetools_test:/home/jake/ros2_iron/install/tracetools_launch:/home/jake/ros2_iron/install/topic_monitor:/home/jake/ros2_iron/install/tf2_tools:/home/jake/ros2_iron/install/examples_tf2_py:/home/jake/ros2_iron/install/tf2_ros_py:/home/jake/ros2_iron/install/examples_rclpy_pointcloud_publisher:/home/jake/ros2_iron/install/sensor_msgs_py:/home/jake/ros2_iron/install/quality_of_service_demo_py:/home/jake/ros2_iron/install/rqt_plot:/home/jake/ros2_iron/install/ros2doctor:/home/jake/ros2_iron/install/lifecycle_py:/home/jake/ros2_iron/install/examples_rclpy_minimal_subscriber:/home/jake/ros2_iron/install/examples_rclpy_minimal_service:/home/jake/ros2_iron/install/examples_rclpy_minimal_publisher:/home/jake/ros2_iron/install/examples_rclpy_minimal_client:/home/jake/ros2_iron/install/examples_rclpy_executors:/home/jake/ros2_iron/install/demo_nodes_py:/home/jake/ros2_iron/install/rqt:/home/jake/ros2_iron/install/ros2component:/home/jake/ros2_iron/install/sros2:/home/jake/ros2_iron/install/rqt_topic:/home/jake/ros2_iron/install/rqt_srv:/home/jake/ros2_iron/install/rqt_shell:/home/jake/ros2_iron/install/rqt_service_caller:/home/jake/ros2_iron/install/rqt_reconfigure:/home/jake/ros2_iron/install/rqt_py_console:/home/jake/ros2_iron/install/rqt_publisher:/home/jake/ros2_iron/install/rqt_action:/home/jake/ros2_iron/install/rqt_msg:/home/jake/ros2_iron/install/rqt_console:/home/jake/ros2_iron/install/rqt_graph:/home/jake/ros2_iron/install/rqt_gui_py:/home/jake/ros2_iron/install/rqt_gui:/home/jake/ros2_iron/install/ros2trace:/home/jake/ros2_iron/install/ros2topic:/home/jake/ros2_iron/install/ros2test:/home/jake/ros2_iron/install/ros2param:/home/jake/ros2_iron/install/ros2lifecycle:/home/jake/ros2_iron/install/ros2service:/home/jake/ros2_iron/install/ros2run:/home/jake/ros2_iron/install/ros2launch:/home/jake/ros2_iron/install/ros2pkg:/home/jake/ros2_iron/install/ros2node:/home/jake/ros2_iron/install/ros2multicast:/home/jake/ros2_iron/install/ros2interface:/home/jake/ros2_iron/install/ros2action:/home/jake/ros2_iron/install/ros2cli:/home/jake/ros2_iron/install/launch_testing_ros:/home/jake/ros2_iron/install/launch_ros:/home/jake/ros2_iron/install/examples_rclpy_minimal_action_server:/home/jake/ros2_iron/install/examples_rclpy_minimal_action_client:/home/jake/ros2_iron/install/examples_rclpy_guard_conditions:/home/jake/ros2_iron/install/action_tutorials_py:/home/jake/ros2_iron/install/ament_uncrustify:/home/jake/ros2_iron/install/tracetools_trace:/home/jake/ros2_iron/install/tracetools_read:/home/jake/ros2_iron/install/test_tracetools_launch:/home/jake/ros2_iron/install/test_ros2trace:/home/jake/ros2_iron/install/test_launch_ros:/home/jake/ros2_iron/install/rpyutils:/home/jake/ros2_iron/install/rosidl_runtime_py:/home/jake/ros2_iron/install/rosidl_pycommon:/home/jake/ros2_iron/install/rosidl_cli:/home/jake/ros2_iron/install/launch_pytest:/home/jake/ros2_iron/install/launch_testing:/home/jake/ros2_iron/install/launch_yaml:/home/jake/ros2_iron/install/launch_xml:/home/jake/ros2_iron/install/launch:/home/jake/ros2_iron/install/osrf_pycommon:/home/jake/ros2_iron/install/domain_coordinator:/home/jake/ros2_iron/install/ament_xmllint:/home/jake/ros2_iron/install/ament_pyflakes:/home/jake/ros2_iron/install/ament_pycodestyle:/home/jake/ros2_iron/install/ament_pep257:/home/jake/ros2_iron/install/ament_pclint:/home/jake/ros2_iron/install/ament_package:/home/jake/ros2_iron/install/ament_mypy:/home/jake/ros2_iron/install/ament_lint_cmake:/home/jake/ros2_iron/install/ament_flake8:/home/jake/ros2_iron/install/ament_copyright:/home/jake/ros2_iron/install/ament_lint:/home/jake/ros2_iron/install/ament_index_python:/home/jake/ros2_iron/install/ament_cpplint:/home/jake/ros2_iron/install/ament_cppcheck:/home/jake/ros2_iron/install/ament_clang_tidy:/home/jake/ros2_iron/install/ament_clang_format:/opt/ros/iron LD_LIBRARY_PATH=/home/jake/moveit2_ws_main/install/moveit_ros_planning/lib:/home/jake/moveit2_ws_main/install/moveit_ros_occupancy_map_monitor/lib:/home/jake/moveit2_ws_main/install/moveit_core/lib:/home/jake/moveit2_ws_main/install/parameter_traits/lib:/home/jake/moveit2_ws_main/install/moveit_msgs/lib:/home/jake/moveit2_ws_main/install/geometric_shapes/lib:${LD_LIBRARY_PATH} PATH=/home/jake/moveit2_ws_main/install/moveit_core/bin:/home/jake/moveit2_ws_main/install/generate_parameter_library_py/bin:${PATH} PYTHONPATH=/home/jake/moveit2_ws_main/install/moveit_msgs/lib/python3.10/site-packages:/home/jake/moveit2_ws_main/install/moveit_configs_utils/lib/python3.10/site-packages:/home/jake/moveit2_ws_main/install/generate_parameter_library_py/lib/python3.10/site-packages:${PYTHONPATH} /usr/bin/cmake /home/jake/moveit2_ws_main/src/moveit2/moveit_ros/robot_interaction -DCMAKE_BUILD_TYPE=Release -DCMAKE_INSTALL_PREFIX=/home/jake/moveit2_ws_main/install/moveit_ros_robot_interaction
[18.768s] Invoking command in '/home/jake/moveit2_ws_main/build/moveit_ros_robot_interaction': AMENT_PREFIX_PATH=/home/jake/moveit2_ws_main/install/moveit_ros_planning:/home/jake/moveit2_ws_main/install/moveit_ros_occupancy_map_monitor:/home/jake/moveit2_ws_main/install/moveit_core:/home/jake/moveit2_ws_main/install/moveit_resources_panda_moveit_config:/home/jake/moveit2_ws_main/install/generate_parameter_library:/home/jake/moveit2_ws_main/install/parameter_traits:/home/jake/moveit2_ws_main/install/moveit_resources_pr2_description:/home/jake/moveit2_ws_main/install/moveit_resources_panda_description:/home/jake/moveit2_ws_main/install/moveit_msgs:/home/jake/moveit2_ws_main/install/moveit_configs_utils:/home/jake/moveit2_ws_main/install/moveit_common:/home/jake/moveit2_ws_main/install/geometric_shapes:/home/jake/moveit2_ws_main/install/generate_parameter_library_py:${AMENT_PREFIX_PATH} CMAKE_PREFIX_PATH=/home/jake/moveit2_ws_main/install/moveit_ros_planning:/home/jake/moveit2_ws_main/install/moveit_ros_occupancy_map_monitor:/home/jake/moveit2_ws_main/install/moveit_core:/home/jake/moveit2_ws_main/install/moveit_resources_panda_moveit_config:/home/jake/moveit2_ws_main/install/generate_parameter_library:/home/jake/moveit2_ws_main/install/parameter_traits:/home/jake/moveit2_ws_main/install/moveit_resources_pr2_description:/home/jake/moveit2_ws_main/install/moveit_resources_panda_description:/home/jake/moveit2_ws_main/install/moveit_msgs:/home/jake/moveit2_ws_main/install/moveit_common:/home/jake/moveit2_ws_main/install/geometric_shapes:/home/jake/ros2_iron/install/rosbag2:/home/jake/ros2_iron/install/rosbag2_storage_default_plugins:/home/jake/ros2_iron/install/rosbag2_storage_mcap:/home/jake/ros2_iron/install/rosbag2_compression_zstd:/home/jake/ros2_iron/install/mcap_vendor:/home/jake/ros2_iron/install/zstd_vendor:/home/jake/ros2_iron/install/rviz_visual_testing_framework:/home/jake/ros2_iron/install/rviz2:/home/jake/ros2_iron/install/rviz_default_plugins:/home/jake/ros2_iron/install/rviz_common:/home/jake/ros2_iron/install/rosbag2_py:/home/jake/ros2_iron/install/rosbag2_transport:/home/jake/ros2_iron/install/rosbag2_storage_sqlite3:/home/jake/ros2_iron/install/rosbag2_examples_cpp:/home/jake/ros2_iron/install/rosbag2_compression:/home/jake/ros2_iron/install/rosbag2_cpp:/home/jake/ros2_iron/install/rosbag2_storage:/home/jake/ros2_iron/install/image_common:/home/jake/ros2_iron/install/camera_info_manager:/home/jake/ros2_iron/install/camera_calibration_parsers:/home/jake/ros2_iron/install/yaml_cpp_vendor:/home/jake/ros2_iron/install/interactive_markers:/home/jake/ros2_iron/install/common_interfaces:/home/jake/ros2_iron/install/visualization_msgs:/home/jake/ros2_iron/install/dummy_robot_bringup:/home/jake/ros2_iron/install/robot_state_publisher:/home/jake/ros2_iron/install/kdl_parser:/home/jake/ros2_iron/install/urdf:/home/jake/ros2_iron/install/urdfdom:/home/jake/ros2_iron/install/urdf_parser_plugin:/home/jake/ros2_iron/install/urdfdom_headers:/home/jake/ros2_iron/install/turtlesim:/home/jake/ros2_iron/install/trajectory_msgs:/home/jake/ros2_iron/install/topic_statistics_demo:/home/jake/ros2_iron/install/pendulum_control:/home/jake/ros2_iron/install/tlsf_cpp:/home/jake/ros2_iron/install/geometry2:/home/jake/ros2_iron/install/tf2_sensor_msgs:/home/jake/ros2_iron/install/test_tf2:/home/jake/ros2_iron/install/tf2_kdl:/home/jake/ros2_iron/install/tf2_geometry_msgs:/home/jake/ros2_iron/install/tf2_eigen:/home/jake/ros2_iron/install/tf2_bullet:/home/jake/ros2_iron/install/tf2_ros:/home/jake/ros2_iron/install/tf2_py:/home/jake/ros2_iron/install/tf2_msgs:/home/jake/ros2_iron/install/tf2_eigen_kdl:/home/jake/ros2_iron/install/laser_geometry:/home/jake/ros2_iron/install/tf2:/home/jake/ros2_iron/install/test_tracetools:/home/jake/ros2_iron/install/test_msgs:/home/jake/ros2_iron/install/test_communication:/home/jake/ros2_iron/install/stereo_msgs:/home/jake/ros2_iron/install/std_srvs:/home/jake/ros2_iron/install/shape_msgs:/home/jake/ros2_iron/install/quality_of_service_demo_cpp:/home/jake/ros2_iron/install/map_msgs:/home/jake/ros2_iron/install/intra_process_demo:/home/jake/ros2_iron/install/image_transport:/home/jake/ros2_iron/install/image_tools:/home/jake/ros2_iron/install/dummy_sensors:/home/jake/ros2_iron/install/sensor_msgs:/home/jake/ros2_iron/install/ros2cli_common_extensions:/home/jake/ros2_iron/install/dummy_map_server:/home/jake/ros2_iron/install/nav_msgs:/home/jake/ros2_iron/install/logging_demo:/home/jake/ros2_iron/install/lifecycle:/home/jake/ros2_iron/install/diagnostic_msgs:/home/jake/ros2_iron/install/geometry_msgs:/home/jake/ros2_iron/install/examples_rclcpp_wait_set:/home/jake/ros2_iron/install/examples_rclcpp_multithreaded_executor:/home/jake/ros2_iron/install/examples_rclcpp_minimal_subscriber:/home/jake/ros2_iron/install/examples_rclcpp_minimal_publisher:/home/jake/ros2_iron/install/examples_rclcpp_minimal_composition:/home/jake/ros2_iron/install/examples_rclcpp_cbg_executor:/home/jake/ros2_iron/install/demo_nodes_cpp_native:/home/jake/ros2_iron/install/demo_nodes_cpp:/home/jake/ros2_iron/install/composition:/home/jake/ros2_iron/install/actionlib_msgs:/home/jake/ros2_iron/install/std_msgs:/home/jake/ros2_iron/install/rqt_gui_cpp:/home/jake/ros2_iron/install/rosbag2_test_common:/home/jake/ros2_iron/install/ros2lifecycle_test_fixtures:/home/jake/ros2_iron/install/rclcpp_lifecycle:/home/jake/ros2_iron/install/action_tutorials_cpp:/home/jake/ros2_iron/install/rclcpp_components:/home/jake/ros2_iron/install/examples_rclcpp_minimal_action_server:/home/jake/ros2_iron/install/examples_rclcpp_minimal_action_client:/home/jake/ros2_iron/install/rclcpp_action:/home/jake/ros2_iron/install/message_filters:/home/jake/ros2_iron/install/examples_rclcpp_minimal_timer:/home/jake/ros2_iron/install/examples_rclcpp_minimal_service:/home/jake/ros2_iron/install/examples_rclcpp_minimal_client:/home/jake/ros2_iron/install/examples_rclcpp_async_client:/home/jake/ros2_iron/install/rclcpp:/home/jake/ros2_iron/install/libstatistics_collector:/home/jake/ros2_iron/install/statistics_msgs:/home/jake/ros2_iron/install/sros2_cmake:/home/jake/ros2_iron/install/rqt_py_common:/home/jake/ros2_iron/install/ros_testing:/home/jake/ros2_iron/install/rclpy:/home/jake/ros2_iron/install/rosgraph_msgs:/home/jake/ros2_iron/install/rosbag2_interfaces:/home/jake/ros2_iron/install/ros2cli_test_interfaces:/home/jake/ros2_iron/install/rcl_lifecycle:/home/jake/ros2_iron/install/rcl_action:/home/jake/ros2_iron/install/rcl:/home/jake/ros2_iron/install/rmw_implementation:/home/jake/ros2_iron/install/rmw_fastrtps_dynamic_cpp:/home/jake/ros2_iron/install/rmw_fastrtps_cpp:/home/jake/ros2_iron/install/rmw_fastrtps_shared_cpp:/home/jake/ros2_iron/install/rmw_cyclonedds_cpp:/home/jake/ros2_iron/install/rmw_connextddsmicro:/home/jake/ros2_iron/install/rmw_connextdds:/home/jake/ros2_iron/install/rmw_connextdds_common:/home/jake/ros2_iron/install/rmw_dds_common:/home/jake/ros2_iron/install/composition_interfaces:/home/jake/ros2_iron/install/rcl_interfaces:/home/jake/ros2_iron/install/pendulum_msgs:/home/jake/ros2_iron/install/lifecycle_msgs:/home/jake/ros2_iron/install/example_interfaces:/home/jake/ros2_iron/install/action_tutorials_interfaces:/home/jake/ros2_iron/install/rosidl_default_runtime:/home/jake/ros2_iron/install/rosidl_default_generators:/home/jake/ros2_iron/install/action_msgs:/home/jake/ros2_iron/install/unique_identifier_msgs:/home/jake/ros2_iron/install/ament_lint_common:/home/jake/ros2_iron/install/ament_cmake_uncrustify:/home/jake/ros2_iron/install/uncrustify_vendor:/home/jake/ros2_iron/install/type_description_interfaces:/home/jake/ros2_iron/install/tracetools:/home/jake/ros2_iron/install/tlsf:/home/jake/ros2_iron/install/tinyxml_vendor:/home/jake/ros2_iron/install/qt_gui_core:/home/jake/ros2_iron/install/qt_gui_cpp:/home/jake/ros2_iron/install/pluginlib:/home/jake/ros2_iron/install/tinyxml2_vendor:/home/jake/ros2_iron/install/test_security:/home/jake/ros2_iron/install/test_rmw_implementation:/home/jake/ros2_iron/install/test_rclcpp:/home/jake/ros2_iron/install/test_quality_of_service:/home/jake/ros2_iron/install/test_launch_testing:/home/jake/ros2_iron/install/test_interface_files:/home/jake/ros2_iron/install/test_cli_remapping:/home/jake/ros2_iron/install/test_cli:/home/jake/ros2_iron/install/qt_gui_app:/home/jake/ros2_iron/install/qt_gui:/home/jake/ros2_iron/install/tango_icons_vendor:/home/jake/ros2_iron/install/sqlite3_vendor:/home/jake/ros2_iron/install/rcl_logging_spdlog:/home/jake/ros2_iron/install/spdlog_vendor:/home/jake/ros2_iron/install/shared_queues_vendor:/home/jake/ros2_iron/install/service_msgs:/home/jake/ros2_iron/install/rviz_rendering_tests:/home/jake/ros2_iron/install/rviz_rendering:/home/jake/ros2_iron/install/rviz_ogre_vendor:/home/jake/ros2_iron/install/rviz_assimp_vendor:/home/jake/ros2_iron/install/rttest:/home/jake/ros2_iron/install/rti_connext_dds_cmake_module:/home/jake/ros2_iron/install/builtin_interfaces:/home/jake/ros2_iron/install/rosidl_core_runtime:/home/jake/ros2_iron/install/rosidl_core_generators:/home/jake/ros2_iron/install/rosidl_generator_py:/home/jake/ros2_iron/install/rosidl_typesupport_tests:/home/jake/ros2_iron/install/rosidl_typesupport_introspection_tests:/home/jake/ros2_iron/install/rosidl_typesupport_cpp:/home/jake/ros2_iron/install/rosidl_typesupport_introspection_cpp:/home/jake/ros2_iron/install/rosidl_typesupport_c:/home/jake/ros2_iron/install/rosidl_typesupport_introspection_c:/home/jake/ros2_iron/install/rosidl_typesupport_fastrtps_c:/home/jake/ros2_iron/install/rosidl_typesupport_fastrtps_cpp:/home/jake/ros2_iron/install/rosidl_generator_cpp:/home/jake/ros2_iron/install/rosidl_runtime_cpp:/home/jake/ros2_iron/install/rosidl_dynamic_typesupport_fastrtps:/home/jake/ros2_iron/install/rcl_yaml_param_parser:/home/jake/ros2_iron/install/rmw:/home/jake/ros2_iron/install/rosidl_dynamic_typesupport:/home/jake/ros2_iron/install/rosidl_runtime_c:/home/jake/ros2_iron/install/rosidl_generator_c:/home/jake/ros2_iron/install/rosidl_typesupport_interface:/home/jake/ros2_iron/install/rosidl_generator_dds_idl:/home/jake/ros2_iron/install/rosidl_cmake:/home/jake/ros2_iron/install/rosidl_generator_type_description:/home/jake/ros2_iron/install/rosidl_parser:/home/jake/ros2_iron/install/rosidl_generator_tests:/home/jake/ros2_iron/install/rosidl_adapter:/home/jake/ros2_iron/install/rosbag2_tests:/home/jake/ros2_iron/install/rosbag2_test_msgdefs:/home/jake/ros2_iron/install/ros_environment:/home/jake/ros2_iron/install/rmw_implementation_cmake:/home/jake/ros2_iron/install/resource_retriever:/home/jake/ros2_iron/install/class_loader:/home/jake/ros2_iron/install/rcpputils:/home/jake/ros2_iron/install/rcl_logging_noop:/home/jake/ros2_iron/install/rcl_logging_interface:/home/jake/ros2_iron/install/rcutils:/home/jake/ros2_iron/install/qt_gui_py_common:/home/jake/ros2_iron/install/qt_dotgraph:/home/jake/ros2_iron/install/python_qt_binding:/home/jake/ros2_iron/install/python_orocos_kdl_vendor:/home/jake/ros2_iron/install/launch_testing_ament_cmake:/home/jake/ros2_iron/install/python_cmake_module:/home/jake/ros2_iron/install/pybind11_vendor:/home/jake/ros2_iron/install/performance_test_fixture:/home/jake/ros2_iron/install/osrf_testing_tools_cpp:/home/jake/ros2_iron/install/orocos_kdl_vendor:/home/jake/ros2_iron/install/mimick_vendor:/home/jake/ros2_iron/install/libyaml_vendor:/home/jake/ros2_iron/install/libcurl_vendor:/home/jake/ros2_iron/install/keyboard_handler:/home/jake/ros2_iron/install/iceoryx_introspection:/home/jake/ros2_iron/install/cyclonedds:/home/jake/ros2_iron/install/iceoryx_posh:/home/jake/ros2_iron/install/iceoryx_hoofs:/home/jake/ros2_iron/install/iceoryx_binding_c:/home/jake/ros2_iron/install/ament_cmake_ros:/home/jake/ros2_iron/install/ament_cmake_gmock:/home/jake/ros2_iron/install/gmock_vendor:/home/jake/ros2_iron/install/ament_cmake_auto:/home/jake/ros2_iron/install/ament_cmake_gtest:/home/jake/ros2_iron/install/gtest_vendor:/home/jake/ros2_iron/install/ament_cmake_google_benchmark:/home/jake/ros2_iron/install/google_benchmark_vendor:/home/jake/ros2_iron/install/fastrtps:/home/jake/ros2_iron/install/foonathan_memory_vendor:/home/jake/ros2_iron/install/fastrtps_cmake_module:/home/jake/ros2_iron/install/fastcdr:/home/jake/ros2_iron/install/eigen3_cmake_module:/home/jake/ros2_iron/install/console_bridge_vendor:/home/jake/ros2_iron/install/ament_cmake_xmllint:/home/jake/ros2_iron/install/ament_cmake_pyflakes:/home/jake/ros2_iron/install/ament_cmake_pycodestyle:/home/jake/ros2_iron/install/ament_cmake_pep257:/home/jake/ros2_iron/install/ament_cmake_pclint:/home/jake/ros2_iron/install/ament_lint_auto:/home/jake/ros2_iron/install/ament_cmake:/home/jake/ros2_iron/install/ament_cmake_version:/home/jake/ros2_iron/install/ament_cmake_vendor_package:/home/jake/ros2_iron/install/ament_cmake_pytest:/home/jake/ros2_iron/install/ament_cmake_mypy:/home/jake/ros2_iron/install/ament_cmake_lint_cmake:/home/jake/ros2_iron/install/ament_cmake_flake8:/home/jake/ros2_iron/install/ament_cmake_cpplint:/home/jake/ros2_iron/install/ament_cmake_cppcheck:/home/jake/ros2_iron/install/ament_cmake_copyright:/home/jake/ros2_iron/install/ament_cmake_clang_tidy:/home/jake/ros2_iron/install/ament_cmake_clang_format:/home/jake/ros2_iron/install/ament_cmake_test:/home/jake/ros2_iron/install/ament_cmake_target_dependencies:/home/jake/ros2_iron/install/ament_cmake_python:/home/jake/ros2_iron/install/ament_cmake_export_dependencies:/home/jake/ros2_iron/install/ament_cmake_libraries:/home/jake/ros2_iron/install/ament_cmake_include_directories:/home/jake/ros2_iron/install/ament_cmake_gen_version_h:/home/jake/ros2_iron/install/ament_cmake_export_targets:/home/jake/ros2_iron/install/ament_cmake_export_link_flags:/home/jake/ros2_iron/install/ament_cmake_export_interfaces:/home/jake/ros2_iron/install/ament_cmake_export_libraries:/home/jake/ros2_iron/install/ament_cmake_export_include_directories:/home/jake/ros2_iron/install/ament_cmake_export_definitions:/home/jake/ros2_iron/install/ament_cmake_core:/home/jake/ros2_iron/install/ament_index_cpp:/home/jake/ros2_iron/install/rqt_bag_plugins:/home/jake/ros2_iron/install/rqt_bag:/home/jake/ros2_iron/install/rosbag2_examples_py:/home/jake/ros2_iron/install/launch_testing_examples:/home/jake/ros2_iron/install/ros2bag:/home/jake/ros2_iron/install/tracetools_test:/home/jake/ros2_iron/install/tracetools_launch:/home/jake/ros2_iron/install/topic_monitor:/home/jake/ros2_iron/install/tf2_tools:/home/jake/ros2_iron/install/examples_tf2_py:/home/jake/ros2_iron/install/tf2_ros_py:/home/jake/ros2_iron/install/examples_rclpy_pointcloud_publisher:/home/jake/ros2_iron/install/sensor_msgs_py:/home/jake/ros2_iron/install/quality_of_service_demo_py:/home/jake/ros2_iron/install/rqt_plot:/home/jake/ros2_iron/install/ros2doctor:/home/jake/ros2_iron/install/lifecycle_py:/home/jake/ros2_iron/install/examples_rclpy_minimal_subscriber:/home/jake/ros2_iron/install/examples_rclpy_minimal_service:/home/jake/ros2_iron/install/examples_rclpy_minimal_publisher:/home/jake/ros2_iron/install/examples_rclpy_minimal_client:/home/jake/ros2_iron/install/examples_rclpy_executors:/home/jake/ros2_iron/install/demo_nodes_py:/home/jake/ros2_iron/install/rqt:/home/jake/ros2_iron/install/ros2component:/home/jake/ros2_iron/install/sros2:/home/jake/ros2_iron/install/rqt_topic:/home/jake/ros2_iron/install/rqt_srv:/home/jake/ros2_iron/install/rqt_shell:/home/jake/ros2_iron/install/rqt_service_caller:/home/jake/ros2_iron/install/rqt_reconfigure:/home/jake/ros2_iron/install/rqt_py_console:/home/jake/ros2_iron/install/rqt_publisher:/home/jake/ros2_iron/install/rqt_action:/home/jake/ros2_iron/install/rqt_msg:/home/jake/ros2_iron/install/rqt_console:/home/jake/ros2_iron/install/rqt_graph:/home/jake/ros2_iron/install/rqt_gui_py:/home/jake/ros2_iron/install/rqt_gui:/home/jake/ros2_iron/install/ros2trace:/home/jake/ros2_iron/install/ros2topic:/home/jake/ros2_iron/install/ros2test:/home/jake/ros2_iron/install/ros2param:/home/jake/ros2_iron/install/ros2lifecycle:/home/jake/ros2_iron/install/ros2service:/home/jake/ros2_iron/install/ros2run:/home/jake/ros2_iron/install/ros2launch:/home/jake/ros2_iron/install/ros2pkg:/home/jake/ros2_iron/install/ros2node:/home/jake/ros2_iron/install/ros2multicast:/home/jake/ros2_iron/install/ros2interface:/home/jake/ros2_iron/install/ros2action:/home/jake/ros2_iron/install/ros2cli:/home/jake/ros2_iron/install/launch_testing_ros:/home/jake/ros2_iron/install/launch_ros:/home/jake/ros2_iron/install/examples_rclpy_minimal_action_server:/home/jake/ros2_iron/install/examples_rclpy_minimal_action_client:/home/jake/ros2_iron/install/examples_rclpy_guard_conditions:/home/jake/ros2_iron/install/action_tutorials_py:/home/jake/ros2_iron/install/ament_uncrustify:/home/jake/ros2_iron/install/tracetools_trace:/home/jake/ros2_iron/install/tracetools_read:/home/jake/ros2_iron/install/test_tracetools_launch:/home/jake/ros2_iron/install/test_ros2trace:/home/jake/ros2_iron/install/test_launch_ros:/home/jake/ros2_iron/install/rpyutils:/home/jake/ros2_iron/install/rosidl_runtime_py:/home/jake/ros2_iron/install/rosidl_pycommon:/home/jake/ros2_iron/install/rosidl_cli:/home/jake/ros2_iron/install/launch_pytest:/home/jake/ros2_iron/install/launch_testing:/home/jake/ros2_iron/install/launch_yaml:/home/jake/ros2_iron/install/launch_xml:/home/jake/ros2_iron/install/launch:/home/jake/ros2_iron/install/osrf_pycommon:/home/jake/ros2_iron/install/domain_coordinator:/home/jake/ros2_iron/install/ament_xmllint:/home/jake/ros2_iron/install/ament_pyflakes:/home/jake/ros2_iron/install/ament_pycodestyle:/home/jake/ros2_iron/install/ament_pep257:/home/jake/ros2_iron/install/ament_pclint:/home/jake/ros2_iron/install/ament_package:/home/jake/ros2_iron/install/ament_mypy:/home/jake/ros2_iron/install/ament_lint_cmake:/home/jake/ros2_iron/install/ament_flake8:/home/jake/ros2_iron/install/ament_copyright:/home/jake/ros2_iron/install/ament_lint:/home/jake/ros2_iron/install/ament_index_python:/home/jake/ros2_iron/install/ament_cpplint:/home/jake/ros2_iron/install/ament_cppcheck:/home/jake/ros2_iron/install/ament_clang_tidy:/home/jake/ros2_iron/install/ament_clang_format:/opt/ros/iron LD_LIBRARY_PATH=/home/jake/moveit2_ws_main/install/moveit_ros_planning/lib:/home/jake/moveit2_ws_main/install/moveit_ros_occupancy_map_monitor/lib:/home/jake/moveit2_ws_main/install/moveit_core/lib:/home/jake/moveit2_ws_main/install/parameter_traits/lib:/home/jake/moveit2_ws_main/install/moveit_msgs/lib:/home/jake/moveit2_ws_main/install/geometric_shapes/lib:${LD_LIBRARY_PATH} PATH=/home/jake/moveit2_ws_main/install/moveit_core/bin:/home/jake/moveit2_ws_main/install/generate_parameter_library_py/bin:${PATH} PYTHONPATH=/home/jake/moveit2_ws_main/install/moveit_msgs/lib/python3.10/site-packages:/home/jake/moveit2_ws_main/install/moveit_configs_utils/lib/python3.10/site-packages:/home/jake/moveit2_ws_main/install/generate_parameter_library_py/lib/python3.10/site-packages:${PYTHONPATH} /usr/bin/cmake --build /home/jake/moveit2_ws_main/build/moveit_ros_robot_interaction
[19.045s] [  7%] [32mBuilding CXX object CMakeFiles/moveit_robot_interaction.dir/src/locked_robot_state.cpp.o[0m
[19.050s] [ 15%] [32mBuilding CXX object CMakeFiles/moveit_robot_interaction.dir/src/kinematic_options.cpp.o[0m
[19.050s] [ 23%] [32mBuilding CXX object CMakeFiles/moveit_robot_interaction.dir/src/interaction_handler.cpp.o[0m
[19.050s] [ 30%] [32mBuilding CXX object CMakeFiles/moveit_robot_interaction.dir/src/kinematic_options_map.cpp.o[0m
[19.054s] [ 38%] [32mBuilding CXX object CMakeFiles/moveit_robot_interaction.dir/src/robot_interaction.cpp.o[0m
[19.055s] [ 46%] [32mBuilding CXX object gtest/CMakeFiles/gtest_main.dir/src/gtest_main.cc.o[0m
[19.055s] [ 53%] [32mBuilding CXX object CMakeFiles/moveit_robot_interaction.dir/src/interactive_marker_helpers.cpp.o[0m
[19.062s] [ 61%] [32mBuilding CXX object gtest/CMakeFiles/gtest.dir/src/gtest-all.cc.o[0m
[22.764s] [ 69%] [32m[1mLinking CXX static library libgtest_main.a[0m
[23.226s] [ 69%] Built target gtest_main
[77.511s] [ 76%] [32m[1mLinking CXX static library libgtest.a[0m
[78.353s] [ 76%] Built target gtest
[99.218s] during IPA pass: inline
[99.219s] [01m[K/home/jake/moveit2_ws_main/src/moveit2/moveit_ros/robot_interaction/src/robot_interaction.cpp:[m[K In member function [01m[Kvoid robot_interaction::RobotInteraction::toggleMoveInteractiveMarkerTopic(bool)[m[K:
[99.219s] [01m[K/home/jake/moveit2_ws_main/src/moveit2/moveit_ros/robot_interaction/src/robot_interaction.cpp:592:6:[m[K [01;31m[Kinternal compiler error: [m[KSegmentation fault
[99.219s]   592 | void [01;31m[KRobotInteraction[m[K::toggleMoveInteractiveMarkerTopic(bool enable)
[99.219s]       |      [01;31m[K^~~~~~~~~~~~~~~~[m[K
[99.371s] DW_FORM_strp out of range in .debug_info at 17
[99.396s] Please submit a full bug report,
[99.396s] with preprocessed source if appropriate.
[99.396s] See <file:///usr/share/doc/gcc-11/README.Bugs> for instructions.
[99.577s] gmake[2]: *** [CMakeFiles/moveit_robot_interaction.dir/build.make:146: CMakeFiles/moveit_robot_interaction.dir/src/robot_interaction.cpp.o] Error 1
[99.577s] gmake[1]: *** [CMakeFiles/Makefile2:157: CMakeFiles/moveit_robot_interaction.dir/all] Error 2
[99.578s] gmake: *** [Makefile:146: all] Error 2
