[ 16%] [32mBuilding CXX object motion_planning_pipeline/CMakeFiles/pendulum_motion_planning_pipeline_tutorial.dir/src/pendulum_motion_planning_pipeline_tutorial.cpp.o[0m
[ 50%] Built target move_group_interface_tutorial
[ 83%] Built target motion_planning_pipeline_tutorial
In file included from [01m[K/usr/include/c++/11/bits/regex_compiler.h:570[m[K,
                 from [01m[K/usr/include/c++/11/regex:62[m[K,
                 from [01m[K/home/jake/ros2_iron/src/ros/pluginlib/pluginlib/include/pluginlib/impl/split.hpp:33[m[K,
                 from [01m[K/home/jake/ros2_iron/src/ros/pluginlib/pluginlib/include/pluginlib/class_loader_imp.hpp:60[m[K,
                 from [01m[K/home/jake/ros2_iron/install/pluginlib/include/pluginlib/pluginlib/class_loader.hpp:334[m[K,
                 from [01m[K/home/jake/moveit2_ws_main/src/moveit2_tutorials/motion_planning_pipeline/src/pendulum_motion_planning_pipeline_tutorial.cpp:37[m[K:
[01m[K/usr/include/c++/11/bits/regex_compiler.tcc:367:55:[m[K [01;31m[Kinternal compiler error: [m[KSegmentation fault
  367 |     _M_insert_any_matcher_ecma()
      |                                                       [01;31m[K^[m[K        
0x787d8344251f ???
	./signal/../sysdeps/unix/sysv/linux/x86_64/libc_sigaction.c:0
0x787d83429d8f __libc_start_call_main
	../sysdeps/nptl/libc_start_call_main.h:58
0x787d83429e3f __libc_start_main_impl
	../csu/libc-start.c:392
Please submit a full bug report,
with preprocessed source if appropriate.
Please include the complete backtrace with any bug report.
See <file:///usr/share/doc/gcc-11/README.Bugs> for instructions.
gmake[2]: *** [motion_planning_pipeline/CMakeFiles/pendulum_motion_planning_pipeline_tutorial.dir/build.make:76: motion_planning_pipeline/CMakeFiles/pendulum_motion_planning_pipeline_tutorial.dir/src/pendulum_motion_planning_pipeline_tutorial.cpp.o] Error 1
gmake[1]: *** [CMakeFiles/Makefile2:224: motion_planning_pipeline/CMakeFiles/pendulum_motion_planning_pipeline_tutorial.dir/all] Error 2
gmake: *** [Makefile:146: all] Error 2
