In file included from [01m[K/usr/include/c++/11/math.h:36[m[K,
                 from [01m[K/opt/ros/iron/include/octomap/math/Vector3.h:38[m[K,
                 from [01m[K/opt/ros/iron/include/octomap/octomap_types.h:42[m[K,
                 from [01m[K/opt/ros/iron/include/octomap/octomap.h:34[m[K,
                 from [01m[K/home/jake/moveit2_ws_main/install/moveit_core/include/moveit_core/moveit/collision_detection/occupancy_map.h:39[m[K,
                 from [01m[K/home/jake/moveit2_ws_main/src/moveit2/moveit_ros/occupancy_map_monitor/include/moveit/occupancy_map_monitor/occupancy_map_monitor.h:39[m[K,
                 from [01m[K/home/jake/moveit2_ws_main/src/moveit2/moveit_ros/occupancy_map_monitor/test/occupancy_map_monitor_tests.cpp:37[m[K:
[01m[K/usr/include/c++/11/cmath:[m[K In function â€˜[01m[Kconstexpr long double std::cbrt(long double)[m[Kâ€™:
[01m[K/usr/include/c++/11/cmath:1273:31:[m[K [01;31m[Kinternal compiler error: [m[KSegmentation fault
 1273 |   { return __builtin_cbrtl(__x[01;31m[K)[m[K; }
      |                               [01;31m[K^[m[K
DW_FORM_strp out of range in .debug_info at 17
Please submit a full bug report,
with preprocessed source if appropriate.
See <file:///usr/share/doc/gcc-11/README.Bugs> for instructions.
gmake[2]: *** [CMakeFiles/occupancy_map_monitor_tests.dir/build.make:76: CMakeFiles/occupancy_map_monitor_tests.dir/test/occupancy_map_monitor_tests.cpp.o] Error 1
gmake[1]: *** [CMakeFiles/Makefile2:232: CMakeFiles/occupancy_map_monitor_tests.dir/all] Error 2
gmake[1]: *** Waiting for unfinished jobs....
gmake: *** [Makefile:146: all] Error 2
