In file included from [01m[K/usr/include/c++/11/bits/shared_ptr.h:53[m[K,
                 from [01m[K/usr/include/c++/11/memory:77[m[K,
                 from [01m[K/home/jake/moveit2_ws_main/install/moveit_ros_planning_interface/include/moveit_ros_planning_interface/moveit/common_planning_interface_objects/common_objects.h:39[m[K,
                 from [01m[K/home/jake/moveit2_ws_main/src/moveit2/moveit_ros/visualization/planning_scene_rviz_plugin/src/planning_scene_display.cpp:38[m[K:
/usr/include/c++/11/bits/shared_ptr_base.h: In instantiation of â€˜[01m[Kclass std::__shared_ptr<rclcpp::topic_statistics::SubscriptionTopicStatistics<tf2_msgs::msg::TFMessage_<std::allocator<void> > >, __gnu_cxx::_S_atomic>[m[Kâ€™:
[01m[K/usr/include/c++/11/bits/shared_ptr.h:122:11:[m[K   required from â€˜[01m[Kclass std::shared_ptr<rclcpp::topic_statistics::SubscriptionTopicStatistics<tf2_msgs::msg::TFMessage_<std::allocator<void> > > >[m[Kâ€™
[01m[K/home/jake/ros2_iron/install/rclcpp/include/rclcpp/rclcpp/subscription.hpp:456:40:[m[K   required from â€˜[01m[Kclass rclcpp::Subscription<tf2_msgs::msg::TFMessage_<std::allocator<void> > >[m[Kâ€™
[01m[K/home/jake/ros2_iron/install/tf2_ros/include/tf2_ros/tf2_ros/transform_listener.h:237:49:[m[K   required from here
[01m[K/usr/include/c++/11/bits/shared_ptr_base.h:1076:15:[m[K [01;31m[Kinternal compiler error: [m[KSegmentation fault
 1076 |         using [01;31m[K_UniqCompatible[m[K = __enable_if_t<__and_<
      |               [01;31m[K^~~~~~~~~~~~~~~[m[K
DW_FORM_strp out of range in .debug_info at 17
Please submit a full bug report,
with preprocessed source if appropriate.
See <file:///usr/share/doc/gcc-11/README.Bugs> for instructions.
gmake[2]: *** [planning_scene_rviz_plugin/CMakeFiles/moveit_planning_scene_rviz_plugin_core.dir/build.make:90: planning_scene_rviz_plugin/CMakeFiles/moveit_planning_scene_rviz_plugin_core.dir/src/planning_scene_display.cpp.o] Error 1
gmake[2]: *** Waiting for unfinished jobs....
In file included from [01m[K/usr/include/c++/11/bits/specfun.h:52[m[K,
                 from [01m[K/usr/include/c++/11/cmath:1935[m[K,
                 from [01m[K/home/jake/ros2_iron/install/rviz_ogre_vendor/opt/rviz_ogre_vendor/include/OGRE/OgreStdHeaders.h:10[m[K,
                 from [01m[K/home/jake/ros2_iron/install/rviz_ogre_vendor/opt/rviz_ogre_vendor/include/OGRE/OgrePrerequisites.h:318[m[K,
                 from [01m[K/home/jake/ros2_iron/install/rviz_ogre_vendor/opt/rviz_ogre_vendor/include/OGRE/OgreVector.h:37[m[K,
                 from [01m[K/home/jake/ros2_iron/src/ros2/rviz/rviz_default_plugins/include/rviz_default_plugins/robot/robot.hpp:37[m[K,
                 from [01m[K/home/jake/moveit2_ws_main/build/moveit_ros_visualization/planning_scene_rviz_plugin/moveit_planning_scene_rviz_plugin_core_autogen/6A5LAUBN64/../../../../../src/moveit2/moveit_ros/visualization/planning_scene_rviz_plugin/include/moveit/planning_scene_rviz_plugin/planning_scene_display.h:40[m[K,
                 from [01m[K/home/jake/moveit2_ws_main/build/moveit_ros_visualization/planning_scene_rviz_plugin/moveit_planning_scene_rviz_plugin_core_autogen/6A5LAUBN64/moc_planning_scene_display.cpp:10[m[K,
                 from [01m[K/home/jake/moveit2_ws_main/build/moveit_ros_visualization/planning_scene_rviz_plugin/moveit_planning_scene_rviz_plugin_core_autogen/mocs_compilation.cpp:2[m[K:
/usr/include/c++/11/tr1/ell_integral.tcc: In instantiation of â€˜[01m[K_Tp std::__detail::__ellint_rj(_Tp, _Tp, _Tp, _Tp) [with _Tp = long double][m[Kâ€™:
[01m[K/usr/include/c++/11/tr1/ell_integral.tcc:678:29:[m[K   required from â€˜[01m[K_Tp std::__detail::__comp_ellint_3(_Tp, _Tp) [with _Tp = long double][m[Kâ€™
[01m[K/usr/include/c++/11/bits/specfun.h:464:50:[m[K   required from here
[01m[K/usr/include/c++/11/tr1/ell_integral.tcc:563:5:[m[K [01;31m[Kinternal compiler error: [m[KSegmentation fault
  563 |     [01;31m[K__ellint_rj[m[K(_Tp __x, _Tp __y, _Tp __z, _Tp __p)
      |     [01;31m[K^~~~~~~~~~~[m[K
DW_FORM_strp out of range in .debug_info at 17
Please submit a full bug report,
with preprocessed source if appropriate.
See <file:///usr/share/doc/gcc-11/README.Bugs> for instructions.
gmake[2]: *** [planning_scene_rviz_plugin/CMakeFiles/moveit_planning_scene_rviz_plugin_core.dir/build.make:76: planning_scene_rviz_plugin/CMakeFiles/moveit_planning_scene_rviz_plugin_core.dir/moveit_planning_scene_rviz_plugin_core_autogen/mocs_compilation.cpp.o] Error 1
gmake[1]: *** [CMakeFiles/Makefile2:401: planning_scene_rviz_plugin/CMakeFiles/moveit_planning_scene_rviz_plugin_core.dir/all] Error 2
gmake[1]: *** Waiting for unfinished jobs....
In file included from [01m[K/usr/include/c++/11/functional:54[m[K,
                 from [01m[K/usr/include/c++/11/pstl/glue_algorithm_defs.h:13[m[K,
                 from [01m[K/usr/include/c++/11/algorithm:74[m[K,
                 from [01m[K/usr/include/x86_64-linux-gnu/qt5/QtCore/qglobal.h:142[m[K,
                 from [01m[K/usr/include/x86_64-linux-gnu/qt5/QtGui/qtguiglobal.h:43[m[K,
                 from [01m[K/usr/include/x86_64-linux-gnu/qt5/QtGui/qicon.h:43[m[K,
                 from [01m[K/usr/include/x86_64-linux-gnu/qt5/QtGui/QIcon:1[m[K,
                 from [01m[K/home/jake/ros2_iron/src/ros2/rviz/rviz_common/include/rviz_common/display.hpp:36[m[K,
                 from [01m[K/home/jake/moveit2_ws_main/src/moveit2/moveit_ros/visualization/robot_state_rviz_plugin/include/moveit/robot_state_rviz_plugin/robot_state_display.h:39[m[K,
                 from [01m[K/home/jake/moveit2_ws_main/src/moveit2/moveit_ros/visualization/robot_state_rviz_plugin/src/robot_state_display.cpp:37[m[K:
/usr/include/c++/11/tuple: In instantiation of â€˜[01m[Kconstexpr std::tuple<_T1, _T2>::tuple() [with bool _Dummy = true; typename std::enable_if<std::_TupleConstraints<_Dummy, _T1, _T2>::__is_implicitly_default_constructible(), bool>::type <anonymous> = true; _T1 = rclcpp::experimental::buffers::IntraProcessBuffer<moveit_msgs::msg::DisplayRobotState_<std::allocator<void> >, std::allocator<moveit_msgs::msg::DisplayRobotState_<std::allocator<void> > >, std::default_delete<moveit_msgs::msg::DisplayRobotState_<std::allocator<void> > > >*; _T2 = std::default_delete<rclcpp::experimental::buffers::IntraProcessBuffer<moveit_msgs::msg::DisplayRobotState_<std::allocator<void> >, std::allocator<moveit_msgs::msg::DisplayRobotState_<std::allocator<void> > >, std::default_delete<moveit_msgs::msg::DisplayRobotState_<std::allocator<void> > > > >][m[Kâ€™:
[01m[K/usr/include/c++/11/tuple:1049:9:[m[K [01;31m[Kinternal compiler error: [m[KSegmentation fault
 1049 |         [01;31m[Ktuple[m[K()
      |         [01;31m[K^~~~~[m[K
DW_FORM_strp out of range in .debug_info at 17
Please submit a full bug report,
with preprocessed source if appropriate.
See <file:///usr/share/doc/gcc-11/README.Bugs> for instructions.
gmake[2]: *** [robot_state_rviz_plugin/CMakeFiles/moveit_robot_state_rviz_plugin_core.dir/build.make:90: robot_state_rviz_plugin/CMakeFiles/moveit_robot_state_rviz_plugin_core.dir/src/robot_state_display.cpp.o] Error 1
gmake[1]: *** [CMakeFiles/Makefile2:294: robot_state_rviz_plugin/CMakeFiles/moveit_robot_state_rviz_plugin_core.dir/all] Error 2
gmake: *** [Makefile:146: all] Error 2
