In file included from [01m[K/usr/include/c++/11/bits/move.h:57[m[K,
                 from [01m[K/usr/include/c++/11/bits/stl_pair.h:59[m[K,
                 from [01m[K/usr/include/c++/11/bits/stl_algobase.h:64[m[K,
                 from [01m[K/usr/include/c++/11/memory:63[m[K,
                 from [01m[K/home/jake/moveit2_ws_main/build/moveit_setup_framework/include/moveit_setup_framework/qt/moc_setup_step_widget.cpp:9[m[K:
/usr/include/c++/11/type_traits: In substitution of â€˜[01m[Ktemplate<bool _Cond, class _Tp> using __enable_if_t = typename std::enable_if::type [with bool _Cond = std::__and_<std::__and_<std::is_convertible<typename std::unique_ptr<_Tp, _Dp>::pointer, Ogre::ManualObject*>, std::__not_<std::is_array<_Tp> > >, typename std::conditional<false, std::is_same<_Ep, std::default_delete<Ogre::ManualObject> >, std::is_convertible<_Ep, std::default_delete<Ogre::ManualObject> > >::type>::value; _Tp = void][m[Kâ€™:
[01m[K/usr/include/c++/11/type_traits:2209:11:[m[K   required by substitution of â€˜[01m[Ktemplate<class ... _Cond> using _Require = std::__enable_if_t<std::__and_< <template-parameter-1-1> >::value> [with _Cond = {std::__and_<std::is_convertible<typename std::unique_ptr<_Tp, _Dp>::pointer, Ogre::ManualObject*>, std::__not_<std::is_array<_Tp> > >, typename std::conditional<false, std::is_same<_Ep, std::default_delete<Ogre::ManualObject> >, std::is_convertible<_Ep, std::default_delete<Ogre::ManualObject> > >::type}][m[Kâ€™
[01m[K/usr/include/c++/11/bits/unique_ptr.h:340:2:[m[K   required from â€˜[01m[Kclass std::unique_ptr<Ogre::ManualObject>[m[Kâ€™
[01m[K/home/jake/ros2_iron/install/rviz_ogre_vendor/opt/rviz_ogre_vendor/include/OGRE/OgreSceneManager.h:504:43:[m[K   required from here
[01m[K/usr/include/c++/11/type_traits:2205:11:[m[K [01;31m[Kinternal compiler error: [m[KSegmentation fault
 2205 |     using [01;31m[K__enable_if_t[m[K = typename enable_if<_Cond, _Tp>::type;
      |           [01;31m[K^~~~~~~~~~~~~[m[K
DW_FORM_strp out of range in .debug_info at 17
Please submit a full bug report,
with preprocessed source if appropriate.
See <file:///usr/share/doc/gcc-11/README.Bugs> for instructions.
gmake[2]: *** [CMakeFiles/moveit_setup_framework.dir/build.make:246: CMakeFiles/moveit_setup_framework.dir/include/moveit_setup_framework/qt/moc_setup_step_widget.cpp.o] Error 1
gmake[2]: *** Waiting for unfinished jobs....
In file included from [01m[K/home/jake/ros2_iron/build/sensor_msgs/rosidl_generator_cpp/sensor_msgs/msg/point_cloud2.hpp:9[m[K,
                 from [01m[K/home/jake/ros2_iron/src/ros2/rviz/rviz_default_plugins/include/rviz_default_plugins/displays/pointcloud/point_cloud_helpers.hpp:37[m[K,
                 from [01m[K/home/jake/moveit2_ws_main/install/moveit_ros_visualization/include/moveit_ros_visualization/moveit/rviz_plugin_render_tools/octomap_render.h:43[m[K,
                 from [01m[K/home/jake/moveit2_ws_main/install/moveit_ros_visualization/include/moveit_ros_visualization/moveit/rviz_plugin_render_tools/robot_state_visualization.h:41[m[K,
                 from [01m[K/home/jake/moveit2_ws_main/install/moveit_ros_visualization/include/moveit_ros_visualization/moveit/robot_state_rviz_plugin/robot_state_display.h:43[m[K,
                 from [01m[K/home/jake/moveit2_ws_main/build/moveit_setup_framework/include/moveit_setup_framework/qt/../../../../../src/moveit2/moveit_setup_assistant/moveit_setup_framework/include/moveit_setup_framework/qt/rviz_panel.hpp:45[m[K,
                 from [01m[K/home/jake/moveit2_ws_main/build/moveit_setup_framework/include/moveit_setup_framework/qt/moc_rviz_panel.cpp:10[m[K:
[01m[K/home/jake/ros2_iron/build/sensor_msgs/rosidl_generator_cpp/sensor_msgs/msg/detail/point_cloud2__traits.hpp:231:1:[m[K [01;31m[Kinternal compiler error: [m[KSegmentation fault
  231 | [01;31m[K}[m[K  // NOLINT(readability/fn_size)
      | [01;31m[K^[m[K
DW_FORM_strp out of range in .debug_info at 17
Please submit a full bug report,
with preprocessed source if appropriate.
See <file:///usr/share/doc/gcc-11/README.Bugs> for instructions.
gmake[2]: *** [CMakeFiles/moveit_setup_framework.dir/build.make:260: CMakeFiles/moveit_setup_framework.dir/include/moveit_setup_framework/qt/moc_rviz_panel.cpp.o] Error 1
In file included from [01m[K/usr/include/eigen3/Eigen/Core:332[m[K,
                 from [01m[K/usr/include/eigen3/Eigen/Geometry:11[m[K,
                 from [01m[K/home/jake/moveit2_ws_main/install/moveit_core/include/moveit_core/moveit/robot_model/joint_model.h:46[m[K,
                 from [01m[K/home/jake/moveit2_ws_main/install/moveit_core/include/moveit_core/moveit/robot_model/joint_model_group.h:40[m[K,
                 from [01m[K/home/jake/moveit2_ws_main/install/moveit_core/include/moveit_core/moveit/robot_model/robot_model.h:45[m[K,
                 from [01m[K/home/jake/moveit2_ws_main/install/moveit_core/include/moveit_core/moveit/robot_state/robot_state.h:40[m[K,
                 from [01m[K/home/jake/moveit2_ws_main/install/moveit_ros_visualization/include/moveit_ros_visualization/moveit/rviz_plugin_render_tools/robot_state_visualization.h:40[m[K,
                 from [01m[K/home/jake/moveit2_ws_main/install/moveit_ros_visualization/include/moveit_ros_visualization/moveit/robot_state_rviz_plugin/robot_state_display.h:43[m[K,
                 from [01m[K/home/jake/moveit2_ws_main/src/moveit2/moveit_setup_assistant/moveit_setup_framework/include/moveit_setup_framework/qt/rviz_panel.hpp:45[m[K,
                 from [01m[K/home/jake/moveit2_ws_main/src/moveit2/moveit_setup_assistant/moveit_setup_framework/src/rviz_panel.cpp:36[m[K:
/usr/include/eigen3/Eigen/src/Core/ProductEvaluators.h: In instantiation of â€˜[01m[Kconst CoeffReturnType Eigen::internal::product_evaluator<Eigen::Product<Lhs, Rhs, 1>, ProductTag, Eigen::DenseShape, Eigen::DenseShape>::coeff(Eigen::Index, Eigen::Index) const [with Lhs = Eigen::Block<const Eigen::Matrix<double, 4, 4>, 3, 3, false>; Rhs = Eigen::Matrix<double, 3, 3>; int ProductTag = 3; typename Eigen::internal::traits<typename Eigen::Product<Lhs, Rhs, 1>::Rhs>::Scalar = double; typename Eigen::Product<Lhs, Rhs, 1>::Rhs = Eigen::Matrix<double, 3, 3>; typename Eigen::internal::traits<typename Eigen::Product<Lhs, Rhs, 1>::Lhs>::Scalar = double; typename Eigen::Product<Lhs, Rhs, 1>::Lhs = Eigen::Block<const Eigen::Matrix<double, 4, 4>, 3, 3, false>; Eigen::internal::product_evaluator<Eigen::Product<Lhs, Rhs, 1>, ProductTag, Eigen::DenseShape, Eigen::DenseShape>::CoeffReturnType = double; Eigen::Index = long int][m[Kâ€™:
[01m[K/usr/include/eigen3/Eigen/src/Core/AssignEvaluator.h:654:63:[m[K   required from â€˜[01m[Kvoid Eigen::internal::generic_dense_assignment_kernel<DstEvaluatorTypeT, SrcEvaluatorTypeT, Functor, Version>::assignCoeff(Eigen::Index, Eigen::Index) [with DstEvaluatorTypeT = Eigen::internal::evaluator<Eigen::Matrix<double, 3, 3> >; SrcEvaluatorTypeT = Eigen::internal::evaluator<Eigen::Product<Eigen::Block<const Eigen::Matrix<double, 4, 4>, 3, 3, false>, Eigen::Matrix<double, 3, 3>, 1> >; Functor = Eigen::internal::assign_op<double, double>; int Version = 0; Eigen::Index = long int][m[Kâ€™
[01m[K/usr/include/eigen3/Eigen/src/Core/AssignEvaluator.h:668:16:[m[K   required from â€˜[01m[Kvoid Eigen::internal::generic_dense_assignment_kernel<DstEvaluatorTypeT, SrcEvaluatorTypeT, Functor, Version>::assignCoeffByOuterInner(Eigen::Index, Eigen::Index) [with DstEvaluatorTypeT = Eigen::internal::evaluator<Eigen::Matrix<double, 3, 3> >; SrcEvaluatorTypeT = Eigen::internal::evaluator<Eigen::Product<Eigen::Block<const Eigen::Matrix<double, 4, 4>, 3, 3, false>, Eigen::Matrix<double, 3, 3>, 1> >; Functor = Eigen::internal::assign_op<double, double>; int Version = 0; Eigen::Index = long int][m[Kâ€™
[01m[K/usr/include/eigen3/Eigen/src/Core/AssignEvaluator.h:227:35:[m[K   required from â€˜[01m[Kstatic void Eigen::internal::copy_using_evaluator_DefaultTraversal_InnerUnrolling<Kernel, Index_, Stop>::run(Kernel&, Eigen::Index) [with Kernel = Eigen::internal::generic_dense_assignment_kernel<Eigen::internal::evaluator<Eigen::Matrix<double, 3, 3> >, Eigen::internal::evaluator<Eigen::Product<Eigen::Block<const Eigen::Matrix<double, 4, 4>, 3, 3, false>, Eigen::Matrix<double, 3, 3>, 1> >, Eigen::internal::assign_op<double, double>, 0>; int Index_ = 2; int Stop = 3; Eigen::Index = long int][m[Kâ€™
[01m[K/usr/include/eigen3/Eigen/src/Core/AssignEvaluator.h:600:101:[m[K   required from â€˜[01m[Kstatic void Eigen::internal::dense_assignment_loop<Kernel, 4, 1>::run(Kernel&) [with Kernel = Eigen::internal::generic_dense_assignment_kernel<Eigen::internal::evaluator<Eigen::Matrix<double, 3, 3> >, Eigen::internal::evaluator<Eigen::Product<Eigen::Block<const Eigen::Matrix<double, 4, 4>, 3, 3, false>, Eigen::Matrix<double, 3, 3>, 1> >, Eigen::internal::assign_op<double, double>, 0>][m[Kâ€™
[01m[K/usr/include/eigen3/Eigen/src/Core/AssignEvaluator.h:785:37:[m[K   required from â€˜[01m[Kvoid Eigen::internal::call_dense_assignment_loop(DstXprType&, const SrcXprType&, const Functor&) [with DstXprType = Eigen::Matrix<double, 3, 3>; SrcXprType = Eigen::Product<Eigen::Block<const Eigen::Matrix<double, 4, 4>, 3, 3, false>, Eigen::Matrix<double, 3, 3>, 1>; Functor = Eigen::internal::assign_op<double, double>][m[Kâ€™
[01m[K/usr/include/eigen3/Eigen/src/Core/AssignEvaluator.h:954:31:[m[K   [ skipping 4 instantiation contexts, use -ftemplate-backtrace-limit=0 to disable ]
[01m[K/usr/include/eigen3/Eigen/src/Core/AssignEvaluator.h:890:49:[m[K   required from â€˜[01m[Kvoid Eigen::internal::call_assignment_no_alias(Dst&, const Src&, const Func&) [with Dst = Eigen::Matrix<double, 3, 3>; Src = Eigen::Product<Eigen::Block<const Eigen::Matrix<double, 4, 4>, 3, 3, false>, Eigen::Matrix<double, 3, 3>, 0>; Func = Eigen::internal::assign_op<double, double>][m[Kâ€™
[01m[K/usr/include/eigen3/Eigen/src/Core/PlainObjectBase.h:797:41:[m[K   required from â€˜[01m[KDerived& Eigen::PlainObjectBase<Derived>::_set_noalias(const Eigen::DenseBase<OtherDerived>&) [with OtherDerived = Eigen::Product<Eigen::Block<const Eigen::Matrix<double, 4, 4>, 3, 3, false>, Eigen::Matrix<double, 3, 3>, 0>; Derived = Eigen::Matrix<double, 3, 3>][m[Kâ€™
[01m[K/usr/include/eigen3/Eigen/src/Core/PlainObjectBase.h:594:19:[m[K   required from â€˜[01m[KEigen::PlainObjectBase<Derived>::PlainObjectBase(const Eigen::DenseBase<OtherDerived>&) [with OtherDerived = Eigen::Product<Eigen::Block<const Eigen::Matrix<double, 4, 4>, 3, 3, false>, Eigen::Matrix<double, 3, 3>, 0>; Derived = Eigen::Matrix<double, 3, 3>][m[Kâ€™
[01m[K/usr/include/eigen3/Eigen/src/Core/Matrix.h:423:29:[m[K   required from â€˜[01m[KEigen::Matrix<_Scalar, _Rows, _Cols, _Options, _MaxRows, _MaxCols>::Matrix(const Eigen::EigenBase<OtherDerived>&) [with OtherDerived = Eigen::Product<Eigen::Block<const Eigen::Matrix<double, 4, 4>, 3, 3, false>, Eigen::Matrix<double, 3, 3>, 0>; _Scalar = double; int _Rows = 3; int _Cols = 3; int _Options = 0; int _MaxRows = 3; int _MaxCols = 3][m[Kâ€™
[01m[K/usr/include/eigen3/Eigen/src/Geometry/RotationBase.h:77:47:[m[K   required from â€˜[01m[KEigen::RotationBase<Derived, _Dim>::RotationMatrixType Eigen::operator*(const Eigen::EigenBase<OtherDerived>&, const Derived&) [with OtherDerived = Eigen::Block<const Eigen::Matrix<double, 4, 4>, 3, 3, false>; Derived = Eigen::Quaternion<double>; int _Dim = 3; Eigen::RotationBase<Derived, _Dim>::RotationMatrixType = Eigen::Matrix<double, 3, 3>][m[Kâ€™
[01m[K/home/jake/moveit2_ws_main/install/moveit_core/include/moveit_core/moveit/transforms/transforms.h:163:49:[m[K   required from here
[01m[K/usr/include/eigen3/Eigen/src/Core/ProductEvaluators.h:607:3:[m[K [01;31m[Kinternal compiler error: [m[KSegmentation fault
  607 |   [01;31m[K}[m[K
      |   [01;31m[K^[m[K
DW_FORM_strp out of range in .debug_info at 17
Please submit a full bug report,
with preprocessed source if appropriate.
See <file:///usr/share/doc/gcc-11/README.Bugs> for instructions.
gmake[2]: *** [CMakeFiles/moveit_setup_framework.dir/build.make:162: CMakeFiles/moveit_setup_framework.dir/src/rviz_panel.cpp.o] Error 1
gmake[1]: *** [CMakeFiles/Makefile2:137: CMakeFiles/moveit_setup_framework.dir/all] Error 2
gmake: *** [Makefile:146: all] Error 2
