[0.196s] Invoking command in '/home/jake/moveit2_ws_main/build/moveit_setup_framework': AMENT_PREFIX_PATH=/home/jake/moveit2_ws_main/install/moveit_ros_visualization:/home/jake/moveit2_ws_main/install/moveit_ros_planning_interface:/home/jake/moveit2_ws_main/install/moveit_ros_move_group:/home/jake/moveit2_ws_main/install/moveit_ros_warehouse:/home/jake/moveit2_ws_main/install/moveit_ros_robot_interaction:/home/jake/moveit2_ws_main/install/moveit_kinematics:/home/jake/moveit2_ws_main/install/moveit_ros_planning:/home/jake/moveit2_ws_main/install/moveit_simple_controller_manager:/home/jake/moveit2_ws_main/install/moveit_ros_occupancy_map_monitor:/home/jake/moveit2_ws_main/install/moveit_core:/home/jake/moveit2_ws_main/install/moveit_resources_panda_moveit_config:/home/jake/moveit2_ws_main/install/moveit_resources_fanuc_moveit_config:/home/jake/moveit2_ws_main/install/generate_parameter_library:/home/jake/moveit2_ws_main/install/parameter_traits:/home/jake/moveit2_ws_main/install/moveit_resources_pr2_description:/home/jake/moveit2_ws_main/install/moveit_resources_panda_description:/home/jake/moveit2_ws_main/install/moveit_resources_fanuc_description:/home/jake/moveit2_ws_main/install/moveit_msgs:/home/jake/moveit2_ws_main/install/moveit_configs_utils:/home/jake/moveit2_ws_main/install/moveit_common:/home/jake/moveit2_ws_main/install/geometric_shapes:/home/jake/moveit2_ws_main/install/generate_parameter_library_py:${AMENT_PREFIX_PATH} CMAKE_PREFIX_PATH=/home/jake/moveit2_ws_main/install/moveit_ros_visualization:/home/jake/moveit2_ws_main/install/moveit_ros_planning_interface:/home/jake/moveit2_ws_main/install/moveit_ros_move_group:/home/jake/moveit2_ws_main/install/moveit_ros_warehouse:/home/jake/moveit2_ws_main/install/moveit_ros_robot_interaction:/home/jake/moveit2_ws_main/install/moveit_kinematics:/home/jake/moveit2_ws_main/install/moveit_ros_planning:/home/jake/moveit2_ws_main/install/moveit_simple_controller_manager:/home/jake/moveit2_ws_main/install/moveit_ros_occupancy_map_monitor:/home/jake/moveit2_ws_main/install/moveit_core:/home/jake/moveit2_ws_main/install/moveit_resources_panda_moveit_config:/home/jake/moveit2_ws_main/install/moveit_resources_fanuc_moveit_config:/home/jake/moveit2_ws_main/install/generate_parameter_library:/home/jake/moveit2_ws_main/install/parameter_traits:/home/jake/moveit2_ws_main/install/moveit_resources_pr2_description:/home/jake/moveit2_ws_main/install/moveit_resources_panda_description:/home/jake/moveit2_ws_main/install/moveit_resources_fanuc_description:/home/jake/moveit2_ws_main/install/moveit_msgs:/home/jake/moveit2_ws_main/install/moveit_common:/home/jake/moveit2_ws_main/install/geometric_shapes:/home/jake/ros2_iron/install/rosbag2:/home/jake/ros2_iron/install/rosbag2_storage_default_plugins:/home/jake/ros2_iron/install/rosbag2_storage_mcap:/home/jake/ros2_iron/install/rosbag2_compression_zstd:/home/jake/ros2_iron/install/mcap_vendor:/home/jake/ros2_iron/install/zstd_vendor:/home/jake/ros2_iron/install/rviz_visual_testing_framework:/home/jake/ros2_iron/install/rviz2:/home/jake/ros2_iron/install/rviz_default_plugins:/home/jake/ros2_iron/install/rviz_common:/home/jake/ros2_iron/install/rosbag2_py:/home/jake/ros2_iron/install/rosbag2_transport:/home/jake/ros2_iron/install/rosbag2_storage_sqlite3:/home/jake/ros2_iron/install/rosbag2_examples_cpp:/home/jake/ros2_iron/install/rosbag2_compression:/home/jake/ros2_iron/install/rosbag2_cpp:/home/jake/ros2_iron/install/rosbag2_storage:/home/jake/ros2_iron/install/image_common:/home/jake/ros2_iron/install/camera_info_manager:/home/jake/ros2_iron/install/camera_calibration_parsers:/home/jake/ros2_iron/install/yaml_cpp_vendor:/home/jake/ros2_iron/install/interactive_markers:/home/jake/ros2_iron/install/common_interfaces:/home/jake/ros2_iron/install/visualization_msgs:/home/jake/ros2_iron/install/dummy_robot_bringup:/home/jake/ros2_iron/install/robot_state_publisher:/home/jake/ros2_iron/install/kdl_parser:/home/jake/ros2_iron/install/urdf:/home/jake/ros2_iron/install/urdfdom:/home/jake/ros2_iron/install/urdf_parser_plugin:/home/jake/ros2_iron/install/urdfdom_headers:/home/jake/ros2_iron/install/turtlesim:/home/jake/ros2_iron/install/trajectory_msgs:/home/jake/ros2_iron/install/topic_statistics_demo:/home/jake/ros2_iron/install/pendulum_control:/home/jake/ros2_iron/install/tlsf_cpp:/home/jake/ros2_iron/install/geometry2:/home/jake/ros2_iron/install/tf2_sensor_msgs:/home/jake/ros2_iron/install/test_tf2:/home/jake/ros2_iron/install/tf2_kdl:/home/jake/ros2_iron/install/tf2_geometry_msgs:/home/jake/ros2_iron/install/tf2_eigen:/home/jake/ros2_iron/install/tf2_bullet:/home/jake/ros2_iron/install/tf2_ros:/home/jake/ros2_iron/install/tf2_py:/home/jake/ros2_iron/install/tf2_msgs:/home/jake/ros2_iron/install/tf2_eigen_kdl:/home/jake/ros2_iron/install/laser_geometry:/home/jake/ros2_iron/install/tf2:/home/jake/ros2_iron/install/test_tracetools:/home/jake/ros2_iron/install/test_msgs:/home/jake/ros2_iron/install/test_communication:/home/jake/ros2_iron/install/stereo_msgs:/home/jake/ros2_iron/install/std_srvs:/home/jake/ros2_iron/install/shape_msgs:/home/jake/ros2_iron/install/quality_of_service_demo_cpp:/home/jake/ros2_iron/install/map_msgs:/home/jake/ros2_iron/install/intra_process_demo:/home/jake/ros2_iron/install/image_transport:/home/jake/ros2_iron/install/image_tools:/home/jake/ros2_iron/install/dummy_sensors:/home/jake/ros2_iron/install/sensor_msgs:/home/jake/ros2_iron/install/ros2cli_common_extensions:/home/jake/ros2_iron/install/dummy_map_server:/home/jake/ros2_iron/install/nav_msgs:/home/jake/ros2_iron/install/logging_demo:/home/jake/ros2_iron/install/lifecycle:/home/jake/ros2_iron/install/diagnostic_msgs:/home/jake/ros2_iron/install/geometry_msgs:/home/jake/ros2_iron/install/examples_rclcpp_wait_set:/home/jake/ros2_iron/install/examples_rclcpp_multithreaded_executor:/home/jake/ros2_iron/install/examples_rclcpp_minimal_subscriber:/home/jake/ros2_iron/install/examples_rclcpp_minimal_publisher:/home/jake/ros2_iron/install/examples_rclcpp_minimal_composition:/home/jake/ros2_iron/install/examples_rclcpp_cbg_executor:/home/jake/ros2_iron/install/demo_nodes_cpp_native:/home/jake/ros2_iron/install/demo_nodes_cpp:/home/jake/ros2_iron/install/composition:/home/jake/ros2_iron/install/actionlib_msgs:/home/jake/ros2_iron/install/std_msgs:/home/jake/ros2_iron/install/rqt_gui_cpp:/home/jake/ros2_iron/install/rosbag2_test_common:/home/jake/ros2_iron/install/ros2lifecycle_test_fixtures:/home/jake/ros2_iron/install/rclcpp_lifecycle:/home/jake/ros2_iron/install/action_tutorials_cpp:/home/jake/ros2_iron/install/rclcpp_components:/home/jake/ros2_iron/install/examples_rclcpp_minimal_action_server:/home/jake/ros2_iron/install/examples_rclcpp_minimal_action_client:/home/jake/ros2_iron/install/rclcpp_action:/home/jake/ros2_iron/install/message_filters:/home/jake/ros2_iron/install/examples_rclcpp_minimal_timer:/home/jake/ros2_iron/install/examples_rclcpp_minimal_service:/home/jake/ros2_iron/install/examples_rclcpp_minimal_client:/home/jake/ros2_iron/install/examples_rclcpp_async_client:/home/jake/ros2_iron/install/rclcpp:/home/jake/ros2_iron/install/libstatistics_collector:/home/jake/ros2_iron/install/statistics_msgs:/home/jake/ros2_iron/install/sros2_cmake:/home/jake/ros2_iron/install/rqt_py_common:/home/jake/ros2_iron/install/ros_testing:/home/jake/ros2_iron/install/rclpy:/home/jake/ros2_iron/install/rosgraph_msgs:/home/jake/ros2_iron/install/rosbag2_interfaces:/home/jake/ros2_iron/install/ros2cli_test_interfaces:/home/jake/ros2_iron/install/rcl_lifecycle:/home/jake/ros2_iron/install/rcl_action:/home/jake/ros2_iron/install/rcl:/home/jake/ros2_iron/install/rmw_implementation:/home/jake/ros2_iron/install/rmw_fastrtps_dynamic_cpp:/home/jake/ros2_iron/install/rmw_fastrtps_cpp:/home/jake/ros2_iron/install/rmw_fastrtps_shared_cpp:/home/jake/ros2_iron/install/rmw_cyclonedds_cpp:/home/jake/ros2_iron/install/rmw_connextddsmicro:/home/jake/ros2_iron/install/rmw_connextdds:/home/jake/ros2_iron/install/rmw_connextdds_common:/home/jake/ros2_iron/install/rmw_dds_common:/home/jake/ros2_iron/install/composition_interfaces:/home/jake/ros2_iron/install/rcl_interfaces:/home/jake/ros2_iron/install/pendulum_msgs:/home/jake/ros2_iron/install/lifecycle_msgs:/home/jake/ros2_iron/install/example_interfaces:/home/jake/ros2_iron/install/action_tutorials_interfaces:/home/jake/ros2_iron/install/rosidl_default_runtime:/home/jake/ros2_iron/install/rosidl_default_generators:/home/jake/ros2_iron/install/action_msgs:/home/jake/ros2_iron/install/unique_identifier_msgs:/home/jake/ros2_iron/install/ament_lint_common:/home/jake/ros2_iron/install/ament_cmake_uncrustify:/home/jake/ros2_iron/install/uncrustify_vendor:/home/jake/ros2_iron/install/type_description_interfaces:/home/jake/ros2_iron/install/tracetools:/home/jake/ros2_iron/install/tlsf:/home/jake/ros2_iron/install/tinyxml_vendor:/home/jake/ros2_iron/install/qt_gui_core:/home/jake/ros2_iron/install/qt_gui_cpp:/home/jake/ros2_iron/install/pluginlib:/home/jake/ros2_iron/install/tinyxml2_vendor:/home/jake/ros2_iron/install/test_security:/home/jake/ros2_iron/install/test_rmw_implementation:/home/jake/ros2_iron/install/test_rclcpp:/home/jake/ros2_iron/install/test_quality_of_service:/home/jake/ros2_iron/install/test_launch_testing:/home/jake/ros2_iron/install/test_interface_files:/home/jake/ros2_iron/install/test_cli_remapping:/home/jake/ros2_iron/install/test_cli:/home/jake/ros2_iron/install/qt_gui_app:/home/jake/ros2_iron/install/qt_gui:/home/jake/ros2_iron/install/tango_icons_vendor:/home/jake/ros2_iron/install/sqlite3_vendor:/home/jake/ros2_iron/install/rcl_logging_spdlog:/home/jake/ros2_iron/install/spdlog_vendor:/home/jake/ros2_iron/install/shared_queues_vendor:/home/jake/ros2_iron/install/service_msgs:/home/jake/ros2_iron/install/rviz_rendering_tests:/home/jake/ros2_iron/install/rviz_rendering:/home/jake/ros2_iron/install/rviz_ogre_vendor:/home/jake/ros2_iron/install/rviz_assimp_vendor:/home/jake/ros2_iron/install/rttest:/home/jake/ros2_iron/install/rti_connext_dds_cmake_module:/home/jake/ros2_iron/install/builtin_interfaces:/home/jake/ros2_iron/install/rosidl_core_runtime:/home/jake/ros2_iron/install/rosidl_core_generators:/home/jake/ros2_iron/install/rosidl_generator_py:/home/jake/ros2_iron/install/rosidl_typesupport_tests:/home/jake/ros2_iron/install/rosidl_typesupport_introspection_tests:/home/jake/ros2_iron/install/rosidl_typesupport_cpp:/home/jake/ros2_iron/install/rosidl_typesupport_introspection_cpp:/home/jake/ros2_iron/install/rosidl_typesupport_c:/home/jake/ros2_iron/install/rosidl_typesupport_introspection_c:/home/jake/ros2_iron/install/rosidl_typesupport_fastrtps_c:/home/jake/ros2_iron/install/rosidl_typesupport_fastrtps_cpp:/home/jake/ros2_iron/install/rosidl_generator_cpp:/home/jake/ros2_iron/install/rosidl_runtime_cpp:/home/jake/ros2_iron/install/rosidl_dynamic_typesupport_fastrtps:/home/jake/ros2_iron/install/rcl_yaml_param_parser:/home/jake/ros2_iron/install/rmw:/home/jake/ros2_iron/install/rosidl_dynamic_typesupport:/home/jake/ros2_iron/install/rosidl_runtime_c:/home/jake/ros2_iron/install/rosidl_generator_c:/home/jake/ros2_iron/install/rosidl_typesupport_interface:/home/jake/ros2_iron/install/rosidl_generator_dds_idl:/home/jake/ros2_iron/install/rosidl_cmake:/home/jake/ros2_iron/install/rosidl_generator_type_description:/home/jake/ros2_iron/install/rosidl_parser:/home/jake/ros2_iron/install/rosidl_generator_tests:/home/jake/ros2_iron/install/rosidl_adapter:/home/jake/ros2_iron/install/rosbag2_tests:/home/jake/ros2_iron/install/rosbag2_test_msgdefs:/home/jake/ros2_iron/install/ros_environment:/home/jake/ros2_iron/install/rmw_implementation_cmake:/home/jake/ros2_iron/install/resource_retriever:/home/jake/ros2_iron/install/class_loader:/home/jake/ros2_iron/install/rcpputils:/home/jake/ros2_iron/install/rcl_logging_noop:/home/jake/ros2_iron/install/rcl_logging_interface:/home/jake/ros2_iron/install/rcutils:/home/jake/ros2_iron/install/qt_gui_py_common:/home/jake/ros2_iron/install/qt_dotgraph:/home/jake/ros2_iron/install/python_qt_binding:/home/jake/ros2_iron/install/python_orocos_kdl_vendor:/home/jake/ros2_iron/install/launch_testing_ament_cmake:/home/jake/ros2_iron/install/python_cmake_module:/home/jake/ros2_iron/install/pybind11_vendor:/home/jake/ros2_iron/install/performance_test_fixture:/home/jake/ros2_iron/install/osrf_testing_tools_cpp:/home/jake/ros2_iron/install/orocos_kdl_vendor:/home/jake/ros2_iron/install/mimick_vendor:/home/jake/ros2_iron/install/libyaml_vendor:/home/jake/ros2_iron/install/libcurl_vendor:/home/jake/ros2_iron/install/keyboard_handler:/home/jake/ros2_iron/install/iceoryx_introspection:/home/jake/ros2_iron/install/cyclonedds:/home/jake/ros2_iron/install/iceoryx_posh:/home/jake/ros2_iron/install/iceoryx_hoofs:/home/jake/ros2_iron/install/iceoryx_binding_c:/home/jake/ros2_iron/install/ament_cmake_ros:/home/jake/ros2_iron/install/ament_cmake_gmock:/home/jake/ros2_iron/install/gmock_vendor:/home/jake/ros2_iron/install/ament_cmake_auto:/home/jake/ros2_iron/install/ament_cmake_gtest:/home/jake/ros2_iron/install/gtest_vendor:/home/jake/ros2_iron/install/ament_cmake_google_benchmark:/home/jake/ros2_iron/install/google_benchmark_vendor:/home/jake/ros2_iron/install/fastrtps:/home/jake/ros2_iron/install/foonathan_memory_vendor:/home/jake/ros2_iron/install/fastrtps_cmake_module:/home/jake/ros2_iron/install/fastcdr:/home/jake/ros2_iron/install/eigen3_cmake_module:/home/jake/ros2_iron/install/console_bridge_vendor:/home/jake/ros2_iron/install/ament_cmake_xmllint:/home/jake/ros2_iron/install/ament_cmake_pyflakes:/home/jake/ros2_iron/install/ament_cmake_pycodestyle:/home/jake/ros2_iron/install/ament_cmake_pep257:/home/jake/ros2_iron/install/ament_cmake_pclint:/home/jake/ros2_iron/install/ament_lint_auto:/home/jake/ros2_iron/install/ament_cmake:/home/jake/ros2_iron/install/ament_cmake_version:/home/jake/ros2_iron/install/ament_cmake_vendor_package:/home/jake/ros2_iron/install/ament_cmake_pytest:/home/jake/ros2_iron/install/ament_cmake_mypy:/home/jake/ros2_iron/install/ament_cmake_lint_cmake:/home/jake/ros2_iron/install/ament_cmake_flake8:/home/jake/ros2_iron/install/ament_cmake_cpplint:/home/jake/ros2_iron/install/ament_cmake_cppcheck:/home/jake/ros2_iron/install/ament_cmake_copyright:/home/jake/ros2_iron/install/ament_cmake_clang_tidy:/home/jake/ros2_iron/install/ament_cmake_clang_format:/home/jake/ros2_iron/install/ament_cmake_test:/home/jake/ros2_iron/install/ament_cmake_target_dependencies:/home/jake/ros2_iron/install/ament_cmake_python:/home/jake/ros2_iron/install/ament_cmake_export_dependencies:/home/jake/ros2_iron/install/ament_cmake_libraries:/home/jake/ros2_iron/install/ament_cmake_include_directories:/home/jake/ros2_iron/install/ament_cmake_gen_version_h:/home/jake/ros2_iron/install/ament_cmake_export_targets:/home/jake/ros2_iron/install/ament_cmake_export_link_flags:/home/jake/ros2_iron/install/ament_cmake_export_interfaces:/home/jake/ros2_iron/install/ament_cmake_export_libraries:/home/jake/ros2_iron/install/ament_cmake_export_include_directories:/home/jake/ros2_iron/install/ament_cmake_export_definitions:/home/jake/ros2_iron/install/ament_cmake_core:/home/jake/ros2_iron/install/ament_index_cpp:/home/jake/ros2_iron/install/rqt_bag_plugins:/home/jake/ros2_iron/install/rqt_bag:/home/jake/ros2_iron/install/rosbag2_examples_py:/home/jake/ros2_iron/install/launch_testing_examples:/home/jake/ros2_iron/install/ros2bag:/home/jake/ros2_iron/install/tracetools_test:/home/jake/ros2_iron/install/tracetools_launch:/home/jake/ros2_iron/install/topic_monitor:/home/jake/ros2_iron/install/tf2_tools:/home/jake/ros2_iron/install/examples_tf2_py:/home/jake/ros2_iron/install/tf2_ros_py:/home/jake/ros2_iron/install/examples_rclpy_pointcloud_publisher:/home/jake/ros2_iron/install/sensor_msgs_py:/home/jake/ros2_iron/install/quality_of_service_demo_py:/home/jake/ros2_iron/install/rqt_plot:/home/jake/ros2_iron/install/ros2doctor:/home/jake/ros2_iron/install/lifecycle_py:/home/jake/ros2_iron/install/examples_rclpy_minimal_subscriber:/home/jake/ros2_iron/install/examples_rclpy_minimal_service:/home/jake/ros2_iron/install/examples_rclpy_minimal_publisher:/home/jake/ros2_iron/install/examples_rclpy_minimal_client:/home/jake/ros2_iron/install/examples_rclpy_executors:/home/jake/ros2_iron/install/demo_nodes_py:/home/jake/ros2_iron/install/rqt:/home/jake/ros2_iron/install/ros2component:/home/jake/ros2_iron/install/sros2:/home/jake/ros2_iron/install/rqt_topic:/home/jake/ros2_iron/install/rqt_srv:/home/jake/ros2_iron/install/rqt_shell:/home/jake/ros2_iron/install/rqt_service_caller:/home/jake/ros2_iron/install/rqt_reconfigure:/home/jake/ros2_iron/install/rqt_py_console:/home/jake/ros2_iron/install/rqt_publisher:/home/jake/ros2_iron/install/rqt_action:/home/jake/ros2_iron/install/rqt_msg:/home/jake/ros2_iron/install/rqt_console:/home/jake/ros2_iron/install/rqt_graph:/home/jake/ros2_iron/install/rqt_gui_py:/home/jake/ros2_iron/install/rqt_gui:/home/jake/ros2_iron/install/ros2trace:/home/jake/ros2_iron/install/ros2topic:/home/jake/ros2_iron/install/ros2test:/home/jake/ros2_iron/install/ros2param:/home/jake/ros2_iron/install/ros2lifecycle:/home/jake/ros2_iron/install/ros2service:/home/jake/ros2_iron/install/ros2run:/home/jake/ros2_iron/install/ros2launch:/home/jake/ros2_iron/install/ros2pkg:/home/jake/ros2_iron/install/ros2node:/home/jake/ros2_iron/install/ros2multicast:/home/jake/ros2_iron/install/ros2interface:/home/jake/ros2_iron/install/ros2action:/home/jake/ros2_iron/install/ros2cli:/home/jake/ros2_iron/install/launch_testing_ros:/home/jake/ros2_iron/install/launch_ros:/home/jake/ros2_iron/install/examples_rclpy_minimal_action_server:/home/jake/ros2_iron/install/examples_rclpy_minimal_action_client:/home/jake/ros2_iron/install/examples_rclpy_guard_conditions:/home/jake/ros2_iron/install/action_tutorials_py:/home/jake/ros2_iron/install/ament_uncrustify:/home/jake/ros2_iron/install/tracetools_trace:/home/jake/ros2_iron/install/tracetools_read:/home/jake/ros2_iron/install/test_tracetools_launch:/home/jake/ros2_iron/install/test_ros2trace:/home/jake/ros2_iron/install/test_launch_ros:/home/jake/ros2_iron/install/rpyutils:/home/jake/ros2_iron/install/rosidl_runtime_py:/home/jake/ros2_iron/install/rosidl_pycommon:/home/jake/ros2_iron/install/rosidl_cli:/home/jake/ros2_iron/install/launch_pytest:/home/jake/ros2_iron/install/launch_testing:/home/jake/ros2_iron/install/launch_yaml:/home/jake/ros2_iron/install/launch_xml:/home/jake/ros2_iron/install/launch:/home/jake/ros2_iron/install/osrf_pycommon:/home/jake/ros2_iron/install/domain_coordinator:/home/jake/ros2_iron/install/ament_xmllint:/home/jake/ros2_iron/install/ament_pyflakes:/home/jake/ros2_iron/install/ament_pycodestyle:/home/jake/ros2_iron/install/ament_pep257:/home/jake/ros2_iron/install/ament_pclint:/home/jake/ros2_iron/install/ament_package:/home/jake/ros2_iron/install/ament_mypy:/home/jake/ros2_iron/install/ament_lint_cmake:/home/jake/ros2_iron/install/ament_flake8:/home/jake/ros2_iron/install/ament_copyright:/home/jake/ros2_iron/install/ament_lint:/home/jake/ros2_iron/install/ament_index_python:/home/jake/ros2_iron/install/ament_cpplint:/home/jake/ros2_iron/install/ament_cppcheck:/home/jake/ros2_iron/install/ament_clang_tidy:/home/jake/ros2_iron/install/ament_clang_format:/opt/ros/iron LD_LIBRARY_PATH=/home/jake/moveit2_ws_main/install/moveit_ros_visualization/lib:/home/jake/moveit2_ws_main/install/moveit_ros_planning_interface/lib:/home/jake/moveit2_ws_main/install/moveit_ros_move_group/lib:/home/jake/moveit2_ws_main/install/moveit_ros_warehouse/lib:/home/jake/moveit2_ws_main/install/moveit_ros_robot_interaction/lib:/home/jake/moveit2_ws_main/install/moveit_kinematics/lib:/home/jake/moveit2_ws_main/install/moveit_ros_planning/lib:/home/jake/moveit2_ws_main/install/moveit_simple_controller_manager/lib:/home/jake/moveit2_ws_main/install/moveit_ros_occupancy_map_monitor/lib:/home/jake/moveit2_ws_main/install/moveit_core/lib:/home/jake/moveit2_ws_main/install/parameter_traits/lib:/home/jake/moveit2_ws_main/install/moveit_msgs/lib:/home/jake/moveit2_ws_main/install/geometric_shapes/lib:${LD_LIBRARY_PATH} PATH=/home/jake/moveit2_ws_main/install/moveit_core/bin:/home/jake/moveit2_ws_main/install/generate_parameter_library_py/bin:${PATH} PYTHONPATH=/home/jake/moveit2_ws_main/install/moveit_msgs/lib/python3.10/site-packages:/home/jake/moveit2_ws_main/install/moveit_configs_utils/lib/python3.10/site-packages:/home/jake/moveit2_ws_main/install/generate_parameter_library_py/lib/python3.10/site-packages:${PYTHONPATH} /usr/bin/cmake /home/jake/moveit2_ws_main/src/moveit2/moveit_setup_assistant/moveit_setup_framework -DCMAKE_BUILD_TYPE=Release -DCMAKE_INSTALL_PREFIX=/home/jake/moveit2_ws_main/install/moveit_setup_framework
[0.323s] -- The CXX compiler identification is GNU 11.4.0
[0.335s] -- Detecting CXX compiler ABI info
[0.486s] -- Detecting CXX compiler ABI info - done
[0.499s] -- Check for working CXX compiler: /usr/bin/c++ - skipped
[0.500s] -- Detecting CXX compile features
[0.500s] -- Detecting CXX compile features - done
[0.503s] -- Found moveit_common: 2.11.0 (/home/jake/moveit2_ws_main/install/moveit_common/share/moveit_common/cmake)
[0.529s] -- Found ament_cmake: 2.0.6 (/home/jake/ros2_iron/install/ament_cmake/share/ament_cmake/cmake)
[1.275s] -- Found Python3: /usr/bin/python3.10 (found version "3.10.12") found components: Interpreter 
[2.106s] -- Found ament_cmake_ros: 0.11.2 (/home/jake/ros2_iron/install/ament_cmake_ros/share/ament_cmake_ros/cmake)
[2.207s] -- Found ament_index_cpp: 1.5.2 (/home/jake/ros2_iron/install/ament_index_cpp/share/ament_index_cpp/cmake)
[2.249s] -- Found moveit_core: 2.11.0 (/home/jake/moveit2_ws_main/install/moveit_core/share/moveit_core/cmake)
[3.038s] -- Found Boost: /usr/lib/x86_64-linux-gnu/cmake/Boost-1.74.0/BoostConfig.cmake (found version "1.74.0") found components: chrono date_time filesystem iostreams program_options regex serialization system thread 
[3.377s] -- Found parameter_traits: 0.3.7 (/home/jake/moveit2_ws_main/install/parameter_traits/share/parameter_traits/cmake)
[3.614s] -- Found rosidl_generator_c: 4.0.1 (/home/jake/ros2_iron/install/rosidl_generator_c/share/rosidl_generator_c/cmake)
[3.683s] -- Found rosidl_generator_cpp: 4.0.1 (/home/jake/ros2_iron/install/rosidl_generator_cpp/share/rosidl_generator_cpp/cmake)
[3.784s] -- Using all available rosidl_typesupport_c: rosidl_typesupport_introspection_c;rosidl_typesupport_fastrtps_c
[3.890s] -- Using all available rosidl_typesupport_cpp: rosidl_typesupport_introspection_cpp;rosidl_typesupport_fastrtps_cpp
[4.244s] -- Found rmw_implementation_cmake: 7.1.0 (/home/jake/ros2_iron/install/rmw_implementation_cmake/share/rmw_implementation_cmake/cmake)
[4.289s] -- Found rmw_fastrtps_cpp: 7.1.4 (/home/jake/ros2_iron/install/rmw_fastrtps_cpp/share/rmw_fastrtps_cpp/cmake)
[4.679s] -- Found OpenSSL: /usr/lib/x86_64-linux-gnu/libcrypto.so (found version "3.0.2")  
[4.761s] -- Found FastRTPS: /home/jake/ros2_iron/install/fastrtps/include  
[4.919s] -- Using RMW implementation 'rmw_fastrtps_cpp' as default
[5.287s] -- Found Eigen3: TRUE (found version "3.4.0") 
[5.299s] -- Found rclcpp_lifecycle: 21.0.7 (/home/jake/ros2_iron/install/rclcpp_lifecycle/share/rclcpp_lifecycle/cmake)
[5.440s] -- Found Boost: /usr/lib/x86_64-linux-gnu/cmake/Boost-1.74.0/BoostConfig.cmake (found version "1.74.0") found components: filesystem 
[5.966s] -- library: /usr/lib/x86_64-linux-gnu/libcurl.so
[6.458s] -- Ensuring Eigen3 include directory is part of orocos-kdl CMake target
[8.557s] -- Found moveit_ros_planning: 2.11.0 (/home/jake/moveit2_ws_main/install/moveit_ros_planning/share/moveit_ros_planning/cmake)
[8.561s] -- Found Boost: /usr/lib/x86_64-linux-gnu/cmake/Boost-1.74.0/BoostConfig.cmake (found version "1.74.0") found components: system filesystem date_time program_options thread chrono 
[9.323s] -- Found moveit_ros_visualization: 2.11.0 (/home/jake/moveit2_ws_main/install/moveit_ros_visualization/share/moveit_ros_visualization/cmake)
[9.327s] -- Found Boost: /usr/lib/x86_64-linux-gnu/cmake/Boost-1.74.0/BoostConfig.cmake (found version "1.74.0") found components: thread date_time system filesystem 
[9.455s] -- Found Boost: /usr/lib/x86_64-linux-gnu/cmake/Boost-1.74.0/BoostConfig.cmake (found version "1.74.0") found components: date_time filesystem program_options system thread 
[9.735s] -- Found Boost: /usr/lib/x86_64-linux-gnu/cmake/Boost-1.74.0/BoostConfig.cmake (found version "1.74.0") found components: thread system filesystem regex date_time program_options 
[10.069s] -- Found Boost: /usr/lib/x86_64-linux-gnu/cmake/Boost-1.74.0/BoostConfig.cmake (found version "1.74.0") found components: system filesystem date_time program_options thread 
[11.460s] -- Setting OGRE_DIR to: '/home/jake/ros2_iron/install/rviz_ogre_vendor/share/rviz_ogre_vendor/cmake/../../../opt/rviz_ogre_vendor/lib/OGRE/cmake'
[11.461s] -- Found OGRE
[11.461s] --   static     : OFF
[11.462s] --   components : MeshLodGenerator;Overlay;Paging;Property;RTShaderSystem;Terrain;Volume
[11.462s] --   plugins    : Plugin_BSPSceneManager;Plugin_OctreeSceneManager;Plugin_PCZSceneManager;Plugin_ParticleFX;RenderSystem_GL;RenderSystem_GL3Plus;Codec_STBI;Codec_EXR
[11.462s] --   media      : /home/jake/ros2_iron/install/rviz_ogre_vendor/opt/rviz_ogre_vendor/share/OGRE/Media
[11.462s] -- OGRE_LIBRARIES: OgreMeshLodGenerator;OgreOverlay;OgrePaging;OgreProperty;OgreRTShaderSystem;OgreTerrain;OgreVolume;OgreMain
[11.462s] -- OGRE_LIBRARY_DIRS: /home/jake/ros2_iron/install/rviz_ogre_vendor/opt/rviz_ogre_vendor/lib
[11.462s] -- OGRE_PLUGINS: Plugin_BSPSceneManager;Plugin_OctreeSceneManager;Plugin_PCZSceneManager;Plugin_ParticleFX;RenderSystem_GL;RenderSystem_GL3Plus;Codec_STBI;Codec_EXR
[11.462s] -- OGRE_PLUGIN_DIR: /home/jake/ros2_iron/install/rviz_ogre_vendor/opt/rviz_ogre_vendor/lib/OGRE
[11.462s] -- rviz_ogre_vendor::OgreOverlay for IMPORTED_LOCATION_RELEASE: /home/jake/ros2_iron/install/rviz_ogre_vendor/opt/rviz_ogre_vendor/lib/libOgreOverlay.so
[11.462s] -- rviz_ogre_vendor::OgreOverlay for IMPORTED_LOCATION_DEBUG: /home/jake/ros2_iron/install/rviz_ogre_vendor/opt/rviz_ogre_vendor/lib/libOgreOverlay.so
[11.462s] -- rviz_ogre_vendor::OgreMain for IMPORTED_LOCATION_RELEASE: /home/jake/ros2_iron/install/rviz_ogre_vendor/opt/rviz_ogre_vendor/lib/libOgreMain.so
[11.462s] -- rviz_ogre_vendor::OgreMain for IMPORTED_LOCATION_DEBUG: /home/jake/ros2_iron/install/rviz_ogre_vendor/opt/rviz_ogre_vendor/lib/libOgreMain.so
[11.468s] -- Could not find freeimage library
[11.573s] -- Found ZLIB: /usr/lib/x86_64-linux-gnu/libz.so (found version "1.2.11") 
[11.612s] -- Found OpenGL: /usr/lib/x86_64-linux-gnu/libOpenGL.so   
[11.897s] -- Found X11: /usr/include   
[11.898s] -- Looking for XOpenDisplay in /usr/lib/x86_64-linux-gnu/libX11.so;/usr/lib/x86_64-linux-gnu/libXext.so
[12.075s] -- Looking for XOpenDisplay in /usr/lib/x86_64-linux-gnu/libX11.so;/usr/lib/x86_64-linux-gnu/libXext.so - found
[12.076s] -- Looking for gethostbyname
[12.248s] -- Looking for gethostbyname - found
[12.248s] -- Looking for connect
[12.419s] -- Looking for connect - found
[12.419s] -- Looking for remove
[12.589s] -- Looking for remove - found
[12.589s] -- Looking for shmat
[12.762s] -- Looking for shmat - found
[12.762s] -- Looking for IceConnectionNumber in ICE
[12.935s] -- Looking for IceConnectionNumber in ICE - found
[13.082s] -- Setting assimp_DIR to: '/home/jake/ros2_iron/install/rviz_assimp_vendor/share/rviz_assimp_vendor/cmake/../../../opt/rviz_assimp_vendor/lib/cmake/assimp-4.1'
[14.554s] -- Configuring done
[14.686s] -- Generating done
[14.689s] -- Build files have been written to: /home/jake/moveit2_ws_main/build/moveit_setup_framework
[14.705s] Invoked command in '/home/jake/moveit2_ws_main/build/moveit_setup_framework' returned '0': AMENT_PREFIX_PATH=/home/jake/moveit2_ws_main/install/moveit_ros_visualization:/home/jake/moveit2_ws_main/install/moveit_ros_planning_interface:/home/jake/moveit2_ws_main/install/moveit_ros_move_group:/home/jake/moveit2_ws_main/install/moveit_ros_warehouse:/home/jake/moveit2_ws_main/install/moveit_ros_robot_interaction:/home/jake/moveit2_ws_main/install/moveit_kinematics:/home/jake/moveit2_ws_main/install/moveit_ros_planning:/home/jake/moveit2_ws_main/install/moveit_simple_controller_manager:/home/jake/moveit2_ws_main/install/moveit_ros_occupancy_map_monitor:/home/jake/moveit2_ws_main/install/moveit_core:/home/jake/moveit2_ws_main/install/moveit_resources_panda_moveit_config:/home/jake/moveit2_ws_main/install/moveit_resources_fanuc_moveit_config:/home/jake/moveit2_ws_main/install/generate_parameter_library:/home/jake/moveit2_ws_main/install/parameter_traits:/home/jake/moveit2_ws_main/install/moveit_resources_pr2_description:/home/jake/moveit2_ws_main/install/moveit_resources_panda_description:/home/jake/moveit2_ws_main/install/moveit_resources_fanuc_description:/home/jake/moveit2_ws_main/install/moveit_msgs:/home/jake/moveit2_ws_main/install/moveit_configs_utils:/home/jake/moveit2_ws_main/install/moveit_common:/home/jake/moveit2_ws_main/install/geometric_shapes:/home/jake/moveit2_ws_main/install/generate_parameter_library_py:${AMENT_PREFIX_PATH} CMAKE_PREFIX_PATH=/home/jake/moveit2_ws_main/install/moveit_ros_visualization:/home/jake/moveit2_ws_main/install/moveit_ros_planning_interface:/home/jake/moveit2_ws_main/install/moveit_ros_move_group:/home/jake/moveit2_ws_main/install/moveit_ros_warehouse:/home/jake/moveit2_ws_main/install/moveit_ros_robot_interaction:/home/jake/moveit2_ws_main/install/moveit_kinematics:/home/jake/moveit2_ws_main/install/moveit_ros_planning:/home/jake/moveit2_ws_main/install/moveit_simple_controller_manager:/home/jake/moveit2_ws_main/install/moveit_ros_occupancy_map_monitor:/home/jake/moveit2_ws_main/install/moveit_core:/home/jake/moveit2_ws_main/install/moveit_resources_panda_moveit_config:/home/jake/moveit2_ws_main/install/moveit_resources_fanuc_moveit_config:/home/jake/moveit2_ws_main/install/generate_parameter_library:/home/jake/moveit2_ws_main/install/parameter_traits:/home/jake/moveit2_ws_main/install/moveit_resources_pr2_description:/home/jake/moveit2_ws_main/install/moveit_resources_panda_description:/home/jake/moveit2_ws_main/install/moveit_resources_fanuc_description:/home/jake/moveit2_ws_main/install/moveit_msgs:/home/jake/moveit2_ws_main/install/moveit_common:/home/jake/moveit2_ws_main/install/geometric_shapes:/home/jake/ros2_iron/install/rosbag2:/home/jake/ros2_iron/install/rosbag2_storage_default_plugins:/home/jake/ros2_iron/install/rosbag2_storage_mcap:/home/jake/ros2_iron/install/rosbag2_compression_zstd:/home/jake/ros2_iron/install/mcap_vendor:/home/jake/ros2_iron/install/zstd_vendor:/home/jake/ros2_iron/install/rviz_visual_testing_framework:/home/jake/ros2_iron/install/rviz2:/home/jake/ros2_iron/install/rviz_default_plugins:/home/jake/ros2_iron/install/rviz_common:/home/jake/ros2_iron/install/rosbag2_py:/home/jake/ros2_iron/install/rosbag2_transport:/home/jake/ros2_iron/install/rosbag2_storage_sqlite3:/home/jake/ros2_iron/install/rosbag2_examples_cpp:/home/jake/ros2_iron/install/rosbag2_compression:/home/jake/ros2_iron/install/rosbag2_cpp:/home/jake/ros2_iron/install/rosbag2_storage:/home/jake/ros2_iron/install/image_common:/home/jake/ros2_iron/install/camera_info_manager:/home/jake/ros2_iron/install/camera_calibration_parsers:/home/jake/ros2_iron/install/yaml_cpp_vendor:/home/jake/ros2_iron/install/interactive_markers:/home/jake/ros2_iron/install/common_interfaces:/home/jake/ros2_iron/install/visualization_msgs:/home/jake/ros2_iron/install/dummy_robot_bringup:/home/jake/ros2_iron/install/robot_state_publisher:/home/jake/ros2_iron/install/kdl_parser:/home/jake/ros2_iron/install/urdf:/home/jake/ros2_iron/install/urdfdom:/home/jake/ros2_iron/install/urdf_parser_plugin:/home/jake/ros2_iron/install/urdfdom_headers:/home/jake/ros2_iron/install/turtlesim:/home/jake/ros2_iron/install/trajectory_msgs:/home/jake/ros2_iron/install/topic_statistics_demo:/home/jake/ros2_iron/install/pendulum_control:/home/jake/ros2_iron/install/tlsf_cpp:/home/jake/ros2_iron/install/geometry2:/home/jake/ros2_iron/install/tf2_sensor_msgs:/home/jake/ros2_iron/install/test_tf2:/home/jake/ros2_iron/install/tf2_kdl:/home/jake/ros2_iron/install/tf2_geometry_msgs:/home/jake/ros2_iron/install/tf2_eigen:/home/jake/ros2_iron/install/tf2_bullet:/home/jake/ros2_iron/install/tf2_ros:/home/jake/ros2_iron/install/tf2_py:/home/jake/ros2_iron/install/tf2_msgs:/home/jake/ros2_iron/install/tf2_eigen_kdl:/home/jake/ros2_iron/install/laser_geometry:/home/jake/ros2_iron/install/tf2:/home/jake/ros2_iron/install/test_tracetools:/home/jake/ros2_iron/install/test_msgs:/home/jake/ros2_iron/install/test_communication:/home/jake/ros2_iron/install/stereo_msgs:/home/jake/ros2_iron/install/std_srvs:/home/jake/ros2_iron/install/shape_msgs:/home/jake/ros2_iron/install/quality_of_service_demo_cpp:/home/jake/ros2_iron/install/map_msgs:/home/jake/ros2_iron/install/intra_process_demo:/home/jake/ros2_iron/install/image_transport:/home/jake/ros2_iron/install/image_tools:/home/jake/ros2_iron/install/dummy_sensors:/home/jake/ros2_iron/install/sensor_msgs:/home/jake/ros2_iron/install/ros2cli_common_extensions:/home/jake/ros2_iron/install/dummy_map_server:/home/jake/ros2_iron/install/nav_msgs:/home/jake/ros2_iron/install/logging_demo:/home/jake/ros2_iron/install/lifecycle:/home/jake/ros2_iron/install/diagnostic_msgs:/home/jake/ros2_iron/install/geometry_msgs:/home/jake/ros2_iron/install/examples_rclcpp_wait_set:/home/jake/ros2_iron/install/examples_rclcpp_multithreaded_executor:/home/jake/ros2_iron/install/examples_rclcpp_minimal_subscriber:/home/jake/ros2_iron/install/examples_rclcpp_minimal_publisher:/home/jake/ros2_iron/install/examples_rclcpp_minimal_composition:/home/jake/ros2_iron/install/examples_rclcpp_cbg_executor:/home/jake/ros2_iron/install/demo_nodes_cpp_native:/home/jake/ros2_iron/install/demo_nodes_cpp:/home/jake/ros2_iron/install/composition:/home/jake/ros2_iron/install/actionlib_msgs:/home/jake/ros2_iron/install/std_msgs:/home/jake/ros2_iron/install/rqt_gui_cpp:/home/jake/ros2_iron/install/rosbag2_test_common:/home/jake/ros2_iron/install/ros2lifecycle_test_fixtures:/home/jake/ros2_iron/install/rclcpp_lifecycle:/home/jake/ros2_iron/install/action_tutorials_cpp:/home/jake/ros2_iron/install/rclcpp_components:/home/jake/ros2_iron/install/examples_rclcpp_minimal_action_server:/home/jake/ros2_iron/install/examples_rclcpp_minimal_action_client:/home/jake/ros2_iron/install/rclcpp_action:/home/jake/ros2_iron/install/message_filters:/home/jake/ros2_iron/install/examples_rclcpp_minimal_timer:/home/jake/ros2_iron/install/examples_rclcpp_minimal_service:/home/jake/ros2_iron/install/examples_rclcpp_minimal_client:/home/jake/ros2_iron/install/examples_rclcpp_async_client:/home/jake/ros2_iron/install/rclcpp:/home/jake/ros2_iron/install/libstatistics_collector:/home/jake/ros2_iron/install/statistics_msgs:/home/jake/ros2_iron/install/sros2_cmake:/home/jake/ros2_iron/install/rqt_py_common:/home/jake/ros2_iron/install/ros_testing:/home/jake/ros2_iron/install/rclpy:/home/jake/ros2_iron/install/rosgraph_msgs:/home/jake/ros2_iron/install/rosbag2_interfaces:/home/jake/ros2_iron/install/ros2cli_test_interfaces:/home/jake/ros2_iron/install/rcl_lifecycle:/home/jake/ros2_iron/install/rcl_action:/home/jake/ros2_iron/install/rcl:/home/jake/ros2_iron/install/rmw_implementation:/home/jake/ros2_iron/install/rmw_fastrtps_dynamic_cpp:/home/jake/ros2_iron/install/rmw_fastrtps_cpp:/home/jake/ros2_iron/install/rmw_fastrtps_shared_cpp:/home/jake/ros2_iron/install/rmw_cyclonedds_cpp:/home/jake/ros2_iron/install/rmw_connextddsmicro:/home/jake/ros2_iron/install/rmw_connextdds:/home/jake/ros2_iron/install/rmw_connextdds_common:/home/jake/ros2_iron/install/rmw_dds_common:/home/jake/ros2_iron/install/composition_interfaces:/home/jake/ros2_iron/install/rcl_interfaces:/home/jake/ros2_iron/install/pendulum_msgs:/home/jake/ros2_iron/install/lifecycle_msgs:/home/jake/ros2_iron/install/example_interfaces:/home/jake/ros2_iron/install/action_tutorials_interfaces:/home/jake/ros2_iron/install/rosidl_default_runtime:/home/jake/ros2_iron/install/rosidl_default_generators:/home/jake/ros2_iron/install/action_msgs:/home/jake/ros2_iron/install/unique_identifier_msgs:/home/jake/ros2_iron/install/ament_lint_common:/home/jake/ros2_iron/install/ament_cmake_uncrustify:/home/jake/ros2_iron/install/uncrustify_vendor:/home/jake/ros2_iron/install/type_description_interfaces:/home/jake/ros2_iron/install/tracetools:/home/jake/ros2_iron/install/tlsf:/home/jake/ros2_iron/install/tinyxml_vendor:/home/jake/ros2_iron/install/qt_gui_core:/home/jake/ros2_iron/install/qt_gui_cpp:/home/jake/ros2_iron/install/pluginlib:/home/jake/ros2_iron/install/tinyxml2_vendor:/home/jake/ros2_iron/install/test_security:/home/jake/ros2_iron/install/test_rmw_implementation:/home/jake/ros2_iron/install/test_rclcpp:/home/jake/ros2_iron/install/test_quality_of_service:/home/jake/ros2_iron/install/test_launch_testing:/home/jake/ros2_iron/install/test_interface_files:/home/jake/ros2_iron/install/test_cli_remapping:/home/jake/ros2_iron/install/test_cli:/home/jake/ros2_iron/install/qt_gui_app:/home/jake/ros2_iron/install/qt_gui:/home/jake/ros2_iron/install/tango_icons_vendor:/home/jake/ros2_iron/install/sqlite3_vendor:/home/jake/ros2_iron/install/rcl_logging_spdlog:/home/jake/ros2_iron/install/spdlog_vendor:/home/jake/ros2_iron/install/shared_queues_vendor:/home/jake/ros2_iron/install/service_msgs:/home/jake/ros2_iron/install/rviz_rendering_tests:/home/jake/ros2_iron/install/rviz_rendering:/home/jake/ros2_iron/install/rviz_ogre_vendor:/home/jake/ros2_iron/install/rviz_assimp_vendor:/home/jake/ros2_iron/install/rttest:/home/jake/ros2_iron/install/rti_connext_dds_cmake_module:/home/jake/ros2_iron/install/builtin_interfaces:/home/jake/ros2_iron/install/rosidl_core_runtime:/home/jake/ros2_iron/install/rosidl_core_generators:/home/jake/ros2_iron/install/rosidl_generator_py:/home/jake/ros2_iron/install/rosidl_typesupport_tests:/home/jake/ros2_iron/install/rosidl_typesupport_introspection_tests:/home/jake/ros2_iron/install/rosidl_typesupport_cpp:/home/jake/ros2_iron/install/rosidl_typesupport_introspection_cpp:/home/jake/ros2_iron/install/rosidl_typesupport_c:/home/jake/ros2_iron/install/rosidl_typesupport_introspection_c:/home/jake/ros2_iron/install/rosidl_typesupport_fastrtps_c:/home/jake/ros2_iron/install/rosidl_typesupport_fastrtps_cpp:/home/jake/ros2_iron/install/rosidl_generator_cpp:/home/jake/ros2_iron/install/rosidl_runtime_cpp:/home/jake/ros2_iron/install/rosidl_dynamic_typesupport_fastrtps:/home/jake/ros2_iron/install/rcl_yaml_param_parser:/home/jake/ros2_iron/install/rmw:/home/jake/ros2_iron/install/rosidl_dynamic_typesupport:/home/jake/ros2_iron/install/rosidl_runtime_c:/home/jake/ros2_iron/install/rosidl_generator_c:/home/jake/ros2_iron/install/rosidl_typesupport_interface:/home/jake/ros2_iron/install/rosidl_generator_dds_idl:/home/jake/ros2_iron/install/rosidl_cmake:/home/jake/ros2_iron/install/rosidl_generator_type_description:/home/jake/ros2_iron/install/rosidl_parser:/home/jake/ros2_iron/install/rosidl_generator_tests:/home/jake/ros2_iron/install/rosidl_adapter:/home/jake/ros2_iron/install/rosbag2_tests:/home/jake/ros2_iron/install/rosbag2_test_msgdefs:/home/jake/ros2_iron/install/ros_environment:/home/jake/ros2_iron/install/rmw_implementation_cmake:/home/jake/ros2_iron/install/resource_retriever:/home/jake/ros2_iron/install/class_loader:/home/jake/ros2_iron/install/rcpputils:/home/jake/ros2_iron/install/rcl_logging_noop:/home/jake/ros2_iron/install/rcl_logging_interface:/home/jake/ros2_iron/install/rcutils:/home/jake/ros2_iron/install/qt_gui_py_common:/home/jake/ros2_iron/install/qt_dotgraph:/home/jake/ros2_iron/install/python_qt_binding:/home/jake/ros2_iron/install/python_orocos_kdl_vendor:/home/jake/ros2_iron/install/launch_testing_ament_cmake:/home/jake/ros2_iron/install/python_cmake_module:/home/jake/ros2_iron/install/pybind11_vendor:/home/jake/ros2_iron/install/performance_test_fixture:/home/jake/ros2_iron/install/osrf_testing_tools_cpp:/home/jake/ros2_iron/install/orocos_kdl_vendor:/home/jake/ros2_iron/install/mimick_vendor:/home/jake/ros2_iron/install/libyaml_vendor:/home/jake/ros2_iron/install/libcurl_vendor:/home/jake/ros2_iron/install/keyboard_handler:/home/jake/ros2_iron/install/iceoryx_introspection:/home/jake/ros2_iron/install/cyclonedds:/home/jake/ros2_iron/install/iceoryx_posh:/home/jake/ros2_iron/install/iceoryx_hoofs:/home/jake/ros2_iron/install/iceoryx_binding_c:/home/jake/ros2_iron/install/ament_cmake_ros:/home/jake/ros2_iron/install/ament_cmake_gmock:/home/jake/ros2_iron/install/gmock_vendor:/home/jake/ros2_iron/install/ament_cmake_auto:/home/jake/ros2_iron/install/ament_cmake_gtest:/home/jake/ros2_iron/install/gtest_vendor:/home/jake/ros2_iron/install/ament_cmake_google_benchmark:/home/jake/ros2_iron/install/google_benchmark_vendor:/home/jake/ros2_iron/install/fastrtps:/home/jake/ros2_iron/install/foonathan_memory_vendor:/home/jake/ros2_iron/install/fastrtps_cmake_module:/home/jake/ros2_iron/install/fastcdr:/home/jake/ros2_iron/install/eigen3_cmake_module:/home/jake/ros2_iron/install/console_bridge_vendor:/home/jake/ros2_iron/install/ament_cmake_xmllint:/home/jake/ros2_iron/install/ament_cmake_pyflakes:/home/jake/ros2_iron/install/ament_cmake_pycodestyle:/home/jake/ros2_iron/install/ament_cmake_pep257:/home/jake/ros2_iron/install/ament_cmake_pclint:/home/jake/ros2_iron/install/ament_lint_auto:/home/jake/ros2_iron/install/ament_cmake:/home/jake/ros2_iron/install/ament_cmake_version:/home/jake/ros2_iron/install/ament_cmake_vendor_package:/home/jake/ros2_iron/install/ament_cmake_pytest:/home/jake/ros2_iron/install/ament_cmake_mypy:/home/jake/ros2_iron/install/ament_cmake_lint_cmake:/home/jake/ros2_iron/install/ament_cmake_flake8:/home/jake/ros2_iron/install/ament_cmake_cpplint:/home/jake/ros2_iron/install/ament_cmake_cppcheck:/home/jake/ros2_iron/install/ament_cmake_copyright:/home/jake/ros2_iron/install/ament_cmake_clang_tidy:/home/jake/ros2_iron/install/ament_cmake_clang_format:/home/jake/ros2_iron/install/ament_cmake_test:/home/jake/ros2_iron/install/ament_cmake_target_dependencies:/home/jake/ros2_iron/install/ament_cmake_python:/home/jake/ros2_iron/install/ament_cmake_export_dependencies:/home/jake/ros2_iron/install/ament_cmake_libraries:/home/jake/ros2_iron/install/ament_cmake_include_directories:/home/jake/ros2_iron/install/ament_cmake_gen_version_h:/home/jake/ros2_iron/install/ament_cmake_export_targets:/home/jake/ros2_iron/install/ament_cmake_export_link_flags:/home/jake/ros2_iron/install/ament_cmake_export_interfaces:/home/jake/ros2_iron/install/ament_cmake_export_libraries:/home/jake/ros2_iron/install/ament_cmake_export_include_directories:/home/jake/ros2_iron/install/ament_cmake_export_definitions:/home/jake/ros2_iron/install/ament_cmake_core:/home/jake/ros2_iron/install/ament_index_cpp:/home/jake/ros2_iron/install/rqt_bag_plugins:/home/jake/ros2_iron/install/rqt_bag:/home/jake/ros2_iron/install/rosbag2_examples_py:/home/jake/ros2_iron/install/launch_testing_examples:/home/jake/ros2_iron/install/ros2bag:/home/jake/ros2_iron/install/tracetools_test:/home/jake/ros2_iron/install/tracetools_launch:/home/jake/ros2_iron/install/topic_monitor:/home/jake/ros2_iron/install/tf2_tools:/home/jake/ros2_iron/install/examples_tf2_py:/home/jake/ros2_iron/install/tf2_ros_py:/home/jake/ros2_iron/install/examples_rclpy_pointcloud_publisher:/home/jake/ros2_iron/install/sensor_msgs_py:/home/jake/ros2_iron/install/quality_of_service_demo_py:/home/jake/ros2_iron/install/rqt_plot:/home/jake/ros2_iron/install/ros2doctor:/home/jake/ros2_iron/install/lifecycle_py:/home/jake/ros2_iron/install/examples_rclpy_minimal_subscriber:/home/jake/ros2_iron/install/examples_rclpy_minimal_service:/home/jake/ros2_iron/install/examples_rclpy_minimal_publisher:/home/jake/ros2_iron/install/examples_rclpy_minimal_client:/home/jake/ros2_iron/install/examples_rclpy_executors:/home/jake/ros2_iron/install/demo_nodes_py:/home/jake/ros2_iron/install/rqt:/home/jake/ros2_iron/install/ros2component:/home/jake/ros2_iron/install/sros2:/home/jake/ros2_iron/install/rqt_topic:/home/jake/ros2_iron/install/rqt_srv:/home/jake/ros2_iron/install/rqt_shell:/home/jake/ros2_iron/install/rqt_service_caller:/home/jake/ros2_iron/install/rqt_reconfigure:/home/jake/ros2_iron/install/rqt_py_console:/home/jake/ros2_iron/install/rqt_publisher:/home/jake/ros2_iron/install/rqt_action:/home/jake/ros2_iron/install/rqt_msg:/home/jake/ros2_iron/install/rqt_console:/home/jake/ros2_iron/install/rqt_graph:/home/jake/ros2_iron/install/rqt_gui_py:/home/jake/ros2_iron/install/rqt_gui:/home/jake/ros2_iron/install/ros2trace:/home/jake/ros2_iron/install/ros2topic:/home/jake/ros2_iron/install/ros2test:/home/jake/ros2_iron/install/ros2param:/home/jake/ros2_iron/install/ros2lifecycle:/home/jake/ros2_iron/install/ros2service:/home/jake/ros2_iron/install/ros2run:/home/jake/ros2_iron/install/ros2launch:/home/jake/ros2_iron/install/ros2pkg:/home/jake/ros2_iron/install/ros2node:/home/jake/ros2_iron/install/ros2multicast:/home/jake/ros2_iron/install/ros2interface:/home/jake/ros2_iron/install/ros2action:/home/jake/ros2_iron/install/ros2cli:/home/jake/ros2_iron/install/launch_testing_ros:/home/jake/ros2_iron/install/launch_ros:/home/jake/ros2_iron/install/examples_rclpy_minimal_action_server:/home/jake/ros2_iron/install/examples_rclpy_minimal_action_client:/home/jake/ros2_iron/install/examples_rclpy_guard_conditions:/home/jake/ros2_iron/install/action_tutorials_py:/home/jake/ros2_iron/install/ament_uncrustify:/home/jake/ros2_iron/install/tracetools_trace:/home/jake/ros2_iron/install/tracetools_read:/home/jake/ros2_iron/install/test_tracetools_launch:/home/jake/ros2_iron/install/test_ros2trace:/home/jake/ros2_iron/install/test_launch_ros:/home/jake/ros2_iron/install/rpyutils:/home/jake/ros2_iron/install/rosidl_runtime_py:/home/jake/ros2_iron/install/rosidl_pycommon:/home/jake/ros2_iron/install/rosidl_cli:/home/jake/ros2_iron/install/launch_pytest:/home/jake/ros2_iron/install/launch_testing:/home/jake/ros2_iron/install/launch_yaml:/home/jake/ros2_iron/install/launch_xml:/home/jake/ros2_iron/install/launch:/home/jake/ros2_iron/install/osrf_pycommon:/home/jake/ros2_iron/install/domain_coordinator:/home/jake/ros2_iron/install/ament_xmllint:/home/jake/ros2_iron/install/ament_pyflakes:/home/jake/ros2_iron/install/ament_pycodestyle:/home/jake/ros2_iron/install/ament_pep257:/home/jake/ros2_iron/install/ament_pclint:/home/jake/ros2_iron/install/ament_package:/home/jake/ros2_iron/install/ament_mypy:/home/jake/ros2_iron/install/ament_lint_cmake:/home/jake/ros2_iron/install/ament_flake8:/home/jake/ros2_iron/install/ament_copyright:/home/jake/ros2_iron/install/ament_lint:/home/jake/ros2_iron/install/ament_index_python:/home/jake/ros2_iron/install/ament_cpplint:/home/jake/ros2_iron/install/ament_cppcheck:/home/jake/ros2_iron/install/ament_clang_tidy:/home/jake/ros2_iron/install/ament_clang_format:/opt/ros/iron LD_LIBRARY_PATH=/home/jake/moveit2_ws_main/install/moveit_ros_visualization/lib:/home/jake/moveit2_ws_main/install/moveit_ros_planning_interface/lib:/home/jake/moveit2_ws_main/install/moveit_ros_move_group/lib:/home/jake/moveit2_ws_main/install/moveit_ros_warehouse/lib:/home/jake/moveit2_ws_main/install/moveit_ros_robot_interaction/lib:/home/jake/moveit2_ws_main/install/moveit_kinematics/lib:/home/jake/moveit2_ws_main/install/moveit_ros_planning/lib:/home/jake/moveit2_ws_main/install/moveit_simple_controller_manager/lib:/home/jake/moveit2_ws_main/install/moveit_ros_occupancy_map_monitor/lib:/home/jake/moveit2_ws_main/install/moveit_core/lib:/home/jake/moveit2_ws_main/install/parameter_traits/lib:/home/jake/moveit2_ws_main/install/moveit_msgs/lib:/home/jake/moveit2_ws_main/install/geometric_shapes/lib:${LD_LIBRARY_PATH} PATH=/home/jake/moveit2_ws_main/install/moveit_core/bin:/home/jake/moveit2_ws_main/install/generate_parameter_library_py/bin:${PATH} PYTHONPATH=/home/jake/moveit2_ws_main/install/moveit_msgs/lib/python3.10/site-packages:/home/jake/moveit2_ws_main/install/moveit_configs_utils/lib/python3.10/site-packages:/home/jake/moveit2_ws_main/install/generate_parameter_library_py/lib/python3.10/site-packages:${PYTHONPATH} /usr/bin/cmake /home/jake/moveit2_ws_main/src/moveit2/moveit_setup_assistant/moveit_setup_framework -DCMAKE_BUILD_TYPE=Release -DCMAKE_INSTALL_PREFIX=/home/jake/moveit2_ws_main/install/moveit_setup_framework
[14.707s] Invoking command in '/home/jake/moveit2_ws_main/build/moveit_setup_framework': AMENT_PREFIX_PATH=/home/jake/moveit2_ws_main/install/moveit_ros_visualization:/home/jake/moveit2_ws_main/install/moveit_ros_planning_interface:/home/jake/moveit2_ws_main/install/moveit_ros_move_group:/home/jake/moveit2_ws_main/install/moveit_ros_warehouse:/home/jake/moveit2_ws_main/install/moveit_ros_robot_interaction:/home/jake/moveit2_ws_main/install/moveit_kinematics:/home/jake/moveit2_ws_main/install/moveit_ros_planning:/home/jake/moveit2_ws_main/install/moveit_simple_controller_manager:/home/jake/moveit2_ws_main/install/moveit_ros_occupancy_map_monitor:/home/jake/moveit2_ws_main/install/moveit_core:/home/jake/moveit2_ws_main/install/moveit_resources_panda_moveit_config:/home/jake/moveit2_ws_main/install/moveit_resources_fanuc_moveit_config:/home/jake/moveit2_ws_main/install/generate_parameter_library:/home/jake/moveit2_ws_main/install/parameter_traits:/home/jake/moveit2_ws_main/install/moveit_resources_pr2_description:/home/jake/moveit2_ws_main/install/moveit_resources_panda_description:/home/jake/moveit2_ws_main/install/moveit_resources_fanuc_description:/home/jake/moveit2_ws_main/install/moveit_msgs:/home/jake/moveit2_ws_main/install/moveit_configs_utils:/home/jake/moveit2_ws_main/install/moveit_common:/home/jake/moveit2_ws_main/install/geometric_shapes:/home/jake/moveit2_ws_main/install/generate_parameter_library_py:${AMENT_PREFIX_PATH} CMAKE_PREFIX_PATH=/home/jake/moveit2_ws_main/install/moveit_ros_visualization:/home/jake/moveit2_ws_main/install/moveit_ros_planning_interface:/home/jake/moveit2_ws_main/install/moveit_ros_move_group:/home/jake/moveit2_ws_main/install/moveit_ros_warehouse:/home/jake/moveit2_ws_main/install/moveit_ros_robot_interaction:/home/jake/moveit2_ws_main/install/moveit_kinematics:/home/jake/moveit2_ws_main/install/moveit_ros_planning:/home/jake/moveit2_ws_main/install/moveit_simple_controller_manager:/home/jake/moveit2_ws_main/install/moveit_ros_occupancy_map_monitor:/home/jake/moveit2_ws_main/install/moveit_core:/home/jake/moveit2_ws_main/install/moveit_resources_panda_moveit_config:/home/jake/moveit2_ws_main/install/moveit_resources_fanuc_moveit_config:/home/jake/moveit2_ws_main/install/generate_parameter_library:/home/jake/moveit2_ws_main/install/parameter_traits:/home/jake/moveit2_ws_main/install/moveit_resources_pr2_description:/home/jake/moveit2_ws_main/install/moveit_resources_panda_description:/home/jake/moveit2_ws_main/install/moveit_resources_fanuc_description:/home/jake/moveit2_ws_main/install/moveit_msgs:/home/jake/moveit2_ws_main/install/moveit_common:/home/jake/moveit2_ws_main/install/geometric_shapes:/home/jake/ros2_iron/install/rosbag2:/home/jake/ros2_iron/install/rosbag2_storage_default_plugins:/home/jake/ros2_iron/install/rosbag2_storage_mcap:/home/jake/ros2_iron/install/rosbag2_compression_zstd:/home/jake/ros2_iron/install/mcap_vendor:/home/jake/ros2_iron/install/zstd_vendor:/home/jake/ros2_iron/install/rviz_visual_testing_framework:/home/jake/ros2_iron/install/rviz2:/home/jake/ros2_iron/install/rviz_default_plugins:/home/jake/ros2_iron/install/rviz_common:/home/jake/ros2_iron/install/rosbag2_py:/home/jake/ros2_iron/install/rosbag2_transport:/home/jake/ros2_iron/install/rosbag2_storage_sqlite3:/home/jake/ros2_iron/install/rosbag2_examples_cpp:/home/jake/ros2_iron/install/rosbag2_compression:/home/jake/ros2_iron/install/rosbag2_cpp:/home/jake/ros2_iron/install/rosbag2_storage:/home/jake/ros2_iron/install/image_common:/home/jake/ros2_iron/install/camera_info_manager:/home/jake/ros2_iron/install/camera_calibration_parsers:/home/jake/ros2_iron/install/yaml_cpp_vendor:/home/jake/ros2_iron/install/interactive_markers:/home/jake/ros2_iron/install/common_interfaces:/home/jake/ros2_iron/install/visualization_msgs:/home/jake/ros2_iron/install/dummy_robot_bringup:/home/jake/ros2_iron/install/robot_state_publisher:/home/jake/ros2_iron/install/kdl_parser:/home/jake/ros2_iron/install/urdf:/home/jake/ros2_iron/install/urdfdom:/home/jake/ros2_iron/install/urdf_parser_plugin:/home/jake/ros2_iron/install/urdfdom_headers:/home/jake/ros2_iron/install/turtlesim:/home/jake/ros2_iron/install/trajectory_msgs:/home/jake/ros2_iron/install/topic_statistics_demo:/home/jake/ros2_iron/install/pendulum_control:/home/jake/ros2_iron/install/tlsf_cpp:/home/jake/ros2_iron/install/geometry2:/home/jake/ros2_iron/install/tf2_sensor_msgs:/home/jake/ros2_iron/install/test_tf2:/home/jake/ros2_iron/install/tf2_kdl:/home/jake/ros2_iron/install/tf2_geometry_msgs:/home/jake/ros2_iron/install/tf2_eigen:/home/jake/ros2_iron/install/tf2_bullet:/home/jake/ros2_iron/install/tf2_ros:/home/jake/ros2_iron/install/tf2_py:/home/jake/ros2_iron/install/tf2_msgs:/home/jake/ros2_iron/install/tf2_eigen_kdl:/home/jake/ros2_iron/install/laser_geometry:/home/jake/ros2_iron/install/tf2:/home/jake/ros2_iron/install/test_tracetools:/home/jake/ros2_iron/install/test_msgs:/home/jake/ros2_iron/install/test_communication:/home/jake/ros2_iron/install/stereo_msgs:/home/jake/ros2_iron/install/std_srvs:/home/jake/ros2_iron/install/shape_msgs:/home/jake/ros2_iron/install/quality_of_service_demo_cpp:/home/jake/ros2_iron/install/map_msgs:/home/jake/ros2_iron/install/intra_process_demo:/home/jake/ros2_iron/install/image_transport:/home/jake/ros2_iron/install/image_tools:/home/jake/ros2_iron/install/dummy_sensors:/home/jake/ros2_iron/install/sensor_msgs:/home/jake/ros2_iron/install/ros2cli_common_extensions:/home/jake/ros2_iron/install/dummy_map_server:/home/jake/ros2_iron/install/nav_msgs:/home/jake/ros2_iron/install/logging_demo:/home/jake/ros2_iron/install/lifecycle:/home/jake/ros2_iron/install/diagnostic_msgs:/home/jake/ros2_iron/install/geometry_msgs:/home/jake/ros2_iron/install/examples_rclcpp_wait_set:/home/jake/ros2_iron/install/examples_rclcpp_multithreaded_executor:/home/jake/ros2_iron/install/examples_rclcpp_minimal_subscriber:/home/jake/ros2_iron/install/examples_rclcpp_minimal_publisher:/home/jake/ros2_iron/install/examples_rclcpp_minimal_composition:/home/jake/ros2_iron/install/examples_rclcpp_cbg_executor:/home/jake/ros2_iron/install/demo_nodes_cpp_native:/home/jake/ros2_iron/install/demo_nodes_cpp:/home/jake/ros2_iron/install/composition:/home/jake/ros2_iron/install/actionlib_msgs:/home/jake/ros2_iron/install/std_msgs:/home/jake/ros2_iron/install/rqt_gui_cpp:/home/jake/ros2_iron/install/rosbag2_test_common:/home/jake/ros2_iron/install/ros2lifecycle_test_fixtures:/home/jake/ros2_iron/install/rclcpp_lifecycle:/home/jake/ros2_iron/install/action_tutorials_cpp:/home/jake/ros2_iron/install/rclcpp_components:/home/jake/ros2_iron/install/examples_rclcpp_minimal_action_server:/home/jake/ros2_iron/install/examples_rclcpp_minimal_action_client:/home/jake/ros2_iron/install/rclcpp_action:/home/jake/ros2_iron/install/message_filters:/home/jake/ros2_iron/install/examples_rclcpp_minimal_timer:/home/jake/ros2_iron/install/examples_rclcpp_minimal_service:/home/jake/ros2_iron/install/examples_rclcpp_minimal_client:/home/jake/ros2_iron/install/examples_rclcpp_async_client:/home/jake/ros2_iron/install/rclcpp:/home/jake/ros2_iron/install/libstatistics_collector:/home/jake/ros2_iron/install/statistics_msgs:/home/jake/ros2_iron/install/sros2_cmake:/home/jake/ros2_iron/install/rqt_py_common:/home/jake/ros2_iron/install/ros_testing:/home/jake/ros2_iron/install/rclpy:/home/jake/ros2_iron/install/rosgraph_msgs:/home/jake/ros2_iron/install/rosbag2_interfaces:/home/jake/ros2_iron/install/ros2cli_test_interfaces:/home/jake/ros2_iron/install/rcl_lifecycle:/home/jake/ros2_iron/install/rcl_action:/home/jake/ros2_iron/install/rcl:/home/jake/ros2_iron/install/rmw_implementation:/home/jake/ros2_iron/install/rmw_fastrtps_dynamic_cpp:/home/jake/ros2_iron/install/rmw_fastrtps_cpp:/home/jake/ros2_iron/install/rmw_fastrtps_shared_cpp:/home/jake/ros2_iron/install/rmw_cyclonedds_cpp:/home/jake/ros2_iron/install/rmw_connextddsmicro:/home/jake/ros2_iron/install/rmw_connextdds:/home/jake/ros2_iron/install/rmw_connextdds_common:/home/jake/ros2_iron/install/rmw_dds_common:/home/jake/ros2_iron/install/composition_interfaces:/home/jake/ros2_iron/install/rcl_interfaces:/home/jake/ros2_iron/install/pendulum_msgs:/home/jake/ros2_iron/install/lifecycle_msgs:/home/jake/ros2_iron/install/example_interfaces:/home/jake/ros2_iron/install/action_tutorials_interfaces:/home/jake/ros2_iron/install/rosidl_default_runtime:/home/jake/ros2_iron/install/rosidl_default_generators:/home/jake/ros2_iron/install/action_msgs:/home/jake/ros2_iron/install/unique_identifier_msgs:/home/jake/ros2_iron/install/ament_lint_common:/home/jake/ros2_iron/install/ament_cmake_uncrustify:/home/jake/ros2_iron/install/uncrustify_vendor:/home/jake/ros2_iron/install/type_description_interfaces:/home/jake/ros2_iron/install/tracetools:/home/jake/ros2_iron/install/tlsf:/home/jake/ros2_iron/install/tinyxml_vendor:/home/jake/ros2_iron/install/qt_gui_core:/home/jake/ros2_iron/install/qt_gui_cpp:/home/jake/ros2_iron/install/pluginlib:/home/jake/ros2_iron/install/tinyxml2_vendor:/home/jake/ros2_iron/install/test_security:/home/jake/ros2_iron/install/test_rmw_implementation:/home/jake/ros2_iron/install/test_rclcpp:/home/jake/ros2_iron/install/test_quality_of_service:/home/jake/ros2_iron/install/test_launch_testing:/home/jake/ros2_iron/install/test_interface_files:/home/jake/ros2_iron/install/test_cli_remapping:/home/jake/ros2_iron/install/test_cli:/home/jake/ros2_iron/install/qt_gui_app:/home/jake/ros2_iron/install/qt_gui:/home/jake/ros2_iron/install/tango_icons_vendor:/home/jake/ros2_iron/install/sqlite3_vendor:/home/jake/ros2_iron/install/rcl_logging_spdlog:/home/jake/ros2_iron/install/spdlog_vendor:/home/jake/ros2_iron/install/shared_queues_vendor:/home/jake/ros2_iron/install/service_msgs:/home/jake/ros2_iron/install/rviz_rendering_tests:/home/jake/ros2_iron/install/rviz_rendering:/home/jake/ros2_iron/install/rviz_ogre_vendor:/home/jake/ros2_iron/install/rviz_assimp_vendor:/home/jake/ros2_iron/install/rttest:/home/jake/ros2_iron/install/rti_connext_dds_cmake_module:/home/jake/ros2_iron/install/builtin_interfaces:/home/jake/ros2_iron/install/rosidl_core_runtime:/home/jake/ros2_iron/install/rosidl_core_generators:/home/jake/ros2_iron/install/rosidl_generator_py:/home/jake/ros2_iron/install/rosidl_typesupport_tests:/home/jake/ros2_iron/install/rosidl_typesupport_introspection_tests:/home/jake/ros2_iron/install/rosidl_typesupport_cpp:/home/jake/ros2_iron/install/rosidl_typesupport_introspection_cpp:/home/jake/ros2_iron/install/rosidl_typesupport_c:/home/jake/ros2_iron/install/rosidl_typesupport_introspection_c:/home/jake/ros2_iron/install/rosidl_typesupport_fastrtps_c:/home/jake/ros2_iron/install/rosidl_typesupport_fastrtps_cpp:/home/jake/ros2_iron/install/rosidl_generator_cpp:/home/jake/ros2_iron/install/rosidl_runtime_cpp:/home/jake/ros2_iron/install/rosidl_dynamic_typesupport_fastrtps:/home/jake/ros2_iron/install/rcl_yaml_param_parser:/home/jake/ros2_iron/install/rmw:/home/jake/ros2_iron/install/rosidl_dynamic_typesupport:/home/jake/ros2_iron/install/rosidl_runtime_c:/home/jake/ros2_iron/install/rosidl_generator_c:/home/jake/ros2_iron/install/rosidl_typesupport_interface:/home/jake/ros2_iron/install/rosidl_generator_dds_idl:/home/jake/ros2_iron/install/rosidl_cmake:/home/jake/ros2_iron/install/rosidl_generator_type_description:/home/jake/ros2_iron/install/rosidl_parser:/home/jake/ros2_iron/install/rosidl_generator_tests:/home/jake/ros2_iron/install/rosidl_adapter:/home/jake/ros2_iron/install/rosbag2_tests:/home/jake/ros2_iron/install/rosbag2_test_msgdefs:/home/jake/ros2_iron/install/ros_environment:/home/jake/ros2_iron/install/rmw_implementation_cmake:/home/jake/ros2_iron/install/resource_retriever:/home/jake/ros2_iron/install/class_loader:/home/jake/ros2_iron/install/rcpputils:/home/jake/ros2_iron/install/rcl_logging_noop:/home/jake/ros2_iron/install/rcl_logging_interface:/home/jake/ros2_iron/install/rcutils:/home/jake/ros2_iron/install/qt_gui_py_common:/home/jake/ros2_iron/install/qt_dotgraph:/home/jake/ros2_iron/install/python_qt_binding:/home/jake/ros2_iron/install/python_orocos_kdl_vendor:/home/jake/ros2_iron/install/launch_testing_ament_cmake:/home/jake/ros2_iron/install/python_cmake_module:/home/jake/ros2_iron/install/pybind11_vendor:/home/jake/ros2_iron/install/performance_test_fixture:/home/jake/ros2_iron/install/osrf_testing_tools_cpp:/home/jake/ros2_iron/install/orocos_kdl_vendor:/home/jake/ros2_iron/install/mimick_vendor:/home/jake/ros2_iron/install/libyaml_vendor:/home/jake/ros2_iron/install/libcurl_vendor:/home/jake/ros2_iron/install/keyboard_handler:/home/jake/ros2_iron/install/iceoryx_introspection:/home/jake/ros2_iron/install/cyclonedds:/home/jake/ros2_iron/install/iceoryx_posh:/home/jake/ros2_iron/install/iceoryx_hoofs:/home/jake/ros2_iron/install/iceoryx_binding_c:/home/jake/ros2_iron/install/ament_cmake_ros:/home/jake/ros2_iron/install/ament_cmake_gmock:/home/jake/ros2_iron/install/gmock_vendor:/home/jake/ros2_iron/install/ament_cmake_auto:/home/jake/ros2_iron/install/ament_cmake_gtest:/home/jake/ros2_iron/install/gtest_vendor:/home/jake/ros2_iron/install/ament_cmake_google_benchmark:/home/jake/ros2_iron/install/google_benchmark_vendor:/home/jake/ros2_iron/install/fastrtps:/home/jake/ros2_iron/install/foonathan_memory_vendor:/home/jake/ros2_iron/install/fastrtps_cmake_module:/home/jake/ros2_iron/install/fastcdr:/home/jake/ros2_iron/install/eigen3_cmake_module:/home/jake/ros2_iron/install/console_bridge_vendor:/home/jake/ros2_iron/install/ament_cmake_xmllint:/home/jake/ros2_iron/install/ament_cmake_pyflakes:/home/jake/ros2_iron/install/ament_cmake_pycodestyle:/home/jake/ros2_iron/install/ament_cmake_pep257:/home/jake/ros2_iron/install/ament_cmake_pclint:/home/jake/ros2_iron/install/ament_lint_auto:/home/jake/ros2_iron/install/ament_cmake:/home/jake/ros2_iron/install/ament_cmake_version:/home/jake/ros2_iron/install/ament_cmake_vendor_package:/home/jake/ros2_iron/install/ament_cmake_pytest:/home/jake/ros2_iron/install/ament_cmake_mypy:/home/jake/ros2_iron/install/ament_cmake_lint_cmake:/home/jake/ros2_iron/install/ament_cmake_flake8:/home/jake/ros2_iron/install/ament_cmake_cpplint:/home/jake/ros2_iron/install/ament_cmake_cppcheck:/home/jake/ros2_iron/install/ament_cmake_copyright:/home/jake/ros2_iron/install/ament_cmake_clang_tidy:/home/jake/ros2_iron/install/ament_cmake_clang_format:/home/jake/ros2_iron/install/ament_cmake_test:/home/jake/ros2_iron/install/ament_cmake_target_dependencies:/home/jake/ros2_iron/install/ament_cmake_python:/home/jake/ros2_iron/install/ament_cmake_export_dependencies:/home/jake/ros2_iron/install/ament_cmake_libraries:/home/jake/ros2_iron/install/ament_cmake_include_directories:/home/jake/ros2_iron/install/ament_cmake_gen_version_h:/home/jake/ros2_iron/install/ament_cmake_export_targets:/home/jake/ros2_iron/install/ament_cmake_export_link_flags:/home/jake/ros2_iron/install/ament_cmake_export_interfaces:/home/jake/ros2_iron/install/ament_cmake_export_libraries:/home/jake/ros2_iron/install/ament_cmake_export_include_directories:/home/jake/ros2_iron/install/ament_cmake_export_definitions:/home/jake/ros2_iron/install/ament_cmake_core:/home/jake/ros2_iron/install/ament_index_cpp:/home/jake/ros2_iron/install/rqt_bag_plugins:/home/jake/ros2_iron/install/rqt_bag:/home/jake/ros2_iron/install/rosbag2_examples_py:/home/jake/ros2_iron/install/launch_testing_examples:/home/jake/ros2_iron/install/ros2bag:/home/jake/ros2_iron/install/tracetools_test:/home/jake/ros2_iron/install/tracetools_launch:/home/jake/ros2_iron/install/topic_monitor:/home/jake/ros2_iron/install/tf2_tools:/home/jake/ros2_iron/install/examples_tf2_py:/home/jake/ros2_iron/install/tf2_ros_py:/home/jake/ros2_iron/install/examples_rclpy_pointcloud_publisher:/home/jake/ros2_iron/install/sensor_msgs_py:/home/jake/ros2_iron/install/quality_of_service_demo_py:/home/jake/ros2_iron/install/rqt_plot:/home/jake/ros2_iron/install/ros2doctor:/home/jake/ros2_iron/install/lifecycle_py:/home/jake/ros2_iron/install/examples_rclpy_minimal_subscriber:/home/jake/ros2_iron/install/examples_rclpy_minimal_service:/home/jake/ros2_iron/install/examples_rclpy_minimal_publisher:/home/jake/ros2_iron/install/examples_rclpy_minimal_client:/home/jake/ros2_iron/install/examples_rclpy_executors:/home/jake/ros2_iron/install/demo_nodes_py:/home/jake/ros2_iron/install/rqt:/home/jake/ros2_iron/install/ros2component:/home/jake/ros2_iron/install/sros2:/home/jake/ros2_iron/install/rqt_topic:/home/jake/ros2_iron/install/rqt_srv:/home/jake/ros2_iron/install/rqt_shell:/home/jake/ros2_iron/install/rqt_service_caller:/home/jake/ros2_iron/install/rqt_reconfigure:/home/jake/ros2_iron/install/rqt_py_console:/home/jake/ros2_iron/install/rqt_publisher:/home/jake/ros2_iron/install/rqt_action:/home/jake/ros2_iron/install/rqt_msg:/home/jake/ros2_iron/install/rqt_console:/home/jake/ros2_iron/install/rqt_graph:/home/jake/ros2_iron/install/rqt_gui_py:/home/jake/ros2_iron/install/rqt_gui:/home/jake/ros2_iron/install/ros2trace:/home/jake/ros2_iron/install/ros2topic:/home/jake/ros2_iron/install/ros2test:/home/jake/ros2_iron/install/ros2param:/home/jake/ros2_iron/install/ros2lifecycle:/home/jake/ros2_iron/install/ros2service:/home/jake/ros2_iron/install/ros2run:/home/jake/ros2_iron/install/ros2launch:/home/jake/ros2_iron/install/ros2pkg:/home/jake/ros2_iron/install/ros2node:/home/jake/ros2_iron/install/ros2multicast:/home/jake/ros2_iron/install/ros2interface:/home/jake/ros2_iron/install/ros2action:/home/jake/ros2_iron/install/ros2cli:/home/jake/ros2_iron/install/launch_testing_ros:/home/jake/ros2_iron/install/launch_ros:/home/jake/ros2_iron/install/examples_rclpy_minimal_action_server:/home/jake/ros2_iron/install/examples_rclpy_minimal_action_client:/home/jake/ros2_iron/install/examples_rclpy_guard_conditions:/home/jake/ros2_iron/install/action_tutorials_py:/home/jake/ros2_iron/install/ament_uncrustify:/home/jake/ros2_iron/install/tracetools_trace:/home/jake/ros2_iron/install/tracetools_read:/home/jake/ros2_iron/install/test_tracetools_launch:/home/jake/ros2_iron/install/test_ros2trace:/home/jake/ros2_iron/install/test_launch_ros:/home/jake/ros2_iron/install/rpyutils:/home/jake/ros2_iron/install/rosidl_runtime_py:/home/jake/ros2_iron/install/rosidl_pycommon:/home/jake/ros2_iron/install/rosidl_cli:/home/jake/ros2_iron/install/launch_pytest:/home/jake/ros2_iron/install/launch_testing:/home/jake/ros2_iron/install/launch_yaml:/home/jake/ros2_iron/install/launch_xml:/home/jake/ros2_iron/install/launch:/home/jake/ros2_iron/install/osrf_pycommon:/home/jake/ros2_iron/install/domain_coordinator:/home/jake/ros2_iron/install/ament_xmllint:/home/jake/ros2_iron/install/ament_pyflakes:/home/jake/ros2_iron/install/ament_pycodestyle:/home/jake/ros2_iron/install/ament_pep257:/home/jake/ros2_iron/install/ament_pclint:/home/jake/ros2_iron/install/ament_package:/home/jake/ros2_iron/install/ament_mypy:/home/jake/ros2_iron/install/ament_lint_cmake:/home/jake/ros2_iron/install/ament_flake8:/home/jake/ros2_iron/install/ament_copyright:/home/jake/ros2_iron/install/ament_lint:/home/jake/ros2_iron/install/ament_index_python:/home/jake/ros2_iron/install/ament_cpplint:/home/jake/ros2_iron/install/ament_cppcheck:/home/jake/ros2_iron/install/ament_clang_tidy:/home/jake/ros2_iron/install/ament_clang_format:/opt/ros/iron LD_LIBRARY_PATH=/home/jake/moveit2_ws_main/install/moveit_ros_visualization/lib:/home/jake/moveit2_ws_main/install/moveit_ros_planning_interface/lib:/home/jake/moveit2_ws_main/install/moveit_ros_move_group/lib:/home/jake/moveit2_ws_main/install/moveit_ros_warehouse/lib:/home/jake/moveit2_ws_main/install/moveit_ros_robot_interaction/lib:/home/jake/moveit2_ws_main/install/moveit_kinematics/lib:/home/jake/moveit2_ws_main/install/moveit_ros_planning/lib:/home/jake/moveit2_ws_main/install/moveit_simple_controller_manager/lib:/home/jake/moveit2_ws_main/install/moveit_ros_occupancy_map_monitor/lib:/home/jake/moveit2_ws_main/install/moveit_core/lib:/home/jake/moveit2_ws_main/install/parameter_traits/lib:/home/jake/moveit2_ws_main/install/moveit_msgs/lib:/home/jake/moveit2_ws_main/install/geometric_shapes/lib:${LD_LIBRARY_PATH} PATH=/home/jake/moveit2_ws_main/install/moveit_core/bin:/home/jake/moveit2_ws_main/install/generate_parameter_library_py/bin:${PATH} PYTHONPATH=/home/jake/moveit2_ws_main/install/moveit_msgs/lib/python3.10/site-packages:/home/jake/moveit2_ws_main/install/moveit_configs_utils/lib/python3.10/site-packages:/home/jake/moveit2_ws_main/install/generate_parameter_library_py/lib/python3.10/site-packages:${PYTHONPATH} /usr/bin/cmake --build /home/jake/moveit2_ws_main/build/moveit_setup_framework
[14.851s] [  5%] [34m[1mGenerating include/moveit_setup_framework/qt/moc_helper_widgets.cpp[0m
[14.858s] [ 10%] [34m[1mGenerating include/moveit_setup_framework/qt/moc_double_list_widget.cpp[0m
[14.858s] [ 15%] [34m[1mGenerating include/moveit_setup_framework/qt/moc_setup_step_widget.cpp[0m
[14.860s] [ 21%] [34m[1mGenerating include/moveit_setup_framework/qt/moc_rviz_panel.cpp[0m
[14.996s] [ 31%] [32mBuilding CXX object CMakeFiles/moveit_setup_framework.dir/src/srdf_config.cpp.o[0m
[14.996s] [ 31%] [32mBuilding CXX object CMakeFiles/moveit_setup_framework.dir/src/urdf_config.cpp.o[0m
[14.997s] [ 36%] [32mBuilding CXX object CMakeFiles/moveit_setup_framework.dir/src/double_list_widget.cpp.o[0m
[14.997s] [ 42%] [32mBuilding CXX object CMakeFiles/moveit_setup_framework.dir/src/rviz_panel.cpp.o[0m
[14.997s] [ 47%] [32mBuilding CXX object CMakeFiles/moveit_setup_framework.dir/src/package_settings_config.cpp.o[0m
[14.997s] [ 52%] [32mBuilding CXX object CMakeFiles/moveit_setup_framework.dir/src/helper_widgets.cpp.o[0m
[15.013s] [ 57%] [32mBuilding CXX object CMakeFiles/moveit_setup_framework.dir/src/templates.cpp.o[0m
[15.019s] [ 63%] [32mBuilding CXX object CMakeFiles/moveit_setup_framework.dir/src/data_warehouse.cpp.o[0m
[19.603s] [ 68%] [32mBuilding CXX object CMakeFiles/moveit_setup_framework.dir/src/utilities.cpp.o[0m
[20.673s] [ 73%] [32mBuilding CXX object CMakeFiles/moveit_setup_framework.dir/src/xml_syntax_highlighter.cpp.o[0m
[24.340s] [ 78%] [32mBuilding CXX object CMakeFiles/moveit_setup_framework.dir/include/moveit_setup_framework/qt/moc_helper_widgets.cpp.o[0m
[26.175s] [ 84%] [32mBuilding CXX object CMakeFiles/moveit_setup_framework.dir/include/moveit_setup_framework/qt/moc_setup_step_widget.cpp.o[0m
[28.725s] [ 89%] [32mBuilding CXX object CMakeFiles/moveit_setup_framework.dir/include/moveit_setup_framework/qt/moc_rviz_panel.cpp.o[0m
[29.048s] [ 94%] [32mBuilding CXX object CMakeFiles/moveit_setup_framework.dir/include/moveit_setup_framework/qt/moc_double_list_widget.cpp.o[0m
[43.234s] In file included from [01m[K/usr/include/c++/11/bits/move.h:57[m[K,
[43.234s]                  from [01m[K/usr/include/c++/11/bits/stl_pair.h:59[m[K,
[43.234s]                  from [01m[K/usr/include/c++/11/bits/stl_algobase.h:64[m[K,
[43.234s]                  from [01m[K/usr/include/c++/11/memory:63[m[K,
[43.234s]                  from [01m[K/home/jake/moveit2_ws_main/build/moveit_setup_framework/include/moveit_setup_framework/qt/moc_setup_step_widget.cpp:9[m[K:
[43.234s] /usr/include/c++/11/type_traits: In substitution of [01m[Ktemplate<bool _Cond, class _Tp> using __enable_if_t = typename std::enable_if::type [with bool _Cond = std::__and_<std::__and_<std::is_convertible<typename std::unique_ptr<_Tp, _Dp>::pointer, Ogre::ManualObject*>, std::__not_<std::is_array<_Tp> > >, typename std::conditional<false, std::is_same<_Ep, std::default_delete<Ogre::ManualObject> >, std::is_convertible<_Ep, std::default_delete<Ogre::ManualObject> > >::type>::value; _Tp = void][m[K:
[43.235s] [01m[K/usr/include/c++/11/type_traits:2209:11:[m[K   required by substitution of [01m[Ktemplate<class ... _Cond> using _Require = std::__enable_if_t<std::__and_< <template-parameter-1-1> >::value> [with _Cond = {std::__and_<std::is_convertible<typename std::unique_ptr<_Tp, _Dp>::pointer, Ogre::ManualObject*>, std::__not_<std::is_array<_Tp> > >, typename std::conditional<false, std::is_same<_Ep, std::default_delete<Ogre::ManualObject> >, std::is_convertible<_Ep, std::default_delete<Ogre::ManualObject> > >::type}][m[K
[43.235s] [01m[K/usr/include/c++/11/bits/unique_ptr.h:340:2:[m[K   required from [01m[Kclass std::unique_ptr<Ogre::ManualObject>[m[K
[43.235s] [01m[K/home/jake/ros2_iron/install/rviz_ogre_vendor/opt/rviz_ogre_vendor/include/OGRE/OgreSceneManager.h:504:43:[m[K   required from here
[43.235s] [01m[K/usr/include/c++/11/type_traits:2205:11:[m[K [01;31m[Kinternal compiler error: [m[KSegmentation fault
[43.235s]  2205 |     using [01;31m[K__enable_if_t[m[K = typename enable_if<_Cond, _Tp>::type;
[43.235s]       |           [01;31m[K^~~~~~~~~~~~~[m[K
[43.316s] DW_FORM_strp out of range in .debug_info at 17
[43.331s] Please submit a full bug report,
[43.332s] with preprocessed source if appropriate.
[43.332s] See <file:///usr/share/doc/gcc-11/README.Bugs> for instructions.
[43.399s] gmake[2]: *** [CMakeFiles/moveit_setup_framework.dir/build.make:246: CMakeFiles/moveit_setup_framework.dir/include/moveit_setup_framework/qt/moc_setup_step_widget.cpp.o] Error 1
[43.399s] gmake[2]: *** Waiting for unfinished jobs....
[45.039s] In file included from [01m[K/home/jake/ros2_iron/build/sensor_msgs/rosidl_generator_cpp/sensor_msgs/msg/point_cloud2.hpp:9[m[K,
[45.039s]                  from [01m[K/home/jake/ros2_iron/src/ros2/rviz/rviz_default_plugins/include/rviz_default_plugins/displays/pointcloud/point_cloud_helpers.hpp:37[m[K,
[45.040s]                  from [01m[K/home/jake/moveit2_ws_main/install/moveit_ros_visualization/include/moveit_ros_visualization/moveit/rviz_plugin_render_tools/octomap_render.h:43[m[K,
[45.040s]                  from [01m[K/home/jake/moveit2_ws_main/install/moveit_ros_visualization/include/moveit_ros_visualization/moveit/rviz_plugin_render_tools/robot_state_visualization.h:41[m[K,
[45.040s]                  from [01m[K/home/jake/moveit2_ws_main/install/moveit_ros_visualization/include/moveit_ros_visualization/moveit/robot_state_rviz_plugin/robot_state_display.h:43[m[K,
[45.040s]                  from [01m[K/home/jake/moveit2_ws_main/build/moveit_setup_framework/include/moveit_setup_framework/qt/../../../../../src/moveit2/moveit_setup_assistant/moveit_setup_framework/include/moveit_setup_framework/qt/rviz_panel.hpp:45[m[K,
[45.040s]                  from [01m[K/home/jake/moveit2_ws_main/build/moveit_setup_framework/include/moveit_setup_framework/qt/moc_rviz_panel.cpp:10[m[K:
[45.040s] [01m[K/home/jake/ros2_iron/build/sensor_msgs/rosidl_generator_cpp/sensor_msgs/msg/detail/point_cloud2__traits.hpp:231:1:[m[K [01;31m[Kinternal compiler error: [m[KSegmentation fault
[45.040s]   231 | [01;31m[K}[m[K  // NOLINT(readability/fn_size)
[45.041s]       | [01;31m[K^[m[K
[45.118s] DW_FORM_strp out of range in .debug_info at 17
[45.137s] Please submit a full bug report,
[45.137s] with preprocessed source if appropriate.
[45.137s] See <file:///usr/share/doc/gcc-11/README.Bugs> for instructions.
[45.199s] gmake[2]: *** [CMakeFiles/moveit_setup_framework.dir/build.make:260: CMakeFiles/moveit_setup_framework.dir/include/moveit_setup_framework/qt/moc_rviz_panel.cpp.o] Error 1
[47.035s] In file included from [01m[K/usr/include/eigen3/Eigen/Core:332[m[K,
[47.035s]                  from [01m[K/usr/include/eigen3/Eigen/Geometry:11[m[K,
[47.036s]                  from [01m[K/home/jake/moveit2_ws_main/install/moveit_core/include/moveit_core/moveit/robot_model/joint_model.h:46[m[K,
[47.036s]                  from [01m[K/home/jake/moveit2_ws_main/install/moveit_core/include/moveit_core/moveit/robot_model/joint_model_group.h:40[m[K,
[47.036s]                  from [01m[K/home/jake/moveit2_ws_main/install/moveit_core/include/moveit_core/moveit/robot_model/robot_model.h:45[m[K,
[47.036s]                  from [01m[K/home/jake/moveit2_ws_main/install/moveit_core/include/moveit_core/moveit/robot_state/robot_state.h:40[m[K,
[47.036s]                  from [01m[K/home/jake/moveit2_ws_main/install/moveit_ros_visualization/include/moveit_ros_visualization/moveit/rviz_plugin_render_tools/robot_state_visualization.h:40[m[K,
[47.036s]                  from [01m[K/home/jake/moveit2_ws_main/install/moveit_ros_visualization/include/moveit_ros_visualization/moveit/robot_state_rviz_plugin/robot_state_display.h:43[m[K,
[47.036s]                  from [01m[K/home/jake/moveit2_ws_main/src/moveit2/moveit_setup_assistant/moveit_setup_framework/include/moveit_setup_framework/qt/rviz_panel.hpp:45[m[K,
[47.037s]                  from [01m[K/home/jake/moveit2_ws_main/src/moveit2/moveit_setup_assistant/moveit_setup_framework/src/rviz_panel.cpp:36[m[K:
[47.037s] /usr/include/eigen3/Eigen/src/Core/ProductEvaluators.h: In instantiation of [01m[Kconst CoeffReturnType Eigen::internal::product_evaluator<Eigen::Product<Lhs, Rhs, 1>, ProductTag, Eigen::DenseShape, Eigen::DenseShape>::coeff(Eigen::Index, Eigen::Index) const [with Lhs = Eigen::Block<const Eigen::Matrix<double, 4, 4>, 3, 3, false>; Rhs = Eigen::Matrix<double, 3, 3>; int ProductTag = 3; typename Eigen::internal::traits<typename Eigen::Product<Lhs, Rhs, 1>::Rhs>::Scalar = double; typename Eigen::Product<Lhs, Rhs, 1>::Rhs = Eigen::Matrix<double, 3, 3>; typename Eigen::internal::traits<typename Eigen::Product<Lhs, Rhs, 1>::Lhs>::Scalar = double; typename Eigen::Product<Lhs, Rhs, 1>::Lhs = Eigen::Block<const Eigen::Matrix<double, 4, 4>, 3, 3, false>; Eigen::internal::product_evaluator<Eigen::Product<Lhs, Rhs, 1>, ProductTag, Eigen::DenseShape, Eigen::DenseShape>::CoeffReturnType = double; Eigen::Index = long int][m[K:
[47.037s] [01m[K/usr/include/eigen3/Eigen/src/Core/AssignEvaluator.h:654:63:[m[K   required from [01m[Kvoid Eigen::internal::generic_dense_assignment_kernel<DstEvaluatorTypeT, SrcEvaluatorTypeT, Functor, Version>::assignCoeff(Eigen::Index, Eigen::Index) [with DstEvaluatorTypeT = Eigen::internal::evaluator<Eigen::Matrix<double, 3, 3> >; SrcEvaluatorTypeT = Eigen::internal::evaluator<Eigen::Product<Eigen::Block<const Eigen::Matrix<double, 4, 4>, 3, 3, false>, Eigen::Matrix<double, 3, 3>, 1> >; Functor = Eigen::internal::assign_op<double, double>; int Version = 0; Eigen::Index = long int][m[K
[47.037s] [01m[K/usr/include/eigen3/Eigen/src/Core/AssignEvaluator.h:668:16:[m[K   required from [01m[Kvoid Eigen::internal::generic_dense_assignment_kernel<DstEvaluatorTypeT, SrcEvaluatorTypeT, Functor, Version>::assignCoeffByOuterInner(Eigen::Index, Eigen::Index) [with DstEvaluatorTypeT = Eigen::internal::evaluator<Eigen::Matrix<double, 3, 3> >; SrcEvaluatorTypeT = Eigen::internal::evaluator<Eigen::Product<Eigen::Block<const Eigen::Matrix<double, 4, 4>, 3, 3, false>, Eigen::Matrix<double, 3, 3>, 1> >; Functor = Eigen::internal::assign_op<double, double>; int Version = 0; Eigen::Index = long int][m[K
[47.037s] [01m[K/usr/include/eigen3/Eigen/src/Core/AssignEvaluator.h:227:35:[m[K   required from [01m[Kstatic void Eigen::internal::copy_using_evaluator_DefaultTraversal_InnerUnrolling<Kernel, Index_, Stop>::run(Kernel&, Eigen::Index) [with Kernel = Eigen::internal::generic_dense_assignment_kernel<Eigen::internal::evaluator<Eigen::Matrix<double, 3, 3> >, Eigen::internal::evaluator<Eigen::Product<Eigen::Block<const Eigen::Matrix<double, 4, 4>, 3, 3, false>, Eigen::Matrix<double, 3, 3>, 1> >, Eigen::internal::assign_op<double, double>, 0>; int Index_ = 2; int Stop = 3; Eigen::Index = long int][m[K
[47.037s] [01m[K/usr/include/eigen3/Eigen/src/Core/AssignEvaluator.h:600:101:[m[K   required from [01m[Kstatic void Eigen::internal::dense_assignment_loop<Kernel, 4, 1>::run(Kernel&) [with Kernel = Eigen::internal::generic_dense_assignment_kernel<Eigen::internal::evaluator<Eigen::Matrix<double, 3, 3> >, Eigen::internal::evaluator<Eigen::Product<Eigen::Block<const Eigen::Matrix<double, 4, 4>, 3, 3, false>, Eigen::Matrix<double, 3, 3>, 1> >, Eigen::internal::assign_op<double, double>, 0>][m[K
[47.037s] [01m[K/usr/include/eigen3/Eigen/src/Core/AssignEvaluator.h:785:37:[m[K   required from [01m[Kvoid Eigen::internal::call_dense_assignment_loop(DstXprType&, const SrcXprType&, const Functor&) [with DstXprType = Eigen::Matrix<double, 3, 3>; SrcXprType = Eigen::Product<Eigen::Block<const Eigen::Matrix<double, 4, 4>, 3, 3, false>, Eigen::Matrix<double, 3, 3>, 1>; Functor = Eigen::internal::assign_op<double, double>][m[K
[47.037s] [01m[K/usr/include/eigen3/Eigen/src/Core/AssignEvaluator.h:954:31:[m[K   [ skipping 4 instantiation contexts, use -ftemplate-backtrace-limit=0 to disable ]
[47.038s] [01m[K/usr/include/eigen3/Eigen/src/Core/AssignEvaluator.h:890:49:[m[K   required from [01m[Kvoid Eigen::internal::call_assignment_no_alias(Dst&, const Src&, const Func&) [with Dst = Eigen::Matrix<double, 3, 3>; Src = Eigen::Product<Eigen::Block<const Eigen::Matrix<double, 4, 4>, 3, 3, false>, Eigen::Matrix<double, 3, 3>, 0>; Func = Eigen::internal::assign_op<double, double>][m[K
[47.038s] [01m[K/usr/include/eigen3/Eigen/src/Core/PlainObjectBase.h:797:41:[m[K   required from [01m[KDerived& Eigen::PlainObjectBase<Derived>::_set_noalias(const Eigen::DenseBase<OtherDerived>&) [with OtherDerived = Eigen::Product<Eigen::Block<const Eigen::Matrix<double, 4, 4>, 3, 3, false>, Eigen::Matrix<double, 3, 3>, 0>; Derived = Eigen::Matrix<double, 3, 3>][m[K
[47.038s] [01m[K/usr/include/eigen3/Eigen/src/Core/PlainObjectBase.h:594:19:[m[K   required from [01m[KEigen::PlainObjectBase<Derived>::PlainObjectBase(const Eigen::DenseBase<OtherDerived>&) [with OtherDerived = Eigen::Product<Eigen::Block<const Eigen::Matrix<double, 4, 4>, 3, 3, false>, Eigen::Matrix<double, 3, 3>, 0>; Derived = Eigen::Matrix<double, 3, 3>][m[K
[47.038s] [01m[K/usr/include/eigen3/Eigen/src/Core/Matrix.h:423:29:[m[K   required from [01m[KEigen::Matrix<_Scalar, _Rows, _Cols, _Options, _MaxRows, _MaxCols>::Matrix(const Eigen::EigenBase<OtherDerived>&) [with OtherDerived = Eigen::Product<Eigen::Block<const Eigen::Matrix<double, 4, 4>, 3, 3, false>, Eigen::Matrix<double, 3, 3>, 0>; _Scalar = double; int _Rows = 3; int _Cols = 3; int _Options = 0; int _MaxRows = 3; int _MaxCols = 3][m[K
[47.038s] [01m[K/usr/include/eigen3/Eigen/src/Geometry/RotationBase.h:77:47:[m[K   required from [01m[KEigen::RotationBase<Derived, _Dim>::RotationMatrixType Eigen::operator*(const Eigen::EigenBase<OtherDerived>&, const Derived&) [with OtherDerived = Eigen::Block<const Eigen::Matrix<double, 4, 4>, 3, 3, false>; Derived = Eigen::Quaternion<double>; int _Dim = 3; Eigen::RotationBase<Derived, _Dim>::RotationMatrixType = Eigen::Matrix<double, 3, 3>][m[K
[47.038s] [01m[K/home/jake/moveit2_ws_main/install/moveit_core/include/moveit_core/moveit/transforms/transforms.h:163:49:[m[K   required from here
[47.038s] [01m[K/usr/include/eigen3/Eigen/src/Core/ProductEvaluators.h:607:3:[m[K [01;31m[Kinternal compiler error: [m[KSegmentation fault
[47.038s]   607 |   [01;31m[K}[m[K
[47.039s]       |   [01;31m[K^[m[K
[47.105s] DW_FORM_strp out of range in .debug_info at 17
[47.123s] Please submit a full bug report,
[47.123s] with preprocessed source if appropriate.
[47.123s] See <file:///usr/share/doc/gcc-11/README.Bugs> for instructions.
[47.208s] gmake[2]: *** [CMakeFiles/moveit_setup_framework.dir/build.make:162: CMakeFiles/moveit_setup_framework.dir/src/rviz_panel.cpp.o] Error 1
[47.534s] gmake[1]: *** [CMakeFiles/Makefile2:137: CMakeFiles/moveit_setup_framework.dir/all] Error 2
[47.534s] gmake: *** [Makefile:146: all] Error 2
