In file included from [01m[K/usr/include/eigen3/Eigen/Core:317[m[K,
                 from [01m[K/usr/include/kdl/jacobian.hpp:26[m[K,
                 from [01m[K/usr/include/kdl/jntarray.hpp:26[m[K,
                 from [01m[K/usr/include/kdl/chainfksolver.hpp:28[m[K,
                 from [01m[K/home/jake/moveit2_ws_main/src/moveit2/moveit_kinematics/kdl_kinematics_plugin/include/moveit/kdl_kinematics_plugin/kdl_kinematics_plugin.h:53[m[K,
                 from [01m[K/home/jake/moveit2_ws_main/src/moveit2/moveit_kinematics/kdl_kinematics_plugin/src/kdl_kinematics_plugin.cpp:37[m[K:
/usr/include/eigen3/Eigen/src/Core/Redux.h: In instantiation of â€˜[01m[Kstatic Eigen::internal::redux_novec_unroller<Func, Evaluator, Start, Length>::Scalar Eigen::internal::redux_novec_unroller<Func, Evaluator, Start, Length>::run(const Evaluator&, const Func&) [with Func = Eigen::internal::scalar_sum_op<double, double>; Evaluator = Eigen::internal::redux_evaluator<Eigen::CwiseBinaryOp<Eigen::internal::scalar_product_op<double, double>, const Eigen::Transpose<const Eigen::Block<const Eigen::Block<const Eigen::Matrix<double, 4, 4>, 3, 3, false>, 1, 3, false> >, const Eigen::Block<const Eigen::Matrix<double, 3, 1>, 3, 1, true> > >; int Start = 0; int Length = 3][m[Kâ€™:
[01m[K/usr/include/eigen3/Eigen/src/Core/Redux.h:108:37:[m[K [01;31m[Kinternal compiler error: [m[KSegmentation fault
  108 |   static EIGEN_STRONG_INLINE Scalar [01;31m[Krun[m[K(const Evaluator &eval, const Func& func)
      |                                     [01;31m[K^~~[m[K
DW_FORM_strp out of range in .debug_info at 17
Please submit a full bug report,
with preprocessed source if appropriate.
See <file:///usr/share/doc/gcc-11/README.Bugs> for instructions.
gmake[2]: *** [kdl_kinematics_plugin/CMakeFiles/moveit_kdl_kinematics_plugin.dir/build.make:76: kdl_kinematics_plugin/CMakeFiles/moveit_kdl_kinematics_plugin.dir/src/kdl_kinematics_plugin.cpp.o] Error 1
gmake[2]: *** Waiting for unfinished jobs....
gmake[1]: *** [CMakeFiles/Makefile2:363: kdl_kinematics_plugin/CMakeFiles/moveit_kdl_kinematics_plugin.dir/all] Error 2
gmake[1]: *** Waiting for unfinished jobs....
gmake: *** [Makefile:146: all] Error 2
