[0.222s] Invoking command in '/home/jake/moveit2_ws_main/build/moveit_kinematics': AMENT_PREFIX_PATH=/home/jake/moveit2_ws_main/install/moveit_ros_planning:/home/jake/moveit2_ws_main/install/moveit_ros_occupancy_map_monitor:/home/jake/moveit2_ws_main/install/moveit_core:/home/jake/moveit2_ws_main/install/moveit_resources_panda_moveit_config:/home/jake/moveit2_ws_main/install/moveit_resources_fanuc_moveit_config:/home/jake/moveit2_ws_main/install/generate_parameter_library:/home/jake/moveit2_ws_main/install/parameter_traits:/home/jake/moveit2_ws_main/install/moveit_resources_pr2_description:/home/jake/moveit2_ws_main/install/moveit_resources_panda_description:/home/jake/moveit2_ws_main/install/moveit_resources_fanuc_description:/home/jake/moveit2_ws_main/install/moveit_msgs:/home/jake/moveit2_ws_main/install/moveit_configs_utils:/home/jake/moveit2_ws_main/install/moveit_common:/home/jake/moveit2_ws_main/install/geometric_shapes:/home/jake/moveit2_ws_main/install/generate_parameter_library_py:${AMENT_PREFIX_PATH} CMAKE_PREFIX_PATH=/home/jake/moveit2_ws_main/install/moveit_ros_planning:/home/jake/moveit2_ws_main/install/moveit_ros_occupancy_map_monitor:/home/jake/moveit2_ws_main/install/moveit_core:/home/jake/moveit2_ws_main/install/moveit_resources_panda_moveit_config:/home/jake/moveit2_ws_main/install/moveit_resources_fanuc_moveit_config:/home/jake/moveit2_ws_main/install/generate_parameter_library:/home/jake/moveit2_ws_main/install/parameter_traits:/home/jake/moveit2_ws_main/install/moveit_resources_pr2_description:/home/jake/moveit2_ws_main/install/moveit_resources_panda_description:/home/jake/moveit2_ws_main/install/moveit_resources_fanuc_description:/home/jake/moveit2_ws_main/install/moveit_msgs:/home/jake/moveit2_ws_main/install/moveit_common:/home/jake/moveit2_ws_main/install/geometric_shapes:/home/jake/ros2_iron/install/rosbag2:/home/jake/ros2_iron/install/rosbag2_storage_default_plugins:/home/jake/ros2_iron/install/rosbag2_storage_mcap:/home/jake/ros2_iron/install/rosbag2_compression_zstd:/home/jake/ros2_iron/install/mcap_vendor:/home/jake/ros2_iron/install/zstd_vendor:/home/jake/ros2_iron/install/rviz_visual_testing_framework:/home/jake/ros2_iron/install/rviz2:/home/jake/ros2_iron/install/rviz_default_plugins:/home/jake/ros2_iron/install/rviz_common:/home/jake/ros2_iron/install/rosbag2_py:/home/jake/ros2_iron/install/rosbag2_transport:/home/jake/ros2_iron/install/rosbag2_storage_sqlite3:/home/jake/ros2_iron/install/rosbag2_examples_cpp:/home/jake/ros2_iron/install/rosbag2_compression:/home/jake/ros2_iron/install/rosbag2_cpp:/home/jake/ros2_iron/install/rosbag2_storage:/home/jake/ros2_iron/install/image_common:/home/jake/ros2_iron/install/camera_info_manager:/home/jake/ros2_iron/install/camera_calibration_parsers:/home/jake/ros2_iron/install/yaml_cpp_vendor:/home/jake/ros2_iron/install/interactive_markers:/home/jake/ros2_iron/install/common_interfaces:/home/jake/ros2_iron/install/visualization_msgs:/home/jake/ros2_iron/install/dummy_robot_bringup:/home/jake/ros2_iron/install/robot_state_publisher:/home/jake/ros2_iron/install/kdl_parser:/home/jake/ros2_iron/install/urdf:/home/jake/ros2_iron/install/urdfdom:/home/jake/ros2_iron/install/urdf_parser_plugin:/home/jake/ros2_iron/install/urdfdom_headers:/home/jake/ros2_iron/install/turtlesim:/home/jake/ros2_iron/install/trajectory_msgs:/home/jake/ros2_iron/install/topic_statistics_demo:/home/jake/ros2_iron/install/pendulum_control:/home/jake/ros2_iron/install/tlsf_cpp:/home/jake/ros2_iron/install/geometry2:/home/jake/ros2_iron/install/tf2_sensor_msgs:/home/jake/ros2_iron/install/test_tf2:/home/jake/ros2_iron/install/tf2_kdl:/home/jake/ros2_iron/install/tf2_geometry_msgs:/home/jake/ros2_iron/install/tf2_eigen:/home/jake/ros2_iron/install/tf2_bullet:/home/jake/ros2_iron/install/tf2_ros:/home/jake/ros2_iron/install/tf2_py:/home/jake/ros2_iron/install/tf2_msgs:/home/jake/ros2_iron/install/tf2_eigen_kdl:/home/jake/ros2_iron/install/laser_geometry:/home/jake/ros2_iron/install/tf2:/home/jake/ros2_iron/install/test_tracetools:/home/jake/ros2_iron/install/test_msgs:/home/jake/ros2_iron/install/test_communication:/home/jake/ros2_iron/install/stereo_msgs:/home/jake/ros2_iron/install/std_srvs:/home/jake/ros2_iron/install/shape_msgs:/home/jake/ros2_iron/install/quality_of_service_demo_cpp:/home/jake/ros2_iron/install/map_msgs:/home/jake/ros2_iron/install/intra_process_demo:/home/jake/ros2_iron/install/image_transport:/home/jake/ros2_iron/install/image_tools:/home/jake/ros2_iron/install/dummy_sensors:/home/jake/ros2_iron/install/sensor_msgs:/home/jake/ros2_iron/install/ros2cli_common_extensions:/home/jake/ros2_iron/install/dummy_map_server:/home/jake/ros2_iron/install/nav_msgs:/home/jake/ros2_iron/install/logging_demo:/home/jake/ros2_iron/install/lifecycle:/home/jake/ros2_iron/install/diagnostic_msgs:/home/jake/ros2_iron/install/geometry_msgs:/home/jake/ros2_iron/install/examples_rclcpp_wait_set:/home/jake/ros2_iron/install/examples_rclcpp_multithreaded_executor:/home/jake/ros2_iron/install/examples_rclcpp_minimal_subscriber:/home/jake/ros2_iron/install/examples_rclcpp_minimal_publisher:/home/jake/ros2_iron/install/examples_rclcpp_minimal_composition:/home/jake/ros2_iron/install/examples_rclcpp_cbg_executor:/home/jake/ros2_iron/install/demo_nodes_cpp_native:/home/jake/ros2_iron/install/demo_nodes_cpp:/home/jake/ros2_iron/install/composition:/home/jake/ros2_iron/install/actionlib_msgs:/home/jake/ros2_iron/install/std_msgs:/home/jake/ros2_iron/install/rqt_gui_cpp:/home/jake/ros2_iron/install/rosbag2_test_common:/home/jake/ros2_iron/install/ros2lifecycle_test_fixtures:/home/jake/ros2_iron/install/rclcpp_lifecycle:/home/jake/ros2_iron/install/action_tutorials_cpp:/home/jake/ros2_iron/install/rclcpp_components:/home/jake/ros2_iron/install/examples_rclcpp_minimal_action_server:/home/jake/ros2_iron/install/examples_rclcpp_minimal_action_client:/home/jake/ros2_iron/install/rclcpp_action:/home/jake/ros2_iron/install/message_filters:/home/jake/ros2_iron/install/examples_rclcpp_minimal_timer:/home/jake/ros2_iron/install/examples_rclcpp_minimal_service:/home/jake/ros2_iron/install/examples_rclcpp_minimal_client:/home/jake/ros2_iron/install/examples_rclcpp_async_client:/home/jake/ros2_iron/install/rclcpp:/home/jake/ros2_iron/install/libstatistics_collector:/home/jake/ros2_iron/install/statistics_msgs:/home/jake/ros2_iron/install/sros2_cmake:/home/jake/ros2_iron/install/rqt_py_common:/home/jake/ros2_iron/install/ros_testing:/home/jake/ros2_iron/install/rclpy:/home/jake/ros2_iron/install/rosgraph_msgs:/home/jake/ros2_iron/install/rosbag2_interfaces:/home/jake/ros2_iron/install/ros2cli_test_interfaces:/home/jake/ros2_iron/install/rcl_lifecycle:/home/jake/ros2_iron/install/rcl_action:/home/jake/ros2_iron/install/rcl:/home/jake/ros2_iron/install/rmw_implementation:/home/jake/ros2_iron/install/rmw_fastrtps_dynamic_cpp:/home/jake/ros2_iron/install/rmw_fastrtps_cpp:/home/jake/ros2_iron/install/rmw_fastrtps_shared_cpp:/home/jake/ros2_iron/install/rmw_cyclonedds_cpp:/home/jake/ros2_iron/install/rmw_connextddsmicro:/home/jake/ros2_iron/install/rmw_connextdds:/home/jake/ros2_iron/install/rmw_connextdds_common:/home/jake/ros2_iron/install/rmw_dds_common:/home/jake/ros2_iron/install/composition_interfaces:/home/jake/ros2_iron/install/rcl_interfaces:/home/jake/ros2_iron/install/pendulum_msgs:/home/jake/ros2_iron/install/lifecycle_msgs:/home/jake/ros2_iron/install/example_interfaces:/home/jake/ros2_iron/install/action_tutorials_interfaces:/home/jake/ros2_iron/install/rosidl_default_runtime:/home/jake/ros2_iron/install/rosidl_default_generators:/home/jake/ros2_iron/install/action_msgs:/home/jake/ros2_iron/install/unique_identifier_msgs:/home/jake/ros2_iron/install/ament_lint_common:/home/jake/ros2_iron/install/ament_cmake_uncrustify:/home/jake/ros2_iron/install/uncrustify_vendor:/home/jake/ros2_iron/install/type_description_interfaces:/home/jake/ros2_iron/install/tracetools:/home/jake/ros2_iron/install/tlsf:/home/jake/ros2_iron/install/tinyxml_vendor:/home/jake/ros2_iron/install/qt_gui_core:/home/jake/ros2_iron/install/qt_gui_cpp:/home/jake/ros2_iron/install/pluginlib:/home/jake/ros2_iron/install/tinyxml2_vendor:/home/jake/ros2_iron/install/test_security:/home/jake/ros2_iron/install/test_rmw_implementation:/home/jake/ros2_iron/install/test_rclcpp:/home/jake/ros2_iron/install/test_quality_of_service:/home/jake/ros2_iron/install/test_launch_testing:/home/jake/ros2_iron/install/test_interface_files:/home/jake/ros2_iron/install/test_cli_remapping:/home/jake/ros2_iron/install/test_cli:/home/jake/ros2_iron/install/qt_gui_app:/home/jake/ros2_iron/install/qt_gui:/home/jake/ros2_iron/install/tango_icons_vendor:/home/jake/ros2_iron/install/sqlite3_vendor:/home/jake/ros2_iron/install/rcl_logging_spdlog:/home/jake/ros2_iron/install/spdlog_vendor:/home/jake/ros2_iron/install/shared_queues_vendor:/home/jake/ros2_iron/install/service_msgs:/home/jake/ros2_iron/install/rviz_rendering_tests:/home/jake/ros2_iron/install/rviz_rendering:/home/jake/ros2_iron/install/rviz_ogre_vendor:/home/jake/ros2_iron/install/rviz_assimp_vendor:/home/jake/ros2_iron/install/rttest:/home/jake/ros2_iron/install/rti_connext_dds_cmake_module:/home/jake/ros2_iron/install/builtin_interfaces:/home/jake/ros2_iron/install/rosidl_core_runtime:/home/jake/ros2_iron/install/rosidl_core_generators:/home/jake/ros2_iron/install/rosidl_generator_py:/home/jake/ros2_iron/install/rosidl_typesupport_tests:/home/jake/ros2_iron/install/rosidl_typesupport_introspection_tests:/home/jake/ros2_iron/install/rosidl_typesupport_cpp:/home/jake/ros2_iron/install/rosidl_typesupport_introspection_cpp:/home/jake/ros2_iron/install/rosidl_typesupport_c:/home/jake/ros2_iron/install/rosidl_typesupport_introspection_c:/home/jake/ros2_iron/install/rosidl_typesupport_fastrtps_c:/home/jake/ros2_iron/install/rosidl_typesupport_fastrtps_cpp:/home/jake/ros2_iron/install/rosidl_generator_cpp:/home/jake/ros2_iron/install/rosidl_runtime_cpp:/home/jake/ros2_iron/install/rosidl_dynamic_typesupport_fastrtps:/home/jake/ros2_iron/install/rcl_yaml_param_parser:/home/jake/ros2_iron/install/rmw:/home/jake/ros2_iron/install/rosidl_dynamic_typesupport:/home/jake/ros2_iron/install/rosidl_runtime_c:/home/jake/ros2_iron/install/rosidl_generator_c:/home/jake/ros2_iron/install/rosidl_typesupport_interface:/home/jake/ros2_iron/install/rosidl_generator_dds_idl:/home/jake/ros2_iron/install/rosidl_cmake:/home/jake/ros2_iron/install/rosidl_generator_type_description:/home/jake/ros2_iron/install/rosidl_parser:/home/jake/ros2_iron/install/rosidl_generator_tests:/home/jake/ros2_iron/install/rosidl_adapter:/home/jake/ros2_iron/install/rosbag2_tests:/home/jake/ros2_iron/install/rosbag2_test_msgdefs:/home/jake/ros2_iron/install/ros_environment:/home/jake/ros2_iron/install/rmw_implementation_cmake:/home/jake/ros2_iron/install/resource_retriever:/home/jake/ros2_iron/install/class_loader:/home/jake/ros2_iron/install/rcpputils:/home/jake/ros2_iron/install/rcl_logging_noop:/home/jake/ros2_iron/install/rcl_logging_interface:/home/jake/ros2_iron/install/rcutils:/home/jake/ros2_iron/install/qt_gui_py_common:/home/jake/ros2_iron/install/qt_dotgraph:/home/jake/ros2_iron/install/python_qt_binding:/home/jake/ros2_iron/install/python_orocos_kdl_vendor:/home/jake/ros2_iron/install/launch_testing_ament_cmake:/home/jake/ros2_iron/install/python_cmake_module:/home/jake/ros2_iron/install/pybind11_vendor:/home/jake/ros2_iron/install/performance_test_fixture:/home/jake/ros2_iron/install/osrf_testing_tools_cpp:/home/jake/ros2_iron/install/orocos_kdl_vendor:/home/jake/ros2_iron/install/mimick_vendor:/home/jake/ros2_iron/install/libyaml_vendor:/home/jake/ros2_iron/install/libcurl_vendor:/home/jake/ros2_iron/install/keyboard_handler:/home/jake/ros2_iron/install/iceoryx_introspection:/home/jake/ros2_iron/install/cyclonedds:/home/jake/ros2_iron/install/iceoryx_posh:/home/jake/ros2_iron/install/iceoryx_hoofs:/home/jake/ros2_iron/install/iceoryx_binding_c:/home/jake/ros2_iron/install/ament_cmake_ros:/home/jake/ros2_iron/install/ament_cmake_gmock:/home/jake/ros2_iron/install/gmock_vendor:/home/jake/ros2_iron/install/ament_cmake_auto:/home/jake/ros2_iron/install/ament_cmake_gtest:/home/jake/ros2_iron/install/gtest_vendor:/home/jake/ros2_iron/install/ament_cmake_google_benchmark:/home/jake/ros2_iron/install/google_benchmark_vendor:/home/jake/ros2_iron/install/fastrtps:/home/jake/ros2_iron/install/foonathan_memory_vendor:/home/jake/ros2_iron/install/fastrtps_cmake_module:/home/jake/ros2_iron/install/fastcdr:/home/jake/ros2_iron/install/eigen3_cmake_module:/home/jake/ros2_iron/install/console_bridge_vendor:/home/jake/ros2_iron/install/ament_cmake_xmllint:/home/jake/ros2_iron/install/ament_cmake_pyflakes:/home/jake/ros2_iron/install/ament_cmake_pycodestyle:/home/jake/ros2_iron/install/ament_cmake_pep257:/home/jake/ros2_iron/install/ament_cmake_pclint:/home/jake/ros2_iron/install/ament_lint_auto:/home/jake/ros2_iron/install/ament_cmake:/home/jake/ros2_iron/install/ament_cmake_version:/home/jake/ros2_iron/install/ament_cmake_vendor_package:/home/jake/ros2_iron/install/ament_cmake_pytest:/home/jake/ros2_iron/install/ament_cmake_mypy:/home/jake/ros2_iron/install/ament_cmake_lint_cmake:/home/jake/ros2_iron/install/ament_cmake_flake8:/home/jake/ros2_iron/install/ament_cmake_cpplint:/home/jake/ros2_iron/install/ament_cmake_cppcheck:/home/jake/ros2_iron/install/ament_cmake_copyright:/home/jake/ros2_iron/install/ament_cmake_clang_tidy:/home/jake/ros2_iron/install/ament_cmake_clang_format:/home/jake/ros2_iron/install/ament_cmake_test:/home/jake/ros2_iron/install/ament_cmake_target_dependencies:/home/jake/ros2_iron/install/ament_cmake_python:/home/jake/ros2_iron/install/ament_cmake_export_dependencies:/home/jake/ros2_iron/install/ament_cmake_libraries:/home/jake/ros2_iron/install/ament_cmake_include_directories:/home/jake/ros2_iron/install/ament_cmake_gen_version_h:/home/jake/ros2_iron/install/ament_cmake_export_targets:/home/jake/ros2_iron/install/ament_cmake_export_link_flags:/home/jake/ros2_iron/install/ament_cmake_export_interfaces:/home/jake/ros2_iron/install/ament_cmake_export_libraries:/home/jake/ros2_iron/install/ament_cmake_export_include_directories:/home/jake/ros2_iron/install/ament_cmake_export_definitions:/home/jake/ros2_iron/install/ament_cmake_core:/home/jake/ros2_iron/install/ament_index_cpp:/home/jake/ros2_iron/install/rqt_bag_plugins:/home/jake/ros2_iron/install/rqt_bag:/home/jake/ros2_iron/install/rosbag2_examples_py:/home/jake/ros2_iron/install/launch_testing_examples:/home/jake/ros2_iron/install/ros2bag:/home/jake/ros2_iron/install/tracetools_test:/home/jake/ros2_iron/install/tracetools_launch:/home/jake/ros2_iron/install/topic_monitor:/home/jake/ros2_iron/install/tf2_tools:/home/jake/ros2_iron/install/examples_tf2_py:/home/jake/ros2_iron/install/tf2_ros_py:/home/jake/ros2_iron/install/examples_rclpy_pointcloud_publisher:/home/jake/ros2_iron/install/sensor_msgs_py:/home/jake/ros2_iron/install/quality_of_service_demo_py:/home/jake/ros2_iron/install/rqt_plot:/home/jake/ros2_iron/install/ros2doctor:/home/jake/ros2_iron/install/lifecycle_py:/home/jake/ros2_iron/install/examples_rclpy_minimal_subscriber:/home/jake/ros2_iron/install/examples_rclpy_minimal_service:/home/jake/ros2_iron/install/examples_rclpy_minimal_publisher:/home/jake/ros2_iron/install/examples_rclpy_minimal_client:/home/jake/ros2_iron/install/examples_rclpy_executors:/home/jake/ros2_iron/install/demo_nodes_py:/home/jake/ros2_iron/install/rqt:/home/jake/ros2_iron/install/ros2component:/home/jake/ros2_iron/install/sros2:/home/jake/ros2_iron/install/rqt_topic:/home/jake/ros2_iron/install/rqt_srv:/home/jake/ros2_iron/install/rqt_shell:/home/jake/ros2_iron/install/rqt_service_caller:/home/jake/ros2_iron/install/rqt_reconfigure:/home/jake/ros2_iron/install/rqt_py_console:/home/jake/ros2_iron/install/rqt_publisher:/home/jake/ros2_iron/install/rqt_action:/home/jake/ros2_iron/install/rqt_msg:/home/jake/ros2_iron/install/rqt_console:/home/jake/ros2_iron/install/rqt_graph:/home/jake/ros2_iron/install/rqt_gui_py:/home/jake/ros2_iron/install/rqt_gui:/home/jake/ros2_iron/install/ros2trace:/home/jake/ros2_iron/install/ros2topic:/home/jake/ros2_iron/install/ros2test:/home/jake/ros2_iron/install/ros2param:/home/jake/ros2_iron/install/ros2lifecycle:/home/jake/ros2_iron/install/ros2service:/home/jake/ros2_iron/install/ros2run:/home/jake/ros2_iron/install/ros2launch:/home/jake/ros2_iron/install/ros2pkg:/home/jake/ros2_iron/install/ros2node:/home/jake/ros2_iron/install/ros2multicast:/home/jake/ros2_iron/install/ros2interface:/home/jake/ros2_iron/install/ros2action:/home/jake/ros2_iron/install/ros2cli:/home/jake/ros2_iron/install/launch_testing_ros:/home/jake/ros2_iron/install/launch_ros:/home/jake/ros2_iron/install/examples_rclpy_minimal_action_server:/home/jake/ros2_iron/install/examples_rclpy_minimal_action_client:/home/jake/ros2_iron/install/examples_rclpy_guard_conditions:/home/jake/ros2_iron/install/action_tutorials_py:/home/jake/ros2_iron/install/ament_uncrustify:/home/jake/ros2_iron/install/tracetools_trace:/home/jake/ros2_iron/install/tracetools_read:/home/jake/ros2_iron/install/test_tracetools_launch:/home/jake/ros2_iron/install/test_ros2trace:/home/jake/ros2_iron/install/test_launch_ros:/home/jake/ros2_iron/install/rpyutils:/home/jake/ros2_iron/install/rosidl_runtime_py:/home/jake/ros2_iron/install/rosidl_pycommon:/home/jake/ros2_iron/install/rosidl_cli:/home/jake/ros2_iron/install/launch_pytest:/home/jake/ros2_iron/install/launch_testing:/home/jake/ros2_iron/install/launch_yaml:/home/jake/ros2_iron/install/launch_xml:/home/jake/ros2_iron/install/launch:/home/jake/ros2_iron/install/osrf_pycommon:/home/jake/ros2_iron/install/domain_coordinator:/home/jake/ros2_iron/install/ament_xmllint:/home/jake/ros2_iron/install/ament_pyflakes:/home/jake/ros2_iron/install/ament_pycodestyle:/home/jake/ros2_iron/install/ament_pep257:/home/jake/ros2_iron/install/ament_pclint:/home/jake/ros2_iron/install/ament_package:/home/jake/ros2_iron/install/ament_mypy:/home/jake/ros2_iron/install/ament_lint_cmake:/home/jake/ros2_iron/install/ament_flake8:/home/jake/ros2_iron/install/ament_copyright:/home/jake/ros2_iron/install/ament_lint:/home/jake/ros2_iron/install/ament_index_python:/home/jake/ros2_iron/install/ament_cpplint:/home/jake/ros2_iron/install/ament_cppcheck:/home/jake/ros2_iron/install/ament_clang_tidy:/home/jake/ros2_iron/install/ament_clang_format:/opt/ros/iron LD_LIBRARY_PATH=/home/jake/moveit2_ws_main/install/moveit_ros_planning/lib:/home/jake/moveit2_ws_main/install/moveit_ros_occupancy_map_monitor/lib:/home/jake/moveit2_ws_main/install/moveit_core/lib:/home/jake/moveit2_ws_main/install/parameter_traits/lib:/home/jake/moveit2_ws_main/install/moveit_msgs/lib:/home/jake/moveit2_ws_main/install/geometric_shapes/lib:${LD_LIBRARY_PATH} PATH=/home/jake/moveit2_ws_main/install/moveit_core/bin:/home/jake/moveit2_ws_main/install/generate_parameter_library_py/bin:${PATH} PYTHONPATH=/home/jake/moveit2_ws_main/install/moveit_msgs/lib/python3.10/site-packages:/home/jake/moveit2_ws_main/install/moveit_configs_utils/lib/python3.10/site-packages:/home/jake/moveit2_ws_main/install/generate_parameter_library_py/lib/python3.10/site-packages:${PYTHONPATH} /usr/bin/cmake /home/jake/moveit2_ws_main/src/moveit2/moveit_kinematics -DCMAKE_BUILD_TYPE=Release -DCMAKE_INSTALL_PREFIX=/home/jake/moveit2_ws_main/install/moveit_kinematics
[0.453s] -- The CXX compiler identification is GNU 11.4.0
[0.485s] -- Detecting CXX compiler ABI info
[0.751s] -- Detecting CXX compiler ABI info - done
[0.764s] -- Check for working CXX compiler: /usr/bin/c++ - skipped
[0.765s] -- Detecting CXX compile features
[0.765s] -- Detecting CXX compile features - done
[0.769s] -- Found moveit_common: 2.11.0 (/home/jake/moveit2_ws_main/install/moveit_common/share/moveit_common/cmake)
[0.817s] -- Found ament_cmake: 2.0.6 (/home/jake/ros2_iron/install/ament_cmake/share/ament_cmake/cmake)
[2.230s] -- Found Python3: /usr/bin/python3.10 (found version "3.10.12") found components: Interpreter 
[3.848s] -- Found class_loader: 2.5.0 (/home/jake/ros2_iron/install/class_loader/share/class_loader/cmake)
[4.043s] -- Found generate_parameter_library: 0.3.7 (/home/jake/moveit2_ws_main/install/generate_parameter_library/share/generate_parameter_library/cmake)
[4.109s] -- Found parameter_traits: 0.3.7 (/home/jake/moveit2_ws_main/install/parameter_traits/share/parameter_traits/cmake)
[4.522s] -- Found rosidl_generator_c: 4.0.1 (/home/jake/ros2_iron/install/rosidl_generator_c/share/rosidl_generator_c/cmake)
[4.653s] -- Found rosidl_generator_cpp: 4.0.1 (/home/jake/ros2_iron/install/rosidl_generator_cpp/share/rosidl_generator_cpp/cmake)
[4.838s] -- Using all available rosidl_typesupport_c: rosidl_typesupport_introspection_c;rosidl_typesupport_fastrtps_c
[4.981s] -- Using all available rosidl_typesupport_cpp: rosidl_typesupport_introspection_cpp;rosidl_typesupport_fastrtps_cpp
[5.619s] -- Found rmw_implementation_cmake: 7.1.0 (/home/jake/ros2_iron/install/rmw_implementation_cmake/share/rmw_implementation_cmake/cmake)
[5.695s] -- Found rmw_fastrtps_cpp: 7.1.4 (/home/jake/ros2_iron/install/rmw_fastrtps_cpp/share/rmw_fastrtps_cpp/cmake)
[6.373s] -- Found OpenSSL: /usr/lib/x86_64-linux-gnu/libcrypto.so (found version "3.0.2")  
[6.520s] -- Found FastRTPS: /home/jake/ros2_iron/install/fastrtps/include  
[6.794s] -- Using RMW implementation 'rmw_fastrtps_cpp' as default
[7.508s] -- Found rclcpp_lifecycle: 21.0.7 (/home/jake/ros2_iron/install/rclcpp_lifecycle/share/rclcpp_lifecycle/cmake)
[7.770s] -- Found kdl_parser: 2.9.0 (/home/jake/ros2_iron/install/kdl_parser/share/kdl_parser/cmake)
[7.947s] -- Found eigen3_cmake_module: 0.2.2 (/home/jake/ros2_iron/install/eigen3_cmake_module/share/eigen3_cmake_module/cmake)
[7.949s] -- Found Eigen3: TRUE (found version "3.4.0") 
[7.949s] -- Ensuring Eigen3 include directory is part of orocos-kdl CMake target
[7.962s] -- Found moveit_core: 2.11.0 (/home/jake/moveit2_ws_main/install/moveit_core/share/moveit_core/cmake)
[9.343s] -- Found Boost: /usr/lib/x86_64-linux-gnu/cmake/Boost-1.74.0/BoostConfig.cmake (found version "1.74.0") found components: chrono date_time filesystem iostreams program_options regex serialization system thread 
[9.850s] -- Found Boost: /usr/lib/x86_64-linux-gnu/cmake/Boost-1.74.0/BoostConfig.cmake (found version "1.74.0") found components: filesystem 
[10.685s] -- library: /usr/lib/x86_64-linux-gnu/libcurl.so
[15.408s] -- Found moveit_ros_planning: 2.11.0 (/home/jake/moveit2_ws_main/install/moveit_ros_planning/share/moveit_ros_planning/cmake)
[15.414s] -- Found Boost: /usr/lib/x86_64-linux-gnu/cmake/Boost-1.74.0/BoostConfig.cmake (found version "1.74.0") found components: system filesystem date_time program_options thread chrono 
[16.792s] -- Found Boost: /usr/lib/x86_64-linux-gnu/cmake/Boost-1.74.0/BoostConfig.cmake (found version "1.74.0") found components: program_options system 
[18.263s] -- Found ament_cmake_gtest: 2.0.6 (/home/jake/ros2_iron/install/ament_cmake_gtest/share/ament_cmake_gtest/cmake)
[18.282s] -- Found ros_testing: 0.5.2 (/home/jake/ros2_iron/install/ros_testing/share/ros_testing/cmake)
[18.326s] -- Found launch_testing_ament_cmake: 2.0.4 (/home/jake/ros2_iron/install/launch_testing_ament_cmake/share/launch_testing_ament_cmake/cmake)
[18.364s] -- Found python_cmake_module: 0.10.2 (/home/jake/ros2_iron/install/python_cmake_module/share/python_cmake_module/cmake)
[18.533s] -- Found PythonInterp: /usr/bin/python3 (found suitable version "3.10.12", minimum required is "3.6") 
[18.578s] -- Found PythonLibs: /usr/lib/x86_64-linux-gnu/libpython3.10.so (found suitable version "3.10.12", minimum required is "3.5") 
[18.578s] -- Using PYTHON_EXECUTABLE: /usr/bin/python3
[18.578s] -- Using PYTHON_INCLUDE_DIRS: /usr/include/python3.10
[18.578s] -- Using PYTHON_LIBRARIES: /usr/lib/x86_64-linux-gnu/libpython3.10.so
[18.728s] -- Found PythonExtra: .so  
[18.731s] -- Found moveit_resources_fanuc_description: 3.0.0 (/home/jake/moveit2_ws_main/install/moveit_resources_fanuc_description/share/moveit_resources_fanuc_description/cmake)
[18.733s] -- Found moveit_resources_fanuc_moveit_config: 3.0.0 (/home/jake/moveit2_ws_main/install/moveit_resources_fanuc_moveit_config/share/moveit_resources_fanuc_moveit_config/cmake)
[18.735s] -- Found moveit_resources_panda_description: 3.0.0 (/home/jake/moveit2_ws_main/install/moveit_resources_panda_description/share/moveit_resources_panda_description/cmake)
[18.736s] -- Found moveit_resources_panda_moveit_config: 3.0.0 (/home/jake/moveit2_ws_main/install/moveit_resources_panda_moveit_config/share/moveit_resources_panda_moveit_config/cmake)
[18.789s] -- Found gtest sources under '/home/jake/ros2_iron/install/gtest_vendor/src/gtest_vendor': C++ tests using 'Google Test' will be built
[18.902s] -- The C compiler identification is GNU 11.4.0
[18.934s] -- Detecting C compiler ABI info
[19.428s] -- Detecting C compiler ABI info - done
[19.493s] -- Check for working C compiler: /usr/bin/cc - skipped
[19.493s] -- Detecting C compile features
[19.494s] -- Detecting C compile features - done
[19.501s] -- Found Threads: TRUE  
[20.437s] -- Configuring done
[21.539s] -- Generating done
[21.557s] -- Build files have been written to: /home/jake/moveit2_ws_main/build/moveit_kinematics
[21.611s] Invoked command in '/home/jake/moveit2_ws_main/build/moveit_kinematics' returned '0': AMENT_PREFIX_PATH=/home/jake/moveit2_ws_main/install/moveit_ros_planning:/home/jake/moveit2_ws_main/install/moveit_ros_occupancy_map_monitor:/home/jake/moveit2_ws_main/install/moveit_core:/home/jake/moveit2_ws_main/install/moveit_resources_panda_moveit_config:/home/jake/moveit2_ws_main/install/moveit_resources_fanuc_moveit_config:/home/jake/moveit2_ws_main/install/generate_parameter_library:/home/jake/moveit2_ws_main/install/parameter_traits:/home/jake/moveit2_ws_main/install/moveit_resources_pr2_description:/home/jake/moveit2_ws_main/install/moveit_resources_panda_description:/home/jake/moveit2_ws_main/install/moveit_resources_fanuc_description:/home/jake/moveit2_ws_main/install/moveit_msgs:/home/jake/moveit2_ws_main/install/moveit_configs_utils:/home/jake/moveit2_ws_main/install/moveit_common:/home/jake/moveit2_ws_main/install/geometric_shapes:/home/jake/moveit2_ws_main/install/generate_parameter_library_py:${AMENT_PREFIX_PATH} CMAKE_PREFIX_PATH=/home/jake/moveit2_ws_main/install/moveit_ros_planning:/home/jake/moveit2_ws_main/install/moveit_ros_occupancy_map_monitor:/home/jake/moveit2_ws_main/install/moveit_core:/home/jake/moveit2_ws_main/install/moveit_resources_panda_moveit_config:/home/jake/moveit2_ws_main/install/moveit_resources_fanuc_moveit_config:/home/jake/moveit2_ws_main/install/generate_parameter_library:/home/jake/moveit2_ws_main/install/parameter_traits:/home/jake/moveit2_ws_main/install/moveit_resources_pr2_description:/home/jake/moveit2_ws_main/install/moveit_resources_panda_description:/home/jake/moveit2_ws_main/install/moveit_resources_fanuc_description:/home/jake/moveit2_ws_main/install/moveit_msgs:/home/jake/moveit2_ws_main/install/moveit_common:/home/jake/moveit2_ws_main/install/geometric_shapes:/home/jake/ros2_iron/install/rosbag2:/home/jake/ros2_iron/install/rosbag2_storage_default_plugins:/home/jake/ros2_iron/install/rosbag2_storage_mcap:/home/jake/ros2_iron/install/rosbag2_compression_zstd:/home/jake/ros2_iron/install/mcap_vendor:/home/jake/ros2_iron/install/zstd_vendor:/home/jake/ros2_iron/install/rviz_visual_testing_framework:/home/jake/ros2_iron/install/rviz2:/home/jake/ros2_iron/install/rviz_default_plugins:/home/jake/ros2_iron/install/rviz_common:/home/jake/ros2_iron/install/rosbag2_py:/home/jake/ros2_iron/install/rosbag2_transport:/home/jake/ros2_iron/install/rosbag2_storage_sqlite3:/home/jake/ros2_iron/install/rosbag2_examples_cpp:/home/jake/ros2_iron/install/rosbag2_compression:/home/jake/ros2_iron/install/rosbag2_cpp:/home/jake/ros2_iron/install/rosbag2_storage:/home/jake/ros2_iron/install/image_common:/home/jake/ros2_iron/install/camera_info_manager:/home/jake/ros2_iron/install/camera_calibration_parsers:/home/jake/ros2_iron/install/yaml_cpp_vendor:/home/jake/ros2_iron/install/interactive_markers:/home/jake/ros2_iron/install/common_interfaces:/home/jake/ros2_iron/install/visualization_msgs:/home/jake/ros2_iron/install/dummy_robot_bringup:/home/jake/ros2_iron/install/robot_state_publisher:/home/jake/ros2_iron/install/kdl_parser:/home/jake/ros2_iron/install/urdf:/home/jake/ros2_iron/install/urdfdom:/home/jake/ros2_iron/install/urdf_parser_plugin:/home/jake/ros2_iron/install/urdfdom_headers:/home/jake/ros2_iron/install/turtlesim:/home/jake/ros2_iron/install/trajectory_msgs:/home/jake/ros2_iron/install/topic_statistics_demo:/home/jake/ros2_iron/install/pendulum_control:/home/jake/ros2_iron/install/tlsf_cpp:/home/jake/ros2_iron/install/geometry2:/home/jake/ros2_iron/install/tf2_sensor_msgs:/home/jake/ros2_iron/install/test_tf2:/home/jake/ros2_iron/install/tf2_kdl:/home/jake/ros2_iron/install/tf2_geometry_msgs:/home/jake/ros2_iron/install/tf2_eigen:/home/jake/ros2_iron/install/tf2_bullet:/home/jake/ros2_iron/install/tf2_ros:/home/jake/ros2_iron/install/tf2_py:/home/jake/ros2_iron/install/tf2_msgs:/home/jake/ros2_iron/install/tf2_eigen_kdl:/home/jake/ros2_iron/install/laser_geometry:/home/jake/ros2_iron/install/tf2:/home/jake/ros2_iron/install/test_tracetools:/home/jake/ros2_iron/install/test_msgs:/home/jake/ros2_iron/install/test_communication:/home/jake/ros2_iron/install/stereo_msgs:/home/jake/ros2_iron/install/std_srvs:/home/jake/ros2_iron/install/shape_msgs:/home/jake/ros2_iron/install/quality_of_service_demo_cpp:/home/jake/ros2_iron/install/map_msgs:/home/jake/ros2_iron/install/intra_process_demo:/home/jake/ros2_iron/install/image_transport:/home/jake/ros2_iron/install/image_tools:/home/jake/ros2_iron/install/dummy_sensors:/home/jake/ros2_iron/install/sensor_msgs:/home/jake/ros2_iron/install/ros2cli_common_extensions:/home/jake/ros2_iron/install/dummy_map_server:/home/jake/ros2_iron/install/nav_msgs:/home/jake/ros2_iron/install/logging_demo:/home/jake/ros2_iron/install/lifecycle:/home/jake/ros2_iron/install/diagnostic_msgs:/home/jake/ros2_iron/install/geometry_msgs:/home/jake/ros2_iron/install/examples_rclcpp_wait_set:/home/jake/ros2_iron/install/examples_rclcpp_multithreaded_executor:/home/jake/ros2_iron/install/examples_rclcpp_minimal_subscriber:/home/jake/ros2_iron/install/examples_rclcpp_minimal_publisher:/home/jake/ros2_iron/install/examples_rclcpp_minimal_composition:/home/jake/ros2_iron/install/examples_rclcpp_cbg_executor:/home/jake/ros2_iron/install/demo_nodes_cpp_native:/home/jake/ros2_iron/install/demo_nodes_cpp:/home/jake/ros2_iron/install/composition:/home/jake/ros2_iron/install/actionlib_msgs:/home/jake/ros2_iron/install/std_msgs:/home/jake/ros2_iron/install/rqt_gui_cpp:/home/jake/ros2_iron/install/rosbag2_test_common:/home/jake/ros2_iron/install/ros2lifecycle_test_fixtures:/home/jake/ros2_iron/install/rclcpp_lifecycle:/home/jake/ros2_iron/install/action_tutorials_cpp:/home/jake/ros2_iron/install/rclcpp_components:/home/jake/ros2_iron/install/examples_rclcpp_minimal_action_server:/home/jake/ros2_iron/install/examples_rclcpp_minimal_action_client:/home/jake/ros2_iron/install/rclcpp_action:/home/jake/ros2_iron/install/message_filters:/home/jake/ros2_iron/install/examples_rclcpp_minimal_timer:/home/jake/ros2_iron/install/examples_rclcpp_minimal_service:/home/jake/ros2_iron/install/examples_rclcpp_minimal_client:/home/jake/ros2_iron/install/examples_rclcpp_async_client:/home/jake/ros2_iron/install/rclcpp:/home/jake/ros2_iron/install/libstatistics_collector:/home/jake/ros2_iron/install/statistics_msgs:/home/jake/ros2_iron/install/sros2_cmake:/home/jake/ros2_iron/install/rqt_py_common:/home/jake/ros2_iron/install/ros_testing:/home/jake/ros2_iron/install/rclpy:/home/jake/ros2_iron/install/rosgraph_msgs:/home/jake/ros2_iron/install/rosbag2_interfaces:/home/jake/ros2_iron/install/ros2cli_test_interfaces:/home/jake/ros2_iron/install/rcl_lifecycle:/home/jake/ros2_iron/install/rcl_action:/home/jake/ros2_iron/install/rcl:/home/jake/ros2_iron/install/rmw_implementation:/home/jake/ros2_iron/install/rmw_fastrtps_dynamic_cpp:/home/jake/ros2_iron/install/rmw_fastrtps_cpp:/home/jake/ros2_iron/install/rmw_fastrtps_shared_cpp:/home/jake/ros2_iron/install/rmw_cyclonedds_cpp:/home/jake/ros2_iron/install/rmw_connextddsmicro:/home/jake/ros2_iron/install/rmw_connextdds:/home/jake/ros2_iron/install/rmw_connextdds_common:/home/jake/ros2_iron/install/rmw_dds_common:/home/jake/ros2_iron/install/composition_interfaces:/home/jake/ros2_iron/install/rcl_interfaces:/home/jake/ros2_iron/install/pendulum_msgs:/home/jake/ros2_iron/install/lifecycle_msgs:/home/jake/ros2_iron/install/example_interfaces:/home/jake/ros2_iron/install/action_tutorials_interfaces:/home/jake/ros2_iron/install/rosidl_default_runtime:/home/jake/ros2_iron/install/rosidl_default_generators:/home/jake/ros2_iron/install/action_msgs:/home/jake/ros2_iron/install/unique_identifier_msgs:/home/jake/ros2_iron/install/ament_lint_common:/home/jake/ros2_iron/install/ament_cmake_uncrustify:/home/jake/ros2_iron/install/uncrustify_vendor:/home/jake/ros2_iron/install/type_description_interfaces:/home/jake/ros2_iron/install/tracetools:/home/jake/ros2_iron/install/tlsf:/home/jake/ros2_iron/install/tinyxml_vendor:/home/jake/ros2_iron/install/qt_gui_core:/home/jake/ros2_iron/install/qt_gui_cpp:/home/jake/ros2_iron/install/pluginlib:/home/jake/ros2_iron/install/tinyxml2_vendor:/home/jake/ros2_iron/install/test_security:/home/jake/ros2_iron/install/test_rmw_implementation:/home/jake/ros2_iron/install/test_rclcpp:/home/jake/ros2_iron/install/test_quality_of_service:/home/jake/ros2_iron/install/test_launch_testing:/home/jake/ros2_iron/install/test_interface_files:/home/jake/ros2_iron/install/test_cli_remapping:/home/jake/ros2_iron/install/test_cli:/home/jake/ros2_iron/install/qt_gui_app:/home/jake/ros2_iron/install/qt_gui:/home/jake/ros2_iron/install/tango_icons_vendor:/home/jake/ros2_iron/install/sqlite3_vendor:/home/jake/ros2_iron/install/rcl_logging_spdlog:/home/jake/ros2_iron/install/spdlog_vendor:/home/jake/ros2_iron/install/shared_queues_vendor:/home/jake/ros2_iron/install/service_msgs:/home/jake/ros2_iron/install/rviz_rendering_tests:/home/jake/ros2_iron/install/rviz_rendering:/home/jake/ros2_iron/install/rviz_ogre_vendor:/home/jake/ros2_iron/install/rviz_assimp_vendor:/home/jake/ros2_iron/install/rttest:/home/jake/ros2_iron/install/rti_connext_dds_cmake_module:/home/jake/ros2_iron/install/builtin_interfaces:/home/jake/ros2_iron/install/rosidl_core_runtime:/home/jake/ros2_iron/install/rosidl_core_generators:/home/jake/ros2_iron/install/rosidl_generator_py:/home/jake/ros2_iron/install/rosidl_typesupport_tests:/home/jake/ros2_iron/install/rosidl_typesupport_introspection_tests:/home/jake/ros2_iron/install/rosidl_typesupport_cpp:/home/jake/ros2_iron/install/rosidl_typesupport_introspection_cpp:/home/jake/ros2_iron/install/rosidl_typesupport_c:/home/jake/ros2_iron/install/rosidl_typesupport_introspection_c:/home/jake/ros2_iron/install/rosidl_typesupport_fastrtps_c:/home/jake/ros2_iron/install/rosidl_typesupport_fastrtps_cpp:/home/jake/ros2_iron/install/rosidl_generator_cpp:/home/jake/ros2_iron/install/rosidl_runtime_cpp:/home/jake/ros2_iron/install/rosidl_dynamic_typesupport_fastrtps:/home/jake/ros2_iron/install/rcl_yaml_param_parser:/home/jake/ros2_iron/install/rmw:/home/jake/ros2_iron/install/rosidl_dynamic_typesupport:/home/jake/ros2_iron/install/rosidl_runtime_c:/home/jake/ros2_iron/install/rosidl_generator_c:/home/jake/ros2_iron/install/rosidl_typesupport_interface:/home/jake/ros2_iron/install/rosidl_generator_dds_idl:/home/jake/ros2_iron/install/rosidl_cmake:/home/jake/ros2_iron/install/rosidl_generator_type_description:/home/jake/ros2_iron/install/rosidl_parser:/home/jake/ros2_iron/install/rosidl_generator_tests:/home/jake/ros2_iron/install/rosidl_adapter:/home/jake/ros2_iron/install/rosbag2_tests:/home/jake/ros2_iron/install/rosbag2_test_msgdefs:/home/jake/ros2_iron/install/ros_environment:/home/jake/ros2_iron/install/rmw_implementation_cmake:/home/jake/ros2_iron/install/resource_retriever:/home/jake/ros2_iron/install/class_loader:/home/jake/ros2_iron/install/rcpputils:/home/jake/ros2_iron/install/rcl_logging_noop:/home/jake/ros2_iron/install/rcl_logging_interface:/home/jake/ros2_iron/install/rcutils:/home/jake/ros2_iron/install/qt_gui_py_common:/home/jake/ros2_iron/install/qt_dotgraph:/home/jake/ros2_iron/install/python_qt_binding:/home/jake/ros2_iron/install/python_orocos_kdl_vendor:/home/jake/ros2_iron/install/launch_testing_ament_cmake:/home/jake/ros2_iron/install/python_cmake_module:/home/jake/ros2_iron/install/pybind11_vendor:/home/jake/ros2_iron/install/performance_test_fixture:/home/jake/ros2_iron/install/osrf_testing_tools_cpp:/home/jake/ros2_iron/install/orocos_kdl_vendor:/home/jake/ros2_iron/install/mimick_vendor:/home/jake/ros2_iron/install/libyaml_vendor:/home/jake/ros2_iron/install/libcurl_vendor:/home/jake/ros2_iron/install/keyboard_handler:/home/jake/ros2_iron/install/iceoryx_introspection:/home/jake/ros2_iron/install/cyclonedds:/home/jake/ros2_iron/install/iceoryx_posh:/home/jake/ros2_iron/install/iceoryx_hoofs:/home/jake/ros2_iron/install/iceoryx_binding_c:/home/jake/ros2_iron/install/ament_cmake_ros:/home/jake/ros2_iron/install/ament_cmake_gmock:/home/jake/ros2_iron/install/gmock_vendor:/home/jake/ros2_iron/install/ament_cmake_auto:/home/jake/ros2_iron/install/ament_cmake_gtest:/home/jake/ros2_iron/install/gtest_vendor:/home/jake/ros2_iron/install/ament_cmake_google_benchmark:/home/jake/ros2_iron/install/google_benchmark_vendor:/home/jake/ros2_iron/install/fastrtps:/home/jake/ros2_iron/install/foonathan_memory_vendor:/home/jake/ros2_iron/install/fastrtps_cmake_module:/home/jake/ros2_iron/install/fastcdr:/home/jake/ros2_iron/install/eigen3_cmake_module:/home/jake/ros2_iron/install/console_bridge_vendor:/home/jake/ros2_iron/install/ament_cmake_xmllint:/home/jake/ros2_iron/install/ament_cmake_pyflakes:/home/jake/ros2_iron/install/ament_cmake_pycodestyle:/home/jake/ros2_iron/install/ament_cmake_pep257:/home/jake/ros2_iron/install/ament_cmake_pclint:/home/jake/ros2_iron/install/ament_lint_auto:/home/jake/ros2_iron/install/ament_cmake:/home/jake/ros2_iron/install/ament_cmake_version:/home/jake/ros2_iron/install/ament_cmake_vendor_package:/home/jake/ros2_iron/install/ament_cmake_pytest:/home/jake/ros2_iron/install/ament_cmake_mypy:/home/jake/ros2_iron/install/ament_cmake_lint_cmake:/home/jake/ros2_iron/install/ament_cmake_flake8:/home/jake/ros2_iron/install/ament_cmake_cpplint:/home/jake/ros2_iron/install/ament_cmake_cppcheck:/home/jake/ros2_iron/install/ament_cmake_copyright:/home/jake/ros2_iron/install/ament_cmake_clang_tidy:/home/jake/ros2_iron/install/ament_cmake_clang_format:/home/jake/ros2_iron/install/ament_cmake_test:/home/jake/ros2_iron/install/ament_cmake_target_dependencies:/home/jake/ros2_iron/install/ament_cmake_python:/home/jake/ros2_iron/install/ament_cmake_export_dependencies:/home/jake/ros2_iron/install/ament_cmake_libraries:/home/jake/ros2_iron/install/ament_cmake_include_directories:/home/jake/ros2_iron/install/ament_cmake_gen_version_h:/home/jake/ros2_iron/install/ament_cmake_export_targets:/home/jake/ros2_iron/install/ament_cmake_export_link_flags:/home/jake/ros2_iron/install/ament_cmake_export_interfaces:/home/jake/ros2_iron/install/ament_cmake_export_libraries:/home/jake/ros2_iron/install/ament_cmake_export_include_directories:/home/jake/ros2_iron/install/ament_cmake_export_definitions:/home/jake/ros2_iron/install/ament_cmake_core:/home/jake/ros2_iron/install/ament_index_cpp:/home/jake/ros2_iron/install/rqt_bag_plugins:/home/jake/ros2_iron/install/rqt_bag:/home/jake/ros2_iron/install/rosbag2_examples_py:/home/jake/ros2_iron/install/launch_testing_examples:/home/jake/ros2_iron/install/ros2bag:/home/jake/ros2_iron/install/tracetools_test:/home/jake/ros2_iron/install/tracetools_launch:/home/jake/ros2_iron/install/topic_monitor:/home/jake/ros2_iron/install/tf2_tools:/home/jake/ros2_iron/install/examples_tf2_py:/home/jake/ros2_iron/install/tf2_ros_py:/home/jake/ros2_iron/install/examples_rclpy_pointcloud_publisher:/home/jake/ros2_iron/install/sensor_msgs_py:/home/jake/ros2_iron/install/quality_of_service_demo_py:/home/jake/ros2_iron/install/rqt_plot:/home/jake/ros2_iron/install/ros2doctor:/home/jake/ros2_iron/install/lifecycle_py:/home/jake/ros2_iron/install/examples_rclpy_minimal_subscriber:/home/jake/ros2_iron/install/examples_rclpy_minimal_service:/home/jake/ros2_iron/install/examples_rclpy_minimal_publisher:/home/jake/ros2_iron/install/examples_rclpy_minimal_client:/home/jake/ros2_iron/install/examples_rclpy_executors:/home/jake/ros2_iron/install/demo_nodes_py:/home/jake/ros2_iron/install/rqt:/home/jake/ros2_iron/install/ros2component:/home/jake/ros2_iron/install/sros2:/home/jake/ros2_iron/install/rqt_topic:/home/jake/ros2_iron/install/rqt_srv:/home/jake/ros2_iron/install/rqt_shell:/home/jake/ros2_iron/install/rqt_service_caller:/home/jake/ros2_iron/install/rqt_reconfigure:/home/jake/ros2_iron/install/rqt_py_console:/home/jake/ros2_iron/install/rqt_publisher:/home/jake/ros2_iron/install/rqt_action:/home/jake/ros2_iron/install/rqt_msg:/home/jake/ros2_iron/install/rqt_console:/home/jake/ros2_iron/install/rqt_graph:/home/jake/ros2_iron/install/rqt_gui_py:/home/jake/ros2_iron/install/rqt_gui:/home/jake/ros2_iron/install/ros2trace:/home/jake/ros2_iron/install/ros2topic:/home/jake/ros2_iron/install/ros2test:/home/jake/ros2_iron/install/ros2param:/home/jake/ros2_iron/install/ros2lifecycle:/home/jake/ros2_iron/install/ros2service:/home/jake/ros2_iron/install/ros2run:/home/jake/ros2_iron/install/ros2launch:/home/jake/ros2_iron/install/ros2pkg:/home/jake/ros2_iron/install/ros2node:/home/jake/ros2_iron/install/ros2multicast:/home/jake/ros2_iron/install/ros2interface:/home/jake/ros2_iron/install/ros2action:/home/jake/ros2_iron/install/ros2cli:/home/jake/ros2_iron/install/launch_testing_ros:/home/jake/ros2_iron/install/launch_ros:/home/jake/ros2_iron/install/examples_rclpy_minimal_action_server:/home/jake/ros2_iron/install/examples_rclpy_minimal_action_client:/home/jake/ros2_iron/install/examples_rclpy_guard_conditions:/home/jake/ros2_iron/install/action_tutorials_py:/home/jake/ros2_iron/install/ament_uncrustify:/home/jake/ros2_iron/install/tracetools_trace:/home/jake/ros2_iron/install/tracetools_read:/home/jake/ros2_iron/install/test_tracetools_launch:/home/jake/ros2_iron/install/test_ros2trace:/home/jake/ros2_iron/install/test_launch_ros:/home/jake/ros2_iron/install/rpyutils:/home/jake/ros2_iron/install/rosidl_runtime_py:/home/jake/ros2_iron/install/rosidl_pycommon:/home/jake/ros2_iron/install/rosidl_cli:/home/jake/ros2_iron/install/launch_pytest:/home/jake/ros2_iron/install/launch_testing:/home/jake/ros2_iron/install/launch_yaml:/home/jake/ros2_iron/install/launch_xml:/home/jake/ros2_iron/install/launch:/home/jake/ros2_iron/install/osrf_pycommon:/home/jake/ros2_iron/install/domain_coordinator:/home/jake/ros2_iron/install/ament_xmllint:/home/jake/ros2_iron/install/ament_pyflakes:/home/jake/ros2_iron/install/ament_pycodestyle:/home/jake/ros2_iron/install/ament_pep257:/home/jake/ros2_iron/install/ament_pclint:/home/jake/ros2_iron/install/ament_package:/home/jake/ros2_iron/install/ament_mypy:/home/jake/ros2_iron/install/ament_lint_cmake:/home/jake/ros2_iron/install/ament_flake8:/home/jake/ros2_iron/install/ament_copyright:/home/jake/ros2_iron/install/ament_lint:/home/jake/ros2_iron/install/ament_index_python:/home/jake/ros2_iron/install/ament_cpplint:/home/jake/ros2_iron/install/ament_cppcheck:/home/jake/ros2_iron/install/ament_clang_tidy:/home/jake/ros2_iron/install/ament_clang_format:/opt/ros/iron LD_LIBRARY_PATH=/home/jake/moveit2_ws_main/install/moveit_ros_planning/lib:/home/jake/moveit2_ws_main/install/moveit_ros_occupancy_map_monitor/lib:/home/jake/moveit2_ws_main/install/moveit_core/lib:/home/jake/moveit2_ws_main/install/parameter_traits/lib:/home/jake/moveit2_ws_main/install/moveit_msgs/lib:/home/jake/moveit2_ws_main/install/geometric_shapes/lib:${LD_LIBRARY_PATH} PATH=/home/jake/moveit2_ws_main/install/moveit_core/bin:/home/jake/moveit2_ws_main/install/generate_parameter_library_py/bin:${PATH} PYTHONPATH=/home/jake/moveit2_ws_main/install/moveit_msgs/lib/python3.10/site-packages:/home/jake/moveit2_ws_main/install/moveit_configs_utils/lib/python3.10/site-packages:/home/jake/moveit2_ws_main/install/generate_parameter_library_py/lib/python3.10/site-packages:${PYTHONPATH} /usr/bin/cmake /home/jake/moveit2_ws_main/src/moveit2/moveit_kinematics -DCMAKE_BUILD_TYPE=Release -DCMAKE_INSTALL_PREFIX=/home/jake/moveit2_ws_main/install/moveit_kinematics
[21.623s] Invoking command in '/home/jake/moveit2_ws_main/build/moveit_kinematics': AMENT_PREFIX_PATH=/home/jake/moveit2_ws_main/install/moveit_ros_planning:/home/jake/moveit2_ws_main/install/moveit_ros_occupancy_map_monitor:/home/jake/moveit2_ws_main/install/moveit_core:/home/jake/moveit2_ws_main/install/moveit_resources_panda_moveit_config:/home/jake/moveit2_ws_main/install/moveit_resources_fanuc_moveit_config:/home/jake/moveit2_ws_main/install/generate_parameter_library:/home/jake/moveit2_ws_main/install/parameter_traits:/home/jake/moveit2_ws_main/install/moveit_resources_pr2_description:/home/jake/moveit2_ws_main/install/moveit_resources_panda_description:/home/jake/moveit2_ws_main/install/moveit_resources_fanuc_description:/home/jake/moveit2_ws_main/install/moveit_msgs:/home/jake/moveit2_ws_main/install/moveit_configs_utils:/home/jake/moveit2_ws_main/install/moveit_common:/home/jake/moveit2_ws_main/install/geometric_shapes:/home/jake/moveit2_ws_main/install/generate_parameter_library_py:${AMENT_PREFIX_PATH} CMAKE_PREFIX_PATH=/home/jake/moveit2_ws_main/install/moveit_ros_planning:/home/jake/moveit2_ws_main/install/moveit_ros_occupancy_map_monitor:/home/jake/moveit2_ws_main/install/moveit_core:/home/jake/moveit2_ws_main/install/moveit_resources_panda_moveit_config:/home/jake/moveit2_ws_main/install/moveit_resources_fanuc_moveit_config:/home/jake/moveit2_ws_main/install/generate_parameter_library:/home/jake/moveit2_ws_main/install/parameter_traits:/home/jake/moveit2_ws_main/install/moveit_resources_pr2_description:/home/jake/moveit2_ws_main/install/moveit_resources_panda_description:/home/jake/moveit2_ws_main/install/moveit_resources_fanuc_description:/home/jake/moveit2_ws_main/install/moveit_msgs:/home/jake/moveit2_ws_main/install/moveit_common:/home/jake/moveit2_ws_main/install/geometric_shapes:/home/jake/ros2_iron/install/rosbag2:/home/jake/ros2_iron/install/rosbag2_storage_default_plugins:/home/jake/ros2_iron/install/rosbag2_storage_mcap:/home/jake/ros2_iron/install/rosbag2_compression_zstd:/home/jake/ros2_iron/install/mcap_vendor:/home/jake/ros2_iron/install/zstd_vendor:/home/jake/ros2_iron/install/rviz_visual_testing_framework:/home/jake/ros2_iron/install/rviz2:/home/jake/ros2_iron/install/rviz_default_plugins:/home/jake/ros2_iron/install/rviz_common:/home/jake/ros2_iron/install/rosbag2_py:/home/jake/ros2_iron/install/rosbag2_transport:/home/jake/ros2_iron/install/rosbag2_storage_sqlite3:/home/jake/ros2_iron/install/rosbag2_examples_cpp:/home/jake/ros2_iron/install/rosbag2_compression:/home/jake/ros2_iron/install/rosbag2_cpp:/home/jake/ros2_iron/install/rosbag2_storage:/home/jake/ros2_iron/install/image_common:/home/jake/ros2_iron/install/camera_info_manager:/home/jake/ros2_iron/install/camera_calibration_parsers:/home/jake/ros2_iron/install/yaml_cpp_vendor:/home/jake/ros2_iron/install/interactive_markers:/home/jake/ros2_iron/install/common_interfaces:/home/jake/ros2_iron/install/visualization_msgs:/home/jake/ros2_iron/install/dummy_robot_bringup:/home/jake/ros2_iron/install/robot_state_publisher:/home/jake/ros2_iron/install/kdl_parser:/home/jake/ros2_iron/install/urdf:/home/jake/ros2_iron/install/urdfdom:/home/jake/ros2_iron/install/urdf_parser_plugin:/home/jake/ros2_iron/install/urdfdom_headers:/home/jake/ros2_iron/install/turtlesim:/home/jake/ros2_iron/install/trajectory_msgs:/home/jake/ros2_iron/install/topic_statistics_demo:/home/jake/ros2_iron/install/pendulum_control:/home/jake/ros2_iron/install/tlsf_cpp:/home/jake/ros2_iron/install/geometry2:/home/jake/ros2_iron/install/tf2_sensor_msgs:/home/jake/ros2_iron/install/test_tf2:/home/jake/ros2_iron/install/tf2_kdl:/home/jake/ros2_iron/install/tf2_geometry_msgs:/home/jake/ros2_iron/install/tf2_eigen:/home/jake/ros2_iron/install/tf2_bullet:/home/jake/ros2_iron/install/tf2_ros:/home/jake/ros2_iron/install/tf2_py:/home/jake/ros2_iron/install/tf2_msgs:/home/jake/ros2_iron/install/tf2_eigen_kdl:/home/jake/ros2_iron/install/laser_geometry:/home/jake/ros2_iron/install/tf2:/home/jake/ros2_iron/install/test_tracetools:/home/jake/ros2_iron/install/test_msgs:/home/jake/ros2_iron/install/test_communication:/home/jake/ros2_iron/install/stereo_msgs:/home/jake/ros2_iron/install/std_srvs:/home/jake/ros2_iron/install/shape_msgs:/home/jake/ros2_iron/install/quality_of_service_demo_cpp:/home/jake/ros2_iron/install/map_msgs:/home/jake/ros2_iron/install/intra_process_demo:/home/jake/ros2_iron/install/image_transport:/home/jake/ros2_iron/install/image_tools:/home/jake/ros2_iron/install/dummy_sensors:/home/jake/ros2_iron/install/sensor_msgs:/home/jake/ros2_iron/install/ros2cli_common_extensions:/home/jake/ros2_iron/install/dummy_map_server:/home/jake/ros2_iron/install/nav_msgs:/home/jake/ros2_iron/install/logging_demo:/home/jake/ros2_iron/install/lifecycle:/home/jake/ros2_iron/install/diagnostic_msgs:/home/jake/ros2_iron/install/geometry_msgs:/home/jake/ros2_iron/install/examples_rclcpp_wait_set:/home/jake/ros2_iron/install/examples_rclcpp_multithreaded_executor:/home/jake/ros2_iron/install/examples_rclcpp_minimal_subscriber:/home/jake/ros2_iron/install/examples_rclcpp_minimal_publisher:/home/jake/ros2_iron/install/examples_rclcpp_minimal_composition:/home/jake/ros2_iron/install/examples_rclcpp_cbg_executor:/home/jake/ros2_iron/install/demo_nodes_cpp_native:/home/jake/ros2_iron/install/demo_nodes_cpp:/home/jake/ros2_iron/install/composition:/home/jake/ros2_iron/install/actionlib_msgs:/home/jake/ros2_iron/install/std_msgs:/home/jake/ros2_iron/install/rqt_gui_cpp:/home/jake/ros2_iron/install/rosbag2_test_common:/home/jake/ros2_iron/install/ros2lifecycle_test_fixtures:/home/jake/ros2_iron/install/rclcpp_lifecycle:/home/jake/ros2_iron/install/action_tutorials_cpp:/home/jake/ros2_iron/install/rclcpp_components:/home/jake/ros2_iron/install/examples_rclcpp_minimal_action_server:/home/jake/ros2_iron/install/examples_rclcpp_minimal_action_client:/home/jake/ros2_iron/install/rclcpp_action:/home/jake/ros2_iron/install/message_filters:/home/jake/ros2_iron/install/examples_rclcpp_minimal_timer:/home/jake/ros2_iron/install/examples_rclcpp_minimal_service:/home/jake/ros2_iron/install/examples_rclcpp_minimal_client:/home/jake/ros2_iron/install/examples_rclcpp_async_client:/home/jake/ros2_iron/install/rclcpp:/home/jake/ros2_iron/install/libstatistics_collector:/home/jake/ros2_iron/install/statistics_msgs:/home/jake/ros2_iron/install/sros2_cmake:/home/jake/ros2_iron/install/rqt_py_common:/home/jake/ros2_iron/install/ros_testing:/home/jake/ros2_iron/install/rclpy:/home/jake/ros2_iron/install/rosgraph_msgs:/home/jake/ros2_iron/install/rosbag2_interfaces:/home/jake/ros2_iron/install/ros2cli_test_interfaces:/home/jake/ros2_iron/install/rcl_lifecycle:/home/jake/ros2_iron/install/rcl_action:/home/jake/ros2_iron/install/rcl:/home/jake/ros2_iron/install/rmw_implementation:/home/jake/ros2_iron/install/rmw_fastrtps_dynamic_cpp:/home/jake/ros2_iron/install/rmw_fastrtps_cpp:/home/jake/ros2_iron/install/rmw_fastrtps_shared_cpp:/home/jake/ros2_iron/install/rmw_cyclonedds_cpp:/home/jake/ros2_iron/install/rmw_connextddsmicro:/home/jake/ros2_iron/install/rmw_connextdds:/home/jake/ros2_iron/install/rmw_connextdds_common:/home/jake/ros2_iron/install/rmw_dds_common:/home/jake/ros2_iron/install/composition_interfaces:/home/jake/ros2_iron/install/rcl_interfaces:/home/jake/ros2_iron/install/pendulum_msgs:/home/jake/ros2_iron/install/lifecycle_msgs:/home/jake/ros2_iron/install/example_interfaces:/home/jake/ros2_iron/install/action_tutorials_interfaces:/home/jake/ros2_iron/install/rosidl_default_runtime:/home/jake/ros2_iron/install/rosidl_default_generators:/home/jake/ros2_iron/install/action_msgs:/home/jake/ros2_iron/install/unique_identifier_msgs:/home/jake/ros2_iron/install/ament_lint_common:/home/jake/ros2_iron/install/ament_cmake_uncrustify:/home/jake/ros2_iron/install/uncrustify_vendor:/home/jake/ros2_iron/install/type_description_interfaces:/home/jake/ros2_iron/install/tracetools:/home/jake/ros2_iron/install/tlsf:/home/jake/ros2_iron/install/tinyxml_vendor:/home/jake/ros2_iron/install/qt_gui_core:/home/jake/ros2_iron/install/qt_gui_cpp:/home/jake/ros2_iron/install/pluginlib:/home/jake/ros2_iron/install/tinyxml2_vendor:/home/jake/ros2_iron/install/test_security:/home/jake/ros2_iron/install/test_rmw_implementation:/home/jake/ros2_iron/install/test_rclcpp:/home/jake/ros2_iron/install/test_quality_of_service:/home/jake/ros2_iron/install/test_launch_testing:/home/jake/ros2_iron/install/test_interface_files:/home/jake/ros2_iron/install/test_cli_remapping:/home/jake/ros2_iron/install/test_cli:/home/jake/ros2_iron/install/qt_gui_app:/home/jake/ros2_iron/install/qt_gui:/home/jake/ros2_iron/install/tango_icons_vendor:/home/jake/ros2_iron/install/sqlite3_vendor:/home/jake/ros2_iron/install/rcl_logging_spdlog:/home/jake/ros2_iron/install/spdlog_vendor:/home/jake/ros2_iron/install/shared_queues_vendor:/home/jake/ros2_iron/install/service_msgs:/home/jake/ros2_iron/install/rviz_rendering_tests:/home/jake/ros2_iron/install/rviz_rendering:/home/jake/ros2_iron/install/rviz_ogre_vendor:/home/jake/ros2_iron/install/rviz_assimp_vendor:/home/jake/ros2_iron/install/rttest:/home/jake/ros2_iron/install/rti_connext_dds_cmake_module:/home/jake/ros2_iron/install/builtin_interfaces:/home/jake/ros2_iron/install/rosidl_core_runtime:/home/jake/ros2_iron/install/rosidl_core_generators:/home/jake/ros2_iron/install/rosidl_generator_py:/home/jake/ros2_iron/install/rosidl_typesupport_tests:/home/jake/ros2_iron/install/rosidl_typesupport_introspection_tests:/home/jake/ros2_iron/install/rosidl_typesupport_cpp:/home/jake/ros2_iron/install/rosidl_typesupport_introspection_cpp:/home/jake/ros2_iron/install/rosidl_typesupport_c:/home/jake/ros2_iron/install/rosidl_typesupport_introspection_c:/home/jake/ros2_iron/install/rosidl_typesupport_fastrtps_c:/home/jake/ros2_iron/install/rosidl_typesupport_fastrtps_cpp:/home/jake/ros2_iron/install/rosidl_generator_cpp:/home/jake/ros2_iron/install/rosidl_runtime_cpp:/home/jake/ros2_iron/install/rosidl_dynamic_typesupport_fastrtps:/home/jake/ros2_iron/install/rcl_yaml_param_parser:/home/jake/ros2_iron/install/rmw:/home/jake/ros2_iron/install/rosidl_dynamic_typesupport:/home/jake/ros2_iron/install/rosidl_runtime_c:/home/jake/ros2_iron/install/rosidl_generator_c:/home/jake/ros2_iron/install/rosidl_typesupport_interface:/home/jake/ros2_iron/install/rosidl_generator_dds_idl:/home/jake/ros2_iron/install/rosidl_cmake:/home/jake/ros2_iron/install/rosidl_generator_type_description:/home/jake/ros2_iron/install/rosidl_parser:/home/jake/ros2_iron/install/rosidl_generator_tests:/home/jake/ros2_iron/install/rosidl_adapter:/home/jake/ros2_iron/install/rosbag2_tests:/home/jake/ros2_iron/install/rosbag2_test_msgdefs:/home/jake/ros2_iron/install/ros_environment:/home/jake/ros2_iron/install/rmw_implementation_cmake:/home/jake/ros2_iron/install/resource_retriever:/home/jake/ros2_iron/install/class_loader:/home/jake/ros2_iron/install/rcpputils:/home/jake/ros2_iron/install/rcl_logging_noop:/home/jake/ros2_iron/install/rcl_logging_interface:/home/jake/ros2_iron/install/rcutils:/home/jake/ros2_iron/install/qt_gui_py_common:/home/jake/ros2_iron/install/qt_dotgraph:/home/jake/ros2_iron/install/python_qt_binding:/home/jake/ros2_iron/install/python_orocos_kdl_vendor:/home/jake/ros2_iron/install/launch_testing_ament_cmake:/home/jake/ros2_iron/install/python_cmake_module:/home/jake/ros2_iron/install/pybind11_vendor:/home/jake/ros2_iron/install/performance_test_fixture:/home/jake/ros2_iron/install/osrf_testing_tools_cpp:/home/jake/ros2_iron/install/orocos_kdl_vendor:/home/jake/ros2_iron/install/mimick_vendor:/home/jake/ros2_iron/install/libyaml_vendor:/home/jake/ros2_iron/install/libcurl_vendor:/home/jake/ros2_iron/install/keyboard_handler:/home/jake/ros2_iron/install/iceoryx_introspection:/home/jake/ros2_iron/install/cyclonedds:/home/jake/ros2_iron/install/iceoryx_posh:/home/jake/ros2_iron/install/iceoryx_hoofs:/home/jake/ros2_iron/install/iceoryx_binding_c:/home/jake/ros2_iron/install/ament_cmake_ros:/home/jake/ros2_iron/install/ament_cmake_gmock:/home/jake/ros2_iron/install/gmock_vendor:/home/jake/ros2_iron/install/ament_cmake_auto:/home/jake/ros2_iron/install/ament_cmake_gtest:/home/jake/ros2_iron/install/gtest_vendor:/home/jake/ros2_iron/install/ament_cmake_google_benchmark:/home/jake/ros2_iron/install/google_benchmark_vendor:/home/jake/ros2_iron/install/fastrtps:/home/jake/ros2_iron/install/foonathan_memory_vendor:/home/jake/ros2_iron/install/fastrtps_cmake_module:/home/jake/ros2_iron/install/fastcdr:/home/jake/ros2_iron/install/eigen3_cmake_module:/home/jake/ros2_iron/install/console_bridge_vendor:/home/jake/ros2_iron/install/ament_cmake_xmllint:/home/jake/ros2_iron/install/ament_cmake_pyflakes:/home/jake/ros2_iron/install/ament_cmake_pycodestyle:/home/jake/ros2_iron/install/ament_cmake_pep257:/home/jake/ros2_iron/install/ament_cmake_pclint:/home/jake/ros2_iron/install/ament_lint_auto:/home/jake/ros2_iron/install/ament_cmake:/home/jake/ros2_iron/install/ament_cmake_version:/home/jake/ros2_iron/install/ament_cmake_vendor_package:/home/jake/ros2_iron/install/ament_cmake_pytest:/home/jake/ros2_iron/install/ament_cmake_mypy:/home/jake/ros2_iron/install/ament_cmake_lint_cmake:/home/jake/ros2_iron/install/ament_cmake_flake8:/home/jake/ros2_iron/install/ament_cmake_cpplint:/home/jake/ros2_iron/install/ament_cmake_cppcheck:/home/jake/ros2_iron/install/ament_cmake_copyright:/home/jake/ros2_iron/install/ament_cmake_clang_tidy:/home/jake/ros2_iron/install/ament_cmake_clang_format:/home/jake/ros2_iron/install/ament_cmake_test:/home/jake/ros2_iron/install/ament_cmake_target_dependencies:/home/jake/ros2_iron/install/ament_cmake_python:/home/jake/ros2_iron/install/ament_cmake_export_dependencies:/home/jake/ros2_iron/install/ament_cmake_libraries:/home/jake/ros2_iron/install/ament_cmake_include_directories:/home/jake/ros2_iron/install/ament_cmake_gen_version_h:/home/jake/ros2_iron/install/ament_cmake_export_targets:/home/jake/ros2_iron/install/ament_cmake_export_link_flags:/home/jake/ros2_iron/install/ament_cmake_export_interfaces:/home/jake/ros2_iron/install/ament_cmake_export_libraries:/home/jake/ros2_iron/install/ament_cmake_export_include_directories:/home/jake/ros2_iron/install/ament_cmake_export_definitions:/home/jake/ros2_iron/install/ament_cmake_core:/home/jake/ros2_iron/install/ament_index_cpp:/home/jake/ros2_iron/install/rqt_bag_plugins:/home/jake/ros2_iron/install/rqt_bag:/home/jake/ros2_iron/install/rosbag2_examples_py:/home/jake/ros2_iron/install/launch_testing_examples:/home/jake/ros2_iron/install/ros2bag:/home/jake/ros2_iron/install/tracetools_test:/home/jake/ros2_iron/install/tracetools_launch:/home/jake/ros2_iron/install/topic_monitor:/home/jake/ros2_iron/install/tf2_tools:/home/jake/ros2_iron/install/examples_tf2_py:/home/jake/ros2_iron/install/tf2_ros_py:/home/jake/ros2_iron/install/examples_rclpy_pointcloud_publisher:/home/jake/ros2_iron/install/sensor_msgs_py:/home/jake/ros2_iron/install/quality_of_service_demo_py:/home/jake/ros2_iron/install/rqt_plot:/home/jake/ros2_iron/install/ros2doctor:/home/jake/ros2_iron/install/lifecycle_py:/home/jake/ros2_iron/install/examples_rclpy_minimal_subscriber:/home/jake/ros2_iron/install/examples_rclpy_minimal_service:/home/jake/ros2_iron/install/examples_rclpy_minimal_publisher:/home/jake/ros2_iron/install/examples_rclpy_minimal_client:/home/jake/ros2_iron/install/examples_rclpy_executors:/home/jake/ros2_iron/install/demo_nodes_py:/home/jake/ros2_iron/install/rqt:/home/jake/ros2_iron/install/ros2component:/home/jake/ros2_iron/install/sros2:/home/jake/ros2_iron/install/rqt_topic:/home/jake/ros2_iron/install/rqt_srv:/home/jake/ros2_iron/install/rqt_shell:/home/jake/ros2_iron/install/rqt_service_caller:/home/jake/ros2_iron/install/rqt_reconfigure:/home/jake/ros2_iron/install/rqt_py_console:/home/jake/ros2_iron/install/rqt_publisher:/home/jake/ros2_iron/install/rqt_action:/home/jake/ros2_iron/install/rqt_msg:/home/jake/ros2_iron/install/rqt_console:/home/jake/ros2_iron/install/rqt_graph:/home/jake/ros2_iron/install/rqt_gui_py:/home/jake/ros2_iron/install/rqt_gui:/home/jake/ros2_iron/install/ros2trace:/home/jake/ros2_iron/install/ros2topic:/home/jake/ros2_iron/install/ros2test:/home/jake/ros2_iron/install/ros2param:/home/jake/ros2_iron/install/ros2lifecycle:/home/jake/ros2_iron/install/ros2service:/home/jake/ros2_iron/install/ros2run:/home/jake/ros2_iron/install/ros2launch:/home/jake/ros2_iron/install/ros2pkg:/home/jake/ros2_iron/install/ros2node:/home/jake/ros2_iron/install/ros2multicast:/home/jake/ros2_iron/install/ros2interface:/home/jake/ros2_iron/install/ros2action:/home/jake/ros2_iron/install/ros2cli:/home/jake/ros2_iron/install/launch_testing_ros:/home/jake/ros2_iron/install/launch_ros:/home/jake/ros2_iron/install/examples_rclpy_minimal_action_server:/home/jake/ros2_iron/install/examples_rclpy_minimal_action_client:/home/jake/ros2_iron/install/examples_rclpy_guard_conditions:/home/jake/ros2_iron/install/action_tutorials_py:/home/jake/ros2_iron/install/ament_uncrustify:/home/jake/ros2_iron/install/tracetools_trace:/home/jake/ros2_iron/install/tracetools_read:/home/jake/ros2_iron/install/test_tracetools_launch:/home/jake/ros2_iron/install/test_ros2trace:/home/jake/ros2_iron/install/test_launch_ros:/home/jake/ros2_iron/install/rpyutils:/home/jake/ros2_iron/install/rosidl_runtime_py:/home/jake/ros2_iron/install/rosidl_pycommon:/home/jake/ros2_iron/install/rosidl_cli:/home/jake/ros2_iron/install/launch_pytest:/home/jake/ros2_iron/install/launch_testing:/home/jake/ros2_iron/install/launch_yaml:/home/jake/ros2_iron/install/launch_xml:/home/jake/ros2_iron/install/launch:/home/jake/ros2_iron/install/osrf_pycommon:/home/jake/ros2_iron/install/domain_coordinator:/home/jake/ros2_iron/install/ament_xmllint:/home/jake/ros2_iron/install/ament_pyflakes:/home/jake/ros2_iron/install/ament_pycodestyle:/home/jake/ros2_iron/install/ament_pep257:/home/jake/ros2_iron/install/ament_pclint:/home/jake/ros2_iron/install/ament_package:/home/jake/ros2_iron/install/ament_mypy:/home/jake/ros2_iron/install/ament_lint_cmake:/home/jake/ros2_iron/install/ament_flake8:/home/jake/ros2_iron/install/ament_copyright:/home/jake/ros2_iron/install/ament_lint:/home/jake/ros2_iron/install/ament_index_python:/home/jake/ros2_iron/install/ament_cpplint:/home/jake/ros2_iron/install/ament_cppcheck:/home/jake/ros2_iron/install/ament_clang_tidy:/home/jake/ros2_iron/install/ament_clang_format:/opt/ros/iron LD_LIBRARY_PATH=/home/jake/moveit2_ws_main/install/moveit_ros_planning/lib:/home/jake/moveit2_ws_main/install/moveit_ros_occupancy_map_monitor/lib:/home/jake/moveit2_ws_main/install/moveit_core/lib:/home/jake/moveit2_ws_main/install/parameter_traits/lib:/home/jake/moveit2_ws_main/install/moveit_msgs/lib:/home/jake/moveit2_ws_main/install/geometric_shapes/lib:${LD_LIBRARY_PATH} PATH=/home/jake/moveit2_ws_main/install/moveit_core/bin:/home/jake/moveit2_ws_main/install/generate_parameter_library_py/bin:${PATH} PYTHONPATH=/home/jake/moveit2_ws_main/install/moveit_msgs/lib/python3.10/site-packages:/home/jake/moveit2_ws_main/install/moveit_configs_utils/lib/python3.10/site-packages:/home/jake/moveit2_ws_main/install/generate_parameter_library_py/lib/python3.10/site-packages:${PYTHONPATH} /usr/bin/cmake --build /home/jake/moveit2_ws_main/build/moveit_kinematics
[22.182s] [  5%] [34m[1mRunning `/opt/ros/iron/bin/generate_parameter_library_cpp /home/jake/moveit2_ws_main/build/moveit_kinematics/kdl_kinematics_plugin/kdl_kinematics_parameters/include//kdl_kinematics_parameters.hpp /home/jake/moveit2_ws_main/src/moveit2/moveit_kinematics/kdl_kinematics_plugin/src/kdl_kinematics_parameters.yaml `[0m
[22.254s] [ 10%] [32mBuilding CXX object gtest/CMakeFiles/gtest.dir/src/gtest-all.cc.o[0m
[22.254s] [ 15%] [34m[1mRunning `/opt/ros/iron/bin/generate_parameter_library_cpp /home/jake/moveit2_ws_main/build/moveit_kinematics/srv_kinematics_plugin/srv_kinematics_parameters/include//srv_kinematics_parameters.hpp /home/jake/moveit2_ws_main/src/moveit2/moveit_kinematics/srv_kinematics_plugin/src/srv_kinematics_parameters.yaml `[0m
[22.255s] [ 20%] [32mBuilding CXX object test/CMakeFiles/benchmark_ik.dir/benchmark_ik.cpp.o[0m
[22.285s] [ 25%] [32mBuilding CXX object gtest/CMakeFiles/gtest_main.dir/src/gtest_main.cc.o[0m
[22.290s] [ 30%] [34m[1mRunning `/opt/ros/iron/bin/generate_parameter_library_cpp /home/jake/moveit2_ws_main/build/moveit_kinematics/cached_ik_kinematics_plugin/cached_ik_kinematics_parameters/include//cached_ik_kinematics_parameters.hpp /home/jake/moveit2_ws_main/src/moveit2/moveit_kinematics/cached_ik_kinematics_plugin/include/moveit/cached_ik_kinematics_plugin/cached_ik_kinematics_parameters.yaml `[0m
[24.052s] [ 30%] Built target srv_kinematics_parameters
[24.393s] [ 30%] Built target cached_ik_kinematics_parameters
[24.423s] [ 35%] [32mBuilding CXX object srv_kinematics_plugin/CMakeFiles/moveit_srv_kinematics_plugin.dir/src/srv_kinematics_plugin.cpp.o[0m
[25.130s] [ 35%] Built target kdl_kinematics_parameters
[25.439s] [ 40%] [32mBuilding CXX object kdl_kinematics_plugin/CMakeFiles/moveit_kdl_kinematics_plugin.dir/src/kdl_kinematics_plugin.cpp.o[0m
[25.468s] [ 45%] [32mBuilding CXX object kdl_kinematics_plugin/CMakeFiles/moveit_kdl_kinematics_plugin.dir/src/chainiksolver_vel_mimic_svd.cpp.o[0m
[29.036s] [ 50%] [32m[1mLinking CXX static library libgtest_main.a[0m
[29.456s] [ 50%] Built target gtest_main
[64.847s] [ 55%] [32m[1mLinking CXX static library libgtest.a[0m
[65.373s] [ 55%] Built target gtest
[86.454s] In file included from [01m[K/usr/include/eigen3/Eigen/Core:317[m[K,
[86.455s]                  from [01m[K/usr/include/kdl/jacobian.hpp:26[m[K,
[86.455s]                  from [01m[K/usr/include/kdl/jntarray.hpp:26[m[K,
[86.455s]                  from [01m[K/usr/include/kdl/chainfksolver.hpp:28[m[K,
[86.456s]                  from [01m[K/home/jake/moveit2_ws_main/src/moveit2/moveit_kinematics/kdl_kinematics_plugin/include/moveit/kdl_kinematics_plugin/kdl_kinematics_plugin.h:53[m[K,
[86.456s]                  from [01m[K/home/jake/moveit2_ws_main/src/moveit2/moveit_kinematics/kdl_kinematics_plugin/src/kdl_kinematics_plugin.cpp:37[m[K:
[86.456s] /usr/include/eigen3/Eigen/src/Core/Redux.h: In instantiation of [01m[Kstatic Eigen::internal::redux_novec_unroller<Func, Evaluator, Start, Length>::Scalar Eigen::internal::redux_novec_unroller<Func, Evaluator, Start, Length>::run(const Evaluator&, const Func&) [with Func = Eigen::internal::scalar_sum_op<double, double>; Evaluator = Eigen::internal::redux_evaluator<Eigen::CwiseBinaryOp<Eigen::internal::scalar_product_op<double, double>, const Eigen::Transpose<const Eigen::Block<const Eigen::Block<const Eigen::Matrix<double, 4, 4>, 3, 3, false>, 1, 3, false> >, const Eigen::Block<const Eigen::Matrix<double, 3, 1>, 3, 1, true> > >; int Start = 0; int Length = 3][m[K:
[86.456s] [01m[K/usr/include/eigen3/Eigen/src/Core/Redux.h:108:37:[m[K [01;31m[Kinternal compiler error: [m[KSegmentation fault
[86.457s]   108 |   static EIGEN_STRONG_INLINE Scalar [01;31m[Krun[m[K(const Evaluator &eval, const Func& func)
[86.457s]       |                                     [01;31m[K^~~[m[K
[86.753s] DW_FORM_strp out of range in .debug_info at 17
[86.812s] Please submit a full bug report,
[86.812s] with preprocessed source if appropriate.
[86.812s] See <file:///usr/share/doc/gcc-11/README.Bugs> for instructions.
[87.078s] gmake[2]: *** [kdl_kinematics_plugin/CMakeFiles/moveit_kdl_kinematics_plugin.dir/build.make:76: kdl_kinematics_plugin/CMakeFiles/moveit_kdl_kinematics_plugin.dir/src/kdl_kinematics_plugin.cpp.o] Error 1
[87.078s] gmake[2]: *** Waiting for unfinished jobs....
[89.014s] gmake[1]: *** [CMakeFiles/Makefile2:363: kdl_kinematics_plugin/CMakeFiles/moveit_kdl_kinematics_plugin.dir/all] Error 2
[89.015s] gmake[1]: *** Waiting for unfinished jobs....
[90.748s] [ 60%] [32m[1mLinking CXX shared library libmoveit_srv_kinematics_plugin.so[0m
[92.114s] [ 60%] Built target moveit_srv_kinematics_plugin
[93.221s] [ 65%] [32m[1mLinking CXX executable benchmark_ik[0m
[94.822s] [ 65%] Built target benchmark_ik
[94.825s] gmake: *** [Makefile:146: all] Error 2
