[  1%] [32mBuilding CXX object CMakeFiles/srdf_publisher.dir/rclcpp_components/node_main_srdf_publisher.cpp.o[0m
[  2%] [32m[1mLinking CXX executable srdf_publisher[0m
[  2%] Built target srdf_publisher
[  3%] [32mBuilding CXX object collision_plugin_loader/CMakeFiles/moveit_collision_plugin_loader.dir/src/collision_plugin_loader.cpp.o[0m
In file included from [01m[K/home/jake/ros2_iron/install/rclcpp/include/rclcpp/rclcpp/context.hpp:35[m[K,
                 from [01m[K/home/jake/ros2_iron/install/rclcpp/include/rclcpp/rclcpp/executor.hpp:34[m[K,
                 from [01m[K/home/jake/ros2_iron/install/rclcpp/include/rclcpp/rclcpp/executors/multi_threaded_executor.hpp:25[m[K,
                 from [01m[K/home/jake/ros2_iron/install/rclcpp/include/rclcpp/rclcpp/executors.hpp:21[m[K,
                 from [01m[K/home/jake/ros2_iron/install/rclcpp/include/rclcpp/rclcpp/rclcpp.hpp:167[m[K,
                 from [01m[K/home/jake/moveit2_ws_main/src/moveit2/moveit_ros/planning/collision_plugin_loader/include/moveit/collision_plugin_loader/collision_plugin_loader.h:37[m[K,
                 from [01m[K/home/jake/moveit2_ws_main/src/moveit2/moveit_ros/planning/collision_plugin_loader/src/collision_plugin_loader.cpp:35[m[K:
[01m[K/home/jake/ros2_iron/install/rclcpp/include/rclcpp/rclcpp/executors/static_executor_entities_collector.hpp:46:3:[m[K [01;31m[Kinternal compiler error: [m[KSegmentation fault
   46 |   [01;31m[KRCLCPP_SMART_PTR_DEFINITIONS[m[K(StaticExecutorEntitiesCollector)
      |   [01;31m[K^~~~~~~~~~~~~~~~~~~~~~~~~~~~[m[K
Please submit a full bug report,
with preprocessed source if appropriate.
See <file:///usr/share/doc/gcc-11/README.Bugs> for instructions.
gmake[2]: *** [collision_plugin_loader/CMakeFiles/moveit_collision_plugin_loader.dir/build.make:76: collision_plugin_loader/CMakeFiles/moveit_collision_plugin_loader.dir/src/collision_plugin_loader.cpp.o] Error 1
gmake[1]: *** [CMakeFiles/Makefile2:498: collision_plugin_loader/CMakeFiles/moveit_collision_plugin_loader.dir/all] Error 2
gmake: *** [Makefile:146: all] Error 2
