In file included from [01m[K/home/jake/ros2_iron/install/rclcpp/include/rclcpp/rclcpp/subscription_base.hpp:37[m[K,
                 from [01m[K/home/jake/ros2_iron/install/rclcpp/include/rclcpp/rclcpp/callback_group.hpp:29[m[K,
                 from [01m[K/home/jake/ros2_iron/install/rclcpp/include/rclcpp/rclcpp/any_executable.hpp:20[m[K,
                 from [01m[K/home/jake/ros2_iron/install/rclcpp/include/rclcpp/rclcpp/memory_strategy.hpp:25[m[K,
                 from [01m[K/home/jake/ros2_iron/install/rclcpp/include/rclcpp/rclcpp/memory_strategies.hpp:18[m[K,
                 from [01m[K/home/jake/ros2_iron/install/rclcpp/include/rclcpp/rclcpp/executor_options.hpp:20[m[K,
                 from [01m[K/home/jake/ros2_iron/install/rclcpp/include/rclcpp/rclcpp/executor.hpp:37[m[K,
                 from [01m[K/home/jake/ros2_iron/install/rclcpp/include/rclcpp/rclcpp/executors/multi_threaded_executor.hpp:25[m[K,
                 from [01m[K/home/jake/ros2_iron/install/rclcpp/include/rclcpp/rclcpp/executors.hpp:21[m[K,
                 from [01m[K/home/jake/ros2_iron/install/rclcpp/include/rclcpp/rclcpp/rclcpp.hpp:167[m[K,
                 from [01m[K/home/jake/moveit2_ws_main/build/moveit_ros_planning/rclcpp_components/node_main_srdf_publisher.cpp:20[m[K:
/home/jake/ros2_iron/install/rclcpp/include/rclcpp/rclcpp/experimental/intra_process_manager.hpp: In instantiation of â€˜[01m[Kclass std::unordered_map<long unsigned int, std::weak_ptr<rclcpp::experimental::SubscriptionIntraProcessBase> >[m[Kâ€™:
[01m[K/home/jake/ros2_iron/install/rclcpp/include/rclcpp/rclcpp/experimental/intra_process_manager.hpp:516:19:[m[K   required from here
[01m[K/home/jake/ros2_iron/install/rclcpp/include/rclcpp/rclcpp/experimental/intra_process_manager.hpp:516:19:[m[K [01;31m[Kinternal compiler error: [m[KSegmentation fault
  516 |   SubscriptionMap [01;31m[Ksubscriptions_[m[K;
      |                   [01;31m[K^~~~~~~~~~~~~~[m[K
0x7aed3184251f ???
	./signal/../sysdeps/unix/sysv/linux/x86_64/libc_sigaction.c:0
0x7aed31829d8f __libc_start_call_main
	../sysdeps/nptl/libc_start_call_main.h:58
0x7aed31829e3f __libc_start_main_impl
	../csu/libc-start.c:392
Please submit a full bug report,
with preprocessed source if appropriate.
Please include the complete backtrace with any bug report.
See <file:///usr/share/doc/gcc-11/README.Bugs> for instructions.
gmake[2]: *** [CMakeFiles/srdf_publisher.dir/build.make:76: CMakeFiles/srdf_publisher.dir/rclcpp_components/node_main_srdf_publisher.cpp.o] Error 1
gmake[1]: *** [CMakeFiles/Makefile2:472: CMakeFiles/srdf_publisher.dir/all] Error 2
gmake: *** [Makefile:146: all] Error 2
