[0.370s] Invoking command in '/home/jake/moveit2_ws_main/build/moveit_py': AMENT_PREFIX_PATH=/home/jake/moveit2_ws_main/install/moveit_ros_planning_interface:/home/jake/moveit2_ws_main/install/moveit_ros_move_group:/home/jake/moveit2_ws_main/install/moveit_ros_warehouse:/home/jake/moveit2_ws_main/install/moveit_kinematics:/home/jake/moveit2_ws_main/install/moveit_ros_planning:/home/jake/moveit2_ws_main/install/moveit_simple_controller_manager:/home/jake/moveit2_ws_main/install/moveit_ros_occupancy_map_monitor:/home/jake/moveit2_ws_main/install/moveit_core:/home/jake/moveit2_ws_main/install/moveit_resources_panda_moveit_config:/home/jake/moveit2_ws_main/install/moveit_resources_fanuc_moveit_config:/home/jake/moveit2_ws_main/install/generate_parameter_library:/home/jake/moveit2_ws_main/install/parameter_traits:/home/jake/moveit2_ws_main/install/moveit_resources_pr2_description:/home/jake/moveit2_ws_main/install/moveit_resources_panda_description:/home/jake/moveit2_ws_main/install/moveit_resources_fanuc_description:/home/jake/moveit2_ws_main/install/moveit_msgs:/home/jake/moveit2_ws_main/install/moveit_configs_utils:/home/jake/moveit2_ws_main/install/moveit_common:/home/jake/moveit2_ws_main/install/geometric_shapes:/home/jake/moveit2_ws_main/install/generate_parameter_library_py:${AMENT_PREFIX_PATH} CMAKE_PREFIX_PATH=/home/jake/moveit2_ws_main/install/moveit_ros_planning_interface:/home/jake/moveit2_ws_main/install/moveit_ros_move_group:/home/jake/moveit2_ws_main/install/moveit_ros_warehouse:/home/jake/moveit2_ws_main/install/moveit_kinematics:/home/jake/moveit2_ws_main/install/moveit_ros_planning:/home/jake/moveit2_ws_main/install/moveit_simple_controller_manager:/home/jake/moveit2_ws_main/install/moveit_ros_occupancy_map_monitor:/home/jake/moveit2_ws_main/install/moveit_core:/home/jake/moveit2_ws_main/install/moveit_resources_panda_moveit_config:/home/jake/moveit2_ws_main/install/moveit_resources_fanuc_moveit_config:/home/jake/moveit2_ws_main/install/generate_parameter_library:/home/jake/moveit2_ws_main/install/parameter_traits:/home/jake/moveit2_ws_main/install/moveit_resources_pr2_description:/home/jake/moveit2_ws_main/install/moveit_resources_panda_description:/home/jake/moveit2_ws_main/install/moveit_resources_fanuc_description:/home/jake/moveit2_ws_main/install/moveit_msgs:/home/jake/moveit2_ws_main/install/moveit_common:/home/jake/moveit2_ws_main/install/geometric_shapes:/home/jake/ros2_iron/install/rosbag2:/home/jake/ros2_iron/install/rosbag2_storage_default_plugins:/home/jake/ros2_iron/install/rosbag2_storage_mcap:/home/jake/ros2_iron/install/rosbag2_compression_zstd:/home/jake/ros2_iron/install/mcap_vendor:/home/jake/ros2_iron/install/zstd_vendor:/home/jake/ros2_iron/install/rviz_visual_testing_framework:/home/jake/ros2_iron/install/rviz2:/home/jake/ros2_iron/install/rviz_default_plugins:/home/jake/ros2_iron/install/rviz_common:/home/jake/ros2_iron/install/rosbag2_py:/home/jake/ros2_iron/install/rosbag2_transport:/home/jake/ros2_iron/install/rosbag2_storage_sqlite3:/home/jake/ros2_iron/install/rosbag2_examples_cpp:/home/jake/ros2_iron/install/rosbag2_compression:/home/jake/ros2_iron/install/rosbag2_cpp:/home/jake/ros2_iron/install/rosbag2_storage:/home/jake/ros2_iron/install/image_common:/home/jake/ros2_iron/install/camera_info_manager:/home/jake/ros2_iron/install/camera_calibration_parsers:/home/jake/ros2_iron/install/yaml_cpp_vendor:/home/jake/ros2_iron/install/interactive_markers:/home/jake/ros2_iron/install/common_interfaces:/home/jake/ros2_iron/install/visualization_msgs:/home/jake/ros2_iron/install/dummy_robot_bringup:/home/jake/ros2_iron/install/robot_state_publisher:/home/jake/ros2_iron/install/kdl_parser:/home/jake/ros2_iron/install/urdf:/home/jake/ros2_iron/install/urdfdom:/home/jake/ros2_iron/install/urdf_parser_plugin:/home/jake/ros2_iron/install/urdfdom_headers:/home/jake/ros2_iron/install/turtlesim:/home/jake/ros2_iron/install/trajectory_msgs:/home/jake/ros2_iron/install/topic_statistics_demo:/home/jake/ros2_iron/install/pendulum_control:/home/jake/ros2_iron/install/tlsf_cpp:/home/jake/ros2_iron/install/geometry2:/home/jake/ros2_iron/install/tf2_sensor_msgs:/home/jake/ros2_iron/install/test_tf2:/home/jake/ros2_iron/install/tf2_kdl:/home/jake/ros2_iron/install/tf2_geometry_msgs:/home/jake/ros2_iron/install/tf2_eigen:/home/jake/ros2_iron/install/tf2_bullet:/home/jake/ros2_iron/install/tf2_ros:/home/jake/ros2_iron/install/tf2_py:/home/jake/ros2_iron/install/tf2_msgs:/home/jake/ros2_iron/install/tf2_eigen_kdl:/home/jake/ros2_iron/install/laser_geometry:/home/jake/ros2_iron/install/tf2:/home/jake/ros2_iron/install/test_tracetools:/home/jake/ros2_iron/install/test_msgs:/home/jake/ros2_iron/install/test_communication:/home/jake/ros2_iron/install/stereo_msgs:/home/jake/ros2_iron/install/std_srvs:/home/jake/ros2_iron/install/shape_msgs:/home/jake/ros2_iron/install/quality_of_service_demo_cpp:/home/jake/ros2_iron/install/map_msgs:/home/jake/ros2_iron/install/intra_process_demo:/home/jake/ros2_iron/install/image_transport:/home/jake/ros2_iron/install/image_tools:/home/jake/ros2_iron/install/dummy_sensors:/home/jake/ros2_iron/install/sensor_msgs:/home/jake/ros2_iron/install/ros2cli_common_extensions:/home/jake/ros2_iron/install/dummy_map_server:/home/jake/ros2_iron/install/nav_msgs:/home/jake/ros2_iron/install/logging_demo:/home/jake/ros2_iron/install/lifecycle:/home/jake/ros2_iron/install/diagnostic_msgs:/home/jake/ros2_iron/install/geometry_msgs:/home/jake/ros2_iron/install/examples_rclcpp_wait_set:/home/jake/ros2_iron/install/examples_rclcpp_multithreaded_executor:/home/jake/ros2_iron/install/examples_rclcpp_minimal_subscriber:/home/jake/ros2_iron/install/examples_rclcpp_minimal_publisher:/home/jake/ros2_iron/install/examples_rclcpp_minimal_composition:/home/jake/ros2_iron/install/examples_rclcpp_cbg_executor:/home/jake/ros2_iron/install/demo_nodes_cpp_native:/home/jake/ros2_iron/install/demo_nodes_cpp:/home/jake/ros2_iron/install/composition:/home/jake/ros2_iron/install/actionlib_msgs:/home/jake/ros2_iron/install/std_msgs:/home/jake/ros2_iron/install/rqt_gui_cpp:/home/jake/ros2_iron/install/rosbag2_test_common:/home/jake/ros2_iron/install/ros2lifecycle_test_fixtures:/home/jake/ros2_iron/install/rclcpp_lifecycle:/home/jake/ros2_iron/install/action_tutorials_cpp:/home/jake/ros2_iron/install/rclcpp_components:/home/jake/ros2_iron/install/examples_rclcpp_minimal_action_server:/home/jake/ros2_iron/install/examples_rclcpp_minimal_action_client:/home/jake/ros2_iron/install/rclcpp_action:/home/jake/ros2_iron/install/message_filters:/home/jake/ros2_iron/install/examples_rclcpp_minimal_timer:/home/jake/ros2_iron/install/examples_rclcpp_minimal_service:/home/jake/ros2_iron/install/examples_rclcpp_minimal_client:/home/jake/ros2_iron/install/examples_rclcpp_async_client:/home/jake/ros2_iron/install/rclcpp:/home/jake/ros2_iron/install/libstatistics_collector:/home/jake/ros2_iron/install/statistics_msgs:/home/jake/ros2_iron/install/sros2_cmake:/home/jake/ros2_iron/install/rqt_py_common:/home/jake/ros2_iron/install/ros_testing:/home/jake/ros2_iron/install/rclpy:/home/jake/ros2_iron/install/rosgraph_msgs:/home/jake/ros2_iron/install/rosbag2_interfaces:/home/jake/ros2_iron/install/ros2cli_test_interfaces:/home/jake/ros2_iron/install/rcl_lifecycle:/home/jake/ros2_iron/install/rcl_action:/home/jake/ros2_iron/install/rcl:/home/jake/ros2_iron/install/rmw_implementation:/home/jake/ros2_iron/install/rmw_fastrtps_dynamic_cpp:/home/jake/ros2_iron/install/rmw_fastrtps_cpp:/home/jake/ros2_iron/install/rmw_fastrtps_shared_cpp:/home/jake/ros2_iron/install/rmw_cyclonedds_cpp:/home/jake/ros2_iron/install/rmw_connextddsmicro:/home/jake/ros2_iron/install/rmw_connextdds:/home/jake/ros2_iron/install/rmw_connextdds_common:/home/jake/ros2_iron/install/rmw_dds_common:/home/jake/ros2_iron/install/composition_interfaces:/home/jake/ros2_iron/install/rcl_interfaces:/home/jake/ros2_iron/install/pendulum_msgs:/home/jake/ros2_iron/install/lifecycle_msgs:/home/jake/ros2_iron/install/example_interfaces:/home/jake/ros2_iron/install/action_tutorials_interfaces:/home/jake/ros2_iron/install/rosidl_default_runtime:/home/jake/ros2_iron/install/rosidl_default_generators:/home/jake/ros2_iron/install/action_msgs:/home/jake/ros2_iron/install/unique_identifier_msgs:/home/jake/ros2_iron/install/ament_lint_common:/home/jake/ros2_iron/install/ament_cmake_uncrustify:/home/jake/ros2_iron/install/uncrustify_vendor:/home/jake/ros2_iron/install/type_description_interfaces:/home/jake/ros2_iron/install/tracetools:/home/jake/ros2_iron/install/tlsf:/home/jake/ros2_iron/install/tinyxml_vendor:/home/jake/ros2_iron/install/qt_gui_core:/home/jake/ros2_iron/install/qt_gui_cpp:/home/jake/ros2_iron/install/pluginlib:/home/jake/ros2_iron/install/tinyxml2_vendor:/home/jake/ros2_iron/install/test_security:/home/jake/ros2_iron/install/test_rmw_implementation:/home/jake/ros2_iron/install/test_rclcpp:/home/jake/ros2_iron/install/test_quality_of_service:/home/jake/ros2_iron/install/test_launch_testing:/home/jake/ros2_iron/install/test_interface_files:/home/jake/ros2_iron/install/test_cli_remapping:/home/jake/ros2_iron/install/test_cli:/home/jake/ros2_iron/install/qt_gui_app:/home/jake/ros2_iron/install/qt_gui:/home/jake/ros2_iron/install/tango_icons_vendor:/home/jake/ros2_iron/install/sqlite3_vendor:/home/jake/ros2_iron/install/rcl_logging_spdlog:/home/jake/ros2_iron/install/spdlog_vendor:/home/jake/ros2_iron/install/shared_queues_vendor:/home/jake/ros2_iron/install/service_msgs:/home/jake/ros2_iron/install/rviz_rendering_tests:/home/jake/ros2_iron/install/rviz_rendering:/home/jake/ros2_iron/install/rviz_ogre_vendor:/home/jake/ros2_iron/install/rviz_assimp_vendor:/home/jake/ros2_iron/install/rttest:/home/jake/ros2_iron/install/rti_connext_dds_cmake_module:/home/jake/ros2_iron/install/builtin_interfaces:/home/jake/ros2_iron/install/rosidl_core_runtime:/home/jake/ros2_iron/install/rosidl_core_generators:/home/jake/ros2_iron/install/rosidl_generator_py:/home/jake/ros2_iron/install/rosidl_typesupport_tests:/home/jake/ros2_iron/install/rosidl_typesupport_introspection_tests:/home/jake/ros2_iron/install/rosidl_typesupport_cpp:/home/jake/ros2_iron/install/rosidl_typesupport_introspection_cpp:/home/jake/ros2_iron/install/rosidl_typesupport_c:/home/jake/ros2_iron/install/rosidl_typesupport_introspection_c:/home/jake/ros2_iron/install/rosidl_typesupport_fastrtps_c:/home/jake/ros2_iron/install/rosidl_typesupport_fastrtps_cpp:/home/jake/ros2_iron/install/rosidl_generator_cpp:/home/jake/ros2_iron/install/rosidl_runtime_cpp:/home/jake/ros2_iron/install/rosidl_dynamic_typesupport_fastrtps:/home/jake/ros2_iron/install/rcl_yaml_param_parser:/home/jake/ros2_iron/install/rmw:/home/jake/ros2_iron/install/rosidl_dynamic_typesupport:/home/jake/ros2_iron/install/rosidl_runtime_c:/home/jake/ros2_iron/install/rosidl_generator_c:/home/jake/ros2_iron/install/rosidl_typesupport_interface:/home/jake/ros2_iron/install/rosidl_generator_dds_idl:/home/jake/ros2_iron/install/rosidl_cmake:/home/jake/ros2_iron/install/rosidl_generator_type_description:/home/jake/ros2_iron/install/rosidl_parser:/home/jake/ros2_iron/install/rosidl_generator_tests:/home/jake/ros2_iron/install/rosidl_adapter:/home/jake/ros2_iron/install/rosbag2_tests:/home/jake/ros2_iron/install/rosbag2_test_msgdefs:/home/jake/ros2_iron/install/ros_environment:/home/jake/ros2_iron/install/rmw_implementation_cmake:/home/jake/ros2_iron/install/resource_retriever:/home/jake/ros2_iron/install/class_loader:/home/jake/ros2_iron/install/rcpputils:/home/jake/ros2_iron/install/rcl_logging_noop:/home/jake/ros2_iron/install/rcl_logging_interface:/home/jake/ros2_iron/install/rcutils:/home/jake/ros2_iron/install/qt_gui_py_common:/home/jake/ros2_iron/install/qt_dotgraph:/home/jake/ros2_iron/install/python_qt_binding:/home/jake/ros2_iron/install/python_orocos_kdl_vendor:/home/jake/ros2_iron/install/launch_testing_ament_cmake:/home/jake/ros2_iron/install/python_cmake_module:/home/jake/ros2_iron/install/pybind11_vendor:/home/jake/ros2_iron/install/performance_test_fixture:/home/jake/ros2_iron/install/osrf_testing_tools_cpp:/home/jake/ros2_iron/install/orocos_kdl_vendor:/home/jake/ros2_iron/install/mimick_vendor:/home/jake/ros2_iron/install/libyaml_vendor:/home/jake/ros2_iron/install/libcurl_vendor:/home/jake/ros2_iron/install/keyboard_handler:/home/jake/ros2_iron/install/iceoryx_introspection:/home/jake/ros2_iron/install/cyclonedds:/home/jake/ros2_iron/install/iceoryx_posh:/home/jake/ros2_iron/install/iceoryx_hoofs:/home/jake/ros2_iron/install/iceoryx_binding_c:/home/jake/ros2_iron/install/ament_cmake_ros:/home/jake/ros2_iron/install/ament_cmake_gmock:/home/jake/ros2_iron/install/gmock_vendor:/home/jake/ros2_iron/install/ament_cmake_auto:/home/jake/ros2_iron/install/ament_cmake_gtest:/home/jake/ros2_iron/install/gtest_vendor:/home/jake/ros2_iron/install/ament_cmake_google_benchmark:/home/jake/ros2_iron/install/google_benchmark_vendor:/home/jake/ros2_iron/install/fastrtps:/home/jake/ros2_iron/install/foonathan_memory_vendor:/home/jake/ros2_iron/install/fastrtps_cmake_module:/home/jake/ros2_iron/install/fastcdr:/home/jake/ros2_iron/install/eigen3_cmake_module:/home/jake/ros2_iron/install/console_bridge_vendor:/home/jake/ros2_iron/install/ament_cmake_xmllint:/home/jake/ros2_iron/install/ament_cmake_pyflakes:/home/jake/ros2_iron/install/ament_cmake_pycodestyle:/home/jake/ros2_iron/install/ament_cmake_pep257:/home/jake/ros2_iron/install/ament_cmake_pclint:/home/jake/ros2_iron/install/ament_lint_auto:/home/jake/ros2_iron/install/ament_cmake:/home/jake/ros2_iron/install/ament_cmake_version:/home/jake/ros2_iron/install/ament_cmake_vendor_package:/home/jake/ros2_iron/install/ament_cmake_pytest:/home/jake/ros2_iron/install/ament_cmake_mypy:/home/jake/ros2_iron/install/ament_cmake_lint_cmake:/home/jake/ros2_iron/install/ament_cmake_flake8:/home/jake/ros2_iron/install/ament_cmake_cpplint:/home/jake/ros2_iron/install/ament_cmake_cppcheck:/home/jake/ros2_iron/install/ament_cmake_copyright:/home/jake/ros2_iron/install/ament_cmake_clang_tidy:/home/jake/ros2_iron/install/ament_cmake_clang_format:/home/jake/ros2_iron/install/ament_cmake_test:/home/jake/ros2_iron/install/ament_cmake_target_dependencies:/home/jake/ros2_iron/install/ament_cmake_python:/home/jake/ros2_iron/install/ament_cmake_export_dependencies:/home/jake/ros2_iron/install/ament_cmake_libraries:/home/jake/ros2_iron/install/ament_cmake_include_directories:/home/jake/ros2_iron/install/ament_cmake_gen_version_h:/home/jake/ros2_iron/install/ament_cmake_export_targets:/home/jake/ros2_iron/install/ament_cmake_export_link_flags:/home/jake/ros2_iron/install/ament_cmake_export_interfaces:/home/jake/ros2_iron/install/ament_cmake_export_libraries:/home/jake/ros2_iron/install/ament_cmake_export_include_directories:/home/jake/ros2_iron/install/ament_cmake_export_definitions:/home/jake/ros2_iron/install/ament_cmake_core:/home/jake/ros2_iron/install/ament_index_cpp:/home/jake/ros2_iron/install/rqt_bag_plugins:/home/jake/ros2_iron/install/rqt_bag:/home/jake/ros2_iron/install/rosbag2_examples_py:/home/jake/ros2_iron/install/launch_testing_examples:/home/jake/ros2_iron/install/ros2bag:/home/jake/ros2_iron/install/tracetools_test:/home/jake/ros2_iron/install/tracetools_launch:/home/jake/ros2_iron/install/topic_monitor:/home/jake/ros2_iron/install/tf2_tools:/home/jake/ros2_iron/install/examples_tf2_py:/home/jake/ros2_iron/install/tf2_ros_py:/home/jake/ros2_iron/install/examples_rclpy_pointcloud_publisher:/home/jake/ros2_iron/install/sensor_msgs_py:/home/jake/ros2_iron/install/quality_of_service_demo_py:/home/jake/ros2_iron/install/rqt_plot:/home/jake/ros2_iron/install/ros2doctor:/home/jake/ros2_iron/install/lifecycle_py:/home/jake/ros2_iron/install/examples_rclpy_minimal_subscriber:/home/jake/ros2_iron/install/examples_rclpy_minimal_service:/home/jake/ros2_iron/install/examples_rclpy_minimal_publisher:/home/jake/ros2_iron/install/examples_rclpy_minimal_client:/home/jake/ros2_iron/install/examples_rclpy_executors:/home/jake/ros2_iron/install/demo_nodes_py:/home/jake/ros2_iron/install/rqt:/home/jake/ros2_iron/install/ros2component:/home/jake/ros2_iron/install/sros2:/home/jake/ros2_iron/install/rqt_topic:/home/jake/ros2_iron/install/rqt_srv:/home/jake/ros2_iron/install/rqt_shell:/home/jake/ros2_iron/install/rqt_service_caller:/home/jake/ros2_iron/install/rqt_reconfigure:/home/jake/ros2_iron/install/rqt_py_console:/home/jake/ros2_iron/install/rqt_publisher:/home/jake/ros2_iron/install/rqt_action:/home/jake/ros2_iron/install/rqt_msg:/home/jake/ros2_iron/install/rqt_console:/home/jake/ros2_iron/install/rqt_graph:/home/jake/ros2_iron/install/rqt_gui_py:/home/jake/ros2_iron/install/rqt_gui:/home/jake/ros2_iron/install/ros2trace:/home/jake/ros2_iron/install/ros2topic:/home/jake/ros2_iron/install/ros2test:/home/jake/ros2_iron/install/ros2param:/home/jake/ros2_iron/install/ros2lifecycle:/home/jake/ros2_iron/install/ros2service:/home/jake/ros2_iron/install/ros2run:/home/jake/ros2_iron/install/ros2launch:/home/jake/ros2_iron/install/ros2pkg:/home/jake/ros2_iron/install/ros2node:/home/jake/ros2_iron/install/ros2multicast:/home/jake/ros2_iron/install/ros2interface:/home/jake/ros2_iron/install/ros2action:/home/jake/ros2_iron/install/ros2cli:/home/jake/ros2_iron/install/launch_testing_ros:/home/jake/ros2_iron/install/launch_ros:/home/jake/ros2_iron/install/examples_rclpy_minimal_action_server:/home/jake/ros2_iron/install/examples_rclpy_minimal_action_client:/home/jake/ros2_iron/install/examples_rclpy_guard_conditions:/home/jake/ros2_iron/install/action_tutorials_py:/home/jake/ros2_iron/install/ament_uncrustify:/home/jake/ros2_iron/install/tracetools_trace:/home/jake/ros2_iron/install/tracetools_read:/home/jake/ros2_iron/install/test_tracetools_launch:/home/jake/ros2_iron/install/test_ros2trace:/home/jake/ros2_iron/install/test_launch_ros:/home/jake/ros2_iron/install/rpyutils:/home/jake/ros2_iron/install/rosidl_runtime_py:/home/jake/ros2_iron/install/rosidl_pycommon:/home/jake/ros2_iron/install/rosidl_cli:/home/jake/ros2_iron/install/launch_pytest:/home/jake/ros2_iron/install/launch_testing:/home/jake/ros2_iron/install/launch_yaml:/home/jake/ros2_iron/install/launch_xml:/home/jake/ros2_iron/install/launch:/home/jake/ros2_iron/install/osrf_pycommon:/home/jake/ros2_iron/install/domain_coordinator:/home/jake/ros2_iron/install/ament_xmllint:/home/jake/ros2_iron/install/ament_pyflakes:/home/jake/ros2_iron/install/ament_pycodestyle:/home/jake/ros2_iron/install/ament_pep257:/home/jake/ros2_iron/install/ament_pclint:/home/jake/ros2_iron/install/ament_package:/home/jake/ros2_iron/install/ament_mypy:/home/jake/ros2_iron/install/ament_lint_cmake:/home/jake/ros2_iron/install/ament_flake8:/home/jake/ros2_iron/install/ament_copyright:/home/jake/ros2_iron/install/ament_lint:/home/jake/ros2_iron/install/ament_index_python:/home/jake/ros2_iron/install/ament_cpplint:/home/jake/ros2_iron/install/ament_cppcheck:/home/jake/ros2_iron/install/ament_clang_tidy:/home/jake/ros2_iron/install/ament_clang_format:/opt/ros/iron LD_LIBRARY_PATH=/home/jake/moveit2_ws_main/install/moveit_ros_planning_interface/lib:/home/jake/moveit2_ws_main/install/moveit_ros_move_group/lib:/home/jake/moveit2_ws_main/install/moveit_ros_warehouse/lib:/home/jake/moveit2_ws_main/install/moveit_kinematics/lib:/home/jake/moveit2_ws_main/install/moveit_ros_planning/lib:/home/jake/moveit2_ws_main/install/moveit_simple_controller_manager/lib:/home/jake/moveit2_ws_main/install/moveit_ros_occupancy_map_monitor/lib:/home/jake/moveit2_ws_main/install/moveit_core/lib:/home/jake/moveit2_ws_main/install/parameter_traits/lib:/home/jake/moveit2_ws_main/install/moveit_msgs/lib:/home/jake/moveit2_ws_main/install/geometric_shapes/lib:${LD_LIBRARY_PATH} PATH=/home/jake/moveit2_ws_main/install/moveit_core/bin:/home/jake/moveit2_ws_main/install/generate_parameter_library_py/bin:${PATH} PYTHONPATH=/home/jake/moveit2_ws_main/install/moveit_msgs/lib/python3.10/site-packages:/home/jake/moveit2_ws_main/install/moveit_configs_utils/lib/python3.10/site-packages:/home/jake/moveit2_ws_main/install/generate_parameter_library_py/lib/python3.10/site-packages:${PYTHONPATH} /usr/bin/cmake /home/jake/moveit2_ws_main/src/moveit2/moveit_py -DCMAKE_BUILD_TYPE=Release -DCMAKE_INSTALL_PREFIX=/home/jake/moveit2_ws_main/install/moveit_py
[0.559s] -- The C compiler identification is GNU 11.4.0
[0.696s] -- The CXX compiler identification is GNU 11.4.0
[0.718s] -- Detecting C compiler ABI info
[0.967s] -- Detecting C compiler ABI info - done
[1.002s] -- Check for working C compiler: /usr/bin/cc - skipped
[1.003s] -- Detecting C compile features
[1.005s] -- Detecting C compile features - done
[1.018s] -- Detecting CXX compiler ABI info
[1.443s] -- Detecting CXX compiler ABI info - done
[1.473s] -- Check for working CXX compiler: /usr/bin/c++ - skipped
[1.474s] -- Detecting CXX compile features
[1.475s] -- Detecting CXX compile features - done
[1.547s] -- Found ament_cmake: 2.0.6 (/home/jake/ros2_iron/install/ament_cmake/share/ament_cmake/cmake)
[3.139s] -- Found Python3: /usr/bin/python3.10 (found version "3.10.12") found components: Interpreter 
[4.124s] -- Found rclcpp: 21.0.7 (/home/jake/ros2_iron/install/rclcpp/share/rclcpp/cmake)
[4.608s] -- Found rosidl_generator_c: 4.0.1 (/home/jake/ros2_iron/install/rosidl_generator_c/share/rosidl_generator_c/cmake)
[4.735s] -- Found rosidl_generator_cpp: 4.0.1 (/home/jake/ros2_iron/install/rosidl_generator_cpp/share/rosidl_generator_cpp/cmake)
[4.915s] -- Using all available rosidl_typesupport_c: rosidl_typesupport_introspection_c;rosidl_typesupport_fastrtps_c
[5.107s] -- Using all available rosidl_typesupport_cpp: rosidl_typesupport_introspection_cpp;rosidl_typesupport_fastrtps_cpp
[5.748s] -- Found rmw_implementation_cmake: 7.1.0 (/home/jake/ros2_iron/install/rmw_implementation_cmake/share/rmw_implementation_cmake/cmake)
[5.829s] -- Found rmw_fastrtps_cpp: 7.1.4 (/home/jake/ros2_iron/install/rmw_fastrtps_cpp/share/rmw_fastrtps_cpp/cmake)
[6.544s] -- Found OpenSSL: /usr/lib/x86_64-linux-gnu/libcrypto.so (found version "3.0.2")  
[6.699s] -- Found FastRTPS: /home/jake/ros2_iron/install/fastrtps/include  
[6.980s] -- Using RMW implementation 'rmw_fastrtps_cpp' as default
[7.419s] -- Found rclpy: 4.1.6 (/home/jake/ros2_iron/install/rclpy/share/rclpy/cmake)
[7.432s] -- Found geometry_msgs: 5.0.1 (/home/jake/ros2_iron/install/geometry_msgs/share/geometry_msgs/cmake)
[7.636s] -- Found moveit_ros_planning: 2.11.0 (/home/jake/moveit2_ws_main/install/moveit_ros_planning/share/moveit_ros_planning/cmake)
[8.837s] -- Found Boost: /usr/lib/x86_64-linux-gnu/cmake/Boost-1.74.0/BoostConfig.cmake (found version "1.74.0") found components: system filesystem date_time program_options thread chrono 
[8.997s] -- Found parameter_traits: 0.3.7 (/home/jake/moveit2_ws_main/install/parameter_traits/share/parameter_traits/cmake)
[9.232s] -- Found rclcpp_lifecycle: 21.0.7 (/home/jake/ros2_iron/install/rclcpp_lifecycle/share/rclcpp_lifecycle/cmake)
[9.714s] -- Found Boost: /usr/lib/x86_64-linux-gnu/cmake/Boost-1.74.0/BoostConfig.cmake (found version "1.74.0") found components: chrono date_time filesystem iostreams program_options regex serialization system thread 
[10.218s] -- Found Boost: /usr/lib/x86_64-linux-gnu/cmake/Boost-1.74.0/BoostConfig.cmake (found version "1.74.0") found components: filesystem 
[11.044s] -- library: /usr/lib/x86_64-linux-gnu/libcurl.so
[11.970s] -- Found Eigen3: TRUE (found version "3.4.0") 
[11.970s] -- Ensuring Eigen3 include directory is part of orocos-kdl CMake target
[17.339s] -- Found moveit_ros_planning_interface: 2.11.0 (/home/jake/moveit2_ws_main/install/moveit_ros_planning_interface/share/moveit_ros_planning_interface/cmake)
[17.349s] -- Found Boost: /usr/lib/x86_64-linux-gnu/cmake/Boost-1.74.0/BoostConfig.cmake (found version "1.74.0") found components: date_time filesystem program_options system thread 
[17.839s] -- Found Boost: /usr/lib/x86_64-linux-gnu/cmake/Boost-1.74.0/BoostConfig.cmake (found version "1.74.0") found components: thread system filesystem regex date_time program_options 
[18.517s] -- Found Boost: /usr/lib/x86_64-linux-gnu/cmake/Boost-1.74.0/BoostConfig.cmake (found version "1.74.0") found components: system filesystem date_time program_options thread 
[20.438s] -- Found Python3: /usr/bin/python3.10 (found version "3.10.12") found components: Interpreter Development Development.Module Development.Embed 
[20.495s] -- Found pybind11_vendor: 3.0.3 (/home/jake/ros2_iron/install/pybind11_vendor/share/pybind11_vendor/cmake)
[20.844s] -- Performing Test HAS_FLTO
[21.238s] -- Performing Test HAS_FLTO - Success
[21.240s] -- Found pybind11: /usr/include (found version "2.9.1")
[21.887s] -- Found ament_cmake_pytest: 2.0.6 (/home/jake/ros2_iron/install/ament_cmake_pytest/share/ament_cmake_pytest/cmake)
[27.340s] -- Configuring done
[27.818s] -- Generating done
[27.828s] -- Build files have been written to: /home/jake/moveit2_ws_main/build/moveit_py
[27.884s] Invoked command in '/home/jake/moveit2_ws_main/build/moveit_py' returned '0': AMENT_PREFIX_PATH=/home/jake/moveit2_ws_main/install/moveit_ros_planning_interface:/home/jake/moveit2_ws_main/install/moveit_ros_move_group:/home/jake/moveit2_ws_main/install/moveit_ros_warehouse:/home/jake/moveit2_ws_main/install/moveit_kinematics:/home/jake/moveit2_ws_main/install/moveit_ros_planning:/home/jake/moveit2_ws_main/install/moveit_simple_controller_manager:/home/jake/moveit2_ws_main/install/moveit_ros_occupancy_map_monitor:/home/jake/moveit2_ws_main/install/moveit_core:/home/jake/moveit2_ws_main/install/moveit_resources_panda_moveit_config:/home/jake/moveit2_ws_main/install/moveit_resources_fanuc_moveit_config:/home/jake/moveit2_ws_main/install/generate_parameter_library:/home/jake/moveit2_ws_main/install/parameter_traits:/home/jake/moveit2_ws_main/install/moveit_resources_pr2_description:/home/jake/moveit2_ws_main/install/moveit_resources_panda_description:/home/jake/moveit2_ws_main/install/moveit_resources_fanuc_description:/home/jake/moveit2_ws_main/install/moveit_msgs:/home/jake/moveit2_ws_main/install/moveit_configs_utils:/home/jake/moveit2_ws_main/install/moveit_common:/home/jake/moveit2_ws_main/install/geometric_shapes:/home/jake/moveit2_ws_main/install/generate_parameter_library_py:${AMENT_PREFIX_PATH} CMAKE_PREFIX_PATH=/home/jake/moveit2_ws_main/install/moveit_ros_planning_interface:/home/jake/moveit2_ws_main/install/moveit_ros_move_group:/home/jake/moveit2_ws_main/install/moveit_ros_warehouse:/home/jake/moveit2_ws_main/install/moveit_kinematics:/home/jake/moveit2_ws_main/install/moveit_ros_planning:/home/jake/moveit2_ws_main/install/moveit_simple_controller_manager:/home/jake/moveit2_ws_main/install/moveit_ros_occupancy_map_monitor:/home/jake/moveit2_ws_main/install/moveit_core:/home/jake/moveit2_ws_main/install/moveit_resources_panda_moveit_config:/home/jake/moveit2_ws_main/install/moveit_resources_fanuc_moveit_config:/home/jake/moveit2_ws_main/install/generate_parameter_library:/home/jake/moveit2_ws_main/install/parameter_traits:/home/jake/moveit2_ws_main/install/moveit_resources_pr2_description:/home/jake/moveit2_ws_main/install/moveit_resources_panda_description:/home/jake/moveit2_ws_main/install/moveit_resources_fanuc_description:/home/jake/moveit2_ws_main/install/moveit_msgs:/home/jake/moveit2_ws_main/install/moveit_common:/home/jake/moveit2_ws_main/install/geometric_shapes:/home/jake/ros2_iron/install/rosbag2:/home/jake/ros2_iron/install/rosbag2_storage_default_plugins:/home/jake/ros2_iron/install/rosbag2_storage_mcap:/home/jake/ros2_iron/install/rosbag2_compression_zstd:/home/jake/ros2_iron/install/mcap_vendor:/home/jake/ros2_iron/install/zstd_vendor:/home/jake/ros2_iron/install/rviz_visual_testing_framework:/home/jake/ros2_iron/install/rviz2:/home/jake/ros2_iron/install/rviz_default_plugins:/home/jake/ros2_iron/install/rviz_common:/home/jake/ros2_iron/install/rosbag2_py:/home/jake/ros2_iron/install/rosbag2_transport:/home/jake/ros2_iron/install/rosbag2_storage_sqlite3:/home/jake/ros2_iron/install/rosbag2_examples_cpp:/home/jake/ros2_iron/install/rosbag2_compression:/home/jake/ros2_iron/install/rosbag2_cpp:/home/jake/ros2_iron/install/rosbag2_storage:/home/jake/ros2_iron/install/image_common:/home/jake/ros2_iron/install/camera_info_manager:/home/jake/ros2_iron/install/camera_calibration_parsers:/home/jake/ros2_iron/install/yaml_cpp_vendor:/home/jake/ros2_iron/install/interactive_markers:/home/jake/ros2_iron/install/common_interfaces:/home/jake/ros2_iron/install/visualization_msgs:/home/jake/ros2_iron/install/dummy_robot_bringup:/home/jake/ros2_iron/install/robot_state_publisher:/home/jake/ros2_iron/install/kdl_parser:/home/jake/ros2_iron/install/urdf:/home/jake/ros2_iron/install/urdfdom:/home/jake/ros2_iron/install/urdf_parser_plugin:/home/jake/ros2_iron/install/urdfdom_headers:/home/jake/ros2_iron/install/turtlesim:/home/jake/ros2_iron/install/trajectory_msgs:/home/jake/ros2_iron/install/topic_statistics_demo:/home/jake/ros2_iron/install/pendulum_control:/home/jake/ros2_iron/install/tlsf_cpp:/home/jake/ros2_iron/install/geometry2:/home/jake/ros2_iron/install/tf2_sensor_msgs:/home/jake/ros2_iron/install/test_tf2:/home/jake/ros2_iron/install/tf2_kdl:/home/jake/ros2_iron/install/tf2_geometry_msgs:/home/jake/ros2_iron/install/tf2_eigen:/home/jake/ros2_iron/install/tf2_bullet:/home/jake/ros2_iron/install/tf2_ros:/home/jake/ros2_iron/install/tf2_py:/home/jake/ros2_iron/install/tf2_msgs:/home/jake/ros2_iron/install/tf2_eigen_kdl:/home/jake/ros2_iron/install/laser_geometry:/home/jake/ros2_iron/install/tf2:/home/jake/ros2_iron/install/test_tracetools:/home/jake/ros2_iron/install/test_msgs:/home/jake/ros2_iron/install/test_communication:/home/jake/ros2_iron/install/stereo_msgs:/home/jake/ros2_iron/install/std_srvs:/home/jake/ros2_iron/install/shape_msgs:/home/jake/ros2_iron/install/quality_of_service_demo_cpp:/home/jake/ros2_iron/install/map_msgs:/home/jake/ros2_iron/install/intra_process_demo:/home/jake/ros2_iron/install/image_transport:/home/jake/ros2_iron/install/image_tools:/home/jake/ros2_iron/install/dummy_sensors:/home/jake/ros2_iron/install/sensor_msgs:/home/jake/ros2_iron/install/ros2cli_common_extensions:/home/jake/ros2_iron/install/dummy_map_server:/home/jake/ros2_iron/install/nav_msgs:/home/jake/ros2_iron/install/logging_demo:/home/jake/ros2_iron/install/lifecycle:/home/jake/ros2_iron/install/diagnostic_msgs:/home/jake/ros2_iron/install/geometry_msgs:/home/jake/ros2_iron/install/examples_rclcpp_wait_set:/home/jake/ros2_iron/install/examples_rclcpp_multithreaded_executor:/home/jake/ros2_iron/install/examples_rclcpp_minimal_subscriber:/home/jake/ros2_iron/install/examples_rclcpp_minimal_publisher:/home/jake/ros2_iron/install/examples_rclcpp_minimal_composition:/home/jake/ros2_iron/install/examples_rclcpp_cbg_executor:/home/jake/ros2_iron/install/demo_nodes_cpp_native:/home/jake/ros2_iron/install/demo_nodes_cpp:/home/jake/ros2_iron/install/composition:/home/jake/ros2_iron/install/actionlib_msgs:/home/jake/ros2_iron/install/std_msgs:/home/jake/ros2_iron/install/rqt_gui_cpp:/home/jake/ros2_iron/install/rosbag2_test_common:/home/jake/ros2_iron/install/ros2lifecycle_test_fixtures:/home/jake/ros2_iron/install/rclcpp_lifecycle:/home/jake/ros2_iron/install/action_tutorials_cpp:/home/jake/ros2_iron/install/rclcpp_components:/home/jake/ros2_iron/install/examples_rclcpp_minimal_action_server:/home/jake/ros2_iron/install/examples_rclcpp_minimal_action_client:/home/jake/ros2_iron/install/rclcpp_action:/home/jake/ros2_iron/install/message_filters:/home/jake/ros2_iron/install/examples_rclcpp_minimal_timer:/home/jake/ros2_iron/install/examples_rclcpp_minimal_service:/home/jake/ros2_iron/install/examples_rclcpp_minimal_client:/home/jake/ros2_iron/install/examples_rclcpp_async_client:/home/jake/ros2_iron/install/rclcpp:/home/jake/ros2_iron/install/libstatistics_collector:/home/jake/ros2_iron/install/statistics_msgs:/home/jake/ros2_iron/install/sros2_cmake:/home/jake/ros2_iron/install/rqt_py_common:/home/jake/ros2_iron/install/ros_testing:/home/jake/ros2_iron/install/rclpy:/home/jake/ros2_iron/install/rosgraph_msgs:/home/jake/ros2_iron/install/rosbag2_interfaces:/home/jake/ros2_iron/install/ros2cli_test_interfaces:/home/jake/ros2_iron/install/rcl_lifecycle:/home/jake/ros2_iron/install/rcl_action:/home/jake/ros2_iron/install/rcl:/home/jake/ros2_iron/install/rmw_implementation:/home/jake/ros2_iron/install/rmw_fastrtps_dynamic_cpp:/home/jake/ros2_iron/install/rmw_fastrtps_cpp:/home/jake/ros2_iron/install/rmw_fastrtps_shared_cpp:/home/jake/ros2_iron/install/rmw_cyclonedds_cpp:/home/jake/ros2_iron/install/rmw_connextddsmicro:/home/jake/ros2_iron/install/rmw_connextdds:/home/jake/ros2_iron/install/rmw_connextdds_common:/home/jake/ros2_iron/install/rmw_dds_common:/home/jake/ros2_iron/install/composition_interfaces:/home/jake/ros2_iron/install/rcl_interfaces:/home/jake/ros2_iron/install/pendulum_msgs:/home/jake/ros2_iron/install/lifecycle_msgs:/home/jake/ros2_iron/install/example_interfaces:/home/jake/ros2_iron/install/action_tutorials_interfaces:/home/jake/ros2_iron/install/rosidl_default_runtime:/home/jake/ros2_iron/install/rosidl_default_generators:/home/jake/ros2_iron/install/action_msgs:/home/jake/ros2_iron/install/unique_identifier_msgs:/home/jake/ros2_iron/install/ament_lint_common:/home/jake/ros2_iron/install/ament_cmake_uncrustify:/home/jake/ros2_iron/install/uncrustify_vendor:/home/jake/ros2_iron/install/type_description_interfaces:/home/jake/ros2_iron/install/tracetools:/home/jake/ros2_iron/install/tlsf:/home/jake/ros2_iron/install/tinyxml_vendor:/home/jake/ros2_iron/install/qt_gui_core:/home/jake/ros2_iron/install/qt_gui_cpp:/home/jake/ros2_iron/install/pluginlib:/home/jake/ros2_iron/install/tinyxml2_vendor:/home/jake/ros2_iron/install/test_security:/home/jake/ros2_iron/install/test_rmw_implementation:/home/jake/ros2_iron/install/test_rclcpp:/home/jake/ros2_iron/install/test_quality_of_service:/home/jake/ros2_iron/install/test_launch_testing:/home/jake/ros2_iron/install/test_interface_files:/home/jake/ros2_iron/install/test_cli_remapping:/home/jake/ros2_iron/install/test_cli:/home/jake/ros2_iron/install/qt_gui_app:/home/jake/ros2_iron/install/qt_gui:/home/jake/ros2_iron/install/tango_icons_vendor:/home/jake/ros2_iron/install/sqlite3_vendor:/home/jake/ros2_iron/install/rcl_logging_spdlog:/home/jake/ros2_iron/install/spdlog_vendor:/home/jake/ros2_iron/install/shared_queues_vendor:/home/jake/ros2_iron/install/service_msgs:/home/jake/ros2_iron/install/rviz_rendering_tests:/home/jake/ros2_iron/install/rviz_rendering:/home/jake/ros2_iron/install/rviz_ogre_vendor:/home/jake/ros2_iron/install/rviz_assimp_vendor:/home/jake/ros2_iron/install/rttest:/home/jake/ros2_iron/install/rti_connext_dds_cmake_module:/home/jake/ros2_iron/install/builtin_interfaces:/home/jake/ros2_iron/install/rosidl_core_runtime:/home/jake/ros2_iron/install/rosidl_core_generators:/home/jake/ros2_iron/install/rosidl_generator_py:/home/jake/ros2_iron/install/rosidl_typesupport_tests:/home/jake/ros2_iron/install/rosidl_typesupport_introspection_tests:/home/jake/ros2_iron/install/rosidl_typesupport_cpp:/home/jake/ros2_iron/install/rosidl_typesupport_introspection_cpp:/home/jake/ros2_iron/install/rosidl_typesupport_c:/home/jake/ros2_iron/install/rosidl_typesupport_introspection_c:/home/jake/ros2_iron/install/rosidl_typesupport_fastrtps_c:/home/jake/ros2_iron/install/rosidl_typesupport_fastrtps_cpp:/home/jake/ros2_iron/install/rosidl_generator_cpp:/home/jake/ros2_iron/install/rosidl_runtime_cpp:/home/jake/ros2_iron/install/rosidl_dynamic_typesupport_fastrtps:/home/jake/ros2_iron/install/rcl_yaml_param_parser:/home/jake/ros2_iron/install/rmw:/home/jake/ros2_iron/install/rosidl_dynamic_typesupport:/home/jake/ros2_iron/install/rosidl_runtime_c:/home/jake/ros2_iron/install/rosidl_generator_c:/home/jake/ros2_iron/install/rosidl_typesupport_interface:/home/jake/ros2_iron/install/rosidl_generator_dds_idl:/home/jake/ros2_iron/install/rosidl_cmake:/home/jake/ros2_iron/install/rosidl_generator_type_description:/home/jake/ros2_iron/install/rosidl_parser:/home/jake/ros2_iron/install/rosidl_generator_tests:/home/jake/ros2_iron/install/rosidl_adapter:/home/jake/ros2_iron/install/rosbag2_tests:/home/jake/ros2_iron/install/rosbag2_test_msgdefs:/home/jake/ros2_iron/install/ros_environment:/home/jake/ros2_iron/install/rmw_implementation_cmake:/home/jake/ros2_iron/install/resource_retriever:/home/jake/ros2_iron/install/class_loader:/home/jake/ros2_iron/install/rcpputils:/home/jake/ros2_iron/install/rcl_logging_noop:/home/jake/ros2_iron/install/rcl_logging_interface:/home/jake/ros2_iron/install/rcutils:/home/jake/ros2_iron/install/qt_gui_py_common:/home/jake/ros2_iron/install/qt_dotgraph:/home/jake/ros2_iron/install/python_qt_binding:/home/jake/ros2_iron/install/python_orocos_kdl_vendor:/home/jake/ros2_iron/install/launch_testing_ament_cmake:/home/jake/ros2_iron/install/python_cmake_module:/home/jake/ros2_iron/install/pybind11_vendor:/home/jake/ros2_iron/install/performance_test_fixture:/home/jake/ros2_iron/install/osrf_testing_tools_cpp:/home/jake/ros2_iron/install/orocos_kdl_vendor:/home/jake/ros2_iron/install/mimick_vendor:/home/jake/ros2_iron/install/libyaml_vendor:/home/jake/ros2_iron/install/libcurl_vendor:/home/jake/ros2_iron/install/keyboard_handler:/home/jake/ros2_iron/install/iceoryx_introspection:/home/jake/ros2_iron/install/cyclonedds:/home/jake/ros2_iron/install/iceoryx_posh:/home/jake/ros2_iron/install/iceoryx_hoofs:/home/jake/ros2_iron/install/iceoryx_binding_c:/home/jake/ros2_iron/install/ament_cmake_ros:/home/jake/ros2_iron/install/ament_cmake_gmock:/home/jake/ros2_iron/install/gmock_vendor:/home/jake/ros2_iron/install/ament_cmake_auto:/home/jake/ros2_iron/install/ament_cmake_gtest:/home/jake/ros2_iron/install/gtest_vendor:/home/jake/ros2_iron/install/ament_cmake_google_benchmark:/home/jake/ros2_iron/install/google_benchmark_vendor:/home/jake/ros2_iron/install/fastrtps:/home/jake/ros2_iron/install/foonathan_memory_vendor:/home/jake/ros2_iron/install/fastrtps_cmake_module:/home/jake/ros2_iron/install/fastcdr:/home/jake/ros2_iron/install/eigen3_cmake_module:/home/jake/ros2_iron/install/console_bridge_vendor:/home/jake/ros2_iron/install/ament_cmake_xmllint:/home/jake/ros2_iron/install/ament_cmake_pyflakes:/home/jake/ros2_iron/install/ament_cmake_pycodestyle:/home/jake/ros2_iron/install/ament_cmake_pep257:/home/jake/ros2_iron/install/ament_cmake_pclint:/home/jake/ros2_iron/install/ament_lint_auto:/home/jake/ros2_iron/install/ament_cmake:/home/jake/ros2_iron/install/ament_cmake_version:/home/jake/ros2_iron/install/ament_cmake_vendor_package:/home/jake/ros2_iron/install/ament_cmake_pytest:/home/jake/ros2_iron/install/ament_cmake_mypy:/home/jake/ros2_iron/install/ament_cmake_lint_cmake:/home/jake/ros2_iron/install/ament_cmake_flake8:/home/jake/ros2_iron/install/ament_cmake_cpplint:/home/jake/ros2_iron/install/ament_cmake_cppcheck:/home/jake/ros2_iron/install/ament_cmake_copyright:/home/jake/ros2_iron/install/ament_cmake_clang_tidy:/home/jake/ros2_iron/install/ament_cmake_clang_format:/home/jake/ros2_iron/install/ament_cmake_test:/home/jake/ros2_iron/install/ament_cmake_target_dependencies:/home/jake/ros2_iron/install/ament_cmake_python:/home/jake/ros2_iron/install/ament_cmake_export_dependencies:/home/jake/ros2_iron/install/ament_cmake_libraries:/home/jake/ros2_iron/install/ament_cmake_include_directories:/home/jake/ros2_iron/install/ament_cmake_gen_version_h:/home/jake/ros2_iron/install/ament_cmake_export_targets:/home/jake/ros2_iron/install/ament_cmake_export_link_flags:/home/jake/ros2_iron/install/ament_cmake_export_interfaces:/home/jake/ros2_iron/install/ament_cmake_export_libraries:/home/jake/ros2_iron/install/ament_cmake_export_include_directories:/home/jake/ros2_iron/install/ament_cmake_export_definitions:/home/jake/ros2_iron/install/ament_cmake_core:/home/jake/ros2_iron/install/ament_index_cpp:/home/jake/ros2_iron/install/rqt_bag_plugins:/home/jake/ros2_iron/install/rqt_bag:/home/jake/ros2_iron/install/rosbag2_examples_py:/home/jake/ros2_iron/install/launch_testing_examples:/home/jake/ros2_iron/install/ros2bag:/home/jake/ros2_iron/install/tracetools_test:/home/jake/ros2_iron/install/tracetools_launch:/home/jake/ros2_iron/install/topic_monitor:/home/jake/ros2_iron/install/tf2_tools:/home/jake/ros2_iron/install/examples_tf2_py:/home/jake/ros2_iron/install/tf2_ros_py:/home/jake/ros2_iron/install/examples_rclpy_pointcloud_publisher:/home/jake/ros2_iron/install/sensor_msgs_py:/home/jake/ros2_iron/install/quality_of_service_demo_py:/home/jake/ros2_iron/install/rqt_plot:/home/jake/ros2_iron/install/ros2doctor:/home/jake/ros2_iron/install/lifecycle_py:/home/jake/ros2_iron/install/examples_rclpy_minimal_subscriber:/home/jake/ros2_iron/install/examples_rclpy_minimal_service:/home/jake/ros2_iron/install/examples_rclpy_minimal_publisher:/home/jake/ros2_iron/install/examples_rclpy_minimal_client:/home/jake/ros2_iron/install/examples_rclpy_executors:/home/jake/ros2_iron/install/demo_nodes_py:/home/jake/ros2_iron/install/rqt:/home/jake/ros2_iron/install/ros2component:/home/jake/ros2_iron/install/sros2:/home/jake/ros2_iron/install/rqt_topic:/home/jake/ros2_iron/install/rqt_srv:/home/jake/ros2_iron/install/rqt_shell:/home/jake/ros2_iron/install/rqt_service_caller:/home/jake/ros2_iron/install/rqt_reconfigure:/home/jake/ros2_iron/install/rqt_py_console:/home/jake/ros2_iron/install/rqt_publisher:/home/jake/ros2_iron/install/rqt_action:/home/jake/ros2_iron/install/rqt_msg:/home/jake/ros2_iron/install/rqt_console:/home/jake/ros2_iron/install/rqt_graph:/home/jake/ros2_iron/install/rqt_gui_py:/home/jake/ros2_iron/install/rqt_gui:/home/jake/ros2_iron/install/ros2trace:/home/jake/ros2_iron/install/ros2topic:/home/jake/ros2_iron/install/ros2test:/home/jake/ros2_iron/install/ros2param:/home/jake/ros2_iron/install/ros2lifecycle:/home/jake/ros2_iron/install/ros2service:/home/jake/ros2_iron/install/ros2run:/home/jake/ros2_iron/install/ros2launch:/home/jake/ros2_iron/install/ros2pkg:/home/jake/ros2_iron/install/ros2node:/home/jake/ros2_iron/install/ros2multicast:/home/jake/ros2_iron/install/ros2interface:/home/jake/ros2_iron/install/ros2action:/home/jake/ros2_iron/install/ros2cli:/home/jake/ros2_iron/install/launch_testing_ros:/home/jake/ros2_iron/install/launch_ros:/home/jake/ros2_iron/install/examples_rclpy_minimal_action_server:/home/jake/ros2_iron/install/examples_rclpy_minimal_action_client:/home/jake/ros2_iron/install/examples_rclpy_guard_conditions:/home/jake/ros2_iron/install/action_tutorials_py:/home/jake/ros2_iron/install/ament_uncrustify:/home/jake/ros2_iron/install/tracetools_trace:/home/jake/ros2_iron/install/tracetools_read:/home/jake/ros2_iron/install/test_tracetools_launch:/home/jake/ros2_iron/install/test_ros2trace:/home/jake/ros2_iron/install/test_launch_ros:/home/jake/ros2_iron/install/rpyutils:/home/jake/ros2_iron/install/rosidl_runtime_py:/home/jake/ros2_iron/install/rosidl_pycommon:/home/jake/ros2_iron/install/rosidl_cli:/home/jake/ros2_iron/install/launch_pytest:/home/jake/ros2_iron/install/launch_testing:/home/jake/ros2_iron/install/launch_yaml:/home/jake/ros2_iron/install/launch_xml:/home/jake/ros2_iron/install/launch:/home/jake/ros2_iron/install/osrf_pycommon:/home/jake/ros2_iron/install/domain_coordinator:/home/jake/ros2_iron/install/ament_xmllint:/home/jake/ros2_iron/install/ament_pyflakes:/home/jake/ros2_iron/install/ament_pycodestyle:/home/jake/ros2_iron/install/ament_pep257:/home/jake/ros2_iron/install/ament_pclint:/home/jake/ros2_iron/install/ament_package:/home/jake/ros2_iron/install/ament_mypy:/home/jake/ros2_iron/install/ament_lint_cmake:/home/jake/ros2_iron/install/ament_flake8:/home/jake/ros2_iron/install/ament_copyright:/home/jake/ros2_iron/install/ament_lint:/home/jake/ros2_iron/install/ament_index_python:/home/jake/ros2_iron/install/ament_cpplint:/home/jake/ros2_iron/install/ament_cppcheck:/home/jake/ros2_iron/install/ament_clang_tidy:/home/jake/ros2_iron/install/ament_clang_format:/opt/ros/iron LD_LIBRARY_PATH=/home/jake/moveit2_ws_main/install/moveit_ros_planning_interface/lib:/home/jake/moveit2_ws_main/install/moveit_ros_move_group/lib:/home/jake/moveit2_ws_main/install/moveit_ros_warehouse/lib:/home/jake/moveit2_ws_main/install/moveit_kinematics/lib:/home/jake/moveit2_ws_main/install/moveit_ros_planning/lib:/home/jake/moveit2_ws_main/install/moveit_simple_controller_manager/lib:/home/jake/moveit2_ws_main/install/moveit_ros_occupancy_map_monitor/lib:/home/jake/moveit2_ws_main/install/moveit_core/lib:/home/jake/moveit2_ws_main/install/parameter_traits/lib:/home/jake/moveit2_ws_main/install/moveit_msgs/lib:/home/jake/moveit2_ws_main/install/geometric_shapes/lib:${LD_LIBRARY_PATH} PATH=/home/jake/moveit2_ws_main/install/moveit_core/bin:/home/jake/moveit2_ws_main/install/generate_parameter_library_py/bin:${PATH} PYTHONPATH=/home/jake/moveit2_ws_main/install/moveit_msgs/lib/python3.10/site-packages:/home/jake/moveit2_ws_main/install/moveit_configs_utils/lib/python3.10/site-packages:/home/jake/moveit2_ws_main/install/generate_parameter_library_py/lib/python3.10/site-packages:${PYTHONPATH} /usr/bin/cmake /home/jake/moveit2_ws_main/src/moveit2/moveit_py -DCMAKE_BUILD_TYPE=Release -DCMAKE_INSTALL_PREFIX=/home/jake/moveit2_ws_main/install/moveit_py
[27.887s] Invoking command in '/home/jake/moveit2_ws_main/build/moveit_py': AMENT_PREFIX_PATH=/home/jake/moveit2_ws_main/install/moveit_ros_planning_interface:/home/jake/moveit2_ws_main/install/moveit_ros_move_group:/home/jake/moveit2_ws_main/install/moveit_ros_warehouse:/home/jake/moveit2_ws_main/install/moveit_kinematics:/home/jake/moveit2_ws_main/install/moveit_ros_planning:/home/jake/moveit2_ws_main/install/moveit_simple_controller_manager:/home/jake/moveit2_ws_main/install/moveit_ros_occupancy_map_monitor:/home/jake/moveit2_ws_main/install/moveit_core:/home/jake/moveit2_ws_main/install/moveit_resources_panda_moveit_config:/home/jake/moveit2_ws_main/install/moveit_resources_fanuc_moveit_config:/home/jake/moveit2_ws_main/install/generate_parameter_library:/home/jake/moveit2_ws_main/install/parameter_traits:/home/jake/moveit2_ws_main/install/moveit_resources_pr2_description:/home/jake/moveit2_ws_main/install/moveit_resources_panda_description:/home/jake/moveit2_ws_main/install/moveit_resources_fanuc_description:/home/jake/moveit2_ws_main/install/moveit_msgs:/home/jake/moveit2_ws_main/install/moveit_configs_utils:/home/jake/moveit2_ws_main/install/moveit_common:/home/jake/moveit2_ws_main/install/geometric_shapes:/home/jake/moveit2_ws_main/install/generate_parameter_library_py:${AMENT_PREFIX_PATH} CMAKE_PREFIX_PATH=/home/jake/moveit2_ws_main/install/moveit_ros_planning_interface:/home/jake/moveit2_ws_main/install/moveit_ros_move_group:/home/jake/moveit2_ws_main/install/moveit_ros_warehouse:/home/jake/moveit2_ws_main/install/moveit_kinematics:/home/jake/moveit2_ws_main/install/moveit_ros_planning:/home/jake/moveit2_ws_main/install/moveit_simple_controller_manager:/home/jake/moveit2_ws_main/install/moveit_ros_occupancy_map_monitor:/home/jake/moveit2_ws_main/install/moveit_core:/home/jake/moveit2_ws_main/install/moveit_resources_panda_moveit_config:/home/jake/moveit2_ws_main/install/moveit_resources_fanuc_moveit_config:/home/jake/moveit2_ws_main/install/generate_parameter_library:/home/jake/moveit2_ws_main/install/parameter_traits:/home/jake/moveit2_ws_main/install/moveit_resources_pr2_description:/home/jake/moveit2_ws_main/install/moveit_resources_panda_description:/home/jake/moveit2_ws_main/install/moveit_resources_fanuc_description:/home/jake/moveit2_ws_main/install/moveit_msgs:/home/jake/moveit2_ws_main/install/moveit_common:/home/jake/moveit2_ws_main/install/geometric_shapes:/home/jake/ros2_iron/install/rosbag2:/home/jake/ros2_iron/install/rosbag2_storage_default_plugins:/home/jake/ros2_iron/install/rosbag2_storage_mcap:/home/jake/ros2_iron/install/rosbag2_compression_zstd:/home/jake/ros2_iron/install/mcap_vendor:/home/jake/ros2_iron/install/zstd_vendor:/home/jake/ros2_iron/install/rviz_visual_testing_framework:/home/jake/ros2_iron/install/rviz2:/home/jake/ros2_iron/install/rviz_default_plugins:/home/jake/ros2_iron/install/rviz_common:/home/jake/ros2_iron/install/rosbag2_py:/home/jake/ros2_iron/install/rosbag2_transport:/home/jake/ros2_iron/install/rosbag2_storage_sqlite3:/home/jake/ros2_iron/install/rosbag2_examples_cpp:/home/jake/ros2_iron/install/rosbag2_compression:/home/jake/ros2_iron/install/rosbag2_cpp:/home/jake/ros2_iron/install/rosbag2_storage:/home/jake/ros2_iron/install/image_common:/home/jake/ros2_iron/install/camera_info_manager:/home/jake/ros2_iron/install/camera_calibration_parsers:/home/jake/ros2_iron/install/yaml_cpp_vendor:/home/jake/ros2_iron/install/interactive_markers:/home/jake/ros2_iron/install/common_interfaces:/home/jake/ros2_iron/install/visualization_msgs:/home/jake/ros2_iron/install/dummy_robot_bringup:/home/jake/ros2_iron/install/robot_state_publisher:/home/jake/ros2_iron/install/kdl_parser:/home/jake/ros2_iron/install/urdf:/home/jake/ros2_iron/install/urdfdom:/home/jake/ros2_iron/install/urdf_parser_plugin:/home/jake/ros2_iron/install/urdfdom_headers:/home/jake/ros2_iron/install/turtlesim:/home/jake/ros2_iron/install/trajectory_msgs:/home/jake/ros2_iron/install/topic_statistics_demo:/home/jake/ros2_iron/install/pendulum_control:/home/jake/ros2_iron/install/tlsf_cpp:/home/jake/ros2_iron/install/geometry2:/home/jake/ros2_iron/install/tf2_sensor_msgs:/home/jake/ros2_iron/install/test_tf2:/home/jake/ros2_iron/install/tf2_kdl:/home/jake/ros2_iron/install/tf2_geometry_msgs:/home/jake/ros2_iron/install/tf2_eigen:/home/jake/ros2_iron/install/tf2_bullet:/home/jake/ros2_iron/install/tf2_ros:/home/jake/ros2_iron/install/tf2_py:/home/jake/ros2_iron/install/tf2_msgs:/home/jake/ros2_iron/install/tf2_eigen_kdl:/home/jake/ros2_iron/install/laser_geometry:/home/jake/ros2_iron/install/tf2:/home/jake/ros2_iron/install/test_tracetools:/home/jake/ros2_iron/install/test_msgs:/home/jake/ros2_iron/install/test_communication:/home/jake/ros2_iron/install/stereo_msgs:/home/jake/ros2_iron/install/std_srvs:/home/jake/ros2_iron/install/shape_msgs:/home/jake/ros2_iron/install/quality_of_service_demo_cpp:/home/jake/ros2_iron/install/map_msgs:/home/jake/ros2_iron/install/intra_process_demo:/home/jake/ros2_iron/install/image_transport:/home/jake/ros2_iron/install/image_tools:/home/jake/ros2_iron/install/dummy_sensors:/home/jake/ros2_iron/install/sensor_msgs:/home/jake/ros2_iron/install/ros2cli_common_extensions:/home/jake/ros2_iron/install/dummy_map_server:/home/jake/ros2_iron/install/nav_msgs:/home/jake/ros2_iron/install/logging_demo:/home/jake/ros2_iron/install/lifecycle:/home/jake/ros2_iron/install/diagnostic_msgs:/home/jake/ros2_iron/install/geometry_msgs:/home/jake/ros2_iron/install/examples_rclcpp_wait_set:/home/jake/ros2_iron/install/examples_rclcpp_multithreaded_executor:/home/jake/ros2_iron/install/examples_rclcpp_minimal_subscriber:/home/jake/ros2_iron/install/examples_rclcpp_minimal_publisher:/home/jake/ros2_iron/install/examples_rclcpp_minimal_composition:/home/jake/ros2_iron/install/examples_rclcpp_cbg_executor:/home/jake/ros2_iron/install/demo_nodes_cpp_native:/home/jake/ros2_iron/install/demo_nodes_cpp:/home/jake/ros2_iron/install/composition:/home/jake/ros2_iron/install/actionlib_msgs:/home/jake/ros2_iron/install/std_msgs:/home/jake/ros2_iron/install/rqt_gui_cpp:/home/jake/ros2_iron/install/rosbag2_test_common:/home/jake/ros2_iron/install/ros2lifecycle_test_fixtures:/home/jake/ros2_iron/install/rclcpp_lifecycle:/home/jake/ros2_iron/install/action_tutorials_cpp:/home/jake/ros2_iron/install/rclcpp_components:/home/jake/ros2_iron/install/examples_rclcpp_minimal_action_server:/home/jake/ros2_iron/install/examples_rclcpp_minimal_action_client:/home/jake/ros2_iron/install/rclcpp_action:/home/jake/ros2_iron/install/message_filters:/home/jake/ros2_iron/install/examples_rclcpp_minimal_timer:/home/jake/ros2_iron/install/examples_rclcpp_minimal_service:/home/jake/ros2_iron/install/examples_rclcpp_minimal_client:/home/jake/ros2_iron/install/examples_rclcpp_async_client:/home/jake/ros2_iron/install/rclcpp:/home/jake/ros2_iron/install/libstatistics_collector:/home/jake/ros2_iron/install/statistics_msgs:/home/jake/ros2_iron/install/sros2_cmake:/home/jake/ros2_iron/install/rqt_py_common:/home/jake/ros2_iron/install/ros_testing:/home/jake/ros2_iron/install/rclpy:/home/jake/ros2_iron/install/rosgraph_msgs:/home/jake/ros2_iron/install/rosbag2_interfaces:/home/jake/ros2_iron/install/ros2cli_test_interfaces:/home/jake/ros2_iron/install/rcl_lifecycle:/home/jake/ros2_iron/install/rcl_action:/home/jake/ros2_iron/install/rcl:/home/jake/ros2_iron/install/rmw_implementation:/home/jake/ros2_iron/install/rmw_fastrtps_dynamic_cpp:/home/jake/ros2_iron/install/rmw_fastrtps_cpp:/home/jake/ros2_iron/install/rmw_fastrtps_shared_cpp:/home/jake/ros2_iron/install/rmw_cyclonedds_cpp:/home/jake/ros2_iron/install/rmw_connextddsmicro:/home/jake/ros2_iron/install/rmw_connextdds:/home/jake/ros2_iron/install/rmw_connextdds_common:/home/jake/ros2_iron/install/rmw_dds_common:/home/jake/ros2_iron/install/composition_interfaces:/home/jake/ros2_iron/install/rcl_interfaces:/home/jake/ros2_iron/install/pendulum_msgs:/home/jake/ros2_iron/install/lifecycle_msgs:/home/jake/ros2_iron/install/example_interfaces:/home/jake/ros2_iron/install/action_tutorials_interfaces:/home/jake/ros2_iron/install/rosidl_default_runtime:/home/jake/ros2_iron/install/rosidl_default_generators:/home/jake/ros2_iron/install/action_msgs:/home/jake/ros2_iron/install/unique_identifier_msgs:/home/jake/ros2_iron/install/ament_lint_common:/home/jake/ros2_iron/install/ament_cmake_uncrustify:/home/jake/ros2_iron/install/uncrustify_vendor:/home/jake/ros2_iron/install/type_description_interfaces:/home/jake/ros2_iron/install/tracetools:/home/jake/ros2_iron/install/tlsf:/home/jake/ros2_iron/install/tinyxml_vendor:/home/jake/ros2_iron/install/qt_gui_core:/home/jake/ros2_iron/install/qt_gui_cpp:/home/jake/ros2_iron/install/pluginlib:/home/jake/ros2_iron/install/tinyxml2_vendor:/home/jake/ros2_iron/install/test_security:/home/jake/ros2_iron/install/test_rmw_implementation:/home/jake/ros2_iron/install/test_rclcpp:/home/jake/ros2_iron/install/test_quality_of_service:/home/jake/ros2_iron/install/test_launch_testing:/home/jake/ros2_iron/install/test_interface_files:/home/jake/ros2_iron/install/test_cli_remapping:/home/jake/ros2_iron/install/test_cli:/home/jake/ros2_iron/install/qt_gui_app:/home/jake/ros2_iron/install/qt_gui:/home/jake/ros2_iron/install/tango_icons_vendor:/home/jake/ros2_iron/install/sqlite3_vendor:/home/jake/ros2_iron/install/rcl_logging_spdlog:/home/jake/ros2_iron/install/spdlog_vendor:/home/jake/ros2_iron/install/shared_queues_vendor:/home/jake/ros2_iron/install/service_msgs:/home/jake/ros2_iron/install/rviz_rendering_tests:/home/jake/ros2_iron/install/rviz_rendering:/home/jake/ros2_iron/install/rviz_ogre_vendor:/home/jake/ros2_iron/install/rviz_assimp_vendor:/home/jake/ros2_iron/install/rttest:/home/jake/ros2_iron/install/rti_connext_dds_cmake_module:/home/jake/ros2_iron/install/builtin_interfaces:/home/jake/ros2_iron/install/rosidl_core_runtime:/home/jake/ros2_iron/install/rosidl_core_generators:/home/jake/ros2_iron/install/rosidl_generator_py:/home/jake/ros2_iron/install/rosidl_typesupport_tests:/home/jake/ros2_iron/install/rosidl_typesupport_introspection_tests:/home/jake/ros2_iron/install/rosidl_typesupport_cpp:/home/jake/ros2_iron/install/rosidl_typesupport_introspection_cpp:/home/jake/ros2_iron/install/rosidl_typesupport_c:/home/jake/ros2_iron/install/rosidl_typesupport_introspection_c:/home/jake/ros2_iron/install/rosidl_typesupport_fastrtps_c:/home/jake/ros2_iron/install/rosidl_typesupport_fastrtps_cpp:/home/jake/ros2_iron/install/rosidl_generator_cpp:/home/jake/ros2_iron/install/rosidl_runtime_cpp:/home/jake/ros2_iron/install/rosidl_dynamic_typesupport_fastrtps:/home/jake/ros2_iron/install/rcl_yaml_param_parser:/home/jake/ros2_iron/install/rmw:/home/jake/ros2_iron/install/rosidl_dynamic_typesupport:/home/jake/ros2_iron/install/rosidl_runtime_c:/home/jake/ros2_iron/install/rosidl_generator_c:/home/jake/ros2_iron/install/rosidl_typesupport_interface:/home/jake/ros2_iron/install/rosidl_generator_dds_idl:/home/jake/ros2_iron/install/rosidl_cmake:/home/jake/ros2_iron/install/rosidl_generator_type_description:/home/jake/ros2_iron/install/rosidl_parser:/home/jake/ros2_iron/install/rosidl_generator_tests:/home/jake/ros2_iron/install/rosidl_adapter:/home/jake/ros2_iron/install/rosbag2_tests:/home/jake/ros2_iron/install/rosbag2_test_msgdefs:/home/jake/ros2_iron/install/ros_environment:/home/jake/ros2_iron/install/rmw_implementation_cmake:/home/jake/ros2_iron/install/resource_retriever:/home/jake/ros2_iron/install/class_loader:/home/jake/ros2_iron/install/rcpputils:/home/jake/ros2_iron/install/rcl_logging_noop:/home/jake/ros2_iron/install/rcl_logging_interface:/home/jake/ros2_iron/install/rcutils:/home/jake/ros2_iron/install/qt_gui_py_common:/home/jake/ros2_iron/install/qt_dotgraph:/home/jake/ros2_iron/install/python_qt_binding:/home/jake/ros2_iron/install/python_orocos_kdl_vendor:/home/jake/ros2_iron/install/launch_testing_ament_cmake:/home/jake/ros2_iron/install/python_cmake_module:/home/jake/ros2_iron/install/pybind11_vendor:/home/jake/ros2_iron/install/performance_test_fixture:/home/jake/ros2_iron/install/osrf_testing_tools_cpp:/home/jake/ros2_iron/install/orocos_kdl_vendor:/home/jake/ros2_iron/install/mimick_vendor:/home/jake/ros2_iron/install/libyaml_vendor:/home/jake/ros2_iron/install/libcurl_vendor:/home/jake/ros2_iron/install/keyboard_handler:/home/jake/ros2_iron/install/iceoryx_introspection:/home/jake/ros2_iron/install/cyclonedds:/home/jake/ros2_iron/install/iceoryx_posh:/home/jake/ros2_iron/install/iceoryx_hoofs:/home/jake/ros2_iron/install/iceoryx_binding_c:/home/jake/ros2_iron/install/ament_cmake_ros:/home/jake/ros2_iron/install/ament_cmake_gmock:/home/jake/ros2_iron/install/gmock_vendor:/home/jake/ros2_iron/install/ament_cmake_auto:/home/jake/ros2_iron/install/ament_cmake_gtest:/home/jake/ros2_iron/install/gtest_vendor:/home/jake/ros2_iron/install/ament_cmake_google_benchmark:/home/jake/ros2_iron/install/google_benchmark_vendor:/home/jake/ros2_iron/install/fastrtps:/home/jake/ros2_iron/install/foonathan_memory_vendor:/home/jake/ros2_iron/install/fastrtps_cmake_module:/home/jake/ros2_iron/install/fastcdr:/home/jake/ros2_iron/install/eigen3_cmake_module:/home/jake/ros2_iron/install/console_bridge_vendor:/home/jake/ros2_iron/install/ament_cmake_xmllint:/home/jake/ros2_iron/install/ament_cmake_pyflakes:/home/jake/ros2_iron/install/ament_cmake_pycodestyle:/home/jake/ros2_iron/install/ament_cmake_pep257:/home/jake/ros2_iron/install/ament_cmake_pclint:/home/jake/ros2_iron/install/ament_lint_auto:/home/jake/ros2_iron/install/ament_cmake:/home/jake/ros2_iron/install/ament_cmake_version:/home/jake/ros2_iron/install/ament_cmake_vendor_package:/home/jake/ros2_iron/install/ament_cmake_pytest:/home/jake/ros2_iron/install/ament_cmake_mypy:/home/jake/ros2_iron/install/ament_cmake_lint_cmake:/home/jake/ros2_iron/install/ament_cmake_flake8:/home/jake/ros2_iron/install/ament_cmake_cpplint:/home/jake/ros2_iron/install/ament_cmake_cppcheck:/home/jake/ros2_iron/install/ament_cmake_copyright:/home/jake/ros2_iron/install/ament_cmake_clang_tidy:/home/jake/ros2_iron/install/ament_cmake_clang_format:/home/jake/ros2_iron/install/ament_cmake_test:/home/jake/ros2_iron/install/ament_cmake_target_dependencies:/home/jake/ros2_iron/install/ament_cmake_python:/home/jake/ros2_iron/install/ament_cmake_export_dependencies:/home/jake/ros2_iron/install/ament_cmake_libraries:/home/jake/ros2_iron/install/ament_cmake_include_directories:/home/jake/ros2_iron/install/ament_cmake_gen_version_h:/home/jake/ros2_iron/install/ament_cmake_export_targets:/home/jake/ros2_iron/install/ament_cmake_export_link_flags:/home/jake/ros2_iron/install/ament_cmake_export_interfaces:/home/jake/ros2_iron/install/ament_cmake_export_libraries:/home/jake/ros2_iron/install/ament_cmake_export_include_directories:/home/jake/ros2_iron/install/ament_cmake_export_definitions:/home/jake/ros2_iron/install/ament_cmake_core:/home/jake/ros2_iron/install/ament_index_cpp:/home/jake/ros2_iron/install/rqt_bag_plugins:/home/jake/ros2_iron/install/rqt_bag:/home/jake/ros2_iron/install/rosbag2_examples_py:/home/jake/ros2_iron/install/launch_testing_examples:/home/jake/ros2_iron/install/ros2bag:/home/jake/ros2_iron/install/tracetools_test:/home/jake/ros2_iron/install/tracetools_launch:/home/jake/ros2_iron/install/topic_monitor:/home/jake/ros2_iron/install/tf2_tools:/home/jake/ros2_iron/install/examples_tf2_py:/home/jake/ros2_iron/install/tf2_ros_py:/home/jake/ros2_iron/install/examples_rclpy_pointcloud_publisher:/home/jake/ros2_iron/install/sensor_msgs_py:/home/jake/ros2_iron/install/quality_of_service_demo_py:/home/jake/ros2_iron/install/rqt_plot:/home/jake/ros2_iron/install/ros2doctor:/home/jake/ros2_iron/install/lifecycle_py:/home/jake/ros2_iron/install/examples_rclpy_minimal_subscriber:/home/jake/ros2_iron/install/examples_rclpy_minimal_service:/home/jake/ros2_iron/install/examples_rclpy_minimal_publisher:/home/jake/ros2_iron/install/examples_rclpy_minimal_client:/home/jake/ros2_iron/install/examples_rclpy_executors:/home/jake/ros2_iron/install/demo_nodes_py:/home/jake/ros2_iron/install/rqt:/home/jake/ros2_iron/install/ros2component:/home/jake/ros2_iron/install/sros2:/home/jake/ros2_iron/install/rqt_topic:/home/jake/ros2_iron/install/rqt_srv:/home/jake/ros2_iron/install/rqt_shell:/home/jake/ros2_iron/install/rqt_service_caller:/home/jake/ros2_iron/install/rqt_reconfigure:/home/jake/ros2_iron/install/rqt_py_console:/home/jake/ros2_iron/install/rqt_publisher:/home/jake/ros2_iron/install/rqt_action:/home/jake/ros2_iron/install/rqt_msg:/home/jake/ros2_iron/install/rqt_console:/home/jake/ros2_iron/install/rqt_graph:/home/jake/ros2_iron/install/rqt_gui_py:/home/jake/ros2_iron/install/rqt_gui:/home/jake/ros2_iron/install/ros2trace:/home/jake/ros2_iron/install/ros2topic:/home/jake/ros2_iron/install/ros2test:/home/jake/ros2_iron/install/ros2param:/home/jake/ros2_iron/install/ros2lifecycle:/home/jake/ros2_iron/install/ros2service:/home/jake/ros2_iron/install/ros2run:/home/jake/ros2_iron/install/ros2launch:/home/jake/ros2_iron/install/ros2pkg:/home/jake/ros2_iron/install/ros2node:/home/jake/ros2_iron/install/ros2multicast:/home/jake/ros2_iron/install/ros2interface:/home/jake/ros2_iron/install/ros2action:/home/jake/ros2_iron/install/ros2cli:/home/jake/ros2_iron/install/launch_testing_ros:/home/jake/ros2_iron/install/launch_ros:/home/jake/ros2_iron/install/examples_rclpy_minimal_action_server:/home/jake/ros2_iron/install/examples_rclpy_minimal_action_client:/home/jake/ros2_iron/install/examples_rclpy_guard_conditions:/home/jake/ros2_iron/install/action_tutorials_py:/home/jake/ros2_iron/install/ament_uncrustify:/home/jake/ros2_iron/install/tracetools_trace:/home/jake/ros2_iron/install/tracetools_read:/home/jake/ros2_iron/install/test_tracetools_launch:/home/jake/ros2_iron/install/test_ros2trace:/home/jake/ros2_iron/install/test_launch_ros:/home/jake/ros2_iron/install/rpyutils:/home/jake/ros2_iron/install/rosidl_runtime_py:/home/jake/ros2_iron/install/rosidl_pycommon:/home/jake/ros2_iron/install/rosidl_cli:/home/jake/ros2_iron/install/launch_pytest:/home/jake/ros2_iron/install/launch_testing:/home/jake/ros2_iron/install/launch_yaml:/home/jake/ros2_iron/install/launch_xml:/home/jake/ros2_iron/install/launch:/home/jake/ros2_iron/install/osrf_pycommon:/home/jake/ros2_iron/install/domain_coordinator:/home/jake/ros2_iron/install/ament_xmllint:/home/jake/ros2_iron/install/ament_pyflakes:/home/jake/ros2_iron/install/ament_pycodestyle:/home/jake/ros2_iron/install/ament_pep257:/home/jake/ros2_iron/install/ament_pclint:/home/jake/ros2_iron/install/ament_package:/home/jake/ros2_iron/install/ament_mypy:/home/jake/ros2_iron/install/ament_lint_cmake:/home/jake/ros2_iron/install/ament_flake8:/home/jake/ros2_iron/install/ament_copyright:/home/jake/ros2_iron/install/ament_lint:/home/jake/ros2_iron/install/ament_index_python:/home/jake/ros2_iron/install/ament_cpplint:/home/jake/ros2_iron/install/ament_cppcheck:/home/jake/ros2_iron/install/ament_clang_tidy:/home/jake/ros2_iron/install/ament_clang_format:/opt/ros/iron LD_LIBRARY_PATH=/home/jake/moveit2_ws_main/install/moveit_ros_planning_interface/lib:/home/jake/moveit2_ws_main/install/moveit_ros_move_group/lib:/home/jake/moveit2_ws_main/install/moveit_ros_warehouse/lib:/home/jake/moveit2_ws_main/install/moveit_kinematics/lib:/home/jake/moveit2_ws_main/install/moveit_ros_planning/lib:/home/jake/moveit2_ws_main/install/moveit_simple_controller_manager/lib:/home/jake/moveit2_ws_main/install/moveit_ros_occupancy_map_monitor/lib:/home/jake/moveit2_ws_main/install/moveit_core/lib:/home/jake/moveit2_ws_main/install/parameter_traits/lib:/home/jake/moveit2_ws_main/install/moveit_msgs/lib:/home/jake/moveit2_ws_main/install/geometric_shapes/lib:${LD_LIBRARY_PATH} PATH=/home/jake/moveit2_ws_main/install/moveit_core/bin:/home/jake/moveit2_ws_main/install/generate_parameter_library_py/bin:${PATH} PYTHONPATH=/home/jake/moveit2_ws_main/install/moveit_msgs/lib/python3.10/site-packages:/home/jake/moveit2_ws_main/install/moveit_configs_utils/lib/python3.10/site-packages:/home/jake/moveit2_ws_main/install/generate_parameter_library_py/lib/python3.10/site-packages:${PYTHONPATH} /usr/bin/cmake --build /home/jake/moveit2_ws_main/build/moveit_py
[28.323s] [  4%] [32mBuilding CXX object src/moveit/moveit_py_utils/CMakeFiles/moveit_py_utils.dir/src/copy_ros_msg.cpp.o[0m
[28.325s] [  8%] [32mBuilding CXX object src/moveit/moveit_py_utils/CMakeFiles/moveit_py_utils.dir/src/ros_msg_typecasters.cpp.o[0m
[28.463s] [  8%] Built target ament_cmake_python_copy_moveit
[31.056s] running egg_info
[31.060s] creating moveit.egg-info
[31.062s] writing moveit.egg-info/PKG-INFO
[31.065s] writing dependency_links to moveit.egg-info/dependency_links.txt
[31.066s] writing top-level names to moveit.egg-info/top_level.txt
[31.066s] writing manifest file 'moveit.egg-info/SOURCES.txt'
[31.075s] reading manifest file 'moveit.egg-info/SOURCES.txt'
[31.080s] writing manifest file 'moveit.egg-info/SOURCES.txt'
[31.285s] [  8%] Built target ament_cmake_python_build_moveit_egg
[54.978s] [ 12%] [32m[1mLinking CXX shared library libmoveit_py_utils.so[0m
[60.311s] [ 12%] Built target moveit_py_utils
[60.598s] [ 16%] [32mBuilding CXX object CMakeFiles/core.dir/src/moveit/moveit_core/planning_interface/planning_response.cpp.o[0m
[60.614s] [ 25%] [32mBuilding CXX object CMakeFiles/core.dir/src/moveit/core.cpp.o[0m
[60.618s] [ 25%] [32mBuilding CXX object CMakeFiles/core.dir/src/moveit/moveit_core/collision_detection/world.cpp.o[0m
[60.632s] [ 29%] [32mBuilding CXX object CMakeFiles/core.dir/src/moveit/moveit_core/kinematic_constraints/utils.cpp.o[0m
[60.635s] [ 33%] [32mBuilding CXX object CMakeFiles/core.dir/src/moveit/moveit_core/collision_detection/collision_matrix.cpp.o[0m
[60.643s] [ 37%] [32mBuilding CXX object CMakeFiles/core.dir/src/moveit/moveit_core/collision_detection/collision_common.cpp.o[0m
[60.645s] [ 41%] [32mBuilding CXX object CMakeFiles/core.dir/src/moveit/moveit_core/controller_manager/controller_manager.cpp.o[0m
[60.676s] [ 45%] [32mBuilding CXX object CMakeFiles/planning.dir/src/moveit/planning.cpp.o[0m
[71.809s] In file included from [01m[K/usr/include/c++/11/future:39[m[K,
[71.809s]                  from [01m[K/home/jake/ros2_iron/install/rclcpp/include/rclcpp/rclcpp/executors.hpp:18[m[K,
[71.809s]                  from [01m[K/home/jake/ros2_iron/install/rclcpp/include/rclcpp/rclcpp/rclcpp.hpp:167[m[K,
[71.810s]                  from [01m[K/home/jake/moveit2_ws_main/src/moveit2/moveit_py/src/moveit/moveit_core/kinematic_constraints/utils.h:40[m[K,
[71.810s]                  from [01m[K/home/jake/moveit2_ws_main/src/moveit2/moveit_py/src/moveit/moveit_core/kinematic_constraints/utils.cpp:37[m[K:
[71.810s] [01m[K/usr/include/c++/11/condition_variable:256:72:[m[K [01;31m[Kinternal compiler error: [m[KSegmentation fault
[71.810s]   256 |         explicit _Unlock(_Lock& __lk) : _M_lock(__lk) { __lk.unlock(); [01;31m[K}[m[K
[71.811s]       |                                                                        [01;31m[K^[m[K
[72.000s] DW_FORM_strp out of range in .debug_info at 17
[72.062s] Please submit a full bug report,
[72.066s] with preprocessed source if appropriate.
[72.066s] See <file:///usr/share/doc/gcc-11/README.Bugs> for instructions.
[72.141s] gmake[2]: *** [CMakeFiles/core.dir/build.make:146: CMakeFiles/core.dir/src/moveit/moveit_core/kinematic_constraints/utils.cpp.o] Error 1
[72.142s] gmake[2]: *** Waiting for unfinished jobs....
[72.277s] [ 50%] [32mBuilding CXX object CMakeFiles/planning.dir/src/moveit/moveit_ros/moveit_cpp/moveit_cpp.cpp.o[0m
[77.461s] [ 54%] [32mBuilding CXX object CMakeFiles/planning.dir/src/moveit/moveit_ros/moveit_cpp/planning_component.cpp.o[0m
[84.427s] In file included from [01m[K/home/jake/ros2_iron/install/rclcpp/include/rclcpp/rclcpp/callback_group.hpp:24[m[K,
[84.427s]                  from [01m[K/home/jake/ros2_iron/install/rclcpp/include/rclcpp/rclcpp/any_executable.hpp:20[m[K,
[84.428s]                  from [01m[K/home/jake/ros2_iron/install/rclcpp/include/rclcpp/rclcpp/memory_strategy.hpp:25[m[K,
[84.428s]                  from [01m[K/home/jake/ros2_iron/install/rclcpp/include/rclcpp/rclcpp/memory_strategies.hpp:18[m[K,
[84.428s]                  from [01m[K/home/jake/ros2_iron/install/rclcpp/include/rclcpp/rclcpp/executor_options.hpp:20[m[K,
[84.428s]                  from [01m[K/home/jake/ros2_iron/install/rclcpp/include/rclcpp/rclcpp/executor.hpp:37[m[K,
[84.428s]                  from [01m[K/home/jake/ros2_iron/install/rclcpp/include/rclcpp/rclcpp/executors/multi_threaded_executor.hpp:25[m[K,
[84.428s]                  from [01m[K/home/jake/ros2_iron/install/rclcpp/include/rclcpp/rclcpp/executors.hpp:21[m[K,
[84.428s]                  from [01m[K/home/jake/ros2_iron/install/rclcpp/include/rclcpp/rclcpp/rclcpp.hpp:167[m[K,
[84.428s]                  from [01m[K/home/jake/moveit2_ws_main/src/moveit2/moveit_py/src/moveit/moveit_py_utils/include/moveit_py/moveit_py_utils/ros_msg_typecasters.h:40[m[K,
[84.429s]                  from [01m[K/home/jake/moveit2_ws_main/src/moveit2/moveit_py/src/moveit/moveit_ros/moveit_cpp/moveit_cpp.h:45[m[K,
[84.429s]                  from [01m[K/home/jake/moveit2_ws_main/src/moveit2/moveit_py/src/moveit/moveit_ros/moveit_cpp/moveit_cpp.cpp:37[m[K:
[84.429s] [01m[K/home/jake/ros2_iron/install/rclcpp/include/rclcpp/rclcpp/client.hpp:[m[K In constructor [01m[Krclcpp::Client<ServiceT>::Client(rclcpp::node_interfaces::NodeBaseInterface*, rclcpp::node_interfaces::NodeGraphInterface::SharedPtr, const string&, rcl_client_options_t&)[m[K:
[84.429s] [01m[K/home/jake/ros2_iron/install/rclcpp/include/rclcpp/rclcpp/client.hpp:481:8:[m[K [01;31m[Kinternal compiler error: [m[KSegmentation fault
[84.429s]   481 |       &[01;31m[Kclient_options[m[K);
[84.429s]       |        [01;31m[K^~~~~~~~~~~~~~[m[K
[84.566s] DW_FORM_strp out of range in .debug_info at 17
[84.598s] Please submit a full bug report,
[84.599s] with preprocessed source if appropriate.
[84.599s] See <file:///usr/share/doc/gcc-11/README.Bugs> for instructions.
[84.668s] gmake[2]: *** [CMakeFiles/planning.dir/build.make:90: CMakeFiles/planning.dir/src/moveit/moveit_ros/moveit_cpp/moveit_cpp.cpp.o] Error 1
[84.668s] gmake[2]: *** Waiting for unfinished jobs....
[86.263s] In file included from [01m[K/usr/include/eigen3/Eigen/Core:359[m[K,
[86.263s]                  from [01m[K/usr/include/pybind11/eigen.h:30[m[K,
[86.263s]                  from [01m[K/home/jake/moveit2_ws_main/src/moveit2/moveit_py/src/moveit/moveit_core/collision_detection/collision_common.h:38[m[K,
[86.263s]                  from [01m[K/home/jake/moveit2_ws_main/src/moveit2/moveit_py/src/moveit/core.cpp:37[m[K:
[86.264s] /usr/include/eigen3/Eigen/src/Core/Random.h: In instantiation of [01m[Kclass Eigen::DenseBase<Eigen::Block<const Eigen::Matrix<double, 4, 4>, 3, 1, true> >[m[K:
[86.264s] [01m[K/usr/include/eigen3/Eigen/src/Core/MatrixBase.h:48:34:[m[K   required from [01m[Kclass Eigen::MatrixBase<Eigen::Block<const Eigen::Matrix<double, 4, 4>, 3, 1, true> >[m[K
[86.264s] [01m[K/usr/include/eigen3/Eigen/src/Core/MapBase.h:37:34:[m[K   required from [01m[Kclass Eigen::MapBase<Eigen::Block<const Eigen::Matrix<double, 4, 4>, 3, 1, true>, 0>[m[K
[86.264s] [01m[K/usr/include/eigen3/Eigen/src/Core/Block.h:329:7:[m[K   required from [01m[Kclass Eigen::internal::BlockImpl_dense<const Eigen::Matrix<double, 4, 4>, 3, 1, true, true>[m[K
[86.264s] [01m[K/usr/include/eigen3/Eigen/src/Core/Block.h:154:7:[m[K   required from [01m[Kclass Eigen::BlockImpl<const Eigen::Matrix<double, 4, 4>, 3, 1, true, Eigen::Dense>[m[K
[86.264s] [01m[K/usr/include/eigen3/Eigen/src/Core/Block.h:103:81:[m[K   required from [01m[Kclass Eigen::Block<const Eigen::Matrix<double, 4, 4>, 3, 1, true>[m[K
[86.264s] [01m[K/home/jake/ros2_iron/install/tf2_eigen/include/tf2_eigen/tf2_eigen/tf2_eigen.hpp:78:44:[m[K   required from here
[86.265s] [01m[K/usr/include/eigen3/Eigen/src/Core/Random.h:56:1:[m[K [01;31m[Kinternal compiler error: [m[KSegmentation fault
[86.265s]    56 | [01;31m[KDenseBase<Derived>[m[K::Random(Index rows, Index cols)
[86.265s]       | [01;31m[K^~~~~~~~~~~~~~~~~~[m[K
[86.402s] DW_FORM_strp out of range in .debug_info at 17
[86.432s] Please submit a full bug report,
[86.432s] with preprocessed source if appropriate.
[86.433s] See <file:///usr/share/doc/gcc-11/README.Bugs> for instructions.
[86.533s] gmake[2]: *** [CMakeFiles/core.dir/build.make:76: CMakeFiles/core.dir/src/moveit/core.cpp.o] Error 1
[88.127s] In file included from [01m[K/usr/include/eigen3/Eigen/Core:278[m[K,
[88.127s]                  from [01m[K/usr/include/pybind11/eigen.h:30[m[K,
[88.127s]                  from [01m[K/home/jake/moveit2_ws_main/src/moveit2/moveit_py/src/moveit/moveit_core/planning_interface/planning_response.h:40[m[K,
[88.127s]                  from [01m[K/home/jake/moveit2_ws_main/src/moveit2/moveit_py/src/moveit/moveit_core/planning_interface/planning_response.cpp:37[m[K:
[88.127s] /usr/include/eigen3/Eigen/src/Core/AssignEvaluator.h: In instantiation of [01m[Kvoid Eigen::internal::call_dense_assignment_loop(DstXprType&, const SrcXprType&, const Functor&) [with DstXprType = Eigen::Matrix<double, 1, 3>; SrcXprType = Eigen::CwiseBinaryOp<Eigen::internal::scalar_difference_op<double, double>, const Eigen::Transpose<Eigen::Diagonal<Eigen::Matrix<double, 3, 3>, 0> >, const Eigen::Transpose<const Eigen::CwiseNullaryOp<Eigen::internal::scalar_constant_op<double>, Eigen::Matrix<double, 3, 1> > > >; Functor = Eigen::internal::assign_op<double, double>][m[K:
[88.127s] [01m[K/usr/include/eigen3/Eigen/src/Core/AssignEvaluator.h:954:31:[m[K   required from [01m[Kstatic void Eigen::internal::Assignment<DstXprType, SrcXprType, Functor, Eigen::internal::Dense2Dense, Weak>::run(DstXprType&, const SrcXprType&, const Functor&) [with DstXprType = Eigen::Matrix<double, 1, 3>; SrcXprType = Eigen::CwiseBinaryOp<Eigen::internal::scalar_difference_op<double, double>, const Eigen::Transpose<Eigen::Diagonal<Eigen::Matrix<double, 3, 3>, 0> >, const Eigen::Transpose<const Eigen::CwiseNullaryOp<Eigen::internal::scalar_constant_op<double>, Eigen::Matrix<double, 3, 1> > > >; Functor = Eigen::internal::assign_op<double, double>; Weak = void][m[K
[88.128s] [01m[K/usr/include/eigen3/Eigen/src/Core/AssignEvaluator.h:890:49:[m[K   required from [01m[Kvoid Eigen::internal::call_assignment_no_alias(Dst&, const Src&, const Func&) [with Dst = Eigen::Matrix<double, 1, 3>; Src = Eigen::CwiseBinaryOp<Eigen::internal::scalar_difference_op<double, double>, const Eigen::Transpose<Eigen::Diagonal<Eigen::Matrix<double, 3, 3>, 0> >, const Eigen::Transpose<const Eigen::CwiseNullaryOp<Eigen::internal::scalar_constant_op<double>, Eigen::Matrix<double, 3, 1> > > >; Func = Eigen::internal::assign_op<double, double>][m[K
[88.128s] [01m[K/usr/include/eigen3/Eigen/src/Core/PlainObjectBase.h:797:41:[m[K   required from [01m[KDerived& Eigen::PlainObjectBase<Derived>::_set_noalias(const Eigen::DenseBase<OtherDerived>&) [with OtherDerived = Eigen::CwiseBinaryOp<Eigen::internal::scalar_difference_op<double, double>, const Eigen::Transpose<Eigen::Diagonal<Eigen::Matrix<double, 3, 3>, 0> >, const Eigen::Transpose<const Eigen::CwiseNullaryOp<Eigen::internal::scalar_constant_op<double>, Eigen::Matrix<double, 3, 1> > > >; Derived = Eigen::Matrix<double, 1, 3>][m[K
[88.128s] [01m[K/usr/include/eigen3/Eigen/src/Core/PlainObjectBase.h:883:25:[m[K   required from [01m[Kvoid Eigen::PlainObjectBase<Derived>::_init1(const Eigen::DenseBase<ElseDerived>&) [with T = Eigen::CwiseBinaryOp<Eigen::internal::scalar_difference_op<double, double>, const Eigen::Transpose<Eigen::Diagonal<Eigen::Matrix<double, 3, 3>, 0> >, const Eigen::Transpose<const Eigen::CwiseNullaryOp<Eigen::internal::scalar_constant_op<double>, Eigen::Matrix<double, 3, 1> > > >; OtherDerived = Eigen::CwiseBinaryOp<Eigen::internal::scalar_difference_op<double, double>, const Eigen::Transpose<Eigen::Diagonal<Eigen::Matrix<double, 3, 3>, 0> >, const Eigen::Transpose<const Eigen::CwiseNullaryOp<Eigen::internal::scalar_constant_op<double>, Eigen::Matrix<double, 3, 1> > > >; Derived = Eigen::Matrix<double, 1, 3>][m[K
[88.128s] [01m[K/usr/include/eigen3/Eigen/src/Core/Matrix.h:332:31:[m[K   required from [01m[KEigen::Matrix<_Scalar, _Rows, _Cols, _Options, _MaxRows, _MaxCols>::Matrix(const T&) [with T = Eigen::CwiseBinaryOp<Eigen::internal::scalar_difference_op<double, double>, const Eigen::Transpose<Eigen::Diagonal<Eigen::Matrix<double, 3, 3>, 0> >, const Eigen::Transpose<const Eigen::CwiseNullaryOp<Eigen::internal::scalar_constant_op<double>, Eigen::Matrix<double, 3, 1> > > >; _Scalar = double; int _Rows = 1; int _Cols = 3; int _Options = 1; int _MaxRows = 1; int _MaxCols = 3][m[K
[88.128s] [01m[K/usr/include/eigen3/Eigen/src/Core/DenseBase.h:412:48:[m[K   required from [01m[KEigen::DenseBase<Derived>::EvalReturnType Eigen::DenseBase<Derived>::eval() const [with Derived = Eigen::CwiseBinaryOp<Eigen::internal::scalar_difference_op<double, double>, const Eigen::Transpose<Eigen::Diagonal<Eigen::Matrix<double, 3, 3>, 0> >, const Eigen::Transpose<const Eigen::CwiseNullaryOp<Eigen::internal::scalar_constant_op<double>, Eigen::Matrix<double, 3, 1> > > >; Eigen::DenseBase<Derived>::EvalReturnType = const Eigen::Matrix<double, 1, 3>][m[K
[88.128s] [01m[K/usr/include/eigen3/Eigen/src/Core/IO.h:253:42:[m[K   required from [01m[Kstd::ostream& Eigen::operator<<(std::ostream&, const Eigen::DenseBase<Derived>&) [with Derived = Eigen::CwiseBinaryOp<Eigen::internal::scalar_difference_op<double, double>, const Eigen::Transpose<Eigen::Diagonal<Eigen::Matrix<double, 3, 3>, 0> >, const Eigen::Transpose<const Eigen::CwiseNullaryOp<Eigen::internal::scalar_constant_op<double>, Eigen::Matrix<double, 3, 1> > > >; std::ostream = std::basic_ostream<char>][m[K
[88.128s] [01m[K/opt/ros/iron/include/geometric_shapes/check_isometry.h:86:87:[m[K   required from here
[88.128s] [01m[K/usr/include/eigen3/Eigen/src/Core/AssignEvaluator.h:786:1:[m[K [01;31m[Kinternal compiler error: [m[KSegmentation fault
[88.129s]   786 | [01;31m[K}[m[K
[88.129s]       | [01;31m[K^[m[K
[88.236s] DW_FORM_strp out of range in .debug_info at 17
[88.261s] Please submit a full bug report,
[88.261s] with preprocessed source if appropriate.
[88.261s] See <file:///usr/share/doc/gcc-11/README.Bugs> for instructions.
[88.354s] gmake[2]: *** [CMakeFiles/core.dir/build.make:160: CMakeFiles/core.dir/src/moveit/moveit_core/planning_interface/planning_response.cpp.o] Error 1
[88.354s] gmake[1]: *** [CMakeFiles/Makefile2:211: CMakeFiles/core.dir/all] Error 2
[88.354s] gmake[1]: *** Waiting for unfinished jobs....
[92.978s] In file included from [01m[K/usr/include/c++/11/map:60[m[K,
[92.978s]                  from [01m[K/usr/include/eigen3/Eigen/SparseCore:16[m[K,
[92.978s]                  from [01m[K/usr/include/pybind11/eigen.h:31[m[K,
[92.979s]                  from [01m[K/home/jake/moveit2_ws_main/src/moveit2/moveit_py/src/moveit/moveit_ros/moveit_cpp/moveit_cpp.h:41[m[K,
[92.979s]                  from [01m[K/home/jake/moveit2_ws_main/src/moveit2/moveit_py/src/moveit/planning.cpp:37[m[K:
[92.979s] /usr/include/c++/11/bits/stl_tree.h: In instantiation of [01m[Kstd::_Rb_tree_node<_Val>* std::_Rb_tree<_Key2, _Value2, _KeyOfValue, _Compare, _ValueAlloc>::_M_create_node(_Args&& ...) [with _Args = {const std::piecewise_construct_t&, std::tuple<const std::__cxx11::basic_string<char, std::char_traits<char>, std::allocator<char> >&>, std::tuple<>}; _Key = std::__cxx11::basic_string<char>; _Val = std::pair<const std::__cxx11::basic_string<char>, collision_detection::World::Action>; _KeyOfValue = std::_Select1st<std::pair<const std::__cxx11::basic_string<char>, collision_detection::World::Action> >; _Compare = std::less<std::__cxx11::basic_string<char> >; _Alloc = std::allocator<std::pair<const std::__cxx11::basic_string<char>, collision_detection::World::Action> >; std::_Rb_tree<_Key2, _Value2, _KeyOfValue, _Compare, _ValueAlloc>::_Link_type = std::_Rb_tree_node<std::pair<const std::__cxx11::basic_string<char>, collision_detection::World::Action> >*][m[K:
[92.979s] [01m[K/usr/include/c++/11/bits/stl_tree.h:2431:33:[m[K   required from [01m[Kstd::_Rb_tree<_Key2, _Value2, _KeyOfValue, _Compare, _ValueAlloc>::iterator std::_Rb_tree<_Key2, _Value2, _KeyOfValue, _Compare, _ValueAlloc>::_M_emplace_hint_unique(std::_Rb_tree<_Key2, _Value2, _KeyOfValue, _Compare, _ValueAlloc>::const_iterator, _Args&& ...) [with _Args = {const std::piecewise_construct_t&, std::tuple<const std::__cxx11::basic_string<char, std::char_traits<char>, std::allocator<char> >&>, std::tuple<>}; _Key = std::__cxx11::basic_string<char>; _Val = std::pair<const std::__cxx11::basic_string<char>, collision_detection::World::Action>; _KeyOfValue = std::_Select1st<std::pair<const std::__cxx11::basic_string<char>, collision_detection::World::Action> >; _Compare = std::less<std::__cxx11::basic_string<char> >; _Alloc = std::allocator<std::pair<const std::__cxx11::basic_string<char>, collision_detection::World::Action> >; std::_Rb_tree<_Key2, _Value2, _KeyOfValue, _Compare, _ValueAlloc>::iterator = std::_Rb_tree<std::__cxx11::basic_string<char>, std::pair<const std::__cxx11::basic_string<char>, collision_detection::World::Action>, std::_Select1st<std::pair<const std::__cxx11::basic_string<char>, collision_detection::World::Action> >, std::less<std::__cxx11::basic_string<char> >, std::allocator<std::pair<const std::__cxx11::basic_string<char>, collision_detection::World::Action> > >::iterator; std::_Rb_tree<_Key2, _Value2, _KeyOfValue, _Compare, _ValueAlloc>::const_iterator = std::_Rb_tree<std::__cxx11::basic_string<char>, std::pair<const std::__cxx11::basic_string<char>, collision_detection::World::Action>, std::_Select1st<std::pair<const std::__cxx11::basic_string<char>, collision_detection::World::Action> >, std::less<std::__cxx11::basic_string<char> >, std::allocator<std::pair<const std::__cxx11::basic_string<char>, collision_detection::World::Action> > >::const_iterator][m[K
[92.979s] [01m[K/usr/include/c++/11/bits/stl_map.h:501:37:[m[K   required from [01m[Kstd::map<_Key, _Tp, _Compare, _Alloc>::mapped_type& std::map<_Key, _Tp, _Compare, _Alloc>::operator[](const key_type&) [with _Key = std::__cxx11::basic_string<char>; _Tp = collision_detection::World::Action; _Compare = std::less<std::__cxx11::basic_string<char> >; _Alloc = std::allocator<std::pair<const std::__cxx11::basic_string<char>, collision_detection::World::Action> >; std::map<_Key, _Tp, _Compare, _Alloc>::mapped_type = collision_detection::World::Action; std::map<_Key, _Tp, _Compare, _Alloc>::key_type = std::__cxx11::basic_string<char>][m[K
[92.979s] [01m[K/home/jake/moveit2_ws_main/install/moveit_core/include/moveit_core/moveit/collision_detection/world_diff.h:105:18:[m[K   required from here
[92.979s] [01m[K/usr/include/c++/11/bits/stl_tree.h:611:30:[m[K [01;31m[Kinternal compiler error: [m[KSegmentation fault
[92.979s]   611 |           _Link_type __tmp = [01;31m[K_M_get_node[m[K();
[92.979s]       |                              [01;31m[K^~~~~~~~~~~[m[K
[93.068s] DW_FORM_strp out of range in .debug_info at 17
[93.079s] Please submit a full bug report,
[93.079s] with preprocessed source if appropriate.
[93.079s] See <file:///usr/share/doc/gcc-11/README.Bugs> for instructions.
[93.183s] gmake[2]: *** [CMakeFiles/planning.dir/build.make:76: CMakeFiles/planning.dir/src/moveit/planning.cpp.o] Error 1
[96.927s] In file included from [01m[K/usr/include/c++/11/bits/stl_pair.h:59[m[K,
[96.927s]                  from [01m[K/usr/include/c++/11/bits/stl_algobase.h:64[m[K,
[96.927s]                  from [01m[K/usr/include/c++/11/bits/specfun.h:45[m[K,
[96.927s]                  from [01m[K/usr/include/c++/11/cmath:1935[m[K,
[96.927s]                  from [01m[K/usr/include/c++/11/math.h:36[m[K,
[96.927s]                  from [01m[K/usr/include/python3.10/pyport.h:210[m[K,
[96.927s]                  from [01m[K/usr/include/python3.10/Python.h:50[m[K,
[96.927s]                  from [01m[K/usr/include/pybind11/detail/common.h:215[m[K,
[96.927s]                  from [01m[K/usr/include/pybind11/pytypes.h:12[m[K,
[96.927s]                  from [01m[K/usr/include/pybind11/cast.h:13[m[K,
[96.927s]                  from [01m[K/usr/include/pybind11/attr.h:13[m[K,
[96.927s]                  from [01m[K/usr/include/pybind11/pybind11.h:13[m[K,
[96.927s]                  from [01m[K/home/jake/moveit2_ws_main/src/moveit2/moveit_py/src/moveit/moveit_ros/moveit_cpp/planning_component.h:39[m[K,
[96.927s]                  from [01m[K/home/jake/moveit2_ws_main/src/moveit2/moveit_py/src/moveit/moveit_ros/moveit_cpp/planning_component.cpp:37[m[K:
[96.927s] /usr/include/c++/11/bits/move.h: In substitution of [01m[Ktemplate<class _Tp> constexpr _Tp&& std::forward(typename std::remove_reference<_Tp>::type&&) [with _Tp = std::shared_ptr<moveit::core::RobotState>][m[K:
[96.928s] [01m[K/usr/include/c++/11/bits/deque.tcc:147:29:[m[K   required from [01m[Kstd::deque<_Tp, _Alloc>::reference std::deque<_Tp, _Alloc>::emplace_front(_Args&& ...) [with _Args = {std::shared_ptr<moveit::core::RobotState>}; _Tp = std::shared_ptr<moveit::core::RobotState>; _Alloc = std::allocator<std::shared_ptr<moveit::core::RobotState> >; std::deque<_Tp, _Alloc>::reference = std::shared_ptr<moveit::core::RobotState>&][m[K
[96.928s] [01m[K/usr/include/c++/11/bits/stl_deque.h:1475:22:[m[K   required from [01m[Kvoid std::deque<_Tp, _Alloc>::push_front(std::deque<_Tp, _Alloc>::value_type&&) [with _Tp = std::shared_ptr<moveit::core::RobotState>; _Alloc = std::allocator<std::shared_ptr<moveit::core::RobotState> >; std::deque<_Tp, _Alloc>::value_type = std::shared_ptr<moveit::core::RobotState>][m[K
[96.928s] [01m[K/usr/include/c++/11/bits/deque.tcc:659:16:[m[K   required from [01m[Kstd::deque<_Tp, _Alloc>::iterator std::deque<_Tp, _Alloc>::_M_insert_aux(std::deque<_Tp, _Alloc>::iterator, _Args&& ...) [with _Args = {const std::shared_ptr<moveit::core::RobotState>&}; _Tp = std::shared_ptr<moveit::core::RobotState>; _Alloc = std::allocator<std::shared_ptr<moveit::core::RobotState> >; std::deque<_Tp, _Alloc>::iterator = std::_Deque_base<std::shared_ptr<moveit::core::RobotState>, std::allocator<std::shared_ptr<moveit::core::RobotState> > >::iterator][m[K
[96.928s] [01m[K/usr/include/c++/11/bits/deque.tcc:230:22:[m[K   required from [01m[Kstd::deque<_Tp, _Alloc>::iterator std::deque<_Tp, _Alloc>::insert(std::deque<_Tp, _Alloc>::const_iterator, const value_type&) [with _Tp = std::shared_ptr<moveit::core::RobotState>; _Alloc = std::allocator<std::shared_ptr<moveit::core::RobotState> >; std::deque<_Tp, _Alloc>::iterator = std::_Deque_base<std::shared_ptr<moveit::core::RobotState>, std::allocator<std::shared_ptr<moveit::core::RobotState> > >::iterator; std::deque<_Tp, _Alloc>::const_iterator = std::_Deque_base<std::shared_ptr<moveit::core::RobotState>, std::allocator<std::shared_ptr<moveit::core::RobotState> > >::const_iterator; std::deque<_Tp, _Alloc>::value_type = std::shared_ptr<moveit::core::RobotState>][m[K
[96.928s] [01m[K/home/jake/moveit2_ws_main/install/moveit_core/include/moveit_core/moveit/robot_trajectory/robot_trajectory.h:227:22:[m[K   required from here
[96.928s] [01m[K/usr/include/c++/11/bits/move.h:89:5:[m[K [01;31m[Kinternal compiler error: [m[KSegmentation fault
[96.928s]    89 |     [01;31m[Kforward[m[K(typename std::remove_reference<_Tp>::type&& __t) noexcept
[96.928s]       |     [01;31m[K^~~~~~~[m[K
[96.983s] DW_FORM_strp out of range in .debug_info at 17
[96.992s] Please submit a full bug report,
[96.993s] with preprocessed source if appropriate.
[96.993s] See <file:///usr/share/doc/gcc-11/README.Bugs> for instructions.
[97.076s] gmake[2]: *** [CMakeFiles/planning.dir/build.make:104: CMakeFiles/planning.dir/src/moveit/moveit_ros/moveit_cpp/planning_component.cpp.o] Error 1
[97.076s] gmake[1]: *** [CMakeFiles/Makefile2:237: CMakeFiles/planning.dir/all] Error 2
[97.076s] gmake: *** [Makefile:146: all] Error 2
