[35m[1mConsolidate compiler generated dependencies of target gmock[0m
[  1%] Built target default_request_adapter_parameters
[  2%] Built target planning_pipeline_parameters
[  3%] Built target kinematics_parameters
[  4%] [32mBuilding CXX object gmock/CMakeFiles/gmock_main.dir/src/gmock_main.cc.o[0m
[  6%] [32mBuilding CXX object gmock/CMakeFiles/gmock.dir/home/jake/ros2_iron/install/gtest_vendor/src/gtest_vendor/src/gtest-all.cc.o[0m
[  7%] [32mBuilding CXX object gtest/CMakeFiles/gtest_main.dir/src/gtest_main.cc.o[0m
[  9%] [32mBuilding CXX object gtest/CMakeFiles/gtest.dir/src/gtest-all.cc.o[0m
[  9%] Built target default_response_adapter_parameters
[ 10%] [32mBuilding CXX object CMakeFiles/srdf_publisher.dir/rclcpp_components/node_main_srdf_publisher.cpp.o[0m
[ 12%] [32mBuilding CXX object rdf_loader/CMakeFiles/moveit_rdf_loader.dir/src/rdf_loader.cpp.o[0m
[ 13%] [32mBuilding CXX object collision_plugin_loader/CMakeFiles/moveit_collision_plugin_loader.dir/src/collision_plugin_loader.cpp.o[0m
[ 14%] [32mBuilding CXX object planning_pipeline/CMakeFiles/moveit_pipeline_test_plugins.dir/test/planning_pipeline_test_plugins.cpp.o[0m
[35m[1mConsolidate compiler generated dependencies of target moveit_default_planning_request_adapter_plugins[0m
[35m[1mConsolidate compiler generated dependencies of target moveit_default_planning_response_adapter_plugins[0m
[ 15%] [32mBuilding CXX object srdf_publisher_node/CMakeFiles/srdf_publisher_node.dir/src/srdf_publisher_node.cpp.o[0m
[ 16%] [32mBuilding CXX object planning_pipeline/CMakeFiles/moveit_planning_pipeline.dir/src/planning_pipeline.cpp.o[0m
[ 18%] [32mBuilding CXX object planning_request_adapter_plugins/CMakeFiles/moveit_default_planning_request_adapter_plugins.dir/src/check_for_stacked_constraints.cpp.o[0m
[ 19%] [32mBuilding CXX object planning_response_adapter_plugins/CMakeFiles/moveit_default_planning_response_adapter_plugins.dir/src/add_ruckig_traj_smoothing.cpp.o[0m
[ 20%] [32m[1mLinking CXX static library libgtest_main.a[0m
[ 20%] Built target gtest_main
[ 21%] [32mBuilding CXX object planning_response_adapter_plugins/CMakeFiles/moveit_default_planning_response_adapter_plugins.dir/src/add_time_optimal_parameterization.cpp.o[0m
[ 22%] [32m[1mLinking CXX static library libgmock_main.a[0m
[ 22%] Built target gmock_main
[ 24%] [32mBuilding CXX object planning_response_adapter_plugins/CMakeFiles/moveit_default_planning_response_adapter_plugins.dir/src/display_motion_path.cpp.o[0m
[ 25%] [32m[1mLinking CXX static library libgmock.a[0m
[ 26%] [32m[1mLinking CXX static library libgtest.a[0m
[ 26%] Built target gtest
[ 27%] Built target gmock
[ 28%] [32mBuilding CXX object planning_response_adapter_plugins/CMakeFiles/moveit_default_planning_response_adapter_plugins.dir/src/validate_path.cpp.o[0m
[ 30%] [32mBuilding CXX object planning_request_adapter_plugins/CMakeFiles/moveit_default_planning_request_adapter_plugins.dir/src/check_start_state_bounds.cpp.o[0m
[ 31%] [32m[1mLinking CXX executable srdf_publisher[0m
[ 32%] [32mBuilding CXX object rdf_loader/CMakeFiles/moveit_rdf_loader.dir/src/synchronized_string_parameter.cpp.o[0m
[ 32%] Built target srdf_publisher
[ 33%] [32mBuilding CXX object planning_request_adapter_plugins/CMakeFiles/moveit_default_planning_request_adapter_plugins.dir/src/check_start_state_collision.cpp.o[0m
[ 34%] [32m[1mLinking CXX shared library libsrdf_publisher_node.so[0m
[ 34%] Built target srdf_publisher_node
[ 36%] [32mBuilding CXX object planning_request_adapter_plugins/CMakeFiles/moveit_default_planning_request_adapter_plugins.dir/src/validate_workspace_bounds.cpp.o[0m
[ 37%] [32m[1mLinking CXX shared library libmoveit_collision_plugin_loader.so[0m
[ 38%] [32mBuilding CXX object planning_request_adapter_plugins/CMakeFiles/moveit_default_planning_request_adapter_plugins.dir/src/resolve_constraint_frames.cpp.o[0m
[ 39%] [32m[1mLinking CXX shared library libmoveit_pipeline_test_plugins.so[0m
[ 39%] Built target moveit_collision_plugin_loader
[ 39%] Built target moveit_pipeline_test_plugins
[ 40%] [32m[1mLinking CXX shared library libmoveit_planning_pipeline.so[0m
[ 42%] [32m[1mLinking CXX shared library libmoveit_rdf_loader.so[0m
[ 42%] Built target moveit_planning_pipeline
[ 43%] [32m[1mLinking CXX shared library libmoveit_default_planning_response_adapter_plugins.so[0m
[35m[1mConsolidate compiler generated dependencies of target moveit_planning_pipeline_test[0m
[35m[1mConsolidate compiler generated dependencies of target moveit_planning_pipeline_interfaces[0m
[ 44%] [32mBuilding CXX object planning_pipeline/CMakeFiles/moveit_planning_pipeline_test.dir/test/planning_pipeline_tests.cpp.o[0m
[ 45%] [32mBuilding CXX object planning_pipeline_interfaces/CMakeFiles/moveit_planning_pipeline_interfaces.dir/src/stopping_criterion_function.cpp.o[0m
[ 46%] [32mBuilding CXX object planning_pipeline_interfaces/CMakeFiles/moveit_planning_pipeline_interfaces.dir/src/planning_pipeline_interfaces.cpp.o[0m
[ 48%] [32mBuilding CXX object planning_pipeline_interfaces/CMakeFiles/moveit_planning_pipeline_interfaces.dir/src/solution_selection_functions.cpp.o[0m
[ 49%] [32mBuilding CXX object planning_pipeline_interfaces/CMakeFiles/moveit_planning_pipeline_interfaces.dir/src/plan_responses_container.cpp.o[0m
[ 49%] Built target moveit_rdf_loader
[35m[1mConsolidate compiler generated dependencies of target moveit_kinematics_plugin_loader[0m
[35m[1mConsolidate compiler generated dependencies of target moveit_constraint_sampler_manager_loader[0m
[ 50%] [32mBuilding CXX object kinematics_plugin_loader/CMakeFiles/moveit_kinematics_plugin_loader.dir/src/kinematics_plugin_loader.cpp.o[0m
[ 51%] [32mBuilding CXX object constraint_sampler_manager_loader/CMakeFiles/moveit_constraint_sampler_manager_loader.dir/src/constraint_sampler_manager_loader.cpp.o[0m
[ 51%] Built target moveit_default_planning_response_adapter_plugins
[ 53%] [32m[1mLinking CXX shared library libmoveit_default_planning_request_adapter_plugins.so[0m
[ 53%] Built target moveit_default_planning_request_adapter_plugins
[ 54%] [32m[1mLinking CXX shared library libmoveit_constraint_sampler_manager_loader.so[0m
[ 55%] [32m[1mLinking CXX executable moveit_planning_pipeline_test[0m
[ 56%] [32m[1mLinking CXX shared library libmoveit_planning_pipeline_interfaces.so[0m
[ 56%] Built target moveit_constraint_sampler_manager_loader
[ 57%] [32m[1mLinking CXX shared library libmoveit_kinematics_plugin_loader.so[0m
[ 57%] Built target moveit_planning_pipeline_interfaces
[ 57%] Built target moveit_planning_pipeline_test
[ 57%] Built target moveit_kinematics_plugin_loader
[35m[1mConsolidate compiler generated dependencies of target moveit_robot_model_loader[0m
[ 59%] [32mBuilding CXX object robot_model_loader/CMakeFiles/moveit_robot_model_loader.dir/src/robot_model_loader.cpp.o[0m
[ 60%] [32m[1mLinking CXX shared library libmoveit_robot_model_loader.so[0m
[ 60%] Built target moveit_robot_model_loader
[35m[1mConsolidate compiler generated dependencies of target moveit_print_planning_model_info[0m
[35m[1mConsolidate compiler generated dependencies of target moveit_planning_scene_monitor[0m
[ 61%] [32mBuilding CXX object planning_components_tools/CMakeFiles/moveit_print_planning_model_info.dir/src/print_planning_model_info.cpp.o[0m
[ 62%] [32mBuilding CXX object planning_scene_monitor/CMakeFiles/moveit_planning_scene_monitor.dir/src/planning_scene_monitor.cpp.o[0m
[ 63%] [32mBuilding CXX object planning_scene_monitor/CMakeFiles/moveit_planning_scene_monitor.dir/src/current_state_monitor.cpp.o[0m
[ 65%] [32mBuilding CXX object planning_scene_monitor/CMakeFiles/moveit_planning_scene_monitor.dir/src/current_state_monitor_middleware_handle.cpp.o[0m
[ 66%] [32mBuilding CXX object planning_scene_monitor/CMakeFiles/moveit_planning_scene_monitor.dir/src/trajectory_monitor.cpp.o[0m
[ 67%] [32mBuilding CXX object planning_scene_monitor/CMakeFiles/moveit_planning_scene_monitor.dir/src/trajectory_monitor_middleware_handle.cpp.o[0m
[ 68%] [32m[1mLinking CXX executable moveit_print_planning_model_info[0m
[ 68%] Built target moveit_print_planning_model_info
[ 69%] [32m[1mLinking CXX shared library libmoveit_planning_scene_monitor.so[0m
[ 69%] Built target moveit_planning_scene_monitor
[35m[1mConsolidate compiler generated dependencies of target moveit_visualize_robot_collision_volume[0m
[35m[1mConsolidate compiler generated dependencies of target planning_scene_monitor_test[0m
[35m[1mConsolidate compiler generated dependencies of target moveit_print_planning_scene_info[0m
[35m[1mConsolidate compiler generated dependencies of target moveit_trajectory_execution_manager[0m
[35m[1mConsolidate compiler generated dependencies of target current_state_monitor_tests[0m
[35m[1mConsolidate compiler generated dependencies of target moveit_display_random_state[0m
[35m[1mConsolidate compiler generated dependencies of target moveit_publish_scene_from_text[0m
[35m[1mConsolidate compiler generated dependencies of target moveit_evaluate_collision_checking_speed[0m
[35m[1mConsolidate compiler generated dependencies of target demo_scene[0m
[35m[1mConsolidate compiler generated dependencies of target trajectory_monitor_tests[0m
[ 71%] [32mBuilding CXX object planning_components_tools/CMakeFiles/moveit_visualize_robot_collision_volume.dir/src/visualize_robot_collision_volume.cpp.o[0m
[ 72%] [32mBuilding CXX object planning_scene_monitor/CMakeFiles/planning_scene_monitor_test.dir/test/planning_scene_monitor_test.cpp.o[0m
[ 73%] [32mBuilding CXX object planning_scene_monitor/CMakeFiles/current_state_monitor_tests.dir/test/current_state_monitor_tests.cpp.o[0m
[ 74%] [32mBuilding CXX object planning_scene_monitor/CMakeFiles/demo_scene.dir/demos/demo_scene.cpp.o[0m
[ 77%] [32mBuilding CXX object trajectory_execution_manager/CMakeFiles/moveit_trajectory_execution_manager.dir/src/trajectory_execution_manager.cpp.o[0m
[ 77%] [32mBuilding CXX object planning_scene_monitor/CMakeFiles/trajectory_monitor_tests.dir/test/trajectory_monitor_tests.cpp.o[0m
[ 78%] [32mBuilding CXX object planning_components_tools/CMakeFiles/moveit_display_random_state.dir/src/display_random_state.cpp.o[0m
[ 79%] [32mBuilding CXX object planning_components_tools/CMakeFiles/moveit_print_planning_scene_info.dir/src/print_planning_scene_info.cpp.o[0m
[ 80%] [32mBuilding CXX object planning_components_tools/CMakeFiles/moveit_publish_scene_from_text.dir/src/publish_scene_from_text.cpp.o[0m
[ 81%] [32mBuilding CXX object planning_components_tools/CMakeFiles/moveit_evaluate_collision_checking_speed.dir/src/evaluate_collision_checking_speed.cpp.o[0m
[ 83%] [32m[1mLinking CXX executable current_state_monitor_tests[0m
[ 84%] [32m[1mLinking CXX executable moveit_display_random_state[0m
[ 84%] Built target current_state_monitor_tests
[ 84%] Built target moveit_display_random_state
In file included from [01m[K/usr/include/c++/11/string:55[m[K,
                 from [01m[K/usr/include/c++/11/stdexcept:39[m[K,
                 from [01m[K/usr/include/c++/11/system_error:41[m[K,
                 from [01m[K/usr/include/c++/11/mutex:42[m[K,
                 from [01m[K/usr/include/c++/11/future:38[m[K,
                 from [01m[K/home/jake/ros2_iron/install/rclcpp/include/rclcpp/rclcpp/executors.hpp:18[m[K,
                 from [01m[K/home/jake/ros2_iron/install/rclcpp/include/rclcpp/rclcpp/rclcpp.hpp:167[m[K,
                 from [01m[K/home/jake/moveit2_ws_main/src/moveit2/moveit_ros/planning/planning_scene_monitor/include/moveit/planning_scene_monitor/planning_scene_monitor.h:39[m[K,
                 from [01m[K/home/jake/moveit2_ws_main/src/moveit2/moveit_ros/planning/planning_components_tools/src/visualize_robot_collision_volume.cpp:37[m[K:
[01m[K/usr/include/c++/11/bits/basic_string.h:[m[K In constructor â€˜[01m[Kstd::__cxx11::basic_string<_CharT, _Traits, _Alloc>::_Alloc_hider::_Alloc_hider(std::__cxx11::basic_string<_CharT, _Traits, _Alloc>::pointer, const _Alloc&) [with _CharT = char; _Traits = std::char_traits<char>; _Alloc = std::allocator<char>][m[Kâ€™:
[01m[K/usr/include/c++/11/bits/basic_string.h:164:9:[m[K [01;31m[Kinternal compiler error: [m[KSegmentation fault
  164 |         [01;31m[K_Alloc_hider[m[K(pointer __dat, const _Alloc& __a)
      |         [01;31m[K^~~~~~~~~~~~[m[K
In file included from [01m[K/usr/include/c++/11/ext/alloc_traits.h:34[m[K,
                 from [01m[K/usr/include/c++/11/bits/stl_uninitialized.h:64[m[K,
                 from [01m[K/usr/include/c++/11/memory:66[m[K,
                 from [01m[K/home/jake/ros2_iron/install/rclcpp/include/rclcpp/rclcpp/rclcpp.hpp:165[m[K,
                 from [01m[K/home/jake/moveit2_ws_main/src/moveit2/moveit_ros/planning/planning_scene_monitor/include/moveit/planning_scene_monitor/planning_scene_monitor.h:39[m[K,
                 from [01m[K/home/jake/moveit2_ws_main/src/moveit2/moveit_ros/planning/planning_scene_monitor/demos/demo_scene.cpp:37[m[K:
/usr/include/c++/11/bits/alloc_traits.h: In instantiation of â€˜[01m[Kstatic void std::allocator_traits<std::allocator<_Tp1> >::construct(std::allocator_traits<std::allocator<_Tp1> >::allocator_type&, _Up*, _Args&& ...) [with _Up = std::allocator<void>; _Args = {}; _Tp = std::allocator<void>; std::allocator_traits<std::allocator<_Tp1> >::allocator_type = std::allocator<std::allocator<void> >][m[Kâ€™:
[01m[K/usr/include/c++/11/bits/shared_ptr_base.h:519:39:[m[K   required from â€˜[01m[Kstd::_Sp_counted_ptr_inplace<_Tp, _Alloc, _Lp>::_Sp_counted_ptr_inplace(_Alloc, _Args&& ...) [with _Args = {}; _Tp = std::allocator<void>; _Alloc = std::allocator<std::allocator<void> >; __gnu_cxx::_Lock_policy _Lp = __gnu_cxx::_S_atomic][m[Kâ€™
[01m[K/usr/include/c++/11/bits/shared_ptr_base.h:650:16:[m[K   required from â€˜[01m[Kstd::__shared_count<_Lp>::__shared_count(_Tp*&, std::_Sp_alloc_shared_tag<_Alloc>, _Args&& ...) [with _Tp = std::allocator<void>; _Alloc = std::allocator<std::allocator<void> >; _Args = {}; __gnu_cxx::_Lock_policy _Lp = __gnu_cxx::_S_atomic][m[Kâ€™
[01m[K/usr/include/c++/11/bits/shared_ptr_base.h:1342:14:[m[K   required from â€˜[01m[Kstd::__shared_ptr<_Tp, _Lp>::__shared_ptr(std::_Sp_alloc_shared_tag<_Tp>, _Args&& ...) [with _Alloc = std::allocator<std::allocator<void> >; _Args = {}; _Tp = std::allocator<void>; __gnu_cxx::_Lock_policy _Lp = __gnu_cxx::_S_atomic][m[Kâ€™
[01m[K/usr/include/c++/11/bits/shared_ptr.h:409:59:[m[K   required from â€˜[01m[Kstd::shared_ptr<_Tp>::shared_ptr(std::_Sp_alloc_shared_tag<_Tp>, _Args&& ...) [with _Alloc = std::allocator<std::allocator<void> >; _Args = {}; _Tp = std::allocator<void>][m[Kâ€™
[01m[K/usr/include/c++/11/bits/shared_ptr.h:862:14:[m[K   required from â€˜[01m[Kstd::shared_ptr<_Tp> std::allocate_shared(const _Alloc&, _Args&& ...) [with _Tp = std::allocator<void>; _Alloc = std::allocator<std::allocator<void> >; _Args = {}][m[Kâ€™
[01m[K/usr/include/c++/11/bits/shared_ptr.h:878:39:[m[K   [ skipping 10 instantiation contexts, use -ftemplate-backtrace-limit=0 to disable ]
[01m[K/usr/include/c++/11/bits/shared_ptr.h:878:39:[m[K   required from â€˜[01m[Kstd::shared_ptr<_Tp> std::make_shared(_Args&& ...) [with _Tp = rclcpp::Publisher<moveit_msgs::msg::AttachedCollisionObject_<std::allocator<void> >, std::allocator<void> >; _Args = {rclcpp::node_interfaces::NodeBaseInterface*&, const std::__cxx11::basic_string<char, std::char_traits<char>, std::allocator<char> >&, const rclcpp::QoS&, const rclcpp::PublisherOptionsWithAllocator<std::allocator<void> >&}][m[Kâ€™
[01m[K/home/jake/ros2_iron/install/rclcpp/include/rclcpp/rclcpp/publisher_factory.hpp:76:52:[m[K   required from â€˜[01m[Krclcpp::PublisherFactory rclcpp::create_publisher_factory(const rclcpp::PublisherOptionsWithAllocator<AllocatorT>&) [with MessageT = moveit_msgs::msg::AttachedCollisionObject_<std::allocator<void> >; AllocatorT = std::allocator<void>; PublisherT = rclcpp::Publisher<moveit_msgs::msg::AttachedCollisionObject_<std::allocator<void> >, std::allocator<void> >][m[Kâ€™
[01m[K/home/jake/ros2_iron/install/rclcpp/include/rclcpp/rclcpp/create_publisher.hpp:67:71:[m[K   required from â€˜[01m[Kstd::shared_ptr<PublisherT> rclcpp::detail::create_publisher(NodeParametersT&, NodeTopicsT&, const string&, const rclcpp::QoS&, const rclcpp::PublisherOptionsWithAllocator<AllocatorT>&) [with MessageT = moveit_msgs::msg::AttachedCollisionObject_<std::allocator<void> >; AllocatorT = std::allocator<void>; PublisherT = rclcpp::Publisher<moveit_msgs::msg::AttachedCollisionObject_<std::allocator<void> >, std::allocator<void> >; NodeParametersT = rclcpp::Node; NodeTopicsT = rclcpp::Node; std::string = std::__cxx11::basic_string<char>][m[Kâ€™
[01m[K/home/jake/ros2_iron/install/rclcpp/include/rclcpp/rclcpp/create_publisher.hpp:103:68:[m[K   required from â€˜[01m[Kstd::shared_ptr<PublisherT> rclcpp::create_publisher(NodeT&&, const string&, const rclcpp::QoS&, const rclcpp::PublisherOptionsWithAllocator<AllocatorT>&) [with MessageT = moveit_msgs::msg::AttachedCollisionObject_<std::allocator<void> >; AllocatorT = std::allocator<void>; PublisherT = rclcpp::Publisher<moveit_msgs::msg::AttachedCollisionObject_<std::allocator<void> >, std::allocator<void> >; NodeT = rclcpp::Node&; std::string = std::__cxx11::basic_string<char>][m[Kâ€™
[01m[K/home/jake/ros2_iron/install/rclcpp/include/rclcpp/rclcpp/node_impl.hpp:78:68:[m[K   required from â€˜[01m[Kstd::shared_ptr<PublisherT> rclcpp::Node::create_publisher(const string&, const rclcpp::QoS&, const rclcpp::PublisherOptionsWithAllocator<AllocatorT>&) [with MessageT = moveit_msgs::msg::AttachedCollisionObject_<std::allocator<void> >; AllocatorT = std::allocator<void>; PublisherT = rclcpp::Publisher<moveit_msgs::msg::AttachedCollisionObject_<std::allocator<void> >, std::allocator<void> >; std::string = std::__cxx11::basic_string<char>][m[Kâ€™
[01m[K/home/jake/moveit2_ws_main/src/moveit2/moveit_ros/planning/planning_scene_monitor/demos/demo_scene.cpp:58:83:[m[K   required from here
[01m[K/usr/include/c++/11/bits/alloc_traits.h:516:24:[m[K [01;31m[Kinternal compiler error: [m[KSegmentation fault
  516 |           [01;31m[K__a.construct(__p, std::forward<_Args>(__args)...)[m[K;
      |           [01;31m[K~~~~~~~~~~~~~^~~~~~~~~~~~~~~~~~~~~~~~~~~~~~~~~~~~~[m[K
Please submit a full bug report,
with preprocessed source if appropriate.
See <file:///usr/share/doc/gcc-11/README.Bugs> for instructions.
Please submit a full bug report,
with preprocessed source if appropriate.
See <file:///usr/share/doc/gcc-11/README.Bugs> for instructions.
gmake[2]: *** [planning_components_tools/CMakeFiles/moveit_visualize_robot_collision_volume.dir/build.make:76: planning_components_tools/CMakeFiles/moveit_visualize_robot_collision_volume.dir/src/visualize_robot_collision_volume.cpp.o] Error 1
gmake[1]: *** [CMakeFiles/Makefile2:768: planning_components_tools/CMakeFiles/moveit_visualize_robot_collision_volume.dir/all] Error 2
gmake[1]: *** Waiting for unfinished jobs....
gmake[2]: *** [planning_scene_monitor/CMakeFiles/demo_scene.dir/build.make:76: planning_scene_monitor/CMakeFiles/demo_scene.dir/demos/demo_scene.cpp.o] Error 1
gmake[1]: *** [CMakeFiles/Makefile2:1181: planning_scene_monitor/CMakeFiles/demo_scene.dir/all] Error 2
In file included from [01m[K/usr/include/eigen3/Eigen/src/plugins/IndexedViewMethods.h:210[m[K,
                 from [01m[K/usr/include/eigen3/Eigen/src/Core/DenseBase.h:660[m[K,
                 from [01m[K/usr/include/eigen3/Eigen/Core:272[m[K,
                 from [01m[K/usr/include/eigen3/Eigen/Geometry:11[m[K,
                 from [01m[K/home/jake/moveit2_ws_main/install/moveit_core/include/moveit_core/moveit/robot_model/joint_model.h:46[m[K,
                 from [01m[K/home/jake/moveit2_ws_main/install/moveit_core/include/moveit_core/moveit/robot_model/joint_model_group.h:40[m[K,
                 from [01m[K/home/jake/moveit2_ws_main/install/moveit_core/include/moveit_core/moveit/robot_model/robot_model.h:45[m[K,
                 from [01m[K/home/jake/moveit2_ws_main/src/moveit2/moveit_ros/planning/trajectory_execution_manager/include/moveit/trajectory_execution_manager/trajectory_execution_manager.h:40[m[K,
                 from [01m[K/home/jake/moveit2_ws_main/src/moveit2/moveit_ros/planning/trajectory_execution_manager/src/trajectory_execution_manager.cpp:37[m[K:
/usr/include/eigen3/Eigen/src/plugins/IndexedViewMethods.h: In instantiation of â€˜[01m[Kclass Eigen::DenseBase<Eigen::Block<const Eigen::Matrix<double, 3, 3>, 3, 1, true> >[m[Kâ€™:
[01m[K/usr/include/eigen3/Eigen/src/Core/MatrixBase.h:48:34:[m[K   required from â€˜[01m[Kclass Eigen::MatrixBase<Eigen::Block<const Eigen::Matrix<double, 3, 3>, 3, 1, true> >[m[Kâ€™
[01m[K/usr/include/eigen3/Eigen/src/Core/MapBase.h:37:34:[m[K   required from â€˜[01m[Kclass Eigen::MapBase<Eigen::Block<const Eigen::Matrix<double, 3, 3>, 3, 1, true>, 0>[m[Kâ€™
[01m[K/usr/include/eigen3/Eigen/src/Core/Block.h:329:7:[m[K   required from â€˜[01m[Kclass Eigen::internal::BlockImpl_dense<const Eigen::Matrix<double, 3, 3>, 3, 1, true, true>[m[Kâ€™
[01m[K/usr/include/eigen3/Eigen/src/Core/Block.h:154:7:[m[K   required from â€˜[01m[Kclass Eigen::BlockImpl<const Eigen::Matrix<double, 3, 3>, 3, 1, true, Eigen::Dense>[m[Kâ€™
[01m[K/usr/include/eigen3/Eigen/src/Core/Block.h:103:81:[m[K   required from â€˜[01m[Kclass Eigen::Block<const Eigen::Matrix<double, 3, 3>, 3, 1, true>[m[Kâ€™
[01m[K/usr/include/eigen3/Eigen/src/Core/ProductEvaluators.h:606:63:[m[K   [ skipping 10 instantiation contexts, use -ftemplate-backtrace-limit=0 to disable ]
[01m[K/usr/include/eigen3/Eigen/src/Core/AssignEvaluator.h:890:49:[m[K   required from â€˜[01m[Kvoid Eigen::internal::call_assignment_no_alias(Dst&, const Src&, const Func&) [with Dst = Eigen::Matrix<double, 3, 3>; Src = Eigen::Product<Eigen::Block<const Eigen::Matrix<double, 4, 4>, 3, 3, false>, Eigen::Matrix<double, 3, 3>, 0>; Func = Eigen::internal::assign_op<double, double>][m[Kâ€™
[01m[K/usr/include/eigen3/Eigen/src/Core/PlainObjectBase.h:797:41:[m[K   required from â€˜[01m[KDerived& Eigen::PlainObjectBase<Derived>::_set_noalias(const Eigen::DenseBase<OtherDerived>&) [with OtherDerived = Eigen::Product<Eigen::Block<const Eigen::Matrix<double, 4, 4>, 3, 3, false>, Eigen::Matrix<double, 3, 3>, 0>; Derived = Eigen::Matrix<double, 3, 3>][m[Kâ€™
[01m[K/usr/include/eigen3/Eigen/src/Core/PlainObjectBase.h:594:19:[m[K   required from â€˜[01m[KEigen::PlainObjectBase<Derived>::PlainObjectBase(const Eigen::DenseBase<OtherDerived>&) [with OtherDerived = Eigen::Product<Eigen::Block<const Eigen::Matrix<double, 4, 4>, 3, 3, false>, Eigen::Matrix<double, 3, 3>, 0>; Derived = Eigen::Matrix<double, 3, 3>][m[Kâ€™
[01m[K/usr/include/eigen3/Eigen/src/Core/Matrix.h:423:29:[m[K   required from â€˜[01m[KEigen::Matrix<_Scalar, _Rows, _Cols, _Options, _MaxRows, _MaxCols>::Matrix(const Eigen::EigenBase<OtherDerived>&) [with OtherDerived = Eigen::Product<Eigen::Block<const Eigen::Matrix<double, 4, 4>, 3, 3, false>, Eigen::Matrix<double, 3, 3>, 0>; _Scalar = double; int _Rows = 3; int _Cols = 3; int _Options = 0; int _MaxRows = 3; int _MaxCols = 3][m[Kâ€™
[01m[K/usr/include/eigen3/Eigen/src/Geometry/RotationBase.h:77:47:[m[K   required from â€˜[01m[KEigen::RotationBase<Derived, _Dim>::RotationMatrixType Eigen::operator*(const Eigen::EigenBase<OtherDerived>&, const Derived&) [with OtherDerived = Eigen::Block<const Eigen::Matrix<double, 4, 4>, 3, 3, false>; Derived = Eigen::Quaternion<double>; int _Dim = 3; Eigen::RotationBase<Derived, _Dim>::RotationMatrixType = Eigen::Matrix<double, 3, 3>][m[Kâ€™
[01m[K/home/jake/moveit2_ws_main/install/moveit_core/include/moveit_core/moveit/transforms/transforms.h:163:49:[m[K   required from here
[01m[K/usr/include/eigen3/Eigen/src/plugins/IndexedViewMethods.h:186:1:[m[K [01;31m[Kinternal compiler error: [m[KSegmentation fault
  186 | [01;31m[Koperator[m[K()(const IndicesT (&indices)[IndicesN]) EIGEN_INDEXED_VIEW_METHOD_CONST
      | [01;31m[K^~~~~~~~[m[K
Please submit a full bug report,
with preprocessed source if appropriate.
See <file:///usr/share/doc/gcc-11/README.Bugs> for instructions.
gmake[2]: *** [trajectory_execution_manager/CMakeFiles/moveit_trajectory_execution_manager.dir/build.make:76: trajectory_execution_manager/CMakeFiles/moveit_trajectory_execution_manager.dir/src/trajectory_execution_manager.cpp.o] Error 1
gmake[1]: *** [CMakeFiles/Makefile2:1443: trajectory_execution_manager/CMakeFiles/moveit_trajectory_execution_manager.dir/all] Error 2
[ 85%] [32m[1mLinking CXX executable trajectory_monitor_tests[0m
[ 86%] [32m[1mLinking CXX executable moveit_evaluate_collision_checking_speed[0m
[ 87%] [32m[1mLinking CXX executable moveit_publish_scene_from_text[0m
[ 89%] [32m[1mLinking CXX executable planning_scene_monitor_test[0m
[ 89%] Built target moveit_evaluate_collision_checking_speed
[ 89%] Built target moveit_publish_scene_from_text
[ 89%] Built target planning_scene_monitor_test
