In file included from [01m[K/usr/include/eigen3/Eigen/Core:274[m[K,
                 from [01m[K/usr/include/eigen3/Eigen/Geometry:11[m[K,
                 from [01m[K/home/jake/moveit2_ws_main/install/moveit_core/include/moveit_core/moveit/robot_model/joint_model.h:46[m[K,
                 from [01m[K/home/jake/moveit2_ws_main/install/moveit_core/include/moveit_core/moveit/robot_model/joint_model_group.h:40[m[K,
                 from [01m[K/home/jake/moveit2_ws_main/install/moveit_core/include/moveit_core/moveit/robot_model/robot_model.h:45[m[K,
                 from [01m[K/home/jake/moveit2_ws_main/src/moveit2/moveit_planners/pilz_industrial_motion_planner_testutils/include/pilz_industrial_motion_planner_testutils/testdata_loader.h:40[m[K,
                 from [01m[K/home/jake/moveit2_ws_main/src/moveit2/moveit_planners/pilz_industrial_motion_planner_testutils/include/pilz_industrial_motion_planner_testutils/xml_testdata_loader.h:45[m[K,
                 from [01m[K/home/jake/moveit2_ws_main/src/moveit2/moveit_planners/pilz_industrial_motion_planner_testutils/src/xml_testdata_loader.cpp:35[m[K:
/usr/include/eigen3/Eigen/src/Core/EigenBase.h: In instantiation of â€˜[01m[Kconst Derived& Eigen::EigenBase<Derived>::derived() const [with Derived = Eigen::Matrix<double, 3, 3>][m[Kâ€™:
[01m[K/usr/include/eigen3/Eigen/src/Core/Fuzzy.h:108:73:[m[K   required from â€˜[01m[Kbool Eigen::DenseBase<Derived>::isApprox(const Eigen::DenseBase<OtherDerived>&, const RealScalar&) const [with OtherDerived = Eigen::CwiseNullaryOp<Eigen::internal::scalar_identity_op<double>, Eigen::Matrix<double, 3, 3> >; Derived = Eigen::Matrix<double, 3, 3>; Eigen::DenseBase<Derived>::RealScalar = double][m[Kâ€™
[01m[K/opt/ros/iron/include/geometric_shapes/check_isometry.h:80:22:[m[K   required from here
[01m[K/usr/include/eigen3/Eigen/src/Core/EigenBase.h:49:44:[m[K [01;31m[Kinternal compiler error: [m[KSegmentation fault
   49 |   const Derived& derived() const { return *[01;31m[Kstatic_cast<const Derived*>(this)[m[K; }
      |                                            [01;31m[K^~~~~~~~~~~~~~~~~~~~~~~~~~~~~~~~~[m[K
0x75a93e84251f ???
	./signal/../sysdeps/unix/sysv/linux/x86_64/libc_sigaction.c:0
0x75a93e829d8f __libc_start_call_main
	../sysdeps/nptl/libc_start_call_main.h:58
0x75a93e829e3f __libc_start_main_impl
	../csu/libc-start.c:392
Please submit a full bug report,
with preprocessed source if appropriate.
Please include the complete backtrace with any bug report.
See <file:///usr/share/doc/gcc-11/README.Bugs> for instructions.
gmake[2]: *** [CMakeFiles/pilz_industrial_motion_planner_testutils.dir/build.make:132: CMakeFiles/pilz_industrial_motion_planner_testutils.dir/src/xml_testdata_loader.cpp.o] Error 1
gmake[2]: *** Waiting for unfinished jobs....
during GIMPLE pass: *rebuild_cgraph_edges
[01m[K/home/jake/moveit2_ws_main/src/moveit2/moveit_planners/pilz_industrial_motion_planner_testutils/src/cartesianconfiguration.cpp:[m[K In member function â€˜[01m[Kvoid std::__cxx11::basic_string<_CharT, _Traits, _Alloc>::_M_construct(_InIterator, _InIterator, std::forward_iterator_tag) [with _FwdIterator = const char*; _CharT = char; _Traits = std::char_traits<char>; _Alloc = std::allocator<char>][m[Kâ€™:
[01m[K/home/jake/moveit2_ws_main/src/moveit2/moveit_planners/pilz_industrial_motion_planner_testutils/src/cartesianconfiguration.cpp:134:1:[m[K [01;31m[Kinternal compiler error: [m[KSegmentation fault
  134 | [01;31m[K}[m[K  // namespace pilz_industrial_motion_planner_testutils
      | [01;31m[K^[m[K
DW_FORM_strp out of range in .debug_info at 17
Please submit a full bug report,
with preprocessed source if appropriate.
See <file:///usr/share/doc/gcc-11/README.Bugs> for instructions.
gmake[2]: *** [CMakeFiles/pilz_industrial_motion_planner_testutils.dir/build.make:76: CMakeFiles/pilz_industrial_motion_planner_testutils.dir/src/cartesianconfiguration.cpp.o] Error 1
gmake[1]: *** [CMakeFiles/Makefile2:137: CMakeFiles/pilz_industrial_motion_planner_testutils.dir/all] Error 2
gmake: *** [Makefile:146: all] Error 2
