-- The CXX compiler identification is GNU 11.4.0
-- Detecting CXX compiler ABI info
-- Detecting CXX compiler ABI info - done
-- Check for working CXX compiler: /usr/bin/c++ - skipped
-- Detecting CXX compile features
-- Detecting CXX compile features - done
-- Found moveit_common: 2.11.0 (/home/jake/moveit2_ws_main/install/moveit_common/share/moveit_common/cmake)
-- Found ament_cmake: 2.0.6 (/home/jake/ros2_iron/install/ament_cmake/share/ament_cmake/cmake)
-- Found Python3: /usr/bin/python3.10 (found version "3.10.12") found components: Interpreter 
-- Found rclcpp: 21.0.7 (/home/jake/ros2_iron/install/rclcpp/share/rclcpp/cmake)
-- Found rosidl_generator_c: 4.0.1 (/home/jake/ros2_iron/install/rosidl_generator_c/share/rosidl_generator_c/cmake)
-- Found rosidl_generator_cpp: 4.0.1 (/home/jake/ros2_iron/install/rosidl_generator_cpp/share/rosidl_generator_cpp/cmake)
-- Using all available rosidl_typesupport_c: rosidl_typesupport_introspection_c;rosidl_typesupport_fastrtps_c
-- Using all available rosidl_typesupport_cpp: rosidl_typesupport_introspection_cpp;rosidl_typesupport_fastrtps_cpp
-- Found rmw_implementation_cmake: 7.1.0 (/home/jake/ros2_iron/install/rmw_implementation_cmake/share/rmw_implementation_cmake/cmake)
-- Found rmw_fastrtps_cpp: 7.1.4 (/home/jake/ros2_iron/install/rmw_fastrtps_cpp/share/rmw_fastrtps_cpp/cmake)
-- Found OpenSSL: /usr/lib/x86_64-linux-gnu/libcrypto.so (found version "3.0.2")  
-- Found FastRTPS: /home/jake/ros2_iron/install/fastrtps/include  
-- Using RMW implementation 'rmw_fastrtps_cpp' as default
-- Found moveit_core: 2.11.0 (/home/jake/moveit2_ws_main/install/moveit_core/share/moveit_core/cmake)
-- Found Boost: /usr/lib/x86_64-linux-gnu/cmake/Boost-1.74.0/BoostConfig.cmake (found version "1.74.0") found components: chrono date_time filesystem iostreams program_options regex serialization system thread 
-- Found parameter_traits: 0.3.7 (/home/jake/moveit2_ws_main/install/parameter_traits/share/parameter_traits/cmake)
-- Found Eigen3: TRUE (found version "3.4.0") 
-- Found rclcpp_lifecycle: 21.0.7 (/home/jake/ros2_iron/install/rclcpp_lifecycle/share/rclcpp_lifecycle/cmake)
-- Found Boost: /usr/lib/x86_64-linux-gnu/cmake/Boost-1.74.0/BoostConfig.cmake (found version "1.74.0") found components: filesystem 
-- library: /usr/lib/x86_64-linux-gnu/libcurl.so
-- Ensuring Eigen3 include directory is part of orocos-kdl CMake target
-- Found Boost: /usr/lib/x86_64-linux-gnu/cmake/Boost-1.74.0/BoostConfig.cmake (found version "1.74.0")  
-- Configuring done
-- Generating done
-- Build files have been written to: /home/jake/moveit2_ws_main/build/pilz_industrial_motion_planner_testutils
[ 16%] [32mBuilding CXX object CMakeFiles/pilz_industrial_motion_planner_testutils.dir/src/cartesianconfiguration.cpp.o[0m
[ 33%] [32mBuilding CXX object CMakeFiles/pilz_industrial_motion_planner_testutils.dir/src/xml_testdata_loader.cpp.o[0m
[ 50%] [32mBuilding CXX object CMakeFiles/pilz_industrial_motion_planner_testutils.dir/src/jointconfiguration.cpp.o[0m
[ 66%] [32mBuilding CXX object CMakeFiles/pilz_industrial_motion_planner_testutils.dir/src/sequence.cpp.o[0m
[ 83%] [32mBuilding CXX object CMakeFiles/pilz_industrial_motion_planner_testutils.dir/src/robotconfiguration.cpp.o[0m
In file included from [01m[K/usr/include/eigen3/Eigen/Core:274[m[K,
                 from [01m[K/usr/include/eigen3/Eigen/Geometry:11[m[K,
                 from [01m[K/home/jake/moveit2_ws_main/install/moveit_core/include/moveit_core/moveit/robot_model/joint_model.h:46[m[K,
                 from [01m[K/home/jake/moveit2_ws_main/install/moveit_core/include/moveit_core/moveit/robot_model/joint_model_group.h:40[m[K,
                 from [01m[K/home/jake/moveit2_ws_main/install/moveit_core/include/moveit_core/moveit/robot_model/robot_model.h:45[m[K,
                 from [01m[K/home/jake/moveit2_ws_main/src/moveit2/moveit_planners/pilz_industrial_motion_planner_testutils/include/pilz_industrial_motion_planner_testutils/testdata_loader.h:40[m[K,
                 from [01m[K/home/jake/moveit2_ws_main/src/moveit2/moveit_planners/pilz_industrial_motion_planner_testutils/include/pilz_industrial_motion_planner_testutils/xml_testdata_loader.h:45[m[K,
                 from [01m[K/home/jake/moveit2_ws_main/src/moveit2/moveit_planners/pilz_industrial_motion_planner_testutils/src/xml_testdata_loader.cpp:35[m[K:
/usr/include/eigen3/Eigen/src/Core/EigenBase.h: In instantiation of â€˜[01m[Kconst Derived& Eigen::EigenBase<Derived>::derived() const [with Derived = Eigen::Matrix<double, 3, 3>][m[Kâ€™:
[01m[K/usr/include/eigen3/Eigen/src/Core/Fuzzy.h:108:73:[m[K   required from â€˜[01m[Kbool Eigen::DenseBase<Derived>::isApprox(const Eigen::DenseBase<OtherDerived>&, const RealScalar&) const [with OtherDerived = Eigen::CwiseNullaryOp<Eigen::internal::scalar_identity_op<double>, Eigen::Matrix<double, 3, 3> >; Derived = Eigen::Matrix<double, 3, 3>; Eigen::DenseBase<Derived>::RealScalar = double][m[Kâ€™
[01m[K/opt/ros/iron/include/geometric_shapes/check_isometry.h:80:22:[m[K   required from here
[01m[K/usr/include/eigen3/Eigen/src/Core/EigenBase.h:49:44:[m[K [01;31m[Kinternal compiler error: [m[KSegmentation fault
   49 |   const Derived& derived() const { return *[01;31m[Kstatic_cast<const Derived*>(this)[m[K; }
      |                                            [01;31m[K^~~~~~~~~~~~~~~~~~~~~~~~~~~~~~~~~[m[K
0x75a93e84251f ???
	./signal/../sysdeps/unix/sysv/linux/x86_64/libc_sigaction.c:0
0x75a93e829d8f __libc_start_call_main
	../sysdeps/nptl/libc_start_call_main.h:58
0x75a93e829e3f __libc_start_main_impl
	../csu/libc-start.c:392
Please submit a full bug report,
with preprocessed source if appropriate.
Please include the complete backtrace with any bug report.
See <file:///usr/share/doc/gcc-11/README.Bugs> for instructions.
gmake[2]: *** [CMakeFiles/pilz_industrial_motion_planner_testutils.dir/build.make:132: CMakeFiles/pilz_industrial_motion_planner_testutils.dir/src/xml_testdata_loader.cpp.o] Error 1
gmake[2]: *** Waiting for unfinished jobs....
during GIMPLE pass: *rebuild_cgraph_edges
[01m[K/home/jake/moveit2_ws_main/src/moveit2/moveit_planners/pilz_industrial_motion_planner_testutils/src/cartesianconfiguration.cpp:[m[K In member function â€˜[01m[Kvoid std::__cxx11::basic_string<_CharT, _Traits, _Alloc>::_M_construct(_InIterator, _InIterator, std::forward_iterator_tag) [with _FwdIterator = const char*; _CharT = char; _Traits = std::char_traits<char>; _Alloc = std::allocator<char>][m[Kâ€™:
[01m[K/home/jake/moveit2_ws_main/src/moveit2/moveit_planners/pilz_industrial_motion_planner_testutils/src/cartesianconfiguration.cpp:134:1:[m[K [01;31m[Kinternal compiler error: [m[KSegmentation fault
  134 | [01;31m[K}[m[K  // namespace pilz_industrial_motion_planner_testutils
      | [01;31m[K^[m[K
DW_FORM_strp out of range in .debug_info at 17
Please submit a full bug report,
with preprocessed source if appropriate.
See <file:///usr/share/doc/gcc-11/README.Bugs> for instructions.
gmake[2]: *** [CMakeFiles/pilz_industrial_motion_planner_testutils.dir/build.make:76: CMakeFiles/pilz_industrial_motion_planner_testutils.dir/src/cartesianconfiguration.cpp.o] Error 1
gmake[1]: *** [CMakeFiles/Makefile2:137: CMakeFiles/pilz_industrial_motion_planner_testutils.dir/all] Error 2
gmake: *** [Makefile:146: all] Error 2
