-- The CXX compiler identification is GNU 11.4.0
-- Detecting CXX compiler ABI info
-- Detecting CXX compiler ABI info - done
-- Check for working CXX compiler: /usr/bin/c++ - skipped
-- Detecting CXX compile features
-- Detecting CXX compile features - done
-- Found moveit_common: 2.11.0 (/home/jake/moveit2_ws_main/install/moveit_common/share/moveit_common/cmake)
-- Found ament_cmake: 2.0.6 (/home/jake/ros2_iron/install/ament_cmake/share/ament_cmake/cmake)
-- Found Python3: /usr/bin/python3.10 (found version "3.10.12") found components: Interpreter 
-- Found generate_parameter_library: 0.3.7 (/home/jake/moveit2_ws_main/install/generate_parameter_library/share/generate_parameter_library/cmake)
-- Found parameter_traits: 0.3.7 (/home/jake/moveit2_ws_main/install/parameter_traits/share/parameter_traits/cmake)
-- Found rosidl_generator_c: 4.0.1 (/home/jake/ros2_iron/install/rosidl_generator_c/share/rosidl_generator_c/cmake)
-- Found rosidl_generator_cpp: 4.0.1 (/home/jake/ros2_iron/install/rosidl_generator_cpp/share/rosidl_generator_cpp/cmake)
-- Using all available rosidl_typesupport_c: rosidl_typesupport_introspection_c;rosidl_typesupport_fastrtps_c
-- Using all available rosidl_typesupport_cpp: rosidl_typesupport_introspection_cpp;rosidl_typesupport_fastrtps_cpp
-- Found rmw_implementation_cmake: 7.1.0 (/home/jake/ros2_iron/install/rmw_implementation_cmake/share/rmw_implementation_cmake/cmake)
-- Found rmw_fastrtps_cpp: 7.1.4 (/home/jake/ros2_iron/install/rmw_fastrtps_cpp/share/rmw_fastrtps_cpp/cmake)
-- Found OpenSSL: /usr/lib/x86_64-linux-gnu/libcrypto.so (found version "3.0.2")  
-- Found FastRTPS: /home/jake/ros2_iron/install/fastrtps/include  
-- Using RMW implementation 'rmw_fastrtps_cpp' as default
-- Found rclcpp_lifecycle: 21.0.7 (/home/jake/ros2_iron/install/rclcpp_lifecycle/share/rclcpp_lifecycle/cmake)
-- Found control_msgs: 5.2.0 (/opt/ros/iron/share/control_msgs/cmake)
-- Found moveit_core: 2.11.0 (/home/jake/moveit2_ws_main/install/moveit_core/share/moveit_core/cmake)
-- Found Boost: /usr/lib/x86_64-linux-gnu/cmake/Boost-1.74.0/BoostConfig.cmake (found version "1.74.0") found components: chrono date_time filesystem iostreams program_options regex serialization system thread 
-- Found Boost: /usr/lib/x86_64-linux-gnu/cmake/Boost-1.74.0/BoostConfig.cmake (found version "1.74.0") found components: filesystem 
-- library: /usr/lib/x86_64-linux-gnu/libcurl.so
-- Found Eigen3: TRUE (found version "3.4.0") 
-- Ensuring Eigen3 include directory is part of orocos-kdl CMake target
-- Found moveit_ros_planning: 2.11.0 (/home/jake/moveit2_ws_main/install/moveit_ros_planning/share/moveit_ros_planning/cmake)
-- Found Boost: /usr/lib/x86_64-linux-gnu/cmake/Boost-1.74.0/BoostConfig.cmake (found version "1.74.0") found components: system filesystem date_time program_options thread chrono 
-- Found moveit_ros_planning_interface: 2.11.0 (/home/jake/moveit2_ws_main/install/moveit_ros_planning_interface/share/moveit_ros_planning_interface/cmake)
-- Found Boost: /usr/lib/x86_64-linux-gnu/cmake/Boost-1.74.0/BoostConfig.cmake (found version "1.74.0") found components: date_time filesystem program_options system thread 
-- Found Boost: /usr/lib/x86_64-linux-gnu/cmake/Boost-1.74.0/BoostConfig.cmake (found version "1.74.0") found components: thread system filesystem regex date_time program_options 
-- Found Boost: /usr/lib/x86_64-linux-gnu/cmake/Boost-1.74.0/BoostConfig.cmake (found version "1.74.0") found components: system filesystem date_time program_options thread 
-- Found realtime_tools: 2.6.0 (/opt/ros/iron/share/realtime_tools/cmake)
-- Found ament_cmake_gtest: 2.0.6 (/home/jake/ros2_iron/install/ament_cmake_gtest/share/ament_cmake_gtest/cmake)
-- Found ros_testing: 0.5.2 (/home/jake/ros2_iron/install/ros_testing/share/ros_testing/cmake)
-- Found launch_testing_ament_cmake: 2.0.4 (/home/jake/ros2_iron/install/launch_testing_ament_cmake/share/launch_testing_ament_cmake/cmake)
-- Found python_cmake_module: 0.10.2 (/home/jake/ros2_iron/install/python_cmake_module/share/python_cmake_module/cmake)
-- Found PythonInterp: /usr/bin/python3 (found suitable version "3.10.12", minimum required is "3.6") 
-- Found PythonLibs: /usr/lib/x86_64-linux-gnu/libpython3.10.so (found suitable version "3.10.12", minimum required is "3.5") 
-- Using PYTHON_EXECUTABLE: /usr/bin/python3
-- Using PYTHON_INCLUDE_DIRS: /usr/include/python3.10
-- Using PYTHON_LIBRARIES: /usr/lib/x86_64-linux-gnu/libpython3.10.so
-- Found PythonExtra: .so  
-- Found gtest sources under '/home/jake/ros2_iron/install/gtest_vendor/src/gtest_vendor': C++ tests using 'Google Test' will be built
-- The C compiler identification is GNU 11.4.0
-- Detecting C compiler ABI info
-- Detecting C compiler ABI info - done
-- Check for working C compiler: /usr/bin/cc - skipped
-- Detecting C compile features
-- Detecting C compile features - done
-- Found Threads: TRUE  
-- Configuring done
-- Generating done
-- Build files have been written to: /home/jake/moveit2_ws_main/build/moveit_servo
[  3%] [32mBuilding CXX object CMakeFiles/servo_node.dir/rclcpp_components/node_main_servo_node.cpp.o[0m
[  7%] [32mBuilding CXX object gtest/CMakeFiles/gtest_main.dir/src/gtest_main.cc.o[0m
[ 10%] [32mBuilding CXX object CMakeFiles/servo_keyboard_input.dir/demos/servo_keyboard_input.cpp.o[0m
[ 14%] [32mBuilding CXX object gtest/CMakeFiles/gtest.dir/src/gtest-all.cc.o[0m
[ 17%] [34m[1mRunning `/opt/ros/iron/bin/generate_parameter_library_cpp /home/jake/moveit2_ws_main/build/moveit_servo/moveit_servo_lib_parameters/include//moveit_servo_lib_parameters.hpp /home/jake/moveit2_ws_main/src/moveit2/moveit_ros/moveit_servo/config/servo_parameters.yaml `[0m
[ 21%] [32m[1mLinking CXX static library libgtest_main.a[0m
[ 21%] Built target gtest_main
[ 21%] Built target moveit_servo_lib_parameters
[ 25%] [32mBuilding CXX object CMakeFiles/moveit_servo_lib_cpp.dir/src/utils/common.cpp.o[0m
[ 28%] [32mBuilding CXX object CMakeFiles/moveit_servo_lib_cpp.dir/src/collision_monitor.cpp.o[0m
[ 32%] [32mBuilding CXX object CMakeFiles/moveit_servo_lib_cpp.dir/src/servo.cpp.o[0m
[ 35%] [32mBuilding CXX object CMakeFiles/moveit_servo_lib_cpp.dir/src/utils/command.cpp.o[0m
[ 39%] [32m[1mLinking CXX executable servo_node[0m
[ 39%] Built target servo_node
In file included from [01m[K/usr/include/eigen3/Eigen/Core:333[m[K,
                 from [01m[K/usr/include/eigen3/Eigen/Geometry:11[m[K,
                 from [01m[K/home/jake/ros2_iron/install/tf2_eigen/include/tf2_eigen/tf2_eigen/tf2_eigen.hpp:32[m[K,
                 from [01m[K/home/jake/moveit2_ws_main/src/moveit2/moveit_ros/moveit_servo/include/moveit_servo/utils/datatypes.hpp:45[m[K,
                 from [01m[K/home/jake/moveit2_ws_main/src/moveit2/moveit_ros/moveit_servo/include/moveit_servo/utils/common.hpp:45[m[K,
                 from [01m[K/home/jake/moveit2_ws_main/src/moveit2/moveit_ros/moveit_servo/src/utils/common.cpp:40[m[K:
[01m[K/usr/include/eigen3/Eigen/src/Core/products/GeneralMatrixVector.h:310:32:[m[K [01;31m[Kinternal compiler error: [m[KSegmentation fault
  310 |   typedef typename HalfTraits::[01;31m[KLhsPacket[m[K LhsPacketHalf;
      |                                [01;31m[K^~~~~~~~~[m[K
DW_FORM_strp out of range in .debug_info at 17
Please submit a full bug report,
with preprocessed source if appropriate.
See <file:///usr/share/doc/gcc-11/README.Bugs> for instructions.
gmake[2]: *** [CMakeFiles/moveit_servo_lib_cpp.dir/build.make:104: CMakeFiles/moveit_servo_lib_cpp.dir/src/utils/common.cpp.o] Error 1
gmake[2]: *** Waiting for unfinished jobs....
[ 42%] [32m[1mLinking CXX executable servo_keyboard_input[0m
[ 42%] Built target servo_keyboard_input
[ 46%] [32m[1mLinking CXX static library libgtest.a[0m
[ 46%] Built target gtest
[ 50%] [32mBuilding CXX object CMakeFiles/moveit_servo_ros_integration_test.dir/tests/test_ros_integration.cpp.o[0m
In file included from [01m[K/usr/include/boost/mpl/aux_/include_preprocessed.hpp:37[m[K,
                 from [01m[K/usr/include/boost/mpl/bind.hpp:50[m[K,
                 from [01m[K/usr/include/boost/mpl/lambda.hpp:18[m[K,
                 from [01m[K/usr/include/boost/mpl/apply.hpp:25[m[K,
                 from [01m[K/usr/include/boost/iterator/iterator_facade.hpp:36[m[K,
                 from [01m[K/usr/include/boost/iterator/iterator_adaptor.hpp:15[m[K,
                 from [01m[K/usr/include/boost/iterator/reverse_iterator.hpp:10[m[K,
                 from [01m[K/usr/include/boost/signals2/detail/auto_buffer.hpp:22[m[K,
                 from [01m[K/usr/include/boost/signals2/connection.hpp:21[m[K,
                 from [01m[K/usr/include/boost/signals2/signal.hpp:22[m[K,
                 from [01m[K/usr/include/boost/signals2.hpp:19[m[K,
                 from [01m[K/home/jake/moveit2_ws_main/install/moveit_ros_planning/include/moveit_ros_planning/moveit/planning_scene_monitor/current_state_monitor.h:45[m[K,
                 from [01m[K/home/jake/moveit2_ws_main/install/moveit_ros_planning/include/moveit_ros_planning/moveit/planning_scene_monitor/planning_scene_monitor.h:46[m[K,
                 from [01m[K/home/jake/moveit2_ws_main/src/moveit2/moveit_ros/moveit_servo/include/moveit_servo/utils/common.hpp:46[m[K,
                 from [01m[K/home/jake/moveit2_ws_main/src/moveit2/moveit_ros/moveit_servo/include/moveit_servo/utils/command.hpp:44[m[K,
                 from [01m[K/home/jake/moveit2_ws_main/src/moveit2/moveit_ros/moveit_servo/src/utils/command.cpp:40[m[K:
/usr/include/boost/mpl/aux_/preprocessed/gcc/bind.hpp: In instantiation of â€˜[01m[Kstruct boost::mpl::bind2<boost::mpl::quote2<boost::detail::variant::is_constructible_ext, mpl_::void_>, mpl_::arg<1>, boost::shared_ptr<void>&&>::apply<boost::weak_ptr<boost::signals2::detail::trackable_pointee> >[m[Kâ€™:
[01m[K/usr/include/boost/mpl/aux_/preprocessed/gcc/apply_wrap.hpp:36:8:[m[K   required from â€˜[01m[Kstruct boost::mpl::apply_wrap1<boost::mpl::protect<boost::mpl::bind2<boost::mpl::quote2<boost::detail::variant::is_constructible_ext, mpl_::void_>, mpl_::arg<1>, boost::shared_ptr<void>&&>, 0>, boost::weak_ptr<boost::signals2::detail::trackable_pointee> >[m[Kâ€™
[01m[K/usr/include/boost/mpl/aux_/preprocessed/gcc/apply.hpp:42:8:[m[K   required from â€˜[01m[Kstruct boost::mpl::apply1<boost::detail::variant::is_constructible_ext<mpl_::arg<1>, boost::shared_ptr<void>&&>, boost::weak_ptr<boost::signals2::detail::trackable_pointee> >[m[Kâ€™
[01m[K/usr/include/boost/mpl/aux_/iter_apply.hpp:26:8:[m[K   required from â€˜[01m[Kstruct boost::mpl::aux::iter_apply1<boost::detail::variant::is_constructible_ext<mpl_::arg<1>, boost::shared_ptr<void>&&>, boost::mpl::l_iter<boost::mpl::l_item<mpl_::long_<3>, boost::weak_ptr<boost::signals2::detail::trackable_pointee>, boost::mpl::l_item<mpl_::long_<2>, boost::weak_ptr<void>, boost::mpl::l_item<mpl_::long_<1>, boost::signals2::detail::foreign_void_weak_ptr, boost::mpl::l_end> > > > >[m[Kâ€™
[01m[K/usr/include/boost/mpl/aux_/nested_type_wknd.hpp:26:31:[m[K   required from â€˜[01m[Kstruct boost::mpl::aux::nested_type_wknd<boost::mpl::aux::iter_apply1<boost::detail::variant::is_constructible_ext<mpl_::arg<1>, boost::shared_ptr<void>&&>, boost::mpl::l_iter<boost::mpl::l_item<mpl_::long_<3>, boost::weak_ptr<boost::signals2::detail::trackable_pointee>, boost::mpl::l_item<mpl_::long_<2>, boost::weak_ptr<void>, boost::mpl::l_item<mpl_::long_<1>, boost::signals2::detail::foreign_void_weak_ptr, boost::mpl::l_end> > > > > >[m[Kâ€™
[01m[K/usr/include/boost/mpl/not.hpp:39:8:[m[K   required from â€˜[01m[Kstruct boost::mpl::not_<boost::mpl::aux::iter_apply1<boost::detail::variant::is_constructible_ext<mpl_::arg<1>, boost::shared_ptr<void>&&>, boost::mpl::l_iter<boost::mpl::l_item<mpl_::long_<3>, boost::weak_ptr<boost::signals2::detail::trackable_pointee>, boost::mpl::l_item<mpl_::long_<2>, boost::weak_ptr<void>, boost::mpl::l_item<mpl_::long_<1>, boost::signals2::detail::foreign_void_weak_ptr, boost::mpl::l_end> > > > > >[m[Kâ€™
[01m[K/usr/include/boost/mpl/aux_/nested_type_wknd.hpp:26:31:[m[K   [ skipping 14 instantiation contexts, use -ftemplate-backtrace-limit=0 to disable ]
[01m[K/usr/include/boost/mpl/aux_/preprocessed/gcc/and.hpp:23:8:[m[K   recursively required from â€˜[01m[Kstruct boost::mpl::aux::and_impl<true, boost::mpl::not_<boost::is_same<boost::shared_ptr<void>, boost::variant<boost::weak_ptr<boost::signals2::detail::trackable_pointee>, boost::weak_ptr<void>, boost::signals2::detail::foreign_void_weak_ptr> > >, boost::detail::variant::is_variant_constructible_from<boost::shared_ptr<void>&&, boost::mpl::l_item<mpl_::long_<3>, boost::weak_ptr<boost::signals2::detail::trackable_pointee>, boost::mpl::l_item<mpl_::long_<2>, boost::weak_ptr<void>, boost::mpl::l_item<mpl_::long_<1>, boost::signals2::detail::foreign_void_weak_ptr, boost::mpl::l_end> > > >, mpl_::bool_<true>, mpl_::bool_<true> >[m[Kâ€™
[01m[K/usr/include/boost/mpl/aux_/preprocessed/gcc/and.hpp:23:8:[m[K   required from â€˜[01m[Kstruct boost::mpl::aux::and_impl<true, boost::mpl::not_<boost::is_const<boost::shared_ptr<void> > >, boost::mpl::not_<boost::is_same<boost::shared_ptr<void>, boost::variant<boost::weak_ptr<boost::signals2::detail::trackable_pointee>, boost::weak_ptr<void>, boost::signals2::detail::foreign_void_weak_ptr> > >, boost::detail::variant::is_variant_constructible_from<boost::shared_ptr<void>&&, boost::mpl::l_item<mpl_::long_<3>, boost::weak_ptr<boost::signals2::detail::trackable_pointee>, boost::mpl::l_item<mpl_::long_<2>, boost::weak_ptr<void>, boost::mpl::l_item<mpl_::long_<1>, boost::signals2::detail::foreign_void_weak_ptr, boost::mpl::l_end> > > >, mpl_::bool_<true> >[m[Kâ€™
[01m[K/usr/include/boost/mpl/aux_/preprocessed/gcc/and.hpp:48:8:[m[K   required from â€˜[01m[Kstruct boost::mpl::and_<boost::is_rvalue_reference<boost::shared_ptr<void>&&>, boost::mpl::not_<boost::is_const<boost::shared_ptr<void> > >, boost::mpl::not_<boost::is_same<boost::shared_ptr<void>, boost::variant<boost::weak_ptr<boost::signals2::detail::trackable_pointee>, boost::weak_ptr<void>, boost::signals2::detail::foreign_void_weak_ptr> > >, boost::detail::variant::is_variant_constructible_from<boost::shared_ptr<void>&&, boost::mpl::l_item<mpl_::long_<3>, boost::weak_ptr<boost::signals2::detail::trackable_pointee>, boost::mpl::l_item<mpl_::long_<2>, boost::weak_ptr<void>, boost::mpl::l_item<mpl_::long_<1>, boost::signals2::detail::foreign_void_weak_ptr, boost::mpl::l_end> > > >, mpl_::bool_<true> >[m[Kâ€™
[01m[K/usr/include/boost/mpl/aux_/nested_type_wknd.hpp:26:31:[m[K   required from â€˜[01m[Kstruct boost::mpl::aux::nested_type_wknd<boost::mpl::and_<boost::is_rvalue_reference<boost::shared_ptr<void>&&>, boost::mpl::not_<boost::is_const<boost::shared_ptr<void> > >, boost::mpl::not_<boost::is_same<boost::shared_ptr<void>, boost::variant<boost::weak_ptr<boost::signals2::detail::trackable_pointee>, boost::weak_ptr<void>, boost::signals2::detail::foreign_void_weak_ptr> > >, boost::detail::variant::is_variant_constructible_from<boost::shared_ptr<void>&&, boost::mpl::l_item<mpl_::long_<3>, boost::weak_ptr<boost::signals2::detail::trackable_pointee>, boost::mpl::l_item<mpl_::long_<2>, boost::weak_ptr<void>, boost::mpl::l_item<mpl_::long_<1>, boost::signals2::detail::foreign_void_weak_ptr, boost::mpl::l_end> > > >, mpl_::bool_<true> > >[m[Kâ€™
[01m[K/usr/include/boost/mpl/aux_/preprocessed/gcc/or.hpp:48:8:[m[K   required from â€˜[01m[Kstruct boost::mpl::or_<boost::mpl::and_<boost::is_rvalue_reference<boost::shared_ptr<void>&&>, boost::mpl::not_<boost::is_const<boost::shared_ptr<void> > >, boost::mpl::not_<boost::is_same<boost::shared_ptr<void>, boost::variant<boost::weak_ptr<boost::signals2::detail::trackable_pointee>, boost::weak_ptr<void>, boost::signals2::detail::foreign_void_weak_ptr> > >, boost::detail::variant::is_variant_constructible_from<boost::shared_ptr<void>&&, boost::mpl::l_item<mpl_::long_<3>, boost::weak_ptr<boost::signals2::detail::trackable_pointee>, boost::mpl::l_item<mpl_::long_<2>, boost::weak_ptr<void>, boost::mpl::l_item<mpl_::long_<1>, boost::signals2::detail::foreign_void_weak_ptr, boost::mpl::l_end> > > >, mpl_::bool_<true> >, boost::is_same<boost::shared_ptr<void>, boost::recursive_variant_>, mpl_::bool_<false>, mpl_::bool_<false>, mpl_::bool_<false> >[m[Kâ€™
[01m[K/usr/include/boost/core/enable_if.hpp:41:10:[m[K   required from â€˜[01m[Kstruct boost::enable_if<boost::mpl::or_<boost::mpl::and_<boost::is_rvalue_reference<boost::shared_ptr<void>&&>, boost::mpl::not_<boost::is_const<boost::shared_ptr<void> > >, boost::mpl::not_<boost::is_same<boost::shared_ptr<void>, boost::variant<boost::weak_ptr<boost::signals2::detail::trackable_pointee>, boost::weak_ptr<void>, boost::signals2::detail::foreign_void_weak_ptr> > >, boost::detail::variant::is_variant_constructible_from<boost::shared_ptr<void>&&, boost::mpl::l_item<mpl_::long_<3>, boost::weak_ptr<boost::signals2::detail::trackable_pointee>, boost::mpl::l_item<mpl_::long_<2>, boost::weak_ptr<void>, boost::mpl::l_item<mpl_::long_<1>, boost::signals2::detail::foreign_void_weak_ptr, boost::mpl::l_end> > > >, mpl_::bool_<true> >, boost::is_same<boost::shared_ptr<void>, boost::recursive_variant_>, mpl_::bool_<false>, mpl_::bool_<false>, mpl_::bool_<false> >, bool>[m[Kâ€™
[01m[K/usr/include/boost/variant/variant.hpp:1741:5:[m[K   required by substitution of â€˜[01m[Ktemplate<class T> boost::variant<boost::weak_ptr<boost::signals2::detail::trackable_pointee>, boost::weak_ptr<void>, boost::signals2::detail::foreign_void_weak_ptr>::variant(T&&, typename boost::enable_if<boost::mpl::or_<boost::mpl::and_<boost::is_rvalue_reference<T&&>, boost::mpl::not_<boost::is_const<T> >, boost::mpl::not_<boost::is_same<T, boost::variant<boost::weak_ptr<boost::signals2::detail::trackable_pointee>, boost::weak_ptr<void>, boost::signals2::detail::foreign_void_weak_ptr> > >, boost::detail::variant::is_variant_constructible_from<T&&, boost::mpl::l_item<mpl_::long_<3>, boost::weak_ptr<boost::signals2::detail::trackable_pointee>, boost::mpl::l_item<mpl_::long_<2>, boost::weak_ptr<void>, boost::mpl::l_item<mpl_::long_<1>, boost::signals2::detail::foreign_void_weak_ptr, boost::mpl::l_end> > > >, mpl_::bool_<true> >, boost::is_same<T, boost::recursive_variant_>, mpl_::bool_<false>, mpl_::bool_<false>, mpl_::bool_<false> >, bool>::type) [with T = boost::shared_ptr<void>][m[Kâ€™
[01m[K/usr/include/boost/signals2/slot_base.hpp:99:35:[m[K   required from here
[01m[K/usr/include/boost/mpl/aux_/preprocessed/gcc/bind.hpp:198:51:[m[K [01;31m[Kinternal compiler error: [m[KSegmentation fault
  198 |         typedef aux::replace_unnamed_arg< T2,n2 > [01;31m[Kr2[m[K;
      |                                                   [01;31m[K^~[m[K
DW_FORM_strp out of range in .debug_info at 17
Please submit a full bug report,
with preprocessed source if appropriate.
See <file:///usr/share/doc/gcc-11/README.Bugs> for instructions.
gmake[2]: *** [CMakeFiles/moveit_servo_lib_cpp.dir/build.make:118: CMakeFiles/moveit_servo_lib_cpp.dir/src/utils/command.cpp.o] Error 1
In file included from [01m[K/home/jake/ros2_iron/install/rclcpp/include/rclcpp/rclcpp/client.hpp:29[m[K,
                 from [01m[K/home/jake/ros2_iron/install/rclcpp/include/rclcpp/rclcpp/callback_group.hpp:24[m[K,
                 from [01m[K/home/jake/ros2_iron/install/rclcpp/include/rclcpp/rclcpp/any_executable.hpp:20[m[K,
                 from [01m[K/home/jake/ros2_iron/install/rclcpp/include/rclcpp/rclcpp/memory_strategy.hpp:25[m[K,
                 from [01m[K/home/jake/ros2_iron/install/rclcpp/include/rclcpp/rclcpp/memory_strategies.hpp:18[m[K,
                 from [01m[K/home/jake/ros2_iron/install/rclcpp/include/rclcpp/rclcpp/executor_options.hpp:20[m[K,
                 from [01m[K/home/jake/ros2_iron/install/rclcpp/include/rclcpp/rclcpp/executor.hpp:37[m[K,
                 from [01m[K/home/jake/ros2_iron/install/rclcpp/include/rclcpp/rclcpp/executors/multi_threaded_executor.hpp:25[m[K,
                 from [01m[K/home/jake/ros2_iron/install/rclcpp/include/rclcpp/rclcpp/executors.hpp:21[m[K,
                 from [01m[K/home/jake/ros2_iron/install/rclcpp/include/rclcpp/rclcpp/rclcpp.hpp:167[m[K,
                 from [01m[K/home/jake/ros2_iron/install/tf2_ros/include/tf2_ros/tf2_ros/buffer_interface.h:48[m[K,
                 from [01m[K/home/jake/ros2_iron/install/tf2_ros/include/tf2_ros/tf2_ros/buffer.h:42[m[K,
                 from [01m[K/home/jake/ros2_iron/install/tf2_eigen/include/tf2_eigen/tf2_eigen/tf2_eigen.hpp:42[m[K,
                 from [01m[K/home/jake/moveit2_ws_main/src/moveit2/moveit_ros/moveit_servo/include/moveit_servo/utils/datatypes.hpp:45[m[K,
                 from [01m[K/home/jake/moveit2_ws_main/src/moveit2/moveit_ros/moveit_servo/tests/servo_ros_fixture.hpp:45[m[K,
                 from [01m[K/home/jake/moveit2_ws_main/src/moveit2/moveit_ros/moveit_servo/tests/test_ros_integration.cpp:42[m[K:
/usr/include/c++/11/variant: In substitution of â€˜[01m[Ktemplate<class ... _Types> using _Copy_ctor_alias = std::__detail::__variant::_Copy_ctor_base<std::__detail::__variant::_Traits<_Types>::_S_trivial_copy_ctor, _Types ...> [with _Types = {_Types ...}][m[Kâ€™:
[01m[K/usr/include/c++/11/variant:572:73:[m[K   required from here
[01m[K/usr/include/c++/11/variant:572:73:[m[K [01;31m[Kinternal compiler error: [m[KBus error
  572 |     struct _Move_ctor_base<true, _Types...> : _Copy_ctor_alias<_Types...[01;31m[K>[m[K
      |                                                                         [01;31m[K^[m[K
DW_FORM_strp out of range in .debug_info at 17
Please submit a full bug report,
with preprocessed source if appropriate.
See <file:///usr/share/doc/gcc-11/README.Bugs> for instructions.
gmake[2]: *** [CMakeFiles/moveit_servo_ros_integration_test.dir/build.make:76: CMakeFiles/moveit_servo_ros_integration_test.dir/tests/test_ros_integration.cpp.o] Error 1
gmake[1]: *** [CMakeFiles/Makefile2:446: CMakeFiles/moveit_servo_ros_integration_test.dir/all] Error 2
gmake[1]: *** Waiting for unfinished jobs....
In file included from [01m[K/home/jake/moveit2_ws_main/install/moveit_core/include/moveit_core/moveit/kinematic_constraints/kinematic_constraint.h:45[m[K,
                 from [01m[K/home/jake/moveit2_ws_main/install/moveit_core/include/moveit_core/moveit/planning_scene/planning_scene.h:45[m[K,
                 from [01m[K/home/jake/moveit2_ws_main/install/moveit_ros_planning/include/moveit_ros_planning/moveit/planning_scene_monitor/planning_scene_monitor.h:43[m[K,
                 from [01m[K/home/jake/moveit2_ws_main/src/moveit2/moveit_ros/moveit_servo/include/moveit_servo/collision_monitor.hpp:45[m[K,
                 from [01m[K/home/jake/moveit2_ws_main/src/moveit2/moveit_ros/moveit_servo/include/moveit_servo/servo.hpp:45[m[K,
                 from [01m[K/home/jake/moveit2_ws_main/src/moveit2/moveit_ros/moveit_servo/src/servo.cpp:40[m[K:
[01m[K/opt/ros/iron/include/geometric_shapes/bodies.h:411:3:[m[K [01;31m[Kinternal compiler error: [m[KSegmentation fault
  411 |   [01;31m[K~[m[KBox() override = default;
      |   [01;31m[K^[m[K
DW_FORM_strp out of range in .debug_info at 17
Please submit a full bug report,
with preprocessed source if appropriate.
See <file:///usr/share/doc/gcc-11/README.Bugs> for instructions.
gmake[2]: *** [CMakeFiles/moveit_servo_lib_cpp.dir/build.make:90: CMakeFiles/moveit_servo_lib_cpp.dir/src/servo.cpp.o] Error 1
gmake[1]: *** [CMakeFiles/Makefile2:201: CMakeFiles/moveit_servo_lib_cpp.dir/all] Error 2
gmake: *** [Makefile:146: all] Error 2
