[0.198s] Invoking command in '/home/jake/moveit2_ws_main/build/moveit_servo': AMENT_PREFIX_PATH=/home/jake/moveit2_ws_main/install/moveit_ros_visualization:/home/jake/moveit2_ws_main/install/moveit_ros_planning_interface:/home/jake/moveit2_ws_main/install/moveit_ros_move_group:/home/jake/moveit2_ws_main/install/moveit_ros_warehouse:/home/jake/moveit2_ws_main/install/moveit_ros_robot_interaction:/home/jake/moveit2_ws_main/install/moveit_kinematics:/home/jake/moveit2_ws_main/install/moveit_ros_planning:/home/jake/moveit2_ws_main/install/moveit_simple_controller_manager:/home/jake/moveit2_ws_main/install/moveit_ros_occupancy_map_monitor:/home/jake/moveit2_ws_main/install/moveit_core:/home/jake/moveit2_ws_main/install/moveit_resources_panda_moveit_config:/home/jake/moveit2_ws_main/install/moveit_resources_fanuc_moveit_config:/home/jake/moveit2_ws_main/install/generate_parameter_library:/home/jake/moveit2_ws_main/install/parameter_traits:/home/jake/moveit2_ws_main/install/moveit_resources_pr2_description:/home/jake/moveit2_ws_main/install/moveit_resources_panda_description:/home/jake/moveit2_ws_main/install/moveit_resources_fanuc_description:/home/jake/moveit2_ws_main/install/moveit_msgs:/home/jake/moveit2_ws_main/install/moveit_configs_utils:/home/jake/moveit2_ws_main/install/moveit_common:/home/jake/moveit2_ws_main/install/geometric_shapes:/home/jake/moveit2_ws_main/install/generate_parameter_library_py:${AMENT_PREFIX_PATH} CMAKE_PREFIX_PATH=/home/jake/moveit2_ws_main/install/moveit_ros_visualization:/home/jake/moveit2_ws_main/install/moveit_ros_planning_interface:/home/jake/moveit2_ws_main/install/moveit_ros_move_group:/home/jake/moveit2_ws_main/install/moveit_ros_warehouse:/home/jake/moveit2_ws_main/install/moveit_ros_robot_interaction:/home/jake/moveit2_ws_main/install/moveit_kinematics:/home/jake/moveit2_ws_main/install/moveit_ros_planning:/home/jake/moveit2_ws_main/install/moveit_simple_controller_manager:/home/jake/moveit2_ws_main/install/moveit_ros_occupancy_map_monitor:/home/jake/moveit2_ws_main/install/moveit_core:/home/jake/moveit2_ws_main/install/moveit_resources_panda_moveit_config:/home/jake/moveit2_ws_main/install/moveit_resources_fanuc_moveit_config:/home/jake/moveit2_ws_main/install/generate_parameter_library:/home/jake/moveit2_ws_main/install/parameter_traits:/home/jake/moveit2_ws_main/install/moveit_resources_pr2_description:/home/jake/moveit2_ws_main/install/moveit_resources_panda_description:/home/jake/moveit2_ws_main/install/moveit_resources_fanuc_description:/home/jake/moveit2_ws_main/install/moveit_msgs:/home/jake/moveit2_ws_main/install/moveit_common:/home/jake/moveit2_ws_main/install/geometric_shapes:/home/jake/ros2_iron/install/rosbag2:/home/jake/ros2_iron/install/rosbag2_storage_default_plugins:/home/jake/ros2_iron/install/rosbag2_storage_mcap:/home/jake/ros2_iron/install/rosbag2_compression_zstd:/home/jake/ros2_iron/install/mcap_vendor:/home/jake/ros2_iron/install/zstd_vendor:/home/jake/ros2_iron/install/rviz_visual_testing_framework:/home/jake/ros2_iron/install/rviz2:/home/jake/ros2_iron/install/rviz_default_plugins:/home/jake/ros2_iron/install/rviz_common:/home/jake/ros2_iron/install/rosbag2_py:/home/jake/ros2_iron/install/rosbag2_transport:/home/jake/ros2_iron/install/rosbag2_storage_sqlite3:/home/jake/ros2_iron/install/rosbag2_examples_cpp:/home/jake/ros2_iron/install/rosbag2_compression:/home/jake/ros2_iron/install/rosbag2_cpp:/home/jake/ros2_iron/install/rosbag2_storage:/home/jake/ros2_iron/install/image_common:/home/jake/ros2_iron/install/camera_info_manager:/home/jake/ros2_iron/install/camera_calibration_parsers:/home/jake/ros2_iron/install/yaml_cpp_vendor:/home/jake/ros2_iron/install/interactive_markers:/home/jake/ros2_iron/install/common_interfaces:/home/jake/ros2_iron/install/visualization_msgs:/home/jake/ros2_iron/install/dummy_robot_bringup:/home/jake/ros2_iron/install/robot_state_publisher:/home/jake/ros2_iron/install/kdl_parser:/home/jake/ros2_iron/install/urdf:/home/jake/ros2_iron/install/urdfdom:/home/jake/ros2_iron/install/urdf_parser_plugin:/home/jake/ros2_iron/install/urdfdom_headers:/home/jake/ros2_iron/install/turtlesim:/home/jake/ros2_iron/install/trajectory_msgs:/home/jake/ros2_iron/install/topic_statistics_demo:/home/jake/ros2_iron/install/pendulum_control:/home/jake/ros2_iron/install/tlsf_cpp:/home/jake/ros2_iron/install/geometry2:/home/jake/ros2_iron/install/tf2_sensor_msgs:/home/jake/ros2_iron/install/test_tf2:/home/jake/ros2_iron/install/tf2_kdl:/home/jake/ros2_iron/install/tf2_geometry_msgs:/home/jake/ros2_iron/install/tf2_eigen:/home/jake/ros2_iron/install/tf2_bullet:/home/jake/ros2_iron/install/tf2_ros:/home/jake/ros2_iron/install/tf2_py:/home/jake/ros2_iron/install/tf2_msgs:/home/jake/ros2_iron/install/tf2_eigen_kdl:/home/jake/ros2_iron/install/laser_geometry:/home/jake/ros2_iron/install/tf2:/home/jake/ros2_iron/install/test_tracetools:/home/jake/ros2_iron/install/test_msgs:/home/jake/ros2_iron/install/test_communication:/home/jake/ros2_iron/install/stereo_msgs:/home/jake/ros2_iron/install/std_srvs:/home/jake/ros2_iron/install/shape_msgs:/home/jake/ros2_iron/install/quality_of_service_demo_cpp:/home/jake/ros2_iron/install/map_msgs:/home/jake/ros2_iron/install/intra_process_demo:/home/jake/ros2_iron/install/image_transport:/home/jake/ros2_iron/install/image_tools:/home/jake/ros2_iron/install/dummy_sensors:/home/jake/ros2_iron/install/sensor_msgs:/home/jake/ros2_iron/install/ros2cli_common_extensions:/home/jake/ros2_iron/install/dummy_map_server:/home/jake/ros2_iron/install/nav_msgs:/home/jake/ros2_iron/install/logging_demo:/home/jake/ros2_iron/install/lifecycle:/home/jake/ros2_iron/install/diagnostic_msgs:/home/jake/ros2_iron/install/geometry_msgs:/home/jake/ros2_iron/install/examples_rclcpp_wait_set:/home/jake/ros2_iron/install/examples_rclcpp_multithreaded_executor:/home/jake/ros2_iron/install/examples_rclcpp_minimal_subscriber:/home/jake/ros2_iron/install/examples_rclcpp_minimal_publisher:/home/jake/ros2_iron/install/examples_rclcpp_minimal_composition:/home/jake/ros2_iron/install/examples_rclcpp_cbg_executor:/home/jake/ros2_iron/install/demo_nodes_cpp_native:/home/jake/ros2_iron/install/demo_nodes_cpp:/home/jake/ros2_iron/install/composition:/home/jake/ros2_iron/install/actionlib_msgs:/home/jake/ros2_iron/install/std_msgs:/home/jake/ros2_iron/install/rqt_gui_cpp:/home/jake/ros2_iron/install/rosbag2_test_common:/home/jake/ros2_iron/install/ros2lifecycle_test_fixtures:/home/jake/ros2_iron/install/rclcpp_lifecycle:/home/jake/ros2_iron/install/action_tutorials_cpp:/home/jake/ros2_iron/install/rclcpp_components:/home/jake/ros2_iron/install/examples_rclcpp_minimal_action_server:/home/jake/ros2_iron/install/examples_rclcpp_minimal_action_client:/home/jake/ros2_iron/install/rclcpp_action:/home/jake/ros2_iron/install/message_filters:/home/jake/ros2_iron/install/examples_rclcpp_minimal_timer:/home/jake/ros2_iron/install/examples_rclcpp_minimal_service:/home/jake/ros2_iron/install/examples_rclcpp_minimal_client:/home/jake/ros2_iron/install/examples_rclcpp_async_client:/home/jake/ros2_iron/install/rclcpp:/home/jake/ros2_iron/install/libstatistics_collector:/home/jake/ros2_iron/install/statistics_msgs:/home/jake/ros2_iron/install/sros2_cmake:/home/jake/ros2_iron/install/rqt_py_common:/home/jake/ros2_iron/install/ros_testing:/home/jake/ros2_iron/install/rclpy:/home/jake/ros2_iron/install/rosgraph_msgs:/home/jake/ros2_iron/install/rosbag2_interfaces:/home/jake/ros2_iron/install/ros2cli_test_interfaces:/home/jake/ros2_iron/install/rcl_lifecycle:/home/jake/ros2_iron/install/rcl_action:/home/jake/ros2_iron/install/rcl:/home/jake/ros2_iron/install/rmw_implementation:/home/jake/ros2_iron/install/rmw_fastrtps_dynamic_cpp:/home/jake/ros2_iron/install/rmw_fastrtps_cpp:/home/jake/ros2_iron/install/rmw_fastrtps_shared_cpp:/home/jake/ros2_iron/install/rmw_cyclonedds_cpp:/home/jake/ros2_iron/install/rmw_connextddsmicro:/home/jake/ros2_iron/install/rmw_connextdds:/home/jake/ros2_iron/install/rmw_connextdds_common:/home/jake/ros2_iron/install/rmw_dds_common:/home/jake/ros2_iron/install/composition_interfaces:/home/jake/ros2_iron/install/rcl_interfaces:/home/jake/ros2_iron/install/pendulum_msgs:/home/jake/ros2_iron/install/lifecycle_msgs:/home/jake/ros2_iron/install/example_interfaces:/home/jake/ros2_iron/install/action_tutorials_interfaces:/home/jake/ros2_iron/install/rosidl_default_runtime:/home/jake/ros2_iron/install/rosidl_default_generators:/home/jake/ros2_iron/install/action_msgs:/home/jake/ros2_iron/install/unique_identifier_msgs:/home/jake/ros2_iron/install/ament_lint_common:/home/jake/ros2_iron/install/ament_cmake_uncrustify:/home/jake/ros2_iron/install/uncrustify_vendor:/home/jake/ros2_iron/install/type_description_interfaces:/home/jake/ros2_iron/install/tracetools:/home/jake/ros2_iron/install/tlsf:/home/jake/ros2_iron/install/tinyxml_vendor:/home/jake/ros2_iron/install/qt_gui_core:/home/jake/ros2_iron/install/qt_gui_cpp:/home/jake/ros2_iron/install/pluginlib:/home/jake/ros2_iron/install/tinyxml2_vendor:/home/jake/ros2_iron/install/test_security:/home/jake/ros2_iron/install/test_rmw_implementation:/home/jake/ros2_iron/install/test_rclcpp:/home/jake/ros2_iron/install/test_quality_of_service:/home/jake/ros2_iron/install/test_launch_testing:/home/jake/ros2_iron/install/test_interface_files:/home/jake/ros2_iron/install/test_cli_remapping:/home/jake/ros2_iron/install/test_cli:/home/jake/ros2_iron/install/qt_gui_app:/home/jake/ros2_iron/install/qt_gui:/home/jake/ros2_iron/install/tango_icons_vendor:/home/jake/ros2_iron/install/sqlite3_vendor:/home/jake/ros2_iron/install/rcl_logging_spdlog:/home/jake/ros2_iron/install/spdlog_vendor:/home/jake/ros2_iron/install/shared_queues_vendor:/home/jake/ros2_iron/install/service_msgs:/home/jake/ros2_iron/install/rviz_rendering_tests:/home/jake/ros2_iron/install/rviz_rendering:/home/jake/ros2_iron/install/rviz_ogre_vendor:/home/jake/ros2_iron/install/rviz_assimp_vendor:/home/jake/ros2_iron/install/rttest:/home/jake/ros2_iron/install/rti_connext_dds_cmake_module:/home/jake/ros2_iron/install/builtin_interfaces:/home/jake/ros2_iron/install/rosidl_core_runtime:/home/jake/ros2_iron/install/rosidl_core_generators:/home/jake/ros2_iron/install/rosidl_generator_py:/home/jake/ros2_iron/install/rosidl_typesupport_tests:/home/jake/ros2_iron/install/rosidl_typesupport_introspection_tests:/home/jake/ros2_iron/install/rosidl_typesupport_cpp:/home/jake/ros2_iron/install/rosidl_typesupport_introspection_cpp:/home/jake/ros2_iron/install/rosidl_typesupport_c:/home/jake/ros2_iron/install/rosidl_typesupport_introspection_c:/home/jake/ros2_iron/install/rosidl_typesupport_fastrtps_c:/home/jake/ros2_iron/install/rosidl_typesupport_fastrtps_cpp:/home/jake/ros2_iron/install/rosidl_generator_cpp:/home/jake/ros2_iron/install/rosidl_runtime_cpp:/home/jake/ros2_iron/install/rosidl_dynamic_typesupport_fastrtps:/home/jake/ros2_iron/install/rcl_yaml_param_parser:/home/jake/ros2_iron/install/rmw:/home/jake/ros2_iron/install/rosidl_dynamic_typesupport:/home/jake/ros2_iron/install/rosidl_runtime_c:/home/jake/ros2_iron/install/rosidl_generator_c:/home/jake/ros2_iron/install/rosidl_typesupport_interface:/home/jake/ros2_iron/install/rosidl_generator_dds_idl:/home/jake/ros2_iron/install/rosidl_cmake:/home/jake/ros2_iron/install/rosidl_generator_type_description:/home/jake/ros2_iron/install/rosidl_parser:/home/jake/ros2_iron/install/rosidl_generator_tests:/home/jake/ros2_iron/install/rosidl_adapter:/home/jake/ros2_iron/install/rosbag2_tests:/home/jake/ros2_iron/install/rosbag2_test_msgdefs:/home/jake/ros2_iron/install/ros_environment:/home/jake/ros2_iron/install/rmw_implementation_cmake:/home/jake/ros2_iron/install/resource_retriever:/home/jake/ros2_iron/install/class_loader:/home/jake/ros2_iron/install/rcpputils:/home/jake/ros2_iron/install/rcl_logging_noop:/home/jake/ros2_iron/install/rcl_logging_interface:/home/jake/ros2_iron/install/rcutils:/home/jake/ros2_iron/install/qt_gui_py_common:/home/jake/ros2_iron/install/qt_dotgraph:/home/jake/ros2_iron/install/python_qt_binding:/home/jake/ros2_iron/install/python_orocos_kdl_vendor:/home/jake/ros2_iron/install/launch_testing_ament_cmake:/home/jake/ros2_iron/install/python_cmake_module:/home/jake/ros2_iron/install/pybind11_vendor:/home/jake/ros2_iron/install/performance_test_fixture:/home/jake/ros2_iron/install/osrf_testing_tools_cpp:/home/jake/ros2_iron/install/orocos_kdl_vendor:/home/jake/ros2_iron/install/mimick_vendor:/home/jake/ros2_iron/install/libyaml_vendor:/home/jake/ros2_iron/install/libcurl_vendor:/home/jake/ros2_iron/install/keyboard_handler:/home/jake/ros2_iron/install/iceoryx_introspection:/home/jake/ros2_iron/install/cyclonedds:/home/jake/ros2_iron/install/iceoryx_posh:/home/jake/ros2_iron/install/iceoryx_hoofs:/home/jake/ros2_iron/install/iceoryx_binding_c:/home/jake/ros2_iron/install/ament_cmake_ros:/home/jake/ros2_iron/install/ament_cmake_gmock:/home/jake/ros2_iron/install/gmock_vendor:/home/jake/ros2_iron/install/ament_cmake_auto:/home/jake/ros2_iron/install/ament_cmake_gtest:/home/jake/ros2_iron/install/gtest_vendor:/home/jake/ros2_iron/install/ament_cmake_google_benchmark:/home/jake/ros2_iron/install/google_benchmark_vendor:/home/jake/ros2_iron/install/fastrtps:/home/jake/ros2_iron/install/foonathan_memory_vendor:/home/jake/ros2_iron/install/fastrtps_cmake_module:/home/jake/ros2_iron/install/fastcdr:/home/jake/ros2_iron/install/eigen3_cmake_module:/home/jake/ros2_iron/install/console_bridge_vendor:/home/jake/ros2_iron/install/ament_cmake_xmllint:/home/jake/ros2_iron/install/ament_cmake_pyflakes:/home/jake/ros2_iron/install/ament_cmake_pycodestyle:/home/jake/ros2_iron/install/ament_cmake_pep257:/home/jake/ros2_iron/install/ament_cmake_pclint:/home/jake/ros2_iron/install/ament_lint_auto:/home/jake/ros2_iron/install/ament_cmake:/home/jake/ros2_iron/install/ament_cmake_version:/home/jake/ros2_iron/install/ament_cmake_vendor_package:/home/jake/ros2_iron/install/ament_cmake_pytest:/home/jake/ros2_iron/install/ament_cmake_mypy:/home/jake/ros2_iron/install/ament_cmake_lint_cmake:/home/jake/ros2_iron/install/ament_cmake_flake8:/home/jake/ros2_iron/install/ament_cmake_cpplint:/home/jake/ros2_iron/install/ament_cmake_cppcheck:/home/jake/ros2_iron/install/ament_cmake_copyright:/home/jake/ros2_iron/install/ament_cmake_clang_tidy:/home/jake/ros2_iron/install/ament_cmake_clang_format:/home/jake/ros2_iron/install/ament_cmake_test:/home/jake/ros2_iron/install/ament_cmake_target_dependencies:/home/jake/ros2_iron/install/ament_cmake_python:/home/jake/ros2_iron/install/ament_cmake_export_dependencies:/home/jake/ros2_iron/install/ament_cmake_libraries:/home/jake/ros2_iron/install/ament_cmake_include_directories:/home/jake/ros2_iron/install/ament_cmake_gen_version_h:/home/jake/ros2_iron/install/ament_cmake_export_targets:/home/jake/ros2_iron/install/ament_cmake_export_link_flags:/home/jake/ros2_iron/install/ament_cmake_export_interfaces:/home/jake/ros2_iron/install/ament_cmake_export_libraries:/home/jake/ros2_iron/install/ament_cmake_export_include_directories:/home/jake/ros2_iron/install/ament_cmake_export_definitions:/home/jake/ros2_iron/install/ament_cmake_core:/home/jake/ros2_iron/install/ament_index_cpp:/home/jake/ros2_iron/install/rqt_bag_plugins:/home/jake/ros2_iron/install/rqt_bag:/home/jake/ros2_iron/install/rosbag2_examples_py:/home/jake/ros2_iron/install/launch_testing_examples:/home/jake/ros2_iron/install/ros2bag:/home/jake/ros2_iron/install/tracetools_test:/home/jake/ros2_iron/install/tracetools_launch:/home/jake/ros2_iron/install/topic_monitor:/home/jake/ros2_iron/install/tf2_tools:/home/jake/ros2_iron/install/examples_tf2_py:/home/jake/ros2_iron/install/tf2_ros_py:/home/jake/ros2_iron/install/examples_rclpy_pointcloud_publisher:/home/jake/ros2_iron/install/sensor_msgs_py:/home/jake/ros2_iron/install/quality_of_service_demo_py:/home/jake/ros2_iron/install/rqt_plot:/home/jake/ros2_iron/install/ros2doctor:/home/jake/ros2_iron/install/lifecycle_py:/home/jake/ros2_iron/install/examples_rclpy_minimal_subscriber:/home/jake/ros2_iron/install/examples_rclpy_minimal_service:/home/jake/ros2_iron/install/examples_rclpy_minimal_publisher:/home/jake/ros2_iron/install/examples_rclpy_minimal_client:/home/jake/ros2_iron/install/examples_rclpy_executors:/home/jake/ros2_iron/install/demo_nodes_py:/home/jake/ros2_iron/install/rqt:/home/jake/ros2_iron/install/ros2component:/home/jake/ros2_iron/install/sros2:/home/jake/ros2_iron/install/rqt_topic:/home/jake/ros2_iron/install/rqt_srv:/home/jake/ros2_iron/install/rqt_shell:/home/jake/ros2_iron/install/rqt_service_caller:/home/jake/ros2_iron/install/rqt_reconfigure:/home/jake/ros2_iron/install/rqt_py_console:/home/jake/ros2_iron/install/rqt_publisher:/home/jake/ros2_iron/install/rqt_action:/home/jake/ros2_iron/install/rqt_msg:/home/jake/ros2_iron/install/rqt_console:/home/jake/ros2_iron/install/rqt_graph:/home/jake/ros2_iron/install/rqt_gui_py:/home/jake/ros2_iron/install/rqt_gui:/home/jake/ros2_iron/install/ros2trace:/home/jake/ros2_iron/install/ros2topic:/home/jake/ros2_iron/install/ros2test:/home/jake/ros2_iron/install/ros2param:/home/jake/ros2_iron/install/ros2lifecycle:/home/jake/ros2_iron/install/ros2service:/home/jake/ros2_iron/install/ros2run:/home/jake/ros2_iron/install/ros2launch:/home/jake/ros2_iron/install/ros2pkg:/home/jake/ros2_iron/install/ros2node:/home/jake/ros2_iron/install/ros2multicast:/home/jake/ros2_iron/install/ros2interface:/home/jake/ros2_iron/install/ros2action:/home/jake/ros2_iron/install/ros2cli:/home/jake/ros2_iron/install/launch_testing_ros:/home/jake/ros2_iron/install/launch_ros:/home/jake/ros2_iron/install/examples_rclpy_minimal_action_server:/home/jake/ros2_iron/install/examples_rclpy_minimal_action_client:/home/jake/ros2_iron/install/examples_rclpy_guard_conditions:/home/jake/ros2_iron/install/action_tutorials_py:/home/jake/ros2_iron/install/ament_uncrustify:/home/jake/ros2_iron/install/tracetools_trace:/home/jake/ros2_iron/install/tracetools_read:/home/jake/ros2_iron/install/test_tracetools_launch:/home/jake/ros2_iron/install/test_ros2trace:/home/jake/ros2_iron/install/test_launch_ros:/home/jake/ros2_iron/install/rpyutils:/home/jake/ros2_iron/install/rosidl_runtime_py:/home/jake/ros2_iron/install/rosidl_pycommon:/home/jake/ros2_iron/install/rosidl_cli:/home/jake/ros2_iron/install/launch_pytest:/home/jake/ros2_iron/install/launch_testing:/home/jake/ros2_iron/install/launch_yaml:/home/jake/ros2_iron/install/launch_xml:/home/jake/ros2_iron/install/launch:/home/jake/ros2_iron/install/osrf_pycommon:/home/jake/ros2_iron/install/domain_coordinator:/home/jake/ros2_iron/install/ament_xmllint:/home/jake/ros2_iron/install/ament_pyflakes:/home/jake/ros2_iron/install/ament_pycodestyle:/home/jake/ros2_iron/install/ament_pep257:/home/jake/ros2_iron/install/ament_pclint:/home/jake/ros2_iron/install/ament_package:/home/jake/ros2_iron/install/ament_mypy:/home/jake/ros2_iron/install/ament_lint_cmake:/home/jake/ros2_iron/install/ament_flake8:/home/jake/ros2_iron/install/ament_copyright:/home/jake/ros2_iron/install/ament_lint:/home/jake/ros2_iron/install/ament_index_python:/home/jake/ros2_iron/install/ament_cpplint:/home/jake/ros2_iron/install/ament_cppcheck:/home/jake/ros2_iron/install/ament_clang_tidy:/home/jake/ros2_iron/install/ament_clang_format:/opt/ros/iron LD_LIBRARY_PATH=/home/jake/moveit2_ws_main/install/moveit_ros_visualization/lib:/home/jake/moveit2_ws_main/install/moveit_ros_planning_interface/lib:/home/jake/moveit2_ws_main/install/moveit_ros_move_group/lib:/home/jake/moveit2_ws_main/install/moveit_ros_warehouse/lib:/home/jake/moveit2_ws_main/install/moveit_ros_robot_interaction/lib:/home/jake/moveit2_ws_main/install/moveit_kinematics/lib:/home/jake/moveit2_ws_main/install/moveit_ros_planning/lib:/home/jake/moveit2_ws_main/install/moveit_simple_controller_manager/lib:/home/jake/moveit2_ws_main/install/moveit_ros_occupancy_map_monitor/lib:/home/jake/moveit2_ws_main/install/moveit_core/lib:/home/jake/moveit2_ws_main/install/parameter_traits/lib:/home/jake/moveit2_ws_main/install/moveit_msgs/lib:/home/jake/moveit2_ws_main/install/geometric_shapes/lib:${LD_LIBRARY_PATH} PATH=/home/jake/moveit2_ws_main/install/moveit_core/bin:/home/jake/moveit2_ws_main/install/generate_parameter_library_py/bin:${PATH} PYTHONPATH=/home/jake/moveit2_ws_main/install/moveit_msgs/lib/python3.10/site-packages:/home/jake/moveit2_ws_main/install/moveit_configs_utils/lib/python3.10/site-packages:/home/jake/moveit2_ws_main/install/generate_parameter_library_py/lib/python3.10/site-packages:${PYTHONPATH} /usr/bin/cmake /home/jake/moveit2_ws_main/src/moveit2/moveit_ros/moveit_servo -DCMAKE_BUILD_TYPE=Release -DCMAKE_INSTALL_PREFIX=/home/jake/moveit2_ws_main/install/moveit_servo
[0.319s] -- The CXX compiler identification is GNU 11.4.0
[0.330s] -- Detecting CXX compiler ABI info
[0.482s] -- Detecting CXX compiler ABI info - done
[0.489s] -- Check for working CXX compiler: /usr/bin/c++ - skipped
[0.489s] -- Detecting CXX compile features
[0.490s] -- Detecting CXX compile features - done
[0.493s] -- Found moveit_common: 2.11.0 (/home/jake/moveit2_ws_main/install/moveit_common/share/moveit_common/cmake)
[0.518s] -- Found ament_cmake: 2.0.6 (/home/jake/ros2_iron/install/ament_cmake/share/ament_cmake/cmake)
[1.272s] -- Found Python3: /usr/bin/python3.10 (found version "3.10.12") found components: Interpreter 
[2.063s] -- Found generate_parameter_library: 0.3.7 (/home/jake/moveit2_ws_main/install/generate_parameter_library/share/generate_parameter_library/cmake)
[2.104s] -- Found parameter_traits: 0.3.7 (/home/jake/moveit2_ws_main/install/parameter_traits/share/parameter_traits/cmake)
[2.383s] -- Found rosidl_generator_c: 4.0.1 (/home/jake/ros2_iron/install/rosidl_generator_c/share/rosidl_generator_c/cmake)
[2.456s] -- Found rosidl_generator_cpp: 4.0.1 (/home/jake/ros2_iron/install/rosidl_generator_cpp/share/rosidl_generator_cpp/cmake)
[2.585s] -- Using all available rosidl_typesupport_c: rosidl_typesupport_introspection_c;rosidl_typesupport_fastrtps_c
[2.690s] -- Using all available rosidl_typesupport_cpp: rosidl_typesupport_introspection_cpp;rosidl_typesupport_fastrtps_cpp
[3.071s] -- Found rmw_implementation_cmake: 7.1.0 (/home/jake/ros2_iron/install/rmw_implementation_cmake/share/rmw_implementation_cmake/cmake)
[3.116s] -- Found rmw_fastrtps_cpp: 7.1.4 (/home/jake/ros2_iron/install/rmw_fastrtps_cpp/share/rmw_fastrtps_cpp/cmake)
[3.525s] -- Found OpenSSL: /usr/lib/x86_64-linux-gnu/libcrypto.so (found version "3.0.2")  
[3.606s] -- Found FastRTPS: /home/jake/ros2_iron/install/fastrtps/include  
[3.761s] -- Using RMW implementation 'rmw_fastrtps_cpp' as default
[4.179s] -- Found rclcpp_lifecycle: 21.0.7 (/home/jake/ros2_iron/install/rclcpp_lifecycle/share/rclcpp_lifecycle/cmake)
[4.348s] -- Found control_msgs: 5.2.0 (/opt/ros/iron/share/control_msgs/cmake)
[5.061s] -- Found moveit_core: 2.11.0 (/home/jake/moveit2_ws_main/install/moveit_core/share/moveit_core/cmake)
[5.832s] -- Found Boost: /usr/lib/x86_64-linux-gnu/cmake/Boost-1.74.0/BoostConfig.cmake (found version "1.74.0") found components: chrono date_time filesystem iostreams program_options regex serialization system thread 
[6.115s] -- Found Boost: /usr/lib/x86_64-linux-gnu/cmake/Boost-1.74.0/BoostConfig.cmake (found version "1.74.0") found components: filesystem 
[6.515s] -- library: /usr/lib/x86_64-linux-gnu/libcurl.so
[6.864s] -- Found Eigen3: TRUE (found version "3.4.0") 
[6.864s] -- Ensuring Eigen3 include directory is part of orocos-kdl CMake target
[8.742s] -- Found moveit_ros_planning: 2.11.0 (/home/jake/moveit2_ws_main/install/moveit_ros_planning/share/moveit_ros_planning/cmake)
[8.747s] -- Found Boost: /usr/lib/x86_64-linux-gnu/cmake/Boost-1.74.0/BoostConfig.cmake (found version "1.74.0") found components: system filesystem date_time program_options thread chrono 
[9.509s] -- Found moveit_ros_planning_interface: 2.11.0 (/home/jake/moveit2_ws_main/install/moveit_ros_planning_interface/share/moveit_ros_planning_interface/cmake)
[9.513s] -- Found Boost: /usr/lib/x86_64-linux-gnu/cmake/Boost-1.74.0/BoostConfig.cmake (found version "1.74.0") found components: date_time filesystem program_options system thread 
[9.783s] -- Found Boost: /usr/lib/x86_64-linux-gnu/cmake/Boost-1.74.0/BoostConfig.cmake (found version "1.74.0") found components: thread system filesystem regex date_time program_options 
[10.126s] -- Found Boost: /usr/lib/x86_64-linux-gnu/cmake/Boost-1.74.0/BoostConfig.cmake (found version "1.74.0") found components: system filesystem date_time program_options thread 
[10.582s] -- Found realtime_tools: 2.6.0 (/opt/ros/iron/share/realtime_tools/cmake)
[12.490s] -- Found ament_cmake_gtest: 2.0.6 (/home/jake/ros2_iron/install/ament_cmake_gtest/share/ament_cmake_gtest/cmake)
[12.504s] -- Found ros_testing: 0.5.2 (/home/jake/ros2_iron/install/ros_testing/share/ros_testing/cmake)
[12.529s] -- Found launch_testing_ament_cmake: 2.0.4 (/home/jake/ros2_iron/install/launch_testing_ament_cmake/share/launch_testing_ament_cmake/cmake)
[12.554s] -- Found python_cmake_module: 0.10.2 (/home/jake/ros2_iron/install/python_cmake_module/share/python_cmake_module/cmake)
[12.652s] -- Found PythonInterp: /usr/bin/python3 (found suitable version "3.10.12", minimum required is "3.6") 
[12.680s] -- Found PythonLibs: /usr/lib/x86_64-linux-gnu/libpython3.10.so (found suitable version "3.10.12", minimum required is "3.5") 
[12.680s] -- Using PYTHON_EXECUTABLE: /usr/bin/python3
[12.680s] -- Using PYTHON_INCLUDE_DIRS: /usr/include/python3.10
[12.680s] -- Using PYTHON_LIBRARIES: /usr/lib/x86_64-linux-gnu/libpython3.10.so
[12.774s] -- Found PythonExtra: .so  
[12.802s] -- Found gtest sources under '/home/jake/ros2_iron/install/gtest_vendor/src/gtest_vendor': C++ tests using 'Google Test' will be built
[12.872s] -- The C compiler identification is GNU 11.4.0
[12.884s] -- Detecting C compiler ABI info
[13.043s] -- Detecting C compiler ABI info - done
[13.050s] -- Check for working C compiler: /usr/bin/cc - skipped
[13.051s] -- Detecting C compile features
[13.051s] -- Detecting C compile features - done
[13.054s] -- Found Threads: TRUE  
[13.947s] -- Configuring done
[14.623s] -- Generating done
[14.626s] -- Build files have been written to: /home/jake/moveit2_ws_main/build/moveit_servo
[14.646s] Invoked command in '/home/jake/moveit2_ws_main/build/moveit_servo' returned '0': AMENT_PREFIX_PATH=/home/jake/moveit2_ws_main/install/moveit_ros_visualization:/home/jake/moveit2_ws_main/install/moveit_ros_planning_interface:/home/jake/moveit2_ws_main/install/moveit_ros_move_group:/home/jake/moveit2_ws_main/install/moveit_ros_warehouse:/home/jake/moveit2_ws_main/install/moveit_ros_robot_interaction:/home/jake/moveit2_ws_main/install/moveit_kinematics:/home/jake/moveit2_ws_main/install/moveit_ros_planning:/home/jake/moveit2_ws_main/install/moveit_simple_controller_manager:/home/jake/moveit2_ws_main/install/moveit_ros_occupancy_map_monitor:/home/jake/moveit2_ws_main/install/moveit_core:/home/jake/moveit2_ws_main/install/moveit_resources_panda_moveit_config:/home/jake/moveit2_ws_main/install/moveit_resources_fanuc_moveit_config:/home/jake/moveit2_ws_main/install/generate_parameter_library:/home/jake/moveit2_ws_main/install/parameter_traits:/home/jake/moveit2_ws_main/install/moveit_resources_pr2_description:/home/jake/moveit2_ws_main/install/moveit_resources_panda_description:/home/jake/moveit2_ws_main/install/moveit_resources_fanuc_description:/home/jake/moveit2_ws_main/install/moveit_msgs:/home/jake/moveit2_ws_main/install/moveit_configs_utils:/home/jake/moveit2_ws_main/install/moveit_common:/home/jake/moveit2_ws_main/install/geometric_shapes:/home/jake/moveit2_ws_main/install/generate_parameter_library_py:${AMENT_PREFIX_PATH} CMAKE_PREFIX_PATH=/home/jake/moveit2_ws_main/install/moveit_ros_visualization:/home/jake/moveit2_ws_main/install/moveit_ros_planning_interface:/home/jake/moveit2_ws_main/install/moveit_ros_move_group:/home/jake/moveit2_ws_main/install/moveit_ros_warehouse:/home/jake/moveit2_ws_main/install/moveit_ros_robot_interaction:/home/jake/moveit2_ws_main/install/moveit_kinematics:/home/jake/moveit2_ws_main/install/moveit_ros_planning:/home/jake/moveit2_ws_main/install/moveit_simple_controller_manager:/home/jake/moveit2_ws_main/install/moveit_ros_occupancy_map_monitor:/home/jake/moveit2_ws_main/install/moveit_core:/home/jake/moveit2_ws_main/install/moveit_resources_panda_moveit_config:/home/jake/moveit2_ws_main/install/moveit_resources_fanuc_moveit_config:/home/jake/moveit2_ws_main/install/generate_parameter_library:/home/jake/moveit2_ws_main/install/parameter_traits:/home/jake/moveit2_ws_main/install/moveit_resources_pr2_description:/home/jake/moveit2_ws_main/install/moveit_resources_panda_description:/home/jake/moveit2_ws_main/install/moveit_resources_fanuc_description:/home/jake/moveit2_ws_main/install/moveit_msgs:/home/jake/moveit2_ws_main/install/moveit_common:/home/jake/moveit2_ws_main/install/geometric_shapes:/home/jake/ros2_iron/install/rosbag2:/home/jake/ros2_iron/install/rosbag2_storage_default_plugins:/home/jake/ros2_iron/install/rosbag2_storage_mcap:/home/jake/ros2_iron/install/rosbag2_compression_zstd:/home/jake/ros2_iron/install/mcap_vendor:/home/jake/ros2_iron/install/zstd_vendor:/home/jake/ros2_iron/install/rviz_visual_testing_framework:/home/jake/ros2_iron/install/rviz2:/home/jake/ros2_iron/install/rviz_default_plugins:/home/jake/ros2_iron/install/rviz_common:/home/jake/ros2_iron/install/rosbag2_py:/home/jake/ros2_iron/install/rosbag2_transport:/home/jake/ros2_iron/install/rosbag2_storage_sqlite3:/home/jake/ros2_iron/install/rosbag2_examples_cpp:/home/jake/ros2_iron/install/rosbag2_compression:/home/jake/ros2_iron/install/rosbag2_cpp:/home/jake/ros2_iron/install/rosbag2_storage:/home/jake/ros2_iron/install/image_common:/home/jake/ros2_iron/install/camera_info_manager:/home/jake/ros2_iron/install/camera_calibration_parsers:/home/jake/ros2_iron/install/yaml_cpp_vendor:/home/jake/ros2_iron/install/interactive_markers:/home/jake/ros2_iron/install/common_interfaces:/home/jake/ros2_iron/install/visualization_msgs:/home/jake/ros2_iron/install/dummy_robot_bringup:/home/jake/ros2_iron/install/robot_state_publisher:/home/jake/ros2_iron/install/kdl_parser:/home/jake/ros2_iron/install/urdf:/home/jake/ros2_iron/install/urdfdom:/home/jake/ros2_iron/install/urdf_parser_plugin:/home/jake/ros2_iron/install/urdfdom_headers:/home/jake/ros2_iron/install/turtlesim:/home/jake/ros2_iron/install/trajectory_msgs:/home/jake/ros2_iron/install/topic_statistics_demo:/home/jake/ros2_iron/install/pendulum_control:/home/jake/ros2_iron/install/tlsf_cpp:/home/jake/ros2_iron/install/geometry2:/home/jake/ros2_iron/install/tf2_sensor_msgs:/home/jake/ros2_iron/install/test_tf2:/home/jake/ros2_iron/install/tf2_kdl:/home/jake/ros2_iron/install/tf2_geometry_msgs:/home/jake/ros2_iron/install/tf2_eigen:/home/jake/ros2_iron/install/tf2_bullet:/home/jake/ros2_iron/install/tf2_ros:/home/jake/ros2_iron/install/tf2_py:/home/jake/ros2_iron/install/tf2_msgs:/home/jake/ros2_iron/install/tf2_eigen_kdl:/home/jake/ros2_iron/install/laser_geometry:/home/jake/ros2_iron/install/tf2:/home/jake/ros2_iron/install/test_tracetools:/home/jake/ros2_iron/install/test_msgs:/home/jake/ros2_iron/install/test_communication:/home/jake/ros2_iron/install/stereo_msgs:/home/jake/ros2_iron/install/std_srvs:/home/jake/ros2_iron/install/shape_msgs:/home/jake/ros2_iron/install/quality_of_service_demo_cpp:/home/jake/ros2_iron/install/map_msgs:/home/jake/ros2_iron/install/intra_process_demo:/home/jake/ros2_iron/install/image_transport:/home/jake/ros2_iron/install/image_tools:/home/jake/ros2_iron/install/dummy_sensors:/home/jake/ros2_iron/install/sensor_msgs:/home/jake/ros2_iron/install/ros2cli_common_extensions:/home/jake/ros2_iron/install/dummy_map_server:/home/jake/ros2_iron/install/nav_msgs:/home/jake/ros2_iron/install/logging_demo:/home/jake/ros2_iron/install/lifecycle:/home/jake/ros2_iron/install/diagnostic_msgs:/home/jake/ros2_iron/install/geometry_msgs:/home/jake/ros2_iron/install/examples_rclcpp_wait_set:/home/jake/ros2_iron/install/examples_rclcpp_multithreaded_executor:/home/jake/ros2_iron/install/examples_rclcpp_minimal_subscriber:/home/jake/ros2_iron/install/examples_rclcpp_minimal_publisher:/home/jake/ros2_iron/install/examples_rclcpp_minimal_composition:/home/jake/ros2_iron/install/examples_rclcpp_cbg_executor:/home/jake/ros2_iron/install/demo_nodes_cpp_native:/home/jake/ros2_iron/install/demo_nodes_cpp:/home/jake/ros2_iron/install/composition:/home/jake/ros2_iron/install/actionlib_msgs:/home/jake/ros2_iron/install/std_msgs:/home/jake/ros2_iron/install/rqt_gui_cpp:/home/jake/ros2_iron/install/rosbag2_test_common:/home/jake/ros2_iron/install/ros2lifecycle_test_fixtures:/home/jake/ros2_iron/install/rclcpp_lifecycle:/home/jake/ros2_iron/install/action_tutorials_cpp:/home/jake/ros2_iron/install/rclcpp_components:/home/jake/ros2_iron/install/examples_rclcpp_minimal_action_server:/home/jake/ros2_iron/install/examples_rclcpp_minimal_action_client:/home/jake/ros2_iron/install/rclcpp_action:/home/jake/ros2_iron/install/message_filters:/home/jake/ros2_iron/install/examples_rclcpp_minimal_timer:/home/jake/ros2_iron/install/examples_rclcpp_minimal_service:/home/jake/ros2_iron/install/examples_rclcpp_minimal_client:/home/jake/ros2_iron/install/examples_rclcpp_async_client:/home/jake/ros2_iron/install/rclcpp:/home/jake/ros2_iron/install/libstatistics_collector:/home/jake/ros2_iron/install/statistics_msgs:/home/jake/ros2_iron/install/sros2_cmake:/home/jake/ros2_iron/install/rqt_py_common:/home/jake/ros2_iron/install/ros_testing:/home/jake/ros2_iron/install/rclpy:/home/jake/ros2_iron/install/rosgraph_msgs:/home/jake/ros2_iron/install/rosbag2_interfaces:/home/jake/ros2_iron/install/ros2cli_test_interfaces:/home/jake/ros2_iron/install/rcl_lifecycle:/home/jake/ros2_iron/install/rcl_action:/home/jake/ros2_iron/install/rcl:/home/jake/ros2_iron/install/rmw_implementation:/home/jake/ros2_iron/install/rmw_fastrtps_dynamic_cpp:/home/jake/ros2_iron/install/rmw_fastrtps_cpp:/home/jake/ros2_iron/install/rmw_fastrtps_shared_cpp:/home/jake/ros2_iron/install/rmw_cyclonedds_cpp:/home/jake/ros2_iron/install/rmw_connextddsmicro:/home/jake/ros2_iron/install/rmw_connextdds:/home/jake/ros2_iron/install/rmw_connextdds_common:/home/jake/ros2_iron/install/rmw_dds_common:/home/jake/ros2_iron/install/composition_interfaces:/home/jake/ros2_iron/install/rcl_interfaces:/home/jake/ros2_iron/install/pendulum_msgs:/home/jake/ros2_iron/install/lifecycle_msgs:/home/jake/ros2_iron/install/example_interfaces:/home/jake/ros2_iron/install/action_tutorials_interfaces:/home/jake/ros2_iron/install/rosidl_default_runtime:/home/jake/ros2_iron/install/rosidl_default_generators:/home/jake/ros2_iron/install/action_msgs:/home/jake/ros2_iron/install/unique_identifier_msgs:/home/jake/ros2_iron/install/ament_lint_common:/home/jake/ros2_iron/install/ament_cmake_uncrustify:/home/jake/ros2_iron/install/uncrustify_vendor:/home/jake/ros2_iron/install/type_description_interfaces:/home/jake/ros2_iron/install/tracetools:/home/jake/ros2_iron/install/tlsf:/home/jake/ros2_iron/install/tinyxml_vendor:/home/jake/ros2_iron/install/qt_gui_core:/home/jake/ros2_iron/install/qt_gui_cpp:/home/jake/ros2_iron/install/pluginlib:/home/jake/ros2_iron/install/tinyxml2_vendor:/home/jake/ros2_iron/install/test_security:/home/jake/ros2_iron/install/test_rmw_implementation:/home/jake/ros2_iron/install/test_rclcpp:/home/jake/ros2_iron/install/test_quality_of_service:/home/jake/ros2_iron/install/test_launch_testing:/home/jake/ros2_iron/install/test_interface_files:/home/jake/ros2_iron/install/test_cli_remapping:/home/jake/ros2_iron/install/test_cli:/home/jake/ros2_iron/install/qt_gui_app:/home/jake/ros2_iron/install/qt_gui:/home/jake/ros2_iron/install/tango_icons_vendor:/home/jake/ros2_iron/install/sqlite3_vendor:/home/jake/ros2_iron/install/rcl_logging_spdlog:/home/jake/ros2_iron/install/spdlog_vendor:/home/jake/ros2_iron/install/shared_queues_vendor:/home/jake/ros2_iron/install/service_msgs:/home/jake/ros2_iron/install/rviz_rendering_tests:/home/jake/ros2_iron/install/rviz_rendering:/home/jake/ros2_iron/install/rviz_ogre_vendor:/home/jake/ros2_iron/install/rviz_assimp_vendor:/home/jake/ros2_iron/install/rttest:/home/jake/ros2_iron/install/rti_connext_dds_cmake_module:/home/jake/ros2_iron/install/builtin_interfaces:/home/jake/ros2_iron/install/rosidl_core_runtime:/home/jake/ros2_iron/install/rosidl_core_generators:/home/jake/ros2_iron/install/rosidl_generator_py:/home/jake/ros2_iron/install/rosidl_typesupport_tests:/home/jake/ros2_iron/install/rosidl_typesupport_introspection_tests:/home/jake/ros2_iron/install/rosidl_typesupport_cpp:/home/jake/ros2_iron/install/rosidl_typesupport_introspection_cpp:/home/jake/ros2_iron/install/rosidl_typesupport_c:/home/jake/ros2_iron/install/rosidl_typesupport_introspection_c:/home/jake/ros2_iron/install/rosidl_typesupport_fastrtps_c:/home/jake/ros2_iron/install/rosidl_typesupport_fastrtps_cpp:/home/jake/ros2_iron/install/rosidl_generator_cpp:/home/jake/ros2_iron/install/rosidl_runtime_cpp:/home/jake/ros2_iron/install/rosidl_dynamic_typesupport_fastrtps:/home/jake/ros2_iron/install/rcl_yaml_param_parser:/home/jake/ros2_iron/install/rmw:/home/jake/ros2_iron/install/rosidl_dynamic_typesupport:/home/jake/ros2_iron/install/rosidl_runtime_c:/home/jake/ros2_iron/install/rosidl_generator_c:/home/jake/ros2_iron/install/rosidl_typesupport_interface:/home/jake/ros2_iron/install/rosidl_generator_dds_idl:/home/jake/ros2_iron/install/rosidl_cmake:/home/jake/ros2_iron/install/rosidl_generator_type_description:/home/jake/ros2_iron/install/rosidl_parser:/home/jake/ros2_iron/install/rosidl_generator_tests:/home/jake/ros2_iron/install/rosidl_adapter:/home/jake/ros2_iron/install/rosbag2_tests:/home/jake/ros2_iron/install/rosbag2_test_msgdefs:/home/jake/ros2_iron/install/ros_environment:/home/jake/ros2_iron/install/rmw_implementation_cmake:/home/jake/ros2_iron/install/resource_retriever:/home/jake/ros2_iron/install/class_loader:/home/jake/ros2_iron/install/rcpputils:/home/jake/ros2_iron/install/rcl_logging_noop:/home/jake/ros2_iron/install/rcl_logging_interface:/home/jake/ros2_iron/install/rcutils:/home/jake/ros2_iron/install/qt_gui_py_common:/home/jake/ros2_iron/install/qt_dotgraph:/home/jake/ros2_iron/install/python_qt_binding:/home/jake/ros2_iron/install/python_orocos_kdl_vendor:/home/jake/ros2_iron/install/launch_testing_ament_cmake:/home/jake/ros2_iron/install/python_cmake_module:/home/jake/ros2_iron/install/pybind11_vendor:/home/jake/ros2_iron/install/performance_test_fixture:/home/jake/ros2_iron/install/osrf_testing_tools_cpp:/home/jake/ros2_iron/install/orocos_kdl_vendor:/home/jake/ros2_iron/install/mimick_vendor:/home/jake/ros2_iron/install/libyaml_vendor:/home/jake/ros2_iron/install/libcurl_vendor:/home/jake/ros2_iron/install/keyboard_handler:/home/jake/ros2_iron/install/iceoryx_introspection:/home/jake/ros2_iron/install/cyclonedds:/home/jake/ros2_iron/install/iceoryx_posh:/home/jake/ros2_iron/install/iceoryx_hoofs:/home/jake/ros2_iron/install/iceoryx_binding_c:/home/jake/ros2_iron/install/ament_cmake_ros:/home/jake/ros2_iron/install/ament_cmake_gmock:/home/jake/ros2_iron/install/gmock_vendor:/home/jake/ros2_iron/install/ament_cmake_auto:/home/jake/ros2_iron/install/ament_cmake_gtest:/home/jake/ros2_iron/install/gtest_vendor:/home/jake/ros2_iron/install/ament_cmake_google_benchmark:/home/jake/ros2_iron/install/google_benchmark_vendor:/home/jake/ros2_iron/install/fastrtps:/home/jake/ros2_iron/install/foonathan_memory_vendor:/home/jake/ros2_iron/install/fastrtps_cmake_module:/home/jake/ros2_iron/install/fastcdr:/home/jake/ros2_iron/install/eigen3_cmake_module:/home/jake/ros2_iron/install/console_bridge_vendor:/home/jake/ros2_iron/install/ament_cmake_xmllint:/home/jake/ros2_iron/install/ament_cmake_pyflakes:/home/jake/ros2_iron/install/ament_cmake_pycodestyle:/home/jake/ros2_iron/install/ament_cmake_pep257:/home/jake/ros2_iron/install/ament_cmake_pclint:/home/jake/ros2_iron/install/ament_lint_auto:/home/jake/ros2_iron/install/ament_cmake:/home/jake/ros2_iron/install/ament_cmake_version:/home/jake/ros2_iron/install/ament_cmake_vendor_package:/home/jake/ros2_iron/install/ament_cmake_pytest:/home/jake/ros2_iron/install/ament_cmake_mypy:/home/jake/ros2_iron/install/ament_cmake_lint_cmake:/home/jake/ros2_iron/install/ament_cmake_flake8:/home/jake/ros2_iron/install/ament_cmake_cpplint:/home/jake/ros2_iron/install/ament_cmake_cppcheck:/home/jake/ros2_iron/install/ament_cmake_copyright:/home/jake/ros2_iron/install/ament_cmake_clang_tidy:/home/jake/ros2_iron/install/ament_cmake_clang_format:/home/jake/ros2_iron/install/ament_cmake_test:/home/jake/ros2_iron/install/ament_cmake_target_dependencies:/home/jake/ros2_iron/install/ament_cmake_python:/home/jake/ros2_iron/install/ament_cmake_export_dependencies:/home/jake/ros2_iron/install/ament_cmake_libraries:/home/jake/ros2_iron/install/ament_cmake_include_directories:/home/jake/ros2_iron/install/ament_cmake_gen_version_h:/home/jake/ros2_iron/install/ament_cmake_export_targets:/home/jake/ros2_iron/install/ament_cmake_export_link_flags:/home/jake/ros2_iron/install/ament_cmake_export_interfaces:/home/jake/ros2_iron/install/ament_cmake_export_libraries:/home/jake/ros2_iron/install/ament_cmake_export_include_directories:/home/jake/ros2_iron/install/ament_cmake_export_definitions:/home/jake/ros2_iron/install/ament_cmake_core:/home/jake/ros2_iron/install/ament_index_cpp:/home/jake/ros2_iron/install/rqt_bag_plugins:/home/jake/ros2_iron/install/rqt_bag:/home/jake/ros2_iron/install/rosbag2_examples_py:/home/jake/ros2_iron/install/launch_testing_examples:/home/jake/ros2_iron/install/ros2bag:/home/jake/ros2_iron/install/tracetools_test:/home/jake/ros2_iron/install/tracetools_launch:/home/jake/ros2_iron/install/topic_monitor:/home/jake/ros2_iron/install/tf2_tools:/home/jake/ros2_iron/install/examples_tf2_py:/home/jake/ros2_iron/install/tf2_ros_py:/home/jake/ros2_iron/install/examples_rclpy_pointcloud_publisher:/home/jake/ros2_iron/install/sensor_msgs_py:/home/jake/ros2_iron/install/quality_of_service_demo_py:/home/jake/ros2_iron/install/rqt_plot:/home/jake/ros2_iron/install/ros2doctor:/home/jake/ros2_iron/install/lifecycle_py:/home/jake/ros2_iron/install/examples_rclpy_minimal_subscriber:/home/jake/ros2_iron/install/examples_rclpy_minimal_service:/home/jake/ros2_iron/install/examples_rclpy_minimal_publisher:/home/jake/ros2_iron/install/examples_rclpy_minimal_client:/home/jake/ros2_iron/install/examples_rclpy_executors:/home/jake/ros2_iron/install/demo_nodes_py:/home/jake/ros2_iron/install/rqt:/home/jake/ros2_iron/install/ros2component:/home/jake/ros2_iron/install/sros2:/home/jake/ros2_iron/install/rqt_topic:/home/jake/ros2_iron/install/rqt_srv:/home/jake/ros2_iron/install/rqt_shell:/home/jake/ros2_iron/install/rqt_service_caller:/home/jake/ros2_iron/install/rqt_reconfigure:/home/jake/ros2_iron/install/rqt_py_console:/home/jake/ros2_iron/install/rqt_publisher:/home/jake/ros2_iron/install/rqt_action:/home/jake/ros2_iron/install/rqt_msg:/home/jake/ros2_iron/install/rqt_console:/home/jake/ros2_iron/install/rqt_graph:/home/jake/ros2_iron/install/rqt_gui_py:/home/jake/ros2_iron/install/rqt_gui:/home/jake/ros2_iron/install/ros2trace:/home/jake/ros2_iron/install/ros2topic:/home/jake/ros2_iron/install/ros2test:/home/jake/ros2_iron/install/ros2param:/home/jake/ros2_iron/install/ros2lifecycle:/home/jake/ros2_iron/install/ros2service:/home/jake/ros2_iron/install/ros2run:/home/jake/ros2_iron/install/ros2launch:/home/jake/ros2_iron/install/ros2pkg:/home/jake/ros2_iron/install/ros2node:/home/jake/ros2_iron/install/ros2multicast:/home/jake/ros2_iron/install/ros2interface:/home/jake/ros2_iron/install/ros2action:/home/jake/ros2_iron/install/ros2cli:/home/jake/ros2_iron/install/launch_testing_ros:/home/jake/ros2_iron/install/launch_ros:/home/jake/ros2_iron/install/examples_rclpy_minimal_action_server:/home/jake/ros2_iron/install/examples_rclpy_minimal_action_client:/home/jake/ros2_iron/install/examples_rclpy_guard_conditions:/home/jake/ros2_iron/install/action_tutorials_py:/home/jake/ros2_iron/install/ament_uncrustify:/home/jake/ros2_iron/install/tracetools_trace:/home/jake/ros2_iron/install/tracetools_read:/home/jake/ros2_iron/install/test_tracetools_launch:/home/jake/ros2_iron/install/test_ros2trace:/home/jake/ros2_iron/install/test_launch_ros:/home/jake/ros2_iron/install/rpyutils:/home/jake/ros2_iron/install/rosidl_runtime_py:/home/jake/ros2_iron/install/rosidl_pycommon:/home/jake/ros2_iron/install/rosidl_cli:/home/jake/ros2_iron/install/launch_pytest:/home/jake/ros2_iron/install/launch_testing:/home/jake/ros2_iron/install/launch_yaml:/home/jake/ros2_iron/install/launch_xml:/home/jake/ros2_iron/install/launch:/home/jake/ros2_iron/install/osrf_pycommon:/home/jake/ros2_iron/install/domain_coordinator:/home/jake/ros2_iron/install/ament_xmllint:/home/jake/ros2_iron/install/ament_pyflakes:/home/jake/ros2_iron/install/ament_pycodestyle:/home/jake/ros2_iron/install/ament_pep257:/home/jake/ros2_iron/install/ament_pclint:/home/jake/ros2_iron/install/ament_package:/home/jake/ros2_iron/install/ament_mypy:/home/jake/ros2_iron/install/ament_lint_cmake:/home/jake/ros2_iron/install/ament_flake8:/home/jake/ros2_iron/install/ament_copyright:/home/jake/ros2_iron/install/ament_lint:/home/jake/ros2_iron/install/ament_index_python:/home/jake/ros2_iron/install/ament_cpplint:/home/jake/ros2_iron/install/ament_cppcheck:/home/jake/ros2_iron/install/ament_clang_tidy:/home/jake/ros2_iron/install/ament_clang_format:/opt/ros/iron LD_LIBRARY_PATH=/home/jake/moveit2_ws_main/install/moveit_ros_visualization/lib:/home/jake/moveit2_ws_main/install/moveit_ros_planning_interface/lib:/home/jake/moveit2_ws_main/install/moveit_ros_move_group/lib:/home/jake/moveit2_ws_main/install/moveit_ros_warehouse/lib:/home/jake/moveit2_ws_main/install/moveit_ros_robot_interaction/lib:/home/jake/moveit2_ws_main/install/moveit_kinematics/lib:/home/jake/moveit2_ws_main/install/moveit_ros_planning/lib:/home/jake/moveit2_ws_main/install/moveit_simple_controller_manager/lib:/home/jake/moveit2_ws_main/install/moveit_ros_occupancy_map_monitor/lib:/home/jake/moveit2_ws_main/install/moveit_core/lib:/home/jake/moveit2_ws_main/install/parameter_traits/lib:/home/jake/moveit2_ws_main/install/moveit_msgs/lib:/home/jake/moveit2_ws_main/install/geometric_shapes/lib:${LD_LIBRARY_PATH} PATH=/home/jake/moveit2_ws_main/install/moveit_core/bin:/home/jake/moveit2_ws_main/install/generate_parameter_library_py/bin:${PATH} PYTHONPATH=/home/jake/moveit2_ws_main/install/moveit_msgs/lib/python3.10/site-packages:/home/jake/moveit2_ws_main/install/moveit_configs_utils/lib/python3.10/site-packages:/home/jake/moveit2_ws_main/install/generate_parameter_library_py/lib/python3.10/site-packages:${PYTHONPATH} /usr/bin/cmake /home/jake/moveit2_ws_main/src/moveit2/moveit_ros/moveit_servo -DCMAKE_BUILD_TYPE=Release -DCMAKE_INSTALL_PREFIX=/home/jake/moveit2_ws_main/install/moveit_servo
[14.647s] Invoking command in '/home/jake/moveit2_ws_main/build/moveit_servo': AMENT_PREFIX_PATH=/home/jake/moveit2_ws_main/install/moveit_ros_visualization:/home/jake/moveit2_ws_main/install/moveit_ros_planning_interface:/home/jake/moveit2_ws_main/install/moveit_ros_move_group:/home/jake/moveit2_ws_main/install/moveit_ros_warehouse:/home/jake/moveit2_ws_main/install/moveit_ros_robot_interaction:/home/jake/moveit2_ws_main/install/moveit_kinematics:/home/jake/moveit2_ws_main/install/moveit_ros_planning:/home/jake/moveit2_ws_main/install/moveit_simple_controller_manager:/home/jake/moveit2_ws_main/install/moveit_ros_occupancy_map_monitor:/home/jake/moveit2_ws_main/install/moveit_core:/home/jake/moveit2_ws_main/install/moveit_resources_panda_moveit_config:/home/jake/moveit2_ws_main/install/moveit_resources_fanuc_moveit_config:/home/jake/moveit2_ws_main/install/generate_parameter_library:/home/jake/moveit2_ws_main/install/parameter_traits:/home/jake/moveit2_ws_main/install/moveit_resources_pr2_description:/home/jake/moveit2_ws_main/install/moveit_resources_panda_description:/home/jake/moveit2_ws_main/install/moveit_resources_fanuc_description:/home/jake/moveit2_ws_main/install/moveit_msgs:/home/jake/moveit2_ws_main/install/moveit_configs_utils:/home/jake/moveit2_ws_main/install/moveit_common:/home/jake/moveit2_ws_main/install/geometric_shapes:/home/jake/moveit2_ws_main/install/generate_parameter_library_py:${AMENT_PREFIX_PATH} CMAKE_PREFIX_PATH=/home/jake/moveit2_ws_main/install/moveit_ros_visualization:/home/jake/moveit2_ws_main/install/moveit_ros_planning_interface:/home/jake/moveit2_ws_main/install/moveit_ros_move_group:/home/jake/moveit2_ws_main/install/moveit_ros_warehouse:/home/jake/moveit2_ws_main/install/moveit_ros_robot_interaction:/home/jake/moveit2_ws_main/install/moveit_kinematics:/home/jake/moveit2_ws_main/install/moveit_ros_planning:/home/jake/moveit2_ws_main/install/moveit_simple_controller_manager:/home/jake/moveit2_ws_main/install/moveit_ros_occupancy_map_monitor:/home/jake/moveit2_ws_main/install/moveit_core:/home/jake/moveit2_ws_main/install/moveit_resources_panda_moveit_config:/home/jake/moveit2_ws_main/install/moveit_resources_fanuc_moveit_config:/home/jake/moveit2_ws_main/install/generate_parameter_library:/home/jake/moveit2_ws_main/install/parameter_traits:/home/jake/moveit2_ws_main/install/moveit_resources_pr2_description:/home/jake/moveit2_ws_main/install/moveit_resources_panda_description:/home/jake/moveit2_ws_main/install/moveit_resources_fanuc_description:/home/jake/moveit2_ws_main/install/moveit_msgs:/home/jake/moveit2_ws_main/install/moveit_common:/home/jake/moveit2_ws_main/install/geometric_shapes:/home/jake/ros2_iron/install/rosbag2:/home/jake/ros2_iron/install/rosbag2_storage_default_plugins:/home/jake/ros2_iron/install/rosbag2_storage_mcap:/home/jake/ros2_iron/install/rosbag2_compression_zstd:/home/jake/ros2_iron/install/mcap_vendor:/home/jake/ros2_iron/install/zstd_vendor:/home/jake/ros2_iron/install/rviz_visual_testing_framework:/home/jake/ros2_iron/install/rviz2:/home/jake/ros2_iron/install/rviz_default_plugins:/home/jake/ros2_iron/install/rviz_common:/home/jake/ros2_iron/install/rosbag2_py:/home/jake/ros2_iron/install/rosbag2_transport:/home/jake/ros2_iron/install/rosbag2_storage_sqlite3:/home/jake/ros2_iron/install/rosbag2_examples_cpp:/home/jake/ros2_iron/install/rosbag2_compression:/home/jake/ros2_iron/install/rosbag2_cpp:/home/jake/ros2_iron/install/rosbag2_storage:/home/jake/ros2_iron/install/image_common:/home/jake/ros2_iron/install/camera_info_manager:/home/jake/ros2_iron/install/camera_calibration_parsers:/home/jake/ros2_iron/install/yaml_cpp_vendor:/home/jake/ros2_iron/install/interactive_markers:/home/jake/ros2_iron/install/common_interfaces:/home/jake/ros2_iron/install/visualization_msgs:/home/jake/ros2_iron/install/dummy_robot_bringup:/home/jake/ros2_iron/install/robot_state_publisher:/home/jake/ros2_iron/install/kdl_parser:/home/jake/ros2_iron/install/urdf:/home/jake/ros2_iron/install/urdfdom:/home/jake/ros2_iron/install/urdf_parser_plugin:/home/jake/ros2_iron/install/urdfdom_headers:/home/jake/ros2_iron/install/turtlesim:/home/jake/ros2_iron/install/trajectory_msgs:/home/jake/ros2_iron/install/topic_statistics_demo:/home/jake/ros2_iron/install/pendulum_control:/home/jake/ros2_iron/install/tlsf_cpp:/home/jake/ros2_iron/install/geometry2:/home/jake/ros2_iron/install/tf2_sensor_msgs:/home/jake/ros2_iron/install/test_tf2:/home/jake/ros2_iron/install/tf2_kdl:/home/jake/ros2_iron/install/tf2_geometry_msgs:/home/jake/ros2_iron/install/tf2_eigen:/home/jake/ros2_iron/install/tf2_bullet:/home/jake/ros2_iron/install/tf2_ros:/home/jake/ros2_iron/install/tf2_py:/home/jake/ros2_iron/install/tf2_msgs:/home/jake/ros2_iron/install/tf2_eigen_kdl:/home/jake/ros2_iron/install/laser_geometry:/home/jake/ros2_iron/install/tf2:/home/jake/ros2_iron/install/test_tracetools:/home/jake/ros2_iron/install/test_msgs:/home/jake/ros2_iron/install/test_communication:/home/jake/ros2_iron/install/stereo_msgs:/home/jake/ros2_iron/install/std_srvs:/home/jake/ros2_iron/install/shape_msgs:/home/jake/ros2_iron/install/quality_of_service_demo_cpp:/home/jake/ros2_iron/install/map_msgs:/home/jake/ros2_iron/install/intra_process_demo:/home/jake/ros2_iron/install/image_transport:/home/jake/ros2_iron/install/image_tools:/home/jake/ros2_iron/install/dummy_sensors:/home/jake/ros2_iron/install/sensor_msgs:/home/jake/ros2_iron/install/ros2cli_common_extensions:/home/jake/ros2_iron/install/dummy_map_server:/home/jake/ros2_iron/install/nav_msgs:/home/jake/ros2_iron/install/logging_demo:/home/jake/ros2_iron/install/lifecycle:/home/jake/ros2_iron/install/diagnostic_msgs:/home/jake/ros2_iron/install/geometry_msgs:/home/jake/ros2_iron/install/examples_rclcpp_wait_set:/home/jake/ros2_iron/install/examples_rclcpp_multithreaded_executor:/home/jake/ros2_iron/install/examples_rclcpp_minimal_subscriber:/home/jake/ros2_iron/install/examples_rclcpp_minimal_publisher:/home/jake/ros2_iron/install/examples_rclcpp_minimal_composition:/home/jake/ros2_iron/install/examples_rclcpp_cbg_executor:/home/jake/ros2_iron/install/demo_nodes_cpp_native:/home/jake/ros2_iron/install/demo_nodes_cpp:/home/jake/ros2_iron/install/composition:/home/jake/ros2_iron/install/actionlib_msgs:/home/jake/ros2_iron/install/std_msgs:/home/jake/ros2_iron/install/rqt_gui_cpp:/home/jake/ros2_iron/install/rosbag2_test_common:/home/jake/ros2_iron/install/ros2lifecycle_test_fixtures:/home/jake/ros2_iron/install/rclcpp_lifecycle:/home/jake/ros2_iron/install/action_tutorials_cpp:/home/jake/ros2_iron/install/rclcpp_components:/home/jake/ros2_iron/install/examples_rclcpp_minimal_action_server:/home/jake/ros2_iron/install/examples_rclcpp_minimal_action_client:/home/jake/ros2_iron/install/rclcpp_action:/home/jake/ros2_iron/install/message_filters:/home/jake/ros2_iron/install/examples_rclcpp_minimal_timer:/home/jake/ros2_iron/install/examples_rclcpp_minimal_service:/home/jake/ros2_iron/install/examples_rclcpp_minimal_client:/home/jake/ros2_iron/install/examples_rclcpp_async_client:/home/jake/ros2_iron/install/rclcpp:/home/jake/ros2_iron/install/libstatistics_collector:/home/jake/ros2_iron/install/statistics_msgs:/home/jake/ros2_iron/install/sros2_cmake:/home/jake/ros2_iron/install/rqt_py_common:/home/jake/ros2_iron/install/ros_testing:/home/jake/ros2_iron/install/rclpy:/home/jake/ros2_iron/install/rosgraph_msgs:/home/jake/ros2_iron/install/rosbag2_interfaces:/home/jake/ros2_iron/install/ros2cli_test_interfaces:/home/jake/ros2_iron/install/rcl_lifecycle:/home/jake/ros2_iron/install/rcl_action:/home/jake/ros2_iron/install/rcl:/home/jake/ros2_iron/install/rmw_implementation:/home/jake/ros2_iron/install/rmw_fastrtps_dynamic_cpp:/home/jake/ros2_iron/install/rmw_fastrtps_cpp:/home/jake/ros2_iron/install/rmw_fastrtps_shared_cpp:/home/jake/ros2_iron/install/rmw_cyclonedds_cpp:/home/jake/ros2_iron/install/rmw_connextddsmicro:/home/jake/ros2_iron/install/rmw_connextdds:/home/jake/ros2_iron/install/rmw_connextdds_common:/home/jake/ros2_iron/install/rmw_dds_common:/home/jake/ros2_iron/install/composition_interfaces:/home/jake/ros2_iron/install/rcl_interfaces:/home/jake/ros2_iron/install/pendulum_msgs:/home/jake/ros2_iron/install/lifecycle_msgs:/home/jake/ros2_iron/install/example_interfaces:/home/jake/ros2_iron/install/action_tutorials_interfaces:/home/jake/ros2_iron/install/rosidl_default_runtime:/home/jake/ros2_iron/install/rosidl_default_generators:/home/jake/ros2_iron/install/action_msgs:/home/jake/ros2_iron/install/unique_identifier_msgs:/home/jake/ros2_iron/install/ament_lint_common:/home/jake/ros2_iron/install/ament_cmake_uncrustify:/home/jake/ros2_iron/install/uncrustify_vendor:/home/jake/ros2_iron/install/type_description_interfaces:/home/jake/ros2_iron/install/tracetools:/home/jake/ros2_iron/install/tlsf:/home/jake/ros2_iron/install/tinyxml_vendor:/home/jake/ros2_iron/install/qt_gui_core:/home/jake/ros2_iron/install/qt_gui_cpp:/home/jake/ros2_iron/install/pluginlib:/home/jake/ros2_iron/install/tinyxml2_vendor:/home/jake/ros2_iron/install/test_security:/home/jake/ros2_iron/install/test_rmw_implementation:/home/jake/ros2_iron/install/test_rclcpp:/home/jake/ros2_iron/install/test_quality_of_service:/home/jake/ros2_iron/install/test_launch_testing:/home/jake/ros2_iron/install/test_interface_files:/home/jake/ros2_iron/install/test_cli_remapping:/home/jake/ros2_iron/install/test_cli:/home/jake/ros2_iron/install/qt_gui_app:/home/jake/ros2_iron/install/qt_gui:/home/jake/ros2_iron/install/tango_icons_vendor:/home/jake/ros2_iron/install/sqlite3_vendor:/home/jake/ros2_iron/install/rcl_logging_spdlog:/home/jake/ros2_iron/install/spdlog_vendor:/home/jake/ros2_iron/install/shared_queues_vendor:/home/jake/ros2_iron/install/service_msgs:/home/jake/ros2_iron/install/rviz_rendering_tests:/home/jake/ros2_iron/install/rviz_rendering:/home/jake/ros2_iron/install/rviz_ogre_vendor:/home/jake/ros2_iron/install/rviz_assimp_vendor:/home/jake/ros2_iron/install/rttest:/home/jake/ros2_iron/install/rti_connext_dds_cmake_module:/home/jake/ros2_iron/install/builtin_interfaces:/home/jake/ros2_iron/install/rosidl_core_runtime:/home/jake/ros2_iron/install/rosidl_core_generators:/home/jake/ros2_iron/install/rosidl_generator_py:/home/jake/ros2_iron/install/rosidl_typesupport_tests:/home/jake/ros2_iron/install/rosidl_typesupport_introspection_tests:/home/jake/ros2_iron/install/rosidl_typesupport_cpp:/home/jake/ros2_iron/install/rosidl_typesupport_introspection_cpp:/home/jake/ros2_iron/install/rosidl_typesupport_c:/home/jake/ros2_iron/install/rosidl_typesupport_introspection_c:/home/jake/ros2_iron/install/rosidl_typesupport_fastrtps_c:/home/jake/ros2_iron/install/rosidl_typesupport_fastrtps_cpp:/home/jake/ros2_iron/install/rosidl_generator_cpp:/home/jake/ros2_iron/install/rosidl_runtime_cpp:/home/jake/ros2_iron/install/rosidl_dynamic_typesupport_fastrtps:/home/jake/ros2_iron/install/rcl_yaml_param_parser:/home/jake/ros2_iron/install/rmw:/home/jake/ros2_iron/install/rosidl_dynamic_typesupport:/home/jake/ros2_iron/install/rosidl_runtime_c:/home/jake/ros2_iron/install/rosidl_generator_c:/home/jake/ros2_iron/install/rosidl_typesupport_interface:/home/jake/ros2_iron/install/rosidl_generator_dds_idl:/home/jake/ros2_iron/install/rosidl_cmake:/home/jake/ros2_iron/install/rosidl_generator_type_description:/home/jake/ros2_iron/install/rosidl_parser:/home/jake/ros2_iron/install/rosidl_generator_tests:/home/jake/ros2_iron/install/rosidl_adapter:/home/jake/ros2_iron/install/rosbag2_tests:/home/jake/ros2_iron/install/rosbag2_test_msgdefs:/home/jake/ros2_iron/install/ros_environment:/home/jake/ros2_iron/install/rmw_implementation_cmake:/home/jake/ros2_iron/install/resource_retriever:/home/jake/ros2_iron/install/class_loader:/home/jake/ros2_iron/install/rcpputils:/home/jake/ros2_iron/install/rcl_logging_noop:/home/jake/ros2_iron/install/rcl_logging_interface:/home/jake/ros2_iron/install/rcutils:/home/jake/ros2_iron/install/qt_gui_py_common:/home/jake/ros2_iron/install/qt_dotgraph:/home/jake/ros2_iron/install/python_qt_binding:/home/jake/ros2_iron/install/python_orocos_kdl_vendor:/home/jake/ros2_iron/install/launch_testing_ament_cmake:/home/jake/ros2_iron/install/python_cmake_module:/home/jake/ros2_iron/install/pybind11_vendor:/home/jake/ros2_iron/install/performance_test_fixture:/home/jake/ros2_iron/install/osrf_testing_tools_cpp:/home/jake/ros2_iron/install/orocos_kdl_vendor:/home/jake/ros2_iron/install/mimick_vendor:/home/jake/ros2_iron/install/libyaml_vendor:/home/jake/ros2_iron/install/libcurl_vendor:/home/jake/ros2_iron/install/keyboard_handler:/home/jake/ros2_iron/install/iceoryx_introspection:/home/jake/ros2_iron/install/cyclonedds:/home/jake/ros2_iron/install/iceoryx_posh:/home/jake/ros2_iron/install/iceoryx_hoofs:/home/jake/ros2_iron/install/iceoryx_binding_c:/home/jake/ros2_iron/install/ament_cmake_ros:/home/jake/ros2_iron/install/ament_cmake_gmock:/home/jake/ros2_iron/install/gmock_vendor:/home/jake/ros2_iron/install/ament_cmake_auto:/home/jake/ros2_iron/install/ament_cmake_gtest:/home/jake/ros2_iron/install/gtest_vendor:/home/jake/ros2_iron/install/ament_cmake_google_benchmark:/home/jake/ros2_iron/install/google_benchmark_vendor:/home/jake/ros2_iron/install/fastrtps:/home/jake/ros2_iron/install/foonathan_memory_vendor:/home/jake/ros2_iron/install/fastrtps_cmake_module:/home/jake/ros2_iron/install/fastcdr:/home/jake/ros2_iron/install/eigen3_cmake_module:/home/jake/ros2_iron/install/console_bridge_vendor:/home/jake/ros2_iron/install/ament_cmake_xmllint:/home/jake/ros2_iron/install/ament_cmake_pyflakes:/home/jake/ros2_iron/install/ament_cmake_pycodestyle:/home/jake/ros2_iron/install/ament_cmake_pep257:/home/jake/ros2_iron/install/ament_cmake_pclint:/home/jake/ros2_iron/install/ament_lint_auto:/home/jake/ros2_iron/install/ament_cmake:/home/jake/ros2_iron/install/ament_cmake_version:/home/jake/ros2_iron/install/ament_cmake_vendor_package:/home/jake/ros2_iron/install/ament_cmake_pytest:/home/jake/ros2_iron/install/ament_cmake_mypy:/home/jake/ros2_iron/install/ament_cmake_lint_cmake:/home/jake/ros2_iron/install/ament_cmake_flake8:/home/jake/ros2_iron/install/ament_cmake_cpplint:/home/jake/ros2_iron/install/ament_cmake_cppcheck:/home/jake/ros2_iron/install/ament_cmake_copyright:/home/jake/ros2_iron/install/ament_cmake_clang_tidy:/home/jake/ros2_iron/install/ament_cmake_clang_format:/home/jake/ros2_iron/install/ament_cmake_test:/home/jake/ros2_iron/install/ament_cmake_target_dependencies:/home/jake/ros2_iron/install/ament_cmake_python:/home/jake/ros2_iron/install/ament_cmake_export_dependencies:/home/jake/ros2_iron/install/ament_cmake_libraries:/home/jake/ros2_iron/install/ament_cmake_include_directories:/home/jake/ros2_iron/install/ament_cmake_gen_version_h:/home/jake/ros2_iron/install/ament_cmake_export_targets:/home/jake/ros2_iron/install/ament_cmake_export_link_flags:/home/jake/ros2_iron/install/ament_cmake_export_interfaces:/home/jake/ros2_iron/install/ament_cmake_export_libraries:/home/jake/ros2_iron/install/ament_cmake_export_include_directories:/home/jake/ros2_iron/install/ament_cmake_export_definitions:/home/jake/ros2_iron/install/ament_cmake_core:/home/jake/ros2_iron/install/ament_index_cpp:/home/jake/ros2_iron/install/rqt_bag_plugins:/home/jake/ros2_iron/install/rqt_bag:/home/jake/ros2_iron/install/rosbag2_examples_py:/home/jake/ros2_iron/install/launch_testing_examples:/home/jake/ros2_iron/install/ros2bag:/home/jake/ros2_iron/install/tracetools_test:/home/jake/ros2_iron/install/tracetools_launch:/home/jake/ros2_iron/install/topic_monitor:/home/jake/ros2_iron/install/tf2_tools:/home/jake/ros2_iron/install/examples_tf2_py:/home/jake/ros2_iron/install/tf2_ros_py:/home/jake/ros2_iron/install/examples_rclpy_pointcloud_publisher:/home/jake/ros2_iron/install/sensor_msgs_py:/home/jake/ros2_iron/install/quality_of_service_demo_py:/home/jake/ros2_iron/install/rqt_plot:/home/jake/ros2_iron/install/ros2doctor:/home/jake/ros2_iron/install/lifecycle_py:/home/jake/ros2_iron/install/examples_rclpy_minimal_subscriber:/home/jake/ros2_iron/install/examples_rclpy_minimal_service:/home/jake/ros2_iron/install/examples_rclpy_minimal_publisher:/home/jake/ros2_iron/install/examples_rclpy_minimal_client:/home/jake/ros2_iron/install/examples_rclpy_executors:/home/jake/ros2_iron/install/demo_nodes_py:/home/jake/ros2_iron/install/rqt:/home/jake/ros2_iron/install/ros2component:/home/jake/ros2_iron/install/sros2:/home/jake/ros2_iron/install/rqt_topic:/home/jake/ros2_iron/install/rqt_srv:/home/jake/ros2_iron/install/rqt_shell:/home/jake/ros2_iron/install/rqt_service_caller:/home/jake/ros2_iron/install/rqt_reconfigure:/home/jake/ros2_iron/install/rqt_py_console:/home/jake/ros2_iron/install/rqt_publisher:/home/jake/ros2_iron/install/rqt_action:/home/jake/ros2_iron/install/rqt_msg:/home/jake/ros2_iron/install/rqt_console:/home/jake/ros2_iron/install/rqt_graph:/home/jake/ros2_iron/install/rqt_gui_py:/home/jake/ros2_iron/install/rqt_gui:/home/jake/ros2_iron/install/ros2trace:/home/jake/ros2_iron/install/ros2topic:/home/jake/ros2_iron/install/ros2test:/home/jake/ros2_iron/install/ros2param:/home/jake/ros2_iron/install/ros2lifecycle:/home/jake/ros2_iron/install/ros2service:/home/jake/ros2_iron/install/ros2run:/home/jake/ros2_iron/install/ros2launch:/home/jake/ros2_iron/install/ros2pkg:/home/jake/ros2_iron/install/ros2node:/home/jake/ros2_iron/install/ros2multicast:/home/jake/ros2_iron/install/ros2interface:/home/jake/ros2_iron/install/ros2action:/home/jake/ros2_iron/install/ros2cli:/home/jake/ros2_iron/install/launch_testing_ros:/home/jake/ros2_iron/install/launch_ros:/home/jake/ros2_iron/install/examples_rclpy_minimal_action_server:/home/jake/ros2_iron/install/examples_rclpy_minimal_action_client:/home/jake/ros2_iron/install/examples_rclpy_guard_conditions:/home/jake/ros2_iron/install/action_tutorials_py:/home/jake/ros2_iron/install/ament_uncrustify:/home/jake/ros2_iron/install/tracetools_trace:/home/jake/ros2_iron/install/tracetools_read:/home/jake/ros2_iron/install/test_tracetools_launch:/home/jake/ros2_iron/install/test_ros2trace:/home/jake/ros2_iron/install/test_launch_ros:/home/jake/ros2_iron/install/rpyutils:/home/jake/ros2_iron/install/rosidl_runtime_py:/home/jake/ros2_iron/install/rosidl_pycommon:/home/jake/ros2_iron/install/rosidl_cli:/home/jake/ros2_iron/install/launch_pytest:/home/jake/ros2_iron/install/launch_testing:/home/jake/ros2_iron/install/launch_yaml:/home/jake/ros2_iron/install/launch_xml:/home/jake/ros2_iron/install/launch:/home/jake/ros2_iron/install/osrf_pycommon:/home/jake/ros2_iron/install/domain_coordinator:/home/jake/ros2_iron/install/ament_xmllint:/home/jake/ros2_iron/install/ament_pyflakes:/home/jake/ros2_iron/install/ament_pycodestyle:/home/jake/ros2_iron/install/ament_pep257:/home/jake/ros2_iron/install/ament_pclint:/home/jake/ros2_iron/install/ament_package:/home/jake/ros2_iron/install/ament_mypy:/home/jake/ros2_iron/install/ament_lint_cmake:/home/jake/ros2_iron/install/ament_flake8:/home/jake/ros2_iron/install/ament_copyright:/home/jake/ros2_iron/install/ament_lint:/home/jake/ros2_iron/install/ament_index_python:/home/jake/ros2_iron/install/ament_cpplint:/home/jake/ros2_iron/install/ament_cppcheck:/home/jake/ros2_iron/install/ament_clang_tidy:/home/jake/ros2_iron/install/ament_clang_format:/opt/ros/iron LD_LIBRARY_PATH=/home/jake/moveit2_ws_main/install/moveit_ros_visualization/lib:/home/jake/moveit2_ws_main/install/moveit_ros_planning_interface/lib:/home/jake/moveit2_ws_main/install/moveit_ros_move_group/lib:/home/jake/moveit2_ws_main/install/moveit_ros_warehouse/lib:/home/jake/moveit2_ws_main/install/moveit_ros_robot_interaction/lib:/home/jake/moveit2_ws_main/install/moveit_kinematics/lib:/home/jake/moveit2_ws_main/install/moveit_ros_planning/lib:/home/jake/moveit2_ws_main/install/moveit_simple_controller_manager/lib:/home/jake/moveit2_ws_main/install/moveit_ros_occupancy_map_monitor/lib:/home/jake/moveit2_ws_main/install/moveit_core/lib:/home/jake/moveit2_ws_main/install/parameter_traits/lib:/home/jake/moveit2_ws_main/install/moveit_msgs/lib:/home/jake/moveit2_ws_main/install/geometric_shapes/lib:${LD_LIBRARY_PATH} PATH=/home/jake/moveit2_ws_main/install/moveit_core/bin:/home/jake/moveit2_ws_main/install/generate_parameter_library_py/bin:${PATH} PYTHONPATH=/home/jake/moveit2_ws_main/install/moveit_msgs/lib/python3.10/site-packages:/home/jake/moveit2_ws_main/install/moveit_configs_utils/lib/python3.10/site-packages:/home/jake/moveit2_ws_main/install/generate_parameter_library_py/lib/python3.10/site-packages:${PYTHONPATH} /usr/bin/cmake --build /home/jake/moveit2_ws_main/build/moveit_servo
[14.817s] [  3%] [32mBuilding CXX object CMakeFiles/servo_node.dir/rclcpp_components/node_main_servo_node.cpp.o[0m
[14.824s] [  7%] [32mBuilding CXX object gtest/CMakeFiles/gtest_main.dir/src/gtest_main.cc.o[0m
[14.826s] [ 10%] [32mBuilding CXX object CMakeFiles/servo_keyboard_input.dir/demos/servo_keyboard_input.cpp.o[0m
[14.826s] [ 14%] [32mBuilding CXX object gtest/CMakeFiles/gtest.dir/src/gtest-all.cc.o[0m
[14.828s] [ 17%] [34m[1mRunning `/opt/ros/iron/bin/generate_parameter_library_cpp /home/jake/moveit2_ws_main/build/moveit_servo/moveit_servo_lib_parameters/include//moveit_servo_lib_parameters.hpp /home/jake/moveit2_ws_main/src/moveit2/moveit_ros/moveit_servo/config/servo_parameters.yaml `[0m
[17.750s] [ 21%] [32m[1mLinking CXX static library libgtest_main.a[0m
[18.322s] [ 21%] Built target gtest_main
[19.032s] [ 21%] Built target moveit_servo_lib_parameters
[19.288s] [ 25%] [32mBuilding CXX object CMakeFiles/moveit_servo_lib_cpp.dir/src/utils/common.cpp.o[0m
[19.300s] [ 28%] [32mBuilding CXX object CMakeFiles/moveit_servo_lib_cpp.dir/src/collision_monitor.cpp.o[0m
[19.305s] [ 32%] [32mBuilding CXX object CMakeFiles/moveit_servo_lib_cpp.dir/src/servo.cpp.o[0m
[19.305s] [ 35%] [32mBuilding CXX object CMakeFiles/moveit_servo_lib_cpp.dir/src/utils/command.cpp.o[0m
[28.653s] [ 39%] [32m[1mLinking CXX executable servo_node[0m
[30.416s] [ 39%] Built target servo_node
[31.694s] In file included from [01m[K/usr/include/eigen3/Eigen/Core:333[m[K,
[31.695s]                  from [01m[K/usr/include/eigen3/Eigen/Geometry:11[m[K,
[31.695s]                  from [01m[K/home/jake/ros2_iron/install/tf2_eigen/include/tf2_eigen/tf2_eigen/tf2_eigen.hpp:32[m[K,
[31.695s]                  from [01m[K/home/jake/moveit2_ws_main/src/moveit2/moveit_ros/moveit_servo/include/moveit_servo/utils/datatypes.hpp:45[m[K,
[31.695s]                  from [01m[K/home/jake/moveit2_ws_main/src/moveit2/moveit_ros/moveit_servo/include/moveit_servo/utils/common.hpp:45[m[K,
[31.695s]                  from [01m[K/home/jake/moveit2_ws_main/src/moveit2/moveit_ros/moveit_servo/src/utils/common.cpp:40[m[K:
[31.696s] [01m[K/usr/include/eigen3/Eigen/src/Core/products/GeneralMatrixVector.h:310:32:[m[K [01;31m[Kinternal compiler error: [m[KSegmentation fault
[31.696s]   310 |   typedef typename HalfTraits::[01;31m[KLhsPacket[m[K LhsPacketHalf;
[31.696s]       |                                [01;31m[K^~~~~~~~~[m[K
[31.831s] DW_FORM_strp out of range in .debug_info at 17
[31.869s] Please submit a full bug report,
[31.869s] with preprocessed source if appropriate.
[31.869s] See <file:///usr/share/doc/gcc-11/README.Bugs> for instructions.
[31.972s] gmake[2]: *** [CMakeFiles/moveit_servo_lib_cpp.dir/build.make:104: CMakeFiles/moveit_servo_lib_cpp.dir/src/utils/common.cpp.o] Error 1
[31.972s] gmake[2]: *** Waiting for unfinished jobs....
[32.404s] [ 42%] [32m[1mLinking CXX executable servo_keyboard_input[0m
[35.375s] [ 42%] Built target servo_keyboard_input
[37.562s] [ 46%] [32m[1mLinking CXX static library libgtest.a[0m
[37.875s] [ 46%] Built target gtest
[38.006s] [ 50%] [32mBuilding CXX object CMakeFiles/moveit_servo_ros_integration_test.dir/tests/test_ros_integration.cpp.o[0m
[41.930s] In file included from [01m[K/usr/include/boost/mpl/aux_/include_preprocessed.hpp:37[m[K,
[41.930s]                  from [01m[K/usr/include/boost/mpl/bind.hpp:50[m[K,
[41.930s]                  from [01m[K/usr/include/boost/mpl/lambda.hpp:18[m[K,
[41.930s]                  from [01m[K/usr/include/boost/mpl/apply.hpp:25[m[K,
[41.930s]                  from [01m[K/usr/include/boost/iterator/iterator_facade.hpp:36[m[K,
[41.930s]                  from [01m[K/usr/include/boost/iterator/iterator_adaptor.hpp:15[m[K,
[41.931s]                  from [01m[K/usr/include/boost/iterator/reverse_iterator.hpp:10[m[K,
[41.931s]                  from [01m[K/usr/include/boost/signals2/detail/auto_buffer.hpp:22[m[K,
[41.931s]                  from [01m[K/usr/include/boost/signals2/connection.hpp:21[m[K,
[41.931s]                  from [01m[K/usr/include/boost/signals2/signal.hpp:22[m[K,
[41.932s]                  from [01m[K/usr/include/boost/signals2.hpp:19[m[K,
[41.932s]                  from [01m[K/home/jake/moveit2_ws_main/install/moveit_ros_planning/include/moveit_ros_planning/moveit/planning_scene_monitor/current_state_monitor.h:45[m[K,
[41.932s]                  from [01m[K/home/jake/moveit2_ws_main/install/moveit_ros_planning/include/moveit_ros_planning/moveit/planning_scene_monitor/planning_scene_monitor.h:46[m[K,
[41.932s]                  from [01m[K/home/jake/moveit2_ws_main/src/moveit2/moveit_ros/moveit_servo/include/moveit_servo/utils/common.hpp:46[m[K,
[41.932s]                  from [01m[K/home/jake/moveit2_ws_main/src/moveit2/moveit_ros/moveit_servo/include/moveit_servo/utils/command.hpp:44[m[K,
[41.932s]                  from [01m[K/home/jake/moveit2_ws_main/src/moveit2/moveit_ros/moveit_servo/src/utils/command.cpp:40[m[K:
[41.933s] /usr/include/boost/mpl/aux_/preprocessed/gcc/bind.hpp: In instantiation of [01m[Kstruct boost::mpl::bind2<boost::mpl::quote2<boost::detail::variant::is_constructible_ext, mpl_::void_>, mpl_::arg<1>, boost::shared_ptr<void>&&>::apply<boost::weak_ptr<boost::signals2::detail::trackable_pointee> >[m[K:
[41.933s] [01m[K/usr/include/boost/mpl/aux_/preprocessed/gcc/apply_wrap.hpp:36:8:[m[K   required from [01m[Kstruct boost::mpl::apply_wrap1<boost::mpl::protect<boost::mpl::bind2<boost::mpl::quote2<boost::detail::variant::is_constructible_ext, mpl_::void_>, mpl_::arg<1>, boost::shared_ptr<void>&&>, 0>, boost::weak_ptr<boost::signals2::detail::trackable_pointee> >[m[K
[41.933s] [01m[K/usr/include/boost/mpl/aux_/preprocessed/gcc/apply.hpp:42:8:[m[K   required from [01m[Kstruct boost::mpl::apply1<boost::detail::variant::is_constructible_ext<mpl_::arg<1>, boost::shared_ptr<void>&&>, boost::weak_ptr<boost::signals2::detail::trackable_pointee> >[m[K
[41.933s] [01m[K/usr/include/boost/mpl/aux_/iter_apply.hpp:26:8:[m[K   required from [01m[Kstruct boost::mpl::aux::iter_apply1<boost::detail::variant::is_constructible_ext<mpl_::arg<1>, boost::shared_ptr<void>&&>, boost::mpl::l_iter<boost::mpl::l_item<mpl_::long_<3>, boost::weak_ptr<boost::signals2::detail::trackable_pointee>, boost::mpl::l_item<mpl_::long_<2>, boost::weak_ptr<void>, boost::mpl::l_item<mpl_::long_<1>, boost::signals2::detail::foreign_void_weak_ptr, boost::mpl::l_end> > > > >[m[K
[41.933s] [01m[K/usr/include/boost/mpl/aux_/nested_type_wknd.hpp:26:31:[m[K   required from [01m[Kstruct boost::mpl::aux::nested_type_wknd<boost::mpl::aux::iter_apply1<boost::detail::variant::is_constructible_ext<mpl_::arg<1>, boost::shared_ptr<void>&&>, boost::mpl::l_iter<boost::mpl::l_item<mpl_::long_<3>, boost::weak_ptr<boost::signals2::detail::trackable_pointee>, boost::mpl::l_item<mpl_::long_<2>, boost::weak_ptr<void>, boost::mpl::l_item<mpl_::long_<1>, boost::signals2::detail::foreign_void_weak_ptr, boost::mpl::l_end> > > > > >[m[K
[41.933s] [01m[K/usr/include/boost/mpl/not.hpp:39:8:[m[K   required from [01m[Kstruct boost::mpl::not_<boost::mpl::aux::iter_apply1<boost::detail::variant::is_constructible_ext<mpl_::arg<1>, boost::shared_ptr<void>&&>, boost::mpl::l_iter<boost::mpl::l_item<mpl_::long_<3>, boost::weak_ptr<boost::signals2::detail::trackable_pointee>, boost::mpl::l_item<mpl_::long_<2>, boost::weak_ptr<void>, boost::mpl::l_item<mpl_::long_<1>, boost::signals2::detail::foreign_void_weak_ptr, boost::mpl::l_end> > > > > >[m[K
[41.933s] [01m[K/usr/include/boost/mpl/aux_/nested_type_wknd.hpp:26:31:[m[K   [ skipping 14 instantiation contexts, use -ftemplate-backtrace-limit=0 to disable ]
[41.934s] [01m[K/usr/include/boost/mpl/aux_/preprocessed/gcc/and.hpp:23:8:[m[K   recursively required from [01m[Kstruct boost::mpl::aux::and_impl<true, boost::mpl::not_<boost::is_same<boost::shared_ptr<void>, boost::variant<boost::weak_ptr<boost::signals2::detail::trackable_pointee>, boost::weak_ptr<void>, boost::signals2::detail::foreign_void_weak_ptr> > >, boost::detail::variant::is_variant_constructible_from<boost::shared_ptr<void>&&, boost::mpl::l_item<mpl_::long_<3>, boost::weak_ptr<boost::signals2::detail::trackable_pointee>, boost::mpl::l_item<mpl_::long_<2>, boost::weak_ptr<void>, boost::mpl::l_item<mpl_::long_<1>, boost::signals2::detail::foreign_void_weak_ptr, boost::mpl::l_end> > > >, mpl_::bool_<true>, mpl_::bool_<true> >[m[K
[41.934s] [01m[K/usr/include/boost/mpl/aux_/preprocessed/gcc/and.hpp:23:8:[m[K   required from [01m[Kstruct boost::mpl::aux::and_impl<true, boost::mpl::not_<boost::is_const<boost::shared_ptr<void> > >, boost::mpl::not_<boost::is_same<boost::shared_ptr<void>, boost::variant<boost::weak_ptr<boost::signals2::detail::trackable_pointee>, boost::weak_ptr<void>, boost::signals2::detail::foreign_void_weak_ptr> > >, boost::detail::variant::is_variant_constructible_from<boost::shared_ptr<void>&&, boost::mpl::l_item<mpl_::long_<3>, boost::weak_ptr<boost::signals2::detail::trackable_pointee>, boost::mpl::l_item<mpl_::long_<2>, boost::weak_ptr<void>, boost::mpl::l_item<mpl_::long_<1>, boost::signals2::detail::foreign_void_weak_ptr, boost::mpl::l_end> > > >, mpl_::bool_<true> >[m[K
[41.934s] [01m[K/usr/include/boost/mpl/aux_/preprocessed/gcc/and.hpp:48:8:[m[K   required from [01m[Kstruct boost::mpl::and_<boost::is_rvalue_reference<boost::shared_ptr<void>&&>, boost::mpl::not_<boost::is_const<boost::shared_ptr<void> > >, boost::mpl::not_<boost::is_same<boost::shared_ptr<void>, boost::variant<boost::weak_ptr<boost::signals2::detail::trackable_pointee>, boost::weak_ptr<void>, boost::signals2::detail::foreign_void_weak_ptr> > >, boost::detail::variant::is_variant_constructible_from<boost::shared_ptr<void>&&, boost::mpl::l_item<mpl_::long_<3>, boost::weak_ptr<boost::signals2::detail::trackable_pointee>, boost::mpl::l_item<mpl_::long_<2>, boost::weak_ptr<void>, boost::mpl::l_item<mpl_::long_<1>, boost::signals2::detail::foreign_void_weak_ptr, boost::mpl::l_end> > > >, mpl_::bool_<true> >[m[K
[41.934s] [01m[K/usr/include/boost/mpl/aux_/nested_type_wknd.hpp:26:31:[m[K   required from [01m[Kstruct boost::mpl::aux::nested_type_wknd<boost::mpl::and_<boost::is_rvalue_reference<boost::shared_ptr<void>&&>, boost::mpl::not_<boost::is_const<boost::shared_ptr<void> > >, boost::mpl::not_<boost::is_same<boost::shared_ptr<void>, boost::variant<boost::weak_ptr<boost::signals2::detail::trackable_pointee>, boost::weak_ptr<void>, boost::signals2::detail::foreign_void_weak_ptr> > >, boost::detail::variant::is_variant_constructible_from<boost::shared_ptr<void>&&, boost::mpl::l_item<mpl_::long_<3>, boost::weak_ptr<boost::signals2::detail::trackable_pointee>, boost::mpl::l_item<mpl_::long_<2>, boost::weak_ptr<void>, boost::mpl::l_item<mpl_::long_<1>, boost::signals2::detail::foreign_void_weak_ptr, boost::mpl::l_end> > > >, mpl_::bool_<true> > >[m[K
[41.934s] [01m[K/usr/include/boost/mpl/aux_/preprocessed/gcc/or.hpp:48:8:[m[K   required from [01m[Kstruct boost::mpl::or_<boost::mpl::and_<boost::is_rvalue_reference<boost::shared_ptr<void>&&>, boost::mpl::not_<boost::is_const<boost::shared_ptr<void> > >, boost::mpl::not_<boost::is_same<boost::shared_ptr<void>, boost::variant<boost::weak_ptr<boost::signals2::detail::trackable_pointee>, boost::weak_ptr<void>, boost::signals2::detail::foreign_void_weak_ptr> > >, boost::detail::variant::is_variant_constructible_from<boost::shared_ptr<void>&&, boost::mpl::l_item<mpl_::long_<3>, boost::weak_ptr<boost::signals2::detail::trackable_pointee>, boost::mpl::l_item<mpl_::long_<2>, boost::weak_ptr<void>, boost::mpl::l_item<mpl_::long_<1>, boost::signals2::detail::foreign_void_weak_ptr, boost::mpl::l_end> > > >, mpl_::bool_<true> >, boost::is_same<boost::shared_ptr<void>, boost::recursive_variant_>, mpl_::bool_<false>, mpl_::bool_<false>, mpl_::bool_<false> >[m[K
[41.934s] [01m[K/usr/include/boost/core/enable_if.hpp:41:10:[m[K   required from [01m[Kstruct boost::enable_if<boost::mpl::or_<boost::mpl::and_<boost::is_rvalue_reference<boost::shared_ptr<void>&&>, boost::mpl::not_<boost::is_const<boost::shared_ptr<void> > >, boost::mpl::not_<boost::is_same<boost::shared_ptr<void>, boost::variant<boost::weak_ptr<boost::signals2::detail::trackable_pointee>, boost::weak_ptr<void>, boost::signals2::detail::foreign_void_weak_ptr> > >, boost::detail::variant::is_variant_constructible_from<boost::shared_ptr<void>&&, boost::mpl::l_item<mpl_::long_<3>, boost::weak_ptr<boost::signals2::detail::trackable_pointee>, boost::mpl::l_item<mpl_::long_<2>, boost::weak_ptr<void>, boost::mpl::l_item<mpl_::long_<1>, boost::signals2::detail::foreign_void_weak_ptr, boost::mpl::l_end> > > >, mpl_::bool_<true> >, boost::is_same<boost::shared_ptr<void>, boost::recursive_variant_>, mpl_::bool_<false>, mpl_::bool_<false>, mpl_::bool_<false> >, bool>[m[K
[41.934s] [01m[K/usr/include/boost/variant/variant.hpp:1741:5:[m[K   required by substitution of [01m[Ktemplate<class T> boost::variant<boost::weak_ptr<boost::signals2::detail::trackable_pointee>, boost::weak_ptr<void>, boost::signals2::detail::foreign_void_weak_ptr>::variant(T&&, typename boost::enable_if<boost::mpl::or_<boost::mpl::and_<boost::is_rvalue_reference<T&&>, boost::mpl::not_<boost::is_const<T> >, boost::mpl::not_<boost::is_same<T, boost::variant<boost::weak_ptr<boost::signals2::detail::trackable_pointee>, boost::weak_ptr<void>, boost::signals2::detail::foreign_void_weak_ptr> > >, boost::detail::variant::is_variant_constructible_from<T&&, boost::mpl::l_item<mpl_::long_<3>, boost::weak_ptr<boost::signals2::detail::trackable_pointee>, boost::mpl::l_item<mpl_::long_<2>, boost::weak_ptr<void>, boost::mpl::l_item<mpl_::long_<1>, boost::signals2::detail::foreign_void_weak_ptr, boost::mpl::l_end> > > >, mpl_::bool_<true> >, boost::is_same<T, boost::recursive_variant_>, mpl_::bool_<false>, mpl_::bool_<false>, mpl_::bool_<false> >, bool>::type) [with T = boost::shared_ptr<void>][m[K
[41.935s] [01m[K/usr/include/boost/signals2/slot_base.hpp:99:35:[m[K   required from here
[41.935s] [01m[K/usr/include/boost/mpl/aux_/preprocessed/gcc/bind.hpp:198:51:[m[K [01;31m[Kinternal compiler error: [m[KSegmentation fault
[41.935s]   198 |         typedef aux::replace_unnamed_arg< T2,n2 > [01;31m[Kr2[m[K;
[41.935s]       |                                                   [01;31m[K^~[m[K
[42.039s] DW_FORM_strp out of range in .debug_info at 17
[42.058s] Please submit a full bug report,
[42.059s] with preprocessed source if appropriate.
[42.059s] See <file:///usr/share/doc/gcc-11/README.Bugs> for instructions.
[42.157s] gmake[2]: *** [CMakeFiles/moveit_servo_lib_cpp.dir/build.make:118: CMakeFiles/moveit_servo_lib_cpp.dir/src/utils/command.cpp.o] Error 1
[44.127s] In file included from [01m[K/home/jake/ros2_iron/install/rclcpp/include/rclcpp/rclcpp/client.hpp:29[m[K,
[44.127s]                  from [01m[K/home/jake/ros2_iron/install/rclcpp/include/rclcpp/rclcpp/callback_group.hpp:24[m[K,
[44.127s]                  from [01m[K/home/jake/ros2_iron/install/rclcpp/include/rclcpp/rclcpp/any_executable.hpp:20[m[K,
[44.128s]                  from [01m[K/home/jake/ros2_iron/install/rclcpp/include/rclcpp/rclcpp/memory_strategy.hpp:25[m[K,
[44.128s]                  from [01m[K/home/jake/ros2_iron/install/rclcpp/include/rclcpp/rclcpp/memory_strategies.hpp:18[m[K,
[44.128s]                  from [01m[K/home/jake/ros2_iron/install/rclcpp/include/rclcpp/rclcpp/executor_options.hpp:20[m[K,
[44.128s]                  from [01m[K/home/jake/ros2_iron/install/rclcpp/include/rclcpp/rclcpp/executor.hpp:37[m[K,
[44.128s]                  from [01m[K/home/jake/ros2_iron/install/rclcpp/include/rclcpp/rclcpp/executors/multi_threaded_executor.hpp:25[m[K,
[44.128s]                  from [01m[K/home/jake/ros2_iron/install/rclcpp/include/rclcpp/rclcpp/executors.hpp:21[m[K,
[44.128s]                  from [01m[K/home/jake/ros2_iron/install/rclcpp/include/rclcpp/rclcpp/rclcpp.hpp:167[m[K,
[44.129s]                  from [01m[K/home/jake/ros2_iron/install/tf2_ros/include/tf2_ros/tf2_ros/buffer_interface.h:48[m[K,
[44.129s]                  from [01m[K/home/jake/ros2_iron/install/tf2_ros/include/tf2_ros/tf2_ros/buffer.h:42[m[K,
[44.129s]                  from [01m[K/home/jake/ros2_iron/install/tf2_eigen/include/tf2_eigen/tf2_eigen/tf2_eigen.hpp:42[m[K,
[44.129s]                  from [01m[K/home/jake/moveit2_ws_main/src/moveit2/moveit_ros/moveit_servo/include/moveit_servo/utils/datatypes.hpp:45[m[K,
[44.129s]                  from [01m[K/home/jake/moveit2_ws_main/src/moveit2/moveit_ros/moveit_servo/tests/servo_ros_fixture.hpp:45[m[K,
[44.129s]                  from [01m[K/home/jake/moveit2_ws_main/src/moveit2/moveit_ros/moveit_servo/tests/test_ros_integration.cpp:42[m[K:
[44.129s] /usr/include/c++/11/variant: In substitution of [01m[Ktemplate<class ... _Types> using _Copy_ctor_alias = std::__detail::__variant::_Copy_ctor_base<std::__detail::__variant::_Traits<_Types>::_S_trivial_copy_ctor, _Types ...> [with _Types = {_Types ...}][m[K:
[44.129s] [01m[K/usr/include/c++/11/variant:572:73:[m[K   required from here
[44.130s] [01m[K/usr/include/c++/11/variant:572:73:[m[K [01;31m[Kinternal compiler error: [m[KBus error
[44.130s]   572 |     struct _Move_ctor_base<true, _Types...> : _Copy_ctor_alias<_Types...[01;31m[K>[m[K
[44.130s]       |                                                                         [01;31m[K^[m[K
[44.240s] DW_FORM_strp out of range in .debug_info at 17
[44.259s] Please submit a full bug report,
[44.259s] with preprocessed source if appropriate.
[44.260s] See <file:///usr/share/doc/gcc-11/README.Bugs> for instructions.
[44.297s] gmake[2]: *** [CMakeFiles/moveit_servo_ros_integration_test.dir/build.make:76: CMakeFiles/moveit_servo_ros_integration_test.dir/tests/test_ros_integration.cpp.o] Error 1
[44.298s] gmake[1]: *** [CMakeFiles/Makefile2:446: CMakeFiles/moveit_servo_ros_integration_test.dir/all] Error 2
[44.298s] gmake[1]: *** Waiting for unfinished jobs....
[46.435s] In file included from [01m[K/home/jake/moveit2_ws_main/install/moveit_core/include/moveit_core/moveit/kinematic_constraints/kinematic_constraint.h:45[m[K,
[46.435s]                  from [01m[K/home/jake/moveit2_ws_main/install/moveit_core/include/moveit_core/moveit/planning_scene/planning_scene.h:45[m[K,
[46.436s]                  from [01m[K/home/jake/moveit2_ws_main/install/moveit_ros_planning/include/moveit_ros_planning/moveit/planning_scene_monitor/planning_scene_monitor.h:43[m[K,
[46.436s]                  from [01m[K/home/jake/moveit2_ws_main/src/moveit2/moveit_ros/moveit_servo/include/moveit_servo/collision_monitor.hpp:45[m[K,
[46.436s]                  from [01m[K/home/jake/moveit2_ws_main/src/moveit2/moveit_ros/moveit_servo/include/moveit_servo/servo.hpp:45[m[K,
[46.436s]                  from [01m[K/home/jake/moveit2_ws_main/src/moveit2/moveit_ros/moveit_servo/src/servo.cpp:40[m[K:
[46.436s] [01m[K/opt/ros/iron/include/geometric_shapes/bodies.h:411:3:[m[K [01;31m[Kinternal compiler error: [m[KSegmentation fault
[46.436s]   411 |   [01;31m[K~[m[KBox() override = default;
[46.436s]       |   [01;31m[K^[m[K
[46.512s] DW_FORM_strp out of range in .debug_info at 17
[46.525s] Please submit a full bug report,
[46.525s] with preprocessed source if appropriate.
[46.525s] See <file:///usr/share/doc/gcc-11/README.Bugs> for instructions.
[46.626s] gmake[2]: *** [CMakeFiles/moveit_servo_lib_cpp.dir/build.make:90: CMakeFiles/moveit_servo_lib_cpp.dir/src/servo.cpp.o] Error 1
[46.626s] gmake[1]: *** [CMakeFiles/Makefile2:201: CMakeFiles/moveit_servo_lib_cpp.dir/all] Error 2
[46.626s] gmake: *** [Makefile:146: all] Error 2
[46.629s] Invoked command in '/home/jake/moveit2_ws_main/build/moveit_servo' returned '2': AMENT_PREFIX_PATH=/home/jake/moveit2_ws_main/install/moveit_ros_visualization:/home/jake/moveit2_ws_main/install/moveit_ros_planning_interface:/home/jake/moveit2_ws_main/install/moveit_ros_move_group:/home/jake/moveit2_ws_main/install/moveit_ros_warehouse:/home/jake/moveit2_ws_main/install/moveit_ros_robot_interaction:/home/jake/moveit2_ws_main/install/moveit_kinematics:/home/jake/moveit2_ws_main/install/moveit_ros_planning:/home/jake/moveit2_ws_main/install/moveit_simple_controller_manager:/home/jake/moveit2_ws_main/install/moveit_ros_occupancy_map_monitor:/home/jake/moveit2_ws_main/install/moveit_core:/home/jake/moveit2_ws_main/install/moveit_resources_panda_moveit_config:/home/jake/moveit2_ws_main/install/moveit_resources_fanuc_moveit_config:/home/jake/moveit2_ws_main/install/generate_parameter_library:/home/jake/moveit2_ws_main/install/parameter_traits:/home/jake/moveit2_ws_main/install/moveit_resources_pr2_description:/home/jake/moveit2_ws_main/install/moveit_resources_panda_description:/home/jake/moveit2_ws_main/install/moveit_resources_fanuc_description:/home/jake/moveit2_ws_main/install/moveit_msgs:/home/jake/moveit2_ws_main/install/moveit_configs_utils:/home/jake/moveit2_ws_main/install/moveit_common:/home/jake/moveit2_ws_main/install/geometric_shapes:/home/jake/moveit2_ws_main/install/generate_parameter_library_py:${AMENT_PREFIX_PATH} CMAKE_PREFIX_PATH=/home/jake/moveit2_ws_main/install/moveit_ros_visualization:/home/jake/moveit2_ws_main/install/moveit_ros_planning_interface:/home/jake/moveit2_ws_main/install/moveit_ros_move_group:/home/jake/moveit2_ws_main/install/moveit_ros_warehouse:/home/jake/moveit2_ws_main/install/moveit_ros_robot_interaction:/home/jake/moveit2_ws_main/install/moveit_kinematics:/home/jake/moveit2_ws_main/install/moveit_ros_planning:/home/jake/moveit2_ws_main/install/moveit_simple_controller_manager:/home/jake/moveit2_ws_main/install/moveit_ros_occupancy_map_monitor:/home/jake/moveit2_ws_main/install/moveit_core:/home/jake/moveit2_ws_main/install/moveit_resources_panda_moveit_config:/home/jake/moveit2_ws_main/install/moveit_resources_fanuc_moveit_config:/home/jake/moveit2_ws_main/install/generate_parameter_library:/home/jake/moveit2_ws_main/install/parameter_traits:/home/jake/moveit2_ws_main/install/moveit_resources_pr2_description:/home/jake/moveit2_ws_main/install/moveit_resources_panda_description:/home/jake/moveit2_ws_main/install/moveit_resources_fanuc_description:/home/jake/moveit2_ws_main/install/moveit_msgs:/home/jake/moveit2_ws_main/install/moveit_common:/home/jake/moveit2_ws_main/install/geometric_shapes:/home/jake/ros2_iron/install/rosbag2:/home/jake/ros2_iron/install/rosbag2_storage_default_plugins:/home/jake/ros2_iron/install/rosbag2_storage_mcap:/home/jake/ros2_iron/install/rosbag2_compression_zstd:/home/jake/ros2_iron/install/mcap_vendor:/home/jake/ros2_iron/install/zstd_vendor:/home/jake/ros2_iron/install/rviz_visual_testing_framework:/home/jake/ros2_iron/install/rviz2:/home/jake/ros2_iron/install/rviz_default_plugins:/home/jake/ros2_iron/install/rviz_common:/home/jake/ros2_iron/install/rosbag2_py:/home/jake/ros2_iron/install/rosbag2_transport:/home/jake/ros2_iron/install/rosbag2_storage_sqlite3:/home/jake/ros2_iron/install/rosbag2_examples_cpp:/home/jake/ros2_iron/install/rosbag2_compression:/home/jake/ros2_iron/install/rosbag2_cpp:/home/jake/ros2_iron/install/rosbag2_storage:/home/jake/ros2_iron/install/image_common:/home/jake/ros2_iron/install/camera_info_manager:/home/jake/ros2_iron/install/camera_calibration_parsers:/home/jake/ros2_iron/install/yaml_cpp_vendor:/home/jake/ros2_iron/install/interactive_markers:/home/jake/ros2_iron/install/common_interfaces:/home/jake/ros2_iron/install/visualization_msgs:/home/jake/ros2_iron/install/dummy_robot_bringup:/home/jake/ros2_iron/install/robot_state_publisher:/home/jake/ros2_iron/install/kdl_parser:/home/jake/ros2_iron/install/urdf:/home/jake/ros2_iron/install/urdfdom:/home/jake/ros2_iron/install/urdf_parser_plugin:/home/jake/ros2_iron/install/urdfdom_headers:/home/jake/ros2_iron/install/turtlesim:/home/jake/ros2_iron/install/trajectory_msgs:/home/jake/ros2_iron/install/topic_statistics_demo:/home/jake/ros2_iron/install/pendulum_control:/home/jake/ros2_iron/install/tlsf_cpp:/home/jake/ros2_iron/install/geometry2:/home/jake/ros2_iron/install/tf2_sensor_msgs:/home/jake/ros2_iron/install/test_tf2:/home/jake/ros2_iron/install/tf2_kdl:/home/jake/ros2_iron/install/tf2_geometry_msgs:/home/jake/ros2_iron/install/tf2_eigen:/home/jake/ros2_iron/install/tf2_bullet:/home/jake/ros2_iron/install/tf2_ros:/home/jake/ros2_iron/install/tf2_py:/home/jake/ros2_iron/install/tf2_msgs:/home/jake/ros2_iron/install/tf2_eigen_kdl:/home/jake/ros2_iron/install/laser_geometry:/home/jake/ros2_iron/install/tf2:/home/jake/ros2_iron/install/test_tracetools:/home/jake/ros2_iron/install/test_msgs:/home/jake/ros2_iron/install/test_communication:/home/jake/ros2_iron/install/stereo_msgs:/home/jake/ros2_iron/install/std_srvs:/home/jake/ros2_iron/install/shape_msgs:/home/jake/ros2_iron/install/quality_of_service_demo_cpp:/home/jake/ros2_iron/install/map_msgs:/home/jake/ros2_iron/install/intra_process_demo:/home/jake/ros2_iron/install/image_transport:/home/jake/ros2_iron/install/image_tools:/home/jake/ros2_iron/install/dummy_sensors:/home/jake/ros2_iron/install/sensor_msgs:/home/jake/ros2_iron/install/ros2cli_common_extensions:/home/jake/ros2_iron/install/dummy_map_server:/home/jake/ros2_iron/install/nav_msgs:/home/jake/ros2_iron/install/logging_demo:/home/jake/ros2_iron/install/lifecycle:/home/jake/ros2_iron/install/diagnostic_msgs:/home/jake/ros2_iron/install/geometry_msgs:/home/jake/ros2_iron/install/examples_rclcpp_wait_set:/home/jake/ros2_iron/install/examples_rclcpp_multithreaded_executor:/home/jake/ros2_iron/install/examples_rclcpp_minimal_subscriber:/home/jake/ros2_iron/install/examples_rclcpp_minimal_publisher:/home/jake/ros2_iron/install/examples_rclcpp_minimal_composition:/home/jake/ros2_iron/install/examples_rclcpp_cbg_executor:/home/jake/ros2_iron/install/demo_nodes_cpp_native:/home/jake/ros2_iron/install/demo_nodes_cpp:/home/jake/ros2_iron/install/composition:/home/jake/ros2_iron/install/actionlib_msgs:/home/jake/ros2_iron/install/std_msgs:/home/jake/ros2_iron/install/rqt_gui_cpp:/home/jake/ros2_iron/install/rosbag2_test_common:/home/jake/ros2_iron/install/ros2lifecycle_test_fixtures:/home/jake/ros2_iron/install/rclcpp_lifecycle:/home/jake/ros2_iron/install/action_tutorials_cpp:/home/jake/ros2_iron/install/rclcpp_components:/home/jake/ros2_iron/install/examples_rclcpp_minimal_action_server:/home/jake/ros2_iron/install/examples_rclcpp_minimal_action_client:/home/jake/ros2_iron/install/rclcpp_action:/home/jake/ros2_iron/install/message_filters:/home/jake/ros2_iron/install/examples_rclcpp_minimal_timer:/home/jake/ros2_iron/install/examples_rclcpp_minimal_service:/home/jake/ros2_iron/install/examples_rclcpp_minimal_client:/home/jake/ros2_iron/install/examples_rclcpp_async_client:/home/jake/ros2_iron/install/rclcpp:/home/jake/ros2_iron/install/libstatistics_collector:/home/jake/ros2_iron/install/statistics_msgs:/home/jake/ros2_iron/install/sros2_cmake:/home/jake/ros2_iron/install/rqt_py_common:/home/jake/ros2_iron/install/ros_testing:/home/jake/ros2_iron/install/rclpy:/home/jake/ros2_iron/install/rosgraph_msgs:/home/jake/ros2_iron/install/rosbag2_interfaces:/home/jake/ros2_iron/install/ros2cli_test_interfaces:/home/jake/ros2_iron/install/rcl_lifecycle:/home/jake/ros2_iron/install/rcl_action:/home/jake/ros2_iron/install/rcl:/home/jake/ros2_iron/install/rmw_implementation:/home/jake/ros2_iron/install/rmw_fastrtps_dynamic_cpp:/home/jake/ros2_iron/install/rmw_fastrtps_cpp:/home/jake/ros2_iron/install/rmw_fastrtps_shared_cpp:/home/jake/ros2_iron/install/rmw_cyclonedds_cpp:/home/jake/ros2_iron/install/rmw_connextddsmicro:/home/jake/ros2_iron/install/rmw_connextdds:/home/jake/ros2_iron/install/rmw_connextdds_common:/home/jake/ros2_iron/install/rmw_dds_common:/home/jake/ros2_iron/install/composition_interfaces:/home/jake/ros2_iron/install/rcl_interfaces:/home/jake/ros2_iron/install/pendulum_msgs:/home/jake/ros2_iron/install/lifecycle_msgs:/home/jake/ros2_iron/install/example_interfaces:/home/jake/ros2_iron/install/action_tutorials_interfaces:/home/jake/ros2_iron/install/rosidl_default_runtime:/home/jake/ros2_iron/install/rosidl_default_generators:/home/jake/ros2_iron/install/action_msgs:/home/jake/ros2_iron/install/unique_identifier_msgs:/home/jake/ros2_iron/install/ament_lint_common:/home/jake/ros2_iron/install/ament_cmake_uncrustify:/home/jake/ros2_iron/install/uncrustify_vendor:/home/jake/ros2_iron/install/type_description_interfaces:/home/jake/ros2_iron/install/tracetools:/home/jake/ros2_iron/install/tlsf:/home/jake/ros2_iron/install/tinyxml_vendor:/home/jake/ros2_iron/install/qt_gui_core:/home/jake/ros2_iron/install/qt_gui_cpp:/home/jake/ros2_iron/install/pluginlib:/home/jake/ros2_iron/install/tinyxml2_vendor:/home/jake/ros2_iron/install/test_security:/home/jake/ros2_iron/install/test_rmw_implementation:/home/jake/ros2_iron/install/test_rclcpp:/home/jake/ros2_iron/install/test_quality_of_service:/home/jake/ros2_iron/install/test_launch_testing:/home/jake/ros2_iron/install/test_interface_files:/home/jake/ros2_iron/install/test_cli_remapping:/home/jake/ros2_iron/install/test_cli:/home/jake/ros2_iron/install/qt_gui_app:/home/jake/ros2_iron/install/qt_gui:/home/jake/ros2_iron/install/tango_icons_vendor:/home/jake/ros2_iron/install/sqlite3_vendor:/home/jake/ros2_iron/install/rcl_logging_spdlog:/home/jake/ros2_iron/install/spdlog_vendor:/home/jake/ros2_iron/install/shared_queues_vendor:/home/jake/ros2_iron/install/service_msgs:/home/jake/ros2_iron/install/rviz_rendering_tests:/home/jake/ros2_iron/install/rviz_rendering:/home/jake/ros2_iron/install/rviz_ogre_vendor:/home/jake/ros2_iron/install/rviz_assimp_vendor:/home/jake/ros2_iron/install/rttest:/home/jake/ros2_iron/install/rti_connext_dds_cmake_module:/home/jake/ros2_iron/install/builtin_interfaces:/home/jake/ros2_iron/install/rosidl_core_runtime:/home/jake/ros2_iron/install/rosidl_core_generators:/home/jake/ros2_iron/install/rosidl_generator_py:/home/jake/ros2_iron/install/rosidl_typesupport_tests:/home/jake/ros2_iron/install/rosidl_typesupport_introspection_tests:/home/jake/ros2_iron/install/rosidl_typesupport_cpp:/home/jake/ros2_iron/install/rosidl_typesupport_introspection_cpp:/home/jake/ros2_iron/install/rosidl_typesupport_c:/home/jake/ros2_iron/install/rosidl_typesupport_introspection_c:/home/jake/ros2_iron/install/rosidl_typesupport_fastrtps_c:/home/jake/ros2_iron/install/rosidl_typesupport_fastrtps_cpp:/home/jake/ros2_iron/install/rosidl_generator_cpp:/home/jake/ros2_iron/install/rosidl_runtime_cpp:/home/jake/ros2_iron/install/rosidl_dynamic_typesupport_fastrtps:/home/jake/ros2_iron/install/rcl_yaml_param_parser:/home/jake/ros2_iron/install/rmw:/home/jake/ros2_iron/install/rosidl_dynamic_typesupport:/home/jake/ros2_iron/install/rosidl_runtime_c:/home/jake/ros2_iron/install/rosidl_generator_c:/home/jake/ros2_iron/install/rosidl_typesupport_interface:/home/jake/ros2_iron/install/rosidl_generator_dds_idl:/home/jake/ros2_iron/install/rosidl_cmake:/home/jake/ros2_iron/install/rosidl_generator_type_description:/home/jake/ros2_iron/install/rosidl_parser:/home/jake/ros2_iron/install/rosidl_generator_tests:/home/jake/ros2_iron/install/rosidl_adapter:/home/jake/ros2_iron/install/rosbag2_tests:/home/jake/ros2_iron/install/rosbag2_test_msgdefs:/home/jake/ros2_iron/install/ros_environment:/home/jake/ros2_iron/install/rmw_implementation_cmake:/home/jake/ros2_iron/install/resource_retriever:/home/jake/ros2_iron/install/class_loader:/home/jake/ros2_iron/install/rcpputils:/home/jake/ros2_iron/install/rcl_logging_noop:/home/jake/ros2_iron/install/rcl_logging_interface:/home/jake/ros2_iron/install/rcutils:/home/jake/ros2_iron/install/qt_gui_py_common:/home/jake/ros2_iron/install/qt_dotgraph:/home/jake/ros2_iron/install/python_qt_binding:/home/jake/ros2_iron/install/python_orocos_kdl_vendor:/home/jake/ros2_iron/install/launch_testing_ament_cmake:/home/jake/ros2_iron/install/python_cmake_module:/home/jake/ros2_iron/install/pybind11_vendor:/home/jake/ros2_iron/install/performance_test_fixture:/home/jake/ros2_iron/install/osrf_testing_tools_cpp:/home/jake/ros2_iron/install/orocos_kdl_vendor:/home/jake/ros2_iron/install/mimick_vendor:/home/jake/ros2_iron/install/libyaml_vendor:/home/jake/ros2_iron/install/libcurl_vendor:/home/jake/ros2_iron/install/keyboard_handler:/home/jake/ros2_iron/install/iceoryx_introspection:/home/jake/ros2_iron/install/cyclonedds:/home/jake/ros2_iron/install/iceoryx_posh:/home/jake/ros2_iron/install/iceoryx_hoofs:/home/jake/ros2_iron/install/iceoryx_binding_c:/home/jake/ros2_iron/install/ament_cmake_ros:/home/jake/ros2_iron/install/ament_cmake_gmock:/home/jake/ros2_iron/install/gmock_vendor:/home/jake/ros2_iron/install/ament_cmake_auto:/home/jake/ros2_iron/install/ament_cmake_gtest:/home/jake/ros2_iron/install/gtest_vendor:/home/jake/ros2_iron/install/ament_cmake_google_benchmark:/home/jake/ros2_iron/install/google_benchmark_vendor:/home/jake/ros2_iron/install/fastrtps:/home/jake/ros2_iron/install/foonathan_memory_vendor:/home/jake/ros2_iron/install/fastrtps_cmake_module:/home/jake/ros2_iron/install/fastcdr:/home/jake/ros2_iron/install/eigen3_cmake_module:/home/jake/ros2_iron/install/console_bridge_vendor:/home/jake/ros2_iron/install/ament_cmake_xmllint:/home/jake/ros2_iron/install/ament_cmake_pyflakes:/home/jake/ros2_iron/install/ament_cmake_pycodestyle:/home/jake/ros2_iron/install/ament_cmake_pep257:/home/jake/ros2_iron/install/ament_cmake_pclint:/home/jake/ros2_iron/install/ament_lint_auto:/home/jake/ros2_iron/install/ament_cmake:/home/jake/ros2_iron/install/ament_cmake_version:/home/jake/ros2_iron/install/ament_cmake_vendor_package:/home/jake/ros2_iron/install/ament_cmake_pytest:/home/jake/ros2_iron/install/ament_cmake_mypy:/home/jake/ros2_iron/install/ament_cmake_lint_cmake:/home/jake/ros2_iron/install/ament_cmake_flake8:/home/jake/ros2_iron/install/ament_cmake_cpplint:/home/jake/ros2_iron/install/ament_cmake_cppcheck:/home/jake/ros2_iron/install/ament_cmake_copyright:/home/jake/ros2_iron/install/ament_cmake_clang_tidy:/home/jake/ros2_iron/install/ament_cmake_clang_format:/home/jake/ros2_iron/install/ament_cmake_test:/home/jake/ros2_iron/install/ament_cmake_target_dependencies:/home/jake/ros2_iron/install/ament_cmake_python:/home/jake/ros2_iron/install/ament_cmake_export_dependencies:/home/jake/ros2_iron/install/ament_cmake_libraries:/home/jake/ros2_iron/install/ament_cmake_include_directories:/home/jake/ros2_iron/install/ament_cmake_gen_version_h:/home/jake/ros2_iron/install/ament_cmake_export_targets:/home/jake/ros2_iron/install/ament_cmake_export_link_flags:/home/jake/ros2_iron/install/ament_cmake_export_interfaces:/home/jake/ros2_iron/install/ament_cmake_export_libraries:/home/jake/ros2_iron/install/ament_cmake_export_include_directories:/home/jake/ros2_iron/install/ament_cmake_export_definitions:/home/jake/ros2_iron/install/ament_cmake_core:/home/jake/ros2_iron/install/ament_index_cpp:/home/jake/ros2_iron/install/rqt_bag_plugins:/home/jake/ros2_iron/install/rqt_bag:/home/jake/ros2_iron/install/rosbag2_examples_py:/home/jake/ros2_iron/install/launch_testing_examples:/home/jake/ros2_iron/install/ros2bag:/home/jake/ros2_iron/install/tracetools_test:/home/jake/ros2_iron/install/tracetools_launch:/home/jake/ros2_iron/install/topic_monitor:/home/jake/ros2_iron/install/tf2_tools:/home/jake/ros2_iron/install/examples_tf2_py:/home/jake/ros2_iron/install/tf2_ros_py:/home/jake/ros2_iron/install/examples_rclpy_pointcloud_publisher:/home/jake/ros2_iron/install/sensor_msgs_py:/home/jake/ros2_iron/install/quality_of_service_demo_py:/home/jake/ros2_iron/install/rqt_plot:/home/jake/ros2_iron/install/ros2doctor:/home/jake/ros2_iron/install/lifecycle_py:/home/jake/ros2_iron/install/examples_rclpy_minimal_subscriber:/home/jake/ros2_iron/install/examples_rclpy_minimal_service:/home/jake/ros2_iron/install/examples_rclpy_minimal_publisher:/home/jake/ros2_iron/install/examples_rclpy_minimal_client:/home/jake/ros2_iron/install/examples_rclpy_executors:/home/jake/ros2_iron/install/demo_nodes_py:/home/jake/ros2_iron/install/rqt:/home/jake/ros2_iron/install/ros2component:/home/jake/ros2_iron/install/sros2:/home/jake/ros2_iron/install/rqt_topic:/home/jake/ros2_iron/install/rqt_srv:/home/jake/ros2_iron/install/rqt_shell:/home/jake/ros2_iron/install/rqt_service_caller:/home/jake/ros2_iron/install/rqt_reconfigure:/home/jake/ros2_iron/install/rqt_py_console:/home/jake/ros2_iron/install/rqt_publisher:/home/jake/ros2_iron/install/rqt_action:/home/jake/ros2_iron/install/rqt_msg:/home/jake/ros2_iron/install/rqt_console:/home/jake/ros2_iron/install/rqt_graph:/home/jake/ros2_iron/install/rqt_gui_py:/home/jake/ros2_iron/install/rqt_gui:/home/jake/ros2_iron/install/ros2trace:/home/jake/ros2_iron/install/ros2topic:/home/jake/ros2_iron/install/ros2test:/home/jake/ros2_iron/install/ros2param:/home/jake/ros2_iron/install/ros2lifecycle:/home/jake/ros2_iron/install/ros2service:/home/jake/ros2_iron/install/ros2run:/home/jake/ros2_iron/install/ros2launch:/home/jake/ros2_iron/install/ros2pkg:/home/jake/ros2_iron/install/ros2node:/home/jake/ros2_iron/install/ros2multicast:/home/jake/ros2_iron/install/ros2interface:/home/jake/ros2_iron/install/ros2action:/home/jake/ros2_iron/install/ros2cli:/home/jake/ros2_iron/install/launch_testing_ros:/home/jake/ros2_iron/install/launch_ros:/home/jake/ros2_iron/install/examples_rclpy_minimal_action_server:/home/jake/ros2_iron/install/examples_rclpy_minimal_action_client:/home/jake/ros2_iron/install/examples_rclpy_guard_conditions:/home/jake/ros2_iron/install/action_tutorials_py:/home/jake/ros2_iron/install/ament_uncrustify:/home/jake/ros2_iron/install/tracetools_trace:/home/jake/ros2_iron/install/tracetools_read:/home/jake/ros2_iron/install/test_tracetools_launch:/home/jake/ros2_iron/install/test_ros2trace:/home/jake/ros2_iron/install/test_launch_ros:/home/jake/ros2_iron/install/rpyutils:/home/jake/ros2_iron/install/rosidl_runtime_py:/home/jake/ros2_iron/install/rosidl_pycommon:/home/jake/ros2_iron/install/rosidl_cli:/home/jake/ros2_iron/install/launch_pytest:/home/jake/ros2_iron/install/launch_testing:/home/jake/ros2_iron/install/launch_yaml:/home/jake/ros2_iron/install/launch_xml:/home/jake/ros2_iron/install/launch:/home/jake/ros2_iron/install/osrf_pycommon:/home/jake/ros2_iron/install/domain_coordinator:/home/jake/ros2_iron/install/ament_xmllint:/home/jake/ros2_iron/install/ament_pyflakes:/home/jake/ros2_iron/install/ament_pycodestyle:/home/jake/ros2_iron/install/ament_pep257:/home/jake/ros2_iron/install/ament_pclint:/home/jake/ros2_iron/install/ament_package:/home/jake/ros2_iron/install/ament_mypy:/home/jake/ros2_iron/install/ament_lint_cmake:/home/jake/ros2_iron/install/ament_flake8:/home/jake/ros2_iron/install/ament_copyright:/home/jake/ros2_iron/install/ament_lint:/home/jake/ros2_iron/install/ament_index_python:/home/jake/ros2_iron/install/ament_cpplint:/home/jake/ros2_iron/install/ament_cppcheck:/home/jake/ros2_iron/install/ament_clang_tidy:/home/jake/ros2_iron/install/ament_clang_format:/opt/ros/iron LD_LIBRARY_PATH=/home/jake/moveit2_ws_main/install/moveit_ros_visualization/lib:/home/jake/moveit2_ws_main/install/moveit_ros_planning_interface/lib:/home/jake/moveit2_ws_main/install/moveit_ros_move_group/lib:/home/jake/moveit2_ws_main/install/moveit_ros_warehouse/lib:/home/jake/moveit2_ws_main/install/moveit_ros_robot_interaction/lib:/home/jake/moveit2_ws_main/install/moveit_kinematics/lib:/home/jake/moveit2_ws_main/install/moveit_ros_planning/lib:/home/jake/moveit2_ws_main/install/moveit_simple_controller_manager/lib:/home/jake/moveit2_ws_main/install/moveit_ros_occupancy_map_monitor/lib:/home/jake/moveit2_ws_main/install/moveit_core/lib:/home/jake/moveit2_ws_main/install/parameter_traits/lib:/home/jake/moveit2_ws_main/install/moveit_msgs/lib:/home/jake/moveit2_ws_main/install/geometric_shapes/lib:${LD_LIBRARY_PATH} PATH=/home/jake/moveit2_ws_main/install/moveit_core/bin:/home/jake/moveit2_ws_main/install/generate_parameter_library_py/bin:${PATH} PYTHONPATH=/home/jake/moveit2_ws_main/install/moveit_msgs/lib/python3.10/site-packages:/home/jake/moveit2_ws_main/install/moveit_configs_utils/lib/python3.10/site-packages:/home/jake/moveit2_ws_main/install/generate_parameter_library_py/lib/python3.10/site-packages:${PYTHONPATH} /usr/bin/cmake --build /home/jake/moveit2_ws_main/build/moveit_servo
