-- The CXX compiler identification is GNU 11.4.0
-- Detecting CXX compiler ABI info
-- Detecting CXX compiler ABI info - done
-- Check for working CXX compiler: /usr/bin/c++ - skipped
-- Detecting CXX compile features
-- Detecting CXX compile features - done
-- Found moveit_common: 2.11.0 (/home/jake/moveit2_ws_main/install/moveit_common/share/moveit_common/cmake)
-- Found ament_cmake: 2.0.6 (/home/jake/ros2_iron/install/ament_cmake/share/ament_cmake/cmake)
-- Found Python3: /usr/bin/python3.10 (found version "3.10.12") found components: Interpreter 
-- Found moveit_core: 2.11.0 (/home/jake/moveit2_ws_main/install/moveit_core/share/moveit_core/cmake)
-- Found Boost: /usr/lib/x86_64-linux-gnu/cmake/Boost-1.74.0/BoostConfig.cmake (found version "1.74.0") found components: chrono date_time filesystem iostreams program_options regex serialization system thread 
-- Found parameter_traits: 0.3.7 (/home/jake/moveit2_ws_main/install/parameter_traits/share/parameter_traits/cmake)
-- Found rosidl_generator_c: 4.0.1 (/home/jake/ros2_iron/install/rosidl_generator_c/share/rosidl_generator_c/cmake)
-- Found rosidl_generator_cpp: 4.0.1 (/home/jake/ros2_iron/install/rosidl_generator_cpp/share/rosidl_generator_cpp/cmake)
-- Using all available rosidl_typesupport_c: rosidl_typesupport_introspection_c;rosidl_typesupport_fastrtps_c
-- Using all available rosidl_typesupport_cpp: rosidl_typesupport_introspection_cpp;rosidl_typesupport_fastrtps_cpp
-- Found rmw_implementation_cmake: 7.1.0 (/home/jake/ros2_iron/install/rmw_implementation_cmake/share/rmw_implementation_cmake/cmake)
-- Found rmw_fastrtps_cpp: 7.1.4 (/home/jake/ros2_iron/install/rmw_fastrtps_cpp/share/rmw_fastrtps_cpp/cmake)
-- Found OpenSSL: /usr/lib/x86_64-linux-gnu/libcrypto.so (found version "3.0.2")  
-- Found FastRTPS: /home/jake/ros2_iron/install/fastrtps/include  
-- Using RMW implementation 'rmw_fastrtps_cpp' as default
-- Found Eigen3: TRUE (found version "3.4.0") 
-- Found rclcpp_lifecycle: 21.0.7 (/home/jake/ros2_iron/install/rclcpp_lifecycle/share/rclcpp_lifecycle/cmake)
-- Found Boost: /usr/lib/x86_64-linux-gnu/cmake/Boost-1.74.0/BoostConfig.cmake (found version "1.74.0") found components: filesystem 
-- library: /usr/lib/x86_64-linux-gnu/libcurl.so
-- Ensuring Eigen3 include directory is part of orocos-kdl CMake target
-- Configuring done
-- Generating done
-- Build files have been written to: /home/jake/moveit2_ws_main/build/chomp_motion_planner
[ 33%] [32mBuilding CXX object CMakeFiles/chomp_motion_planner.dir/src/chomp_cost.cpp.o[0m
[ 33%] [32mBuilding CXX object CMakeFiles/chomp_motion_planner.dir/src/chomp_parameters.cpp.o[0m
[ 50%] [32mBuilding CXX object CMakeFiles/chomp_motion_planner.dir/src/chomp_planner.cpp.o[0m
[ 66%] [32mBuilding CXX object CMakeFiles/chomp_motion_planner.dir/src/chomp_trajectory.cpp.o[0m
[ 83%] [32mBuilding CXX object CMakeFiles/chomp_motion_planner.dir/src/chomp_optimizer.cpp.o[0m
In file included from [01m[K/usr/include/eigen3/Eigen/Core:298[m[K,
                 from [01m[K/usr/include/eigen3/Eigen/Geometry:11[m[K,
                 from [01m[K/home/jake/moveit2_ws_main/install/moveit_core/include/moveit_core/moveit/robot_model/joint_model.h:46[m[K,
                 from [01m[K/home/jake/moveit2_ws_main/install/moveit_core/include/moveit_core/moveit/robot_model/joint_model_group.h:40[m[K,
                 from [01m[K/home/jake/moveit2_ws_main/install/moveit_core/include/moveit_core/moveit/robot_model/robot_model.h:45[m[K,
                 from [01m[K/home/jake/moveit2_ws_main/install/moveit_core/include/moveit_core/moveit/planning_scene/planning_scene.h:39[m[K,
                 from [01m[K/home/jake/moveit2_ws_main/src/moveit2/moveit_planners/chomp/chomp_motion_planner/include/chomp_motion_planner/chomp_utils.h:39[m[K,
                 from [01m[K/home/jake/moveit2_ws_main/src/moveit2/moveit_planners/chomp/chomp_motion_planner/include/chomp_motion_planner/chomp_trajectory.h:39[m[K,
                 from [01m[K/home/jake/moveit2_ws_main/src/moveit2/moveit_planners/chomp/chomp_motion_planner/include/chomp_motion_planner/chomp_cost.h:39[m[K,
                 from [01m[K/home/jake/moveit2_ws_main/src/moveit2/moveit_planners/chomp/chomp_motion_planner/include/chomp_motion_planner/chomp_optimizer.h:39[m[K,
                 from [01m[K/home/jake/moveit2_ws_main/src/moveit2/moveit_planners/chomp/chomp_motion_planner/src/chomp_planner.cpp:37[m[K:
/usr/include/eigen3/Eigen/src/Core/CwiseBinaryOp.h: In instantiation of â€˜[01m[KEigen::CwiseBinaryOp<BinaryOp, Lhs, Rhs>::CwiseBinaryOp(const Lhs&, const Rhs&, const BinaryOp&) [with BinaryOp = Eigen::internal::scalar_conj_product_op<double, double>; LhsType = const Eigen::Block<Eigen::Matrix<double, -1, -1>, -1, 1, true>; RhsType = const Eigen::Product<Eigen::Matrix<double, -1, -1>, Eigen::Block<Eigen::Matrix<double, -1, -1>, -1, 1, true>, 0>; Eigen::CwiseBinaryOp<BinaryOp, Lhs, Rhs>::Lhs = Eigen::Block<Eigen::Matrix<double, -1, -1>, -1, 1, true>; Eigen::CwiseBinaryOp<BinaryOp, Lhs, Rhs>::Rhs = Eigen::Product<Eigen::Matrix<double, -1, -1>, Eigen::Block<Eigen::Matrix<double, -1, -1>, -1, 1, true>, 0>][m[Kâ€™:
[01m[K/usr/include/eigen3/Eigen/src/plugins/CommonCwiseBinaryOps.h:45:10:[m[K   required from â€˜[01m[Kconst Eigen::CwiseBinaryOp<CustomBinaryOp, const Derived, const OtherDerived> Eigen::MatrixBase<Derived>::binaryExpr(const Eigen::MatrixBase<OtherDerived>&, const CustomBinaryOp&) const [with CustomBinaryOp = Eigen::internal::scalar_conj_product_op<double, double>; OtherDerived = Eigen::Product<Eigen::Matrix<double, -1, -1>, Eigen::Block<Eigen::Matrix<double, -1, -1>, -1, 1, true>, 0>; Derived = Eigen::Block<Eigen::Matrix<double, -1, -1>, -1, 1, true>][m[Kâ€™
[01m[K/usr/include/eigen3/Eigen/src/Core/Dot.h:37:44:[m[K   required from â€˜[01m[Kstatic Eigen::internal::dot_nocheck<T, U, NeedToTranspose>::ResScalar Eigen::internal::dot_nocheck<T, U, NeedToTranspose>::run(const Eigen::MatrixBase<Derived>&, const Eigen::MatrixBase<U>&) [with T = Eigen::Block<Eigen::Matrix<double, -1, -1>, -1, 1, true>; U = Eigen::Product<Eigen::Matrix<double, -1, -1>, Eigen::Block<Eigen::Matrix<double, -1, -1>, -1, 1, true>, 0>; bool NeedToTranspose = false; Eigen::internal::dot_nocheck<T, U, NeedToTranspose>::ResScalar = double][m[Kâ€™
[01m[K/usr/include/eigen3/Eigen/src/Core/Dot.h:84:58:[m[K   required from â€˜[01m[Ktypename Eigen::ScalarBinaryOpTraits<typename Eigen::internal::traits<T>::Scalar, typename Eigen::internal::traits<OtherDerived>::Scalar>::ReturnType Eigen::MatrixBase<Derived>::dot(const Eigen::MatrixBase<OtherDerived>&) const [with OtherDerived = Eigen::Product<Eigen::Matrix<double, -1, -1>, Eigen::Block<Eigen::Matrix<double, -1, -1>, -1, 1, true>, 0>; Derived = Eigen::Block<Eigen::Matrix<double, -1, -1>, -1, 1, true>; typename Eigen::ScalarBinaryOpTraits<typename Eigen::internal::traits<T>::Scalar, typename Eigen::internal::traits<OtherDerived>::Scalar>::ReturnType = double; typename Eigen::internal::traits<OtherDerived>::Scalar = double; typename Eigen::internal::traits<T>::Scalar = double][m[Kâ€™
[01m[K/home/jake/moveit2_ws_main/src/moveit2/moveit_planners/chomp/chomp_motion_planner/include/chomp_motion_planner/chomp_cost.h:97:30:[m[K   required from here
[01m[K/usr/include/eigen3/Eigen/src/Core/CwiseBinaryOp.h:110:5:[m[K [01;31m[Kinternal compiler error: [m[KSegmentation fault
  110 |     [01;31m[KCwiseBinaryOp[m[K(const Lhs& aLhs, const Rhs& aRhs, const BinaryOp& func = BinaryOp())
      |     [01;31m[K^~~~~~~~~~~~~[m[K
DW_FORM_strp out of range in .debug_info at 17
Please submit a full bug report,
with preprocessed source if appropriate.
See <file:///usr/share/doc/gcc-11/README.Bugs> for instructions.
gmake[2]: *** [CMakeFiles/chomp_motion_planner.dir/build.make:132: CMakeFiles/chomp_motion_planner.dir/src/chomp_planner.cpp.o] Error 1
gmake[2]: *** Waiting for unfinished jobs....
In file included from [01m[K/usr/include/eigen3/Eigen/Core:271[m[K,
                 from [01m[K/usr/include/eigen3/Eigen/Geometry:11[m[K,
                 from [01m[K/home/jake/moveit2_ws_main/install/moveit_core/include/moveit_core/moveit/robot_model/joint_model.h:46[m[K,
                 from [01m[K/home/jake/moveit2_ws_main/install/moveit_core/include/moveit_core/moveit/robot_model/joint_model_group.h:40[m[K,
                 from [01m[K/home/jake/moveit2_ws_main/install/moveit_core/include/moveit_core/moveit/robot_model/robot_model.h:45[m[K,
                 from [01m[K/home/jake/moveit2_ws_main/install/moveit_core/include/moveit_core/moveit/planning_scene/planning_scene.h:39[m[K,
                 from [01m[K/home/jake/moveit2_ws_main/src/moveit2/moveit_planners/chomp/chomp_motion_planner/include/chomp_motion_planner/chomp_utils.h:39[m[K,
                 from [01m[K/home/jake/moveit2_ws_main/src/moveit2/moveit_planners/chomp/chomp_motion_planner/include/chomp_motion_planner/chomp_trajectory.h:39[m[K,
                 from [01m[K/home/jake/moveit2_ws_main/src/moveit2/moveit_planners/chomp/chomp_motion_planner/include/chomp_motion_planner/chomp_cost.h:39[m[K,
                 from [01m[K/home/jake/moveit2_ws_main/src/moveit2/moveit_planners/chomp/chomp_motion_planner/include/chomp_motion_planner/chomp_optimizer.h:39[m[K,
                 from [01m[K/home/jake/moveit2_ws_main/src/moveit2/moveit_planners/chomp/chomp_motion_planner/src/chomp_optimizer.cpp:37[m[K:
[01m[K/usr/include/eigen3/Eigen/src/Core/DenseCoeffsBase.h:[m[K In member function â€˜[01m[Kconstexpr Eigen::Index Eigen::DenseCoeffsBase<Derived, 3>::rowStride() const [with Derived = Eigen::Block<Eigen::Matrix<double, -1, -1>, 1, -1, false>][m[Kâ€™:
[01m[K/usr/include/eigen3/Eigen/src/Core/DenseCoeffsBase.h:601:18:[m[K [01;31m[Kinternal compiler error: [m[KSegmentation fault
  601 |     inline Index [01;31m[KrowStride[m[K() const EIGEN_NOEXCEPT
      |                  [01;31m[K^~~~~~~~~[m[K
DW_FORM_strp out of range in .debug_info at 17
Please submit a full bug report,
with preprocessed source if appropriate.
See <file:///usr/share/doc/gcc-11/README.Bugs> for instructions.
gmake[2]: *** [CMakeFiles/chomp_motion_planner.dir/build.make:118: CMakeFiles/chomp_motion_planner.dir/src/chomp_optimizer.cpp.o] Error 1
gmake[1]: *** [CMakeFiles/Makefile2:137: CMakeFiles/chomp_motion_planner.dir/all] Error 2
gmake: *** [Makefile:146: all] Error 2
