-- Found moveit_common: 2.11.0 (/home/jake/moveit2_ws_main/install/moveit_common/share/moveit_common/cmake)
-- Found ament_cmake: 2.0.6 (/home/jake/ros2_iron/install/ament_cmake/share/ament_cmake/cmake)
-- Found ament_index_cpp: 1.5.2 (/home/jake/ros2_iron/install/ament_index_cpp/share/ament_index_cpp/cmake)
-- Found generate_parameter_library: 0.3.7 (/home/jake/moveit2_ws_main/install/generate_parameter_library/share/generate_parameter_library/cmake)
-- Found parameter_traits: 0.3.7 (/home/jake/moveit2_ws_main/install/parameter_traits/share/parameter_traits/cmake)
-- Found rosidl_generator_c: 4.0.1 (/home/jake/ros2_iron/install/rosidl_generator_c/share/rosidl_generator_c/cmake)
-- Found rosidl_generator_cpp: 4.0.1 (/home/jake/ros2_iron/install/rosidl_generator_cpp/share/rosidl_generator_cpp/cmake)
-- Using all available rosidl_typesupport_c: rosidl_typesupport_introspection_c;rosidl_typesupport_fastrtps_c
-- Using all available rosidl_typesupport_cpp: rosidl_typesupport_introspection_cpp;rosidl_typesupport_fastrtps_cpp
-- Found rmw_implementation_cmake: 7.1.0 (/home/jake/ros2_iron/install/rmw_implementation_cmake/share/rmw_implementation_cmake/cmake)
-- Found rmw_fastrtps_cpp: 7.1.4 (/home/jake/ros2_iron/install/rmw_fastrtps_cpp/share/rmw_fastrtps_cpp/cmake)
-- Using RMW implementation 'rmw_fastrtps_cpp' as default
-- Found rclcpp_lifecycle: 21.0.7 (/home/jake/ros2_iron/install/rclcpp_lifecycle/share/rclcpp_lifecycle/cmake)
-- Found message_filters: 4.7.1 (/home/jake/ros2_iron/install/message_filters/share/message_filters/cmake)
-- Found moveit_core: 2.11.0 (/home/jake/moveit2_ws_main/install/moveit_core/share/moveit_core/cmake)
-- Found Boost: /usr/lib/x86_64-linux-gnu/cmake/Boost-1.74.0/BoostConfig.cmake (found version "1.74.0") found components: chrono date_time filesystem iostreams program_options regex serialization system thread 
-- Found Boost: /usr/lib/x86_64-linux-gnu/cmake/Boost-1.74.0/BoostConfig.cmake (found version "1.74.0") found components: filesystem 
-- library: /usr/lib/x86_64-linux-gnu/libcurl.so
-- Ensuring Eigen3 include directory is part of orocos-kdl CMake target
-- Found moveit_ros_occupancy_map_monitor: 2.11.0 (/home/jake/moveit2_ws_main/install/moveit_ros_occupancy_map_monitor/share/moveit_ros_occupancy_map_monitor/cmake)
-- Found Boost: /usr/lib/x86_64-linux-gnu/cmake/Boost-1.74.0/BoostConfig.cmake (found version "1.74.0") found components: system filesystem date_time program_options thread chrono 
-- Found ament_cmake_gtest: 2.0.6 (/home/jake/ros2_iron/install/ament_cmake_gtest/share/ament_cmake_gtest/cmake)
-- Found gtest sources under '/home/jake/ros2_iron/install/gtest_vendor/src/gtest_vendor': C++ tests using 'Google Test' will be built
-- Found ament_cmake_gtest: 2.0.6 (/home/jake/ros2_iron/install/ament_cmake_gtest/share/ament_cmake_gtest/cmake)
-- Found ament_cmake_gmock: 2.0.6 (/home/jake/ros2_iron/install/ament_cmake_gmock/share/ament_cmake_gmock/cmake)
-- Found ros_testing: 0.5.2 (/home/jake/ros2_iron/install/ros_testing/share/ros_testing/cmake)
-- Found launch_testing_ament_cmake: 2.0.4 (/home/jake/ros2_iron/install/launch_testing_ament_cmake/share/launch_testing_ament_cmake/cmake)
-- Found python_cmake_module: 0.10.2 (/home/jake/ros2_iron/install/python_cmake_module/share/python_cmake_module/cmake)
-- Using PYTHON_EXECUTABLE: /usr/bin/python3
-- Using PYTHON_INCLUDE_DIRS: /usr/include/python3.10
-- Using PYTHON_LIBRARIES: /usr/lib/x86_64-linux-gnu/libpython3.10.so
-- Found gmock sources under '/home/jake/ros2_iron/install/gmock_vendor/src/gmock_vendor': C++ tests using 'Google Mock' will be built
-- Found gtest sources under '/home/jake/ros2_iron/install/gtest_vendor/src/gtest_vendor': C++ tests using 'Google Test' will be built
-- Found launch_testing_ament_cmake: 2.0.4 (/home/jake/ros2_iron/install/launch_testing_ament_cmake/share/launch_testing_ament_cmake/cmake)
-- Found python_cmake_module: 0.10.2 (/home/jake/ros2_iron/install/python_cmake_module/share/python_cmake_module/cmake)
-- Using PYTHON_EXECUTABLE: /usr/bin/python3
-- Using PYTHON_INCLUDE_DIRS: /usr/include/python3.10
-- Using PYTHON_LIBRARIES: /usr/lib/x86_64-linux-gnu/libpython3.10.so
-- Configuring done
-- Generating done
-- Build files have been written to: /home/jake/moveit2_ws_main/build/moveit_ros_planning
[35m[1mConsolidate compiler generated dependencies of target srdf_publisher[0m
[35m[1mConsolidate compiler generated dependencies of target gtest_main[0m
[35m[1mConsolidate compiler generated dependencies of target gtest[0m
[35m[1mConsolidate compiler generated dependencies of target gmock[0m
[35m[1mConsolidate compiler generated dependencies of target moveit_rdf_loader[0m
[35m[1mConsolidate compiler generated dependencies of target moveit_collision_plugin_loader[0m
[35m[1mConsolidate compiler generated dependencies of target moveit_pipeline_test_plugins[0m
[35m[1mConsolidate compiler generated dependencies of target gmock_main[0m
[  1%] Built target planning_pipeline_parameters
[  2%] Built target default_request_adapter_parameters
[  3%] Built target kinematics_parameters
[  4%] Built target default_response_adapter_parameters
[  7%] [32mBuilding CXX object gtest/CMakeFiles/gtest.dir/src/gtest-all.cc.o[0m
[  6%] [32mBuilding CXX object gtest/CMakeFiles/gtest_main.dir/src/gtest_main.cc.o[0m
[  8%] [32mBuilding CXX object gmock/CMakeFiles/gmock.dir/home/jake/ros2_iron/install/gtest_vendor/src/gtest_vendor/src/gtest-all.cc.o[0m
[  9%] [32mBuilding CXX object CMakeFiles/srdf_publisher.dir/rclcpp_components/node_main_srdf_publisher.cpp.o[0m
[ 10%] [32mBuilding CXX object gmock/CMakeFiles/gmock_main.dir/src/gmock_main.cc.o[0m
[ 12%] [32mBuilding CXX object rdf_loader/CMakeFiles/moveit_rdf_loader.dir/src/rdf_loader.cpp.o[0m
[ 13%] [32mBuilding CXX object collision_plugin_loader/CMakeFiles/moveit_collision_plugin_loader.dir/src/collision_plugin_loader.cpp.o[0m
[ 14%] [32mBuilding CXX object planning_pipeline/CMakeFiles/moveit_pipeline_test_plugins.dir/test/planning_pipeline_test_plugins.cpp.o[0m
[ 15%] [32mBuilding CXX object rdf_loader/CMakeFiles/moveit_rdf_loader.dir/src/synchronized_string_parameter.cpp.o[0m
[ 16%] [32mBuilding CXX object gmock/CMakeFiles/gmock.dir/src/gmock-all.cc.o[0m
[35m[1mConsolidate compiler generated dependencies of target srdf_publisher_node[0m
[35m[1mConsolidate compiler generated dependencies of target moveit_planning_pipeline[0m
[ 18%] [32mBuilding CXX object srdf_publisher_node/CMakeFiles/srdf_publisher_node.dir/src/srdf_publisher_node.cpp.o[0m
[ 19%] [32mBuilding CXX object planning_pipeline/CMakeFiles/moveit_planning_pipeline.dir/src/planning_pipeline.cpp.o[0m
In file included from [01m[K/usr/include/eigen3/Eigen/Core:341[m[K,
                 from [01m[K/home/jake/moveit2_ws_main/install/moveit_core/include/moveit_core/moveit/collision_detection/collision_common.h:45[m[K,
                 from [01m[K/home/jake/moveit2_ws_main/install/moveit_core/include/moveit_core/moveit/collision_detection/collision_matrix.h:39[m[K,
                 from [01m[K/home/jake/moveit2_ws_main/install/moveit_core/include/moveit_core/moveit/collision_detection/collision_env.h:39[m[K,
                 from [01m[K/home/jake/moveit2_ws_main/install/moveit_core/include/moveit_core/moveit/collision_detection/collision_plugin.h:38[m[K,
                 from [01m[K/home/jake/moveit2_ws_main/install/moveit_core/include/moveit_core/moveit/collision_detection/collision_plugin_cache.h:38[m[K,
                 from [01m[K/home/jake/moveit2_ws_main/src/moveit2/moveit_ros/planning/collision_plugin_loader/include/moveit/collision_plugin_loader/collision_plugin_loader.h:38[m[K,
                 from [01m[K/home/jake/moveit2_ws_main/src/moveit2/moveit_ros/planning/collision_plugin_loader/src/collision_plugin_loader.cpp:35[m[K:
[01m[K/usr/include/eigen3/Eigen/src/Core/products/TriangularMatrixVector.h:110:5:[m[K [01;31m[Kinternal compiler error: [m[KSegmentation fault
  110 |     [01;31m[KIndex[m[K diagSize = (std::min)(_rows,_cols);
      |     [01;31m[K^~~~~[m[K
Please submit a full bug report,
with preprocessed source if appropriate.
See <file:///usr/share/doc/gcc-11/README.Bugs> for instructions.
gmake[2]: *** [collision_plugin_loader/CMakeFiles/moveit_collision_plugin_loader.dir/build.make:76: collision_plugin_loader/CMakeFiles/moveit_collision_plugin_loader.dir/src/collision_plugin_loader.cpp.o] Error 1
gmake[1]: *** [CMakeFiles/Makefile2:498: collision_plugin_loader/CMakeFiles/moveit_collision_plugin_loader.dir/all] Error 2
gmake[1]: *** Waiting for unfinished jobs....
In file included from [01m[K/usr/include/c++/11/unordered_set:47[m[K,
                 from [01m[K/home/jake/ros2_iron/install/rclcpp/include/rclcpp/rclcpp/context.hpp:26[m[K,
                 from [01m[K/home/jake/ros2_iron/install/rclcpp/include/rclcpp/rclcpp/executor.hpp:34[m[K,
                 from [01m[K/home/jake/ros2_iron/install/rclcpp/include/rclcpp/rclcpp/executors/multi_threaded_executor.hpp:25[m[K,
                 from [01m[K/home/jake/ros2_iron/install/rclcpp/include/rclcpp/rclcpp/executors.hpp:21[m[K,
                 from [01m[K/home/jake/ros2_iron/install/rclcpp/include/rclcpp/rclcpp/rclcpp.hpp:167[m[K,
                 from [01m[K/home/jake/moveit2_ws_main/src/moveit2/moveit_ros/planning/srdf_publisher_node/src/srdf_publisher_node.cpp:50[m[K:
/usr/include/c++/11/bits/unordered_set.h: In instantiation of â€˜[01m[Kclass std::unordered_set<int>[m[Kâ€™:
[01m[K/usr/include/c++/11/bits/unordered_set.h:884:23:[m[K   required from here
[01m[K/usr/include/c++/11/bits/unordered_set.h:129:13:[m[K [01;31m[Kinternal compiler error: [m[KSegmentation fault
  129 |       using [01;31m[Kinsert_return_type[m[K = typename _Hashtable::insert_return_type;
      |             [01;31m[K^~~~~~~~~~~~~~~~~~[m[K
Please submit a full bug report,
with preprocessed source if appropriate.
See <file:///usr/share/doc/gcc-11/README.Bugs> for instructions.
gmake[2]: *** [srdf_publisher_node/CMakeFiles/srdf_publisher_node.dir/build.make:76: srdf_publisher_node/CMakeFiles/srdf_publisher_node.dir/src/srdf_publisher_node.cpp.o] Error 1
gmake[1]: *** [CMakeFiles/Makefile2:1412: srdf_publisher_node/CMakeFiles/srdf_publisher_node.dir/all] Error 2
[ 20%] [32m[1mLinking CXX static library libgtest_main.a[0m
In file included from [01m[K/home/jake/moveit2_ws_main/src/moveit2/moveit_ros/planning/planning_pipeline/test/planning_pipeline_test_plugins.cpp:37[m[K:
/usr/include/c++/11/chrono: In instantiation of â€˜[01m[Kconstexpr std::chrono::time_point<_Clock, _Dur>::time_point(const duration&) [with _Clock = std::chrono::_V2::system_clock; _Dur = std::chrono::duration<long int>; std::chrono::time_point<_Clock, _Dur>::duration = std::chrono::duration<long int>][m[Kâ€™:
[01m[K/usr/include/c++/11/chrono:1154:9:[m[K   required from here
[01m[K/usr/include/c++/11/chrono:885:28:[m[K [01;31m[Kinternal compiler error: [m[KSegmentation fault
  885 |         constexpr explicit [01;31m[Ktime_point[m[K(const duration& __dur)
      |                            [01;31m[K^~~~~~~~~~[m[K
Please submit a full bug report,
with preprocessed source if appropriate.
See <file:///usr/share/doc/gcc-11/README.Bugs> for instructions.
gmake[2]: *** [planning_pipeline/CMakeFiles/moveit_pipeline_test_plugins.dir/build.make:76: planning_pipeline/CMakeFiles/moveit_pipeline_test_plugins.dir/test/planning_pipeline_test_plugins.cpp.o] Error 1
gmake[1]: *** [CMakeFiles/Makefile2:935: planning_pipeline/CMakeFiles/moveit_pipeline_test_plugins.dir/all] Error 2
[ 20%] Built target gtest_main
In file included from [01m[K/home/jake/ros2_iron/install/gtest_vendor/src/gtest_vendor/src/gtest-all.cc:41[m[K:
[01m[K/home/jake/ros2_iron/install/gtest_vendor/src/gtest_vendor/src/gtest.cc:[m[K In constructor â€˜[01m[Ktesting::internal::UnitTestImpl::UnitTestImpl(testing::UnitTest*)[m[Kâ€™:
[01m[K/home/jake/ros2_iron/install/gtest_vendor/src/gtest_vendor/src/gtest.cc:5021:7:[m[K [01;31m[Kinternal compiler error: [m[KSegmentation fault
 5021 |       [01;31m[Kdeath_test_factory_(new DefaultDeathTestFactory)[m[K,
      |       [01;31m[K^~~~~~~~~~~~~~~~~~~~~~~~~~~~~~~~~~~~~~~~~~~~~~~~[m[K
Please submit a full bug report,
with preprocessed source if appropriate.
See <file:///usr/share/doc/gcc-11/README.Bugs> for instructions.
gmake[2]: *** [gmock/CMakeFiles/gmock.dir/build.make:76: gmock/CMakeFiles/gmock.dir/home/jake/ros2_iron/install/gtest_vendor/src/gtest_vendor/src/gtest-all.cc.o] Error 1
gmake[2]: *** Waiting for unfinished jobs....
[ 21%] [32m[1mLinking CXX static library libgmock_main.a[0m
[ 21%] Built target gmock_main
In file included from [01m[K/usr/include/c++/11/queue:64[m[K,
                 from [01m[K/home/jake/ros2_iron/install/rclcpp/include/rclcpp/rclcpp/experimental/executors/events_executor/events_queue.hpp:18[m[K,
                 from [01m[K/home/jake/ros2_iron/install/rclcpp/include/rclcpp/rclcpp/experimental/executors/events_executor/events_executor.hpp:27[m[K,
                 from [01m[K/home/jake/ros2_iron/install/rclcpp/include/rclcpp/rclcpp/executors.hpp:24[m[K,
                 from [01m[K/home/jake/ros2_iron/install/rclcpp/include/rclcpp/rclcpp/rclcpp.hpp:167[m[K,
                 from [01m[K/home/jake/moveit2_ws_main/src/moveit2/moveit_ros/planning/rdf_loader/include/moveit/rdf_loader/synchronized_string_parameter.h:40[m[K,
                 from [01m[K/home/jake/moveit2_ws_main/src/moveit2/moveit_ros/planning/rdf_loader/include/moveit/rdf_loader/rdf_loader.h:40[m[K,
                 from [01m[K/home/jake/moveit2_ws_main/src/moveit2/moveit_ros/planning/rdf_loader/src/rdf_loader.cpp:38[m[K:
[01m[K/usr/include/c++/11/bits/stl_queue.h:167:17:[m[K [01;31m[Kinternal compiler error: [m[KSegmentation fault
  167 |         : c() { [01;31m[K}[m[K
      |                 [01;31m[K^[m[K
Please submit a full bug report,
with preprocessed source if appropriate.
See <file:///usr/share/doc/gcc-11/README.Bugs> for instructions.
gmake[2]: *** [rdf_loader/CMakeFiles/moveit_rdf_loader.dir/build.make:76: rdf_loader/CMakeFiles/moveit_rdf_loader.dir/src/rdf_loader.cpp.o] Error 1
gmake[2]: *** Waiting for unfinished jobs....
during RTL pass: final
In file included from [01m[K/home/jake/ros2_iron/install/gmock_vendor/src/gmock_vendor/src/gmock-all.cc:44[m[K:
[01m[K/home/jake/ros2_iron/install/gmock_vendor/src/gmock_vendor/./src/gmock-matchers.cc:[m[K In member function â€˜[01m[Kvoid testing::internal::UnorderedElementsAreMatcherImplBase::DescribeNegationToImpl(std::ostream*) const[m[Kâ€™:
[01m[K/home/jake/ros2_iron/install/gmock_vendor/src/gmock_vendor/./src/gmock-matchers.cc:363:1:[m[K [01;31m[Kinternal compiler error: [m[KSegmentation fault
  363 | [01;31m[K}[m[K
      | [01;31m[K^[m[K
Please submit a full bug report,
with preprocessed source if appropriate.
See <file:///usr/share/doc/gcc-11/README.Bugs> for instructions.
gmake[2]: *** [gmock/CMakeFiles/gmock.dir/build.make:90: gmock/CMakeFiles/gmock.dir/src/gmock-all.cc.o] Error 1
gmake[1]: *** [CMakeFiles/Makefile2:1306: gmock/CMakeFiles/gmock.dir/all] Error 2
In file included from [01m[K/usr/include/c++/11/bits/move.h:57[m[K,
                 from [01m[K/usr/include/c++/11/bits/stl_pair.h:59[m[K,
                 from [01m[K/usr/include/c++/11/bits/stl_algobase.h:64[m[K,
                 from [01m[K/usr/include/c++/11/memory:63[m[K,
                 from [01m[K/home/jake/moveit2_ws_main/build/moveit_ros_planning/rclcpp_components/node_main_srdf_publisher.cpp:15[m[K:
/usr/include/c++/11/type_traits: In instantiation of â€˜[01m[Kstruct std::remove_cv<rclcpp_components::NodeFactory*>[m[Kâ€™:
[01m[K/usr/include/c++/11/type_traits:2665:12:[m[K   required from â€˜[01m[Kstruct std::__is_tuple_like<rclcpp_components::NodeFactory*>[m[Kâ€™
[01m[K/usr/include/c++/11/type_traits:163:41:[m[K   required from â€˜[01m[Kstruct std::__not_<std::__is_tuple_like<rclcpp_components::NodeFactory*> >[m[Kâ€™
[01m[K/usr/include/c++/11/type_traits:157:12:[m[K   required from â€˜[01m[Kstruct std::__and_<std::__not_<std::__is_tuple_like<rclcpp_components::NodeFactory*> >, std::is_move_constructible<rclcpp_components::NodeFactory*>, std::is_move_assignable<rclcpp_components::NodeFactory*> >[m[Kâ€™
[01m[K/usr/include/c++/11/type_traits:2209:11:[m[K   required by substitution of â€˜[01m[Ktemplate<class ... _Cond> using _Require = std::__enable_if_t<std::__and_< <template-parameter-1-1> >::value> [with _Cond = {std::__not_<std::__is_tuple_like<rclcpp_components::NodeFactory*> >, std::is_move_constructible<rclcpp_components::NodeFactory*>, std::is_move_assignable<rclcpp_components::NodeFactory*>}][m[Kâ€™
[01m[K/usr/include/c++/11/bits/move.h:196:5:[m[K   required by substitution of â€˜[01m[Ktemplate<class _Tp> std::_Require<std::__not_<std::__is_tuple_like<_Tp> >, std::is_move_constructible<_Tp>, std::is_move_assignable<_Tp> > std::swap(_Tp&, _Tp&) [with _Tp = rclcpp_components::NodeFactory*][m[Kâ€™
[01m[K/usr/include/c++/11/bits/shared_ptr_base.h:1316:11:[m[K   required from â€˜[01m[Kvoid std::__shared_ptr<_Tp, _Lp>::swap(std::__shared_ptr<_Tp, _Lp>&) [with _Tp = rclcpp_components::NodeFactory; __gnu_cxx::_Lock_policy _Lp = __gnu_cxx::_S_atomic][m[Kâ€™
[01m[K/usr/include/c++/11/bits/shared_ptr_base.h:1250:31:[m[K   required from â€˜[01m[Kstd::__shared_ptr<_Tp, _Lp>& std::__shared_ptr<_Tp, _Lp>::operator=(std::__shared_ptr<_Tp, _Lp>&&) [with _Tp = rclcpp_components::NodeFactory; __gnu_cxx::_Lock_policy _Lp = __gnu_cxx::_S_atomic][m[Kâ€™
[01m[K/usr/include/c++/11/bits/shared_ptr.h:385:36:[m[K   required from â€˜[01m[Kstd::shared_ptr<_Tp>& std::shared_ptr<_Tp>::operator=(std::shared_ptr<_Tp>&&) [with _Tp = rclcpp_components::NodeFactory][m[Kâ€™
[01m[K/home/jake/moveit2_ws_main/build/moveit_ros_planning/rclcpp_components/node_main_srdf_publisher.cpp:47:84:[m[K   required from here
[01m[K/usr/include/c++/11/type_traits:1532:5:[m[K [01;31m[Kinternal compiler error: [m[Kin finish_member_declaration, at cp/semantics.c:3408
 1532 |     [01;31m[K{[m[K using type = _Tp; };
      |     [01;31m[K^[m[K
Please submit a full bug report,
with preprocessed source if appropriate.
See <file:///usr/share/doc/gcc-11/README.Bugs> for instructions.
gmake[2]: *** [CMakeFiles/srdf_publisher.dir/build.make:76: CMakeFiles/srdf_publisher.dir/rclcpp_components/node_main_srdf_publisher.cpp.o] Error 1
gmake[1]: *** [CMakeFiles/Makefile2:472: CMakeFiles/srdf_publisher.dir/all] Error 2
In file included from [01m[K/usr/include/c++/11/bits/stl_tempbuf.h:60[m[K,
                 from [01m[K/usr/include/c++/11/bits/stl_algo.h:62[m[K,
                 from [01m[K/usr/include/c++/11/algorithm:62[m[K,
                 from [01m[K/home/jake/ros2_iron/install/std_msgs/include/std_msgs/std_msgs/msg/detail/string__struct.hpp:8[m[K,
                 from [01m[K/home/jake/ros2_iron/install/std_msgs/include/std_msgs/std_msgs/msg/string.hpp:7[m[K,
                 from [01m[K/home/jake/moveit2_ws_main/src/moveit2/moveit_ros/planning/rdf_loader/include/moveit/rdf_loader/synchronized_string_parameter.h:39[m[K,
                 from [01m[K/home/jake/moveit2_ws_main/src/moveit2/moveit_ros/planning/rdf_loader/src/synchronized_string_parameter.cpp:37[m[K:
/usr/include/c++/11/bits/stl_construct.h: In instantiation of â€˜[01m[Kvoid std::_Destroy(_ForwardIterator, _ForwardIterator) [with _ForwardIterator = rcl_interfaces::msg::FloatingPointRange_<std::allocator<void> >*][m[Kâ€™:
[01m[K/usr/include/c++/11/bits/alloc_traits.h:848:15:[m[K   required from â€˜[01m[Kvoid std::_Destroy(_ForwardIterator, _ForwardIterator, std::allocator<_T2>&) [with _ForwardIterator = rcl_interfaces::msg::FloatingPointRange_<std::allocator<void> >*; _Tp = rcl_interfaces::msg::FloatingPointRange_<std::allocator<void> >][m[Kâ€™
[01m[K/usr/include/c++/11/bits/stl_vector.h:680:15:[m[K   required from â€˜[01m[Kstd::vector<_Tp, _Alloc>::~vector() [with _Tp = rcl_interfaces::msg::FloatingPointRange_<std::allocator<void> >; _Alloc = std::allocator<rcl_interfaces::msg::FloatingPointRange_<std::allocator<void> > >][m[Kâ€™
[01m[K/home/jake/ros2_iron/src/ros2/rosidl/rosidl_runtime_cpp/include/rosidl_runtime_cpp/bounded_vector.hpp:121:11:[m[K   required from â€˜[01m[Krosidl_runtime_cpp::BoundedVector<Tp, UpperBound, Alloc>::BoundedVector(const rosidl_runtime_cpp::BoundedVector<Tp, UpperBound, Alloc>&) [with Tp = rcl_interfaces::msg::FloatingPointRange_<std::allocator<void> >; long unsigned int UpperBound = 1; Alloc = std::allocator<rcl_interfaces::msg::FloatingPointRange_<std::allocator<void> > >][m[Kâ€™
[01m[K/home/jake/ros2_iron/build/rcl_interfaces/rosidl_generator_cpp/rcl_interfaces/msg/detail/parameter_descriptor__struct.hpp:38:8:[m[K   required from here
[01m[K/usr/include/c++/11/bits/stl_construct.h:197:5:[m[K [01;31m[Kinternal compiler error: [m[KSegmentation fault
  197 |     [01;31m[K}[m[K
      |     [01;31m[K^[m[K
Please submit a full bug report,
with preprocessed source if appropriate.
See <file:///usr/share/doc/gcc-11/README.Bugs> for instructions.
gmake[2]: *** [rdf_loader/CMakeFiles/moveit_rdf_loader.dir/build.make:90: rdf_loader/CMakeFiles/moveit_rdf_loader.dir/src/synchronized_string_parameter.cpp.o] Error 1
gmake[1]: *** [CMakeFiles/Makefile2:1358: rdf_loader/CMakeFiles/moveit_rdf_loader.dir/all] Error 2
In file included from [01m[K/home/jake/ros2_iron/install/rclcpp/include/rclcpp/rclcpp/context.hpp:35[m[K,
                 from [01m[K/home/jake/ros2_iron/install/rclcpp/include/rclcpp/rclcpp/utilities.hpp:24[m[K,
                 from [01m[K/home/jake/ros2_iron/build/rclcpp/include/rclcpp/logging.hpp:25[m[K,
                 from [01m[K/home/jake/moveit2_ws_main/install/moveit_core/include/moveit_core/moveit/kinematics_base/kinematics_base.h:42[m[K,
                 from [01m[K/home/jake/moveit2_ws_main/install/moveit_core/include/moveit_core/moveit/robot_model/joint_model_group.h:42[m[K,
                 from [01m[K/home/jake/moveit2_ws_main/install/moveit_core/include/moveit_core/moveit/robot_model/robot_model.h:45[m[K,
                 from [01m[K/home/jake/moveit2_ws_main/install/moveit_core/include/moveit_core/moveit/robot_state/robot_state.h:40[m[K,
                 from [01m[K/home/jake/moveit2_ws_main/install/moveit_core/include/moveit_core/moveit/robot_trajectory/robot_trajectory.h:40[m[K,
                 from [01m[K/home/jake/moveit2_ws_main/install/moveit_core/include/moveit_core/moveit/planning_interface/planning_response.h:39[m[K,
                 from [01m[K/home/jake/moveit2_ws_main/install/moveit_core/include/moveit_core/moveit/planning_interface/planning_interface.h:41[m[K,
                 from [01m[K/home/jake/moveit2_ws_main/src/moveit2/moveit_ros/planning/planning_pipeline/include/moveit/planning_pipeline/planning_pipeline.h:44[m[K,
                 from [01m[K/home/jake/moveit2_ws_main/src/moveit2/moveit_ros/planning/planning_pipeline/src/planning_pipeline.cpp:37[m[K:
[01m[K/home/jake/ros2_iron/install/rclcpp/include/rclcpp/rclcpp/experimental/timers_manager.hpp:68:3:[m[K [01;31m[Kinternal compiler error: [m[KSegmentation fault
   68 |   [01;31m[KRCLCPP_SMART_PTR_DEFINITIONS_NOT_COPYABLE[m[K(TimersManager)
      |   [01;31m[K^~~~~~~~~~~~~~~~~~~~~~~~~~~~~~~~~~~~~~~~~[m[K
Please submit a full bug report,
with preprocessed source if appropriate.
See <file:///usr/share/doc/gcc-11/README.Bugs> for instructions.
gmake[2]: *** [planning_pipeline/CMakeFiles/moveit_planning_pipeline.dir/build.make:76: planning_pipeline/CMakeFiles/moveit_planning_pipeline.dir/src/planning_pipeline.cpp.o] Error 1
gmake[1]: *** [CMakeFiles/Makefile2:909: planning_pipeline/CMakeFiles/moveit_planning_pipeline.dir/all] Error 2
[ 22%] [32m[1mLinking CXX static library libgtest.a[0m
[ 22%] Built target gtest
gmake: *** [Makefile:146: all] Error 2
