during RTL pass: reload
In file included from [01m[K/usr/include/c++/11/map:60[m[K,
                 from [01m[K/opt/ros/iron/include/srdfdom/model.h:40[m[K,
                 from [01m[K/home/jake/moveit2_ws_main/install/moveit_core/include/moveit_core/moveit/robot_model/robot_model.h:42[m[K,
                 from [01m[K/home/jake/moveit2_ws_main/src/moveit2/moveit_planners/pilz_industrial_motion_planner/include/pilz_industrial_motion_planner/trajectory_functions.h:39[m[K,
                 from [01m[K/home/jake/moveit2_ws_main/src/moveit2/moveit_planners/pilz_industrial_motion_planner/src/trajectory_functions.cpp:35[m[K:
[01m[K/usr/include/c++/11/bits/stl_tree.h:[m[K In function â€˜[01m[Kstd::_Rb_tree_node<_Val>* std::_Rb_tree<_Key, _Val, _KeyOfValue, _Compare, _Alloc>::_M_copy(std::_Rb_tree<_Key, _Val, _KeyOfValue, _Compare, _Alloc>::_Link_type, std::_Rb_tree<_Key, _Val, _KeyOfValue, _Compare, _Alloc>::_Base_ptr, _NodeGen&) [with bool _MoveValues = false; _NodeGen = std::_Rb_tree<std::__cxx11::basic_string<char>, std::pair<const std::__cxx11::basic_string<char>, double>, std::_Select1st<std::pair<const std::__cxx11::basic_string<char>, double> >, std::less<std::__cxx11::basic_string<char> >, std::allocator<std::pair<const std::__cxx11::basic_string<char>, double> > >::_Alloc_node; _Key = std::__cxx11::basic_string<char>; _Val = std::pair<const std::__cxx11::basic_string<char>, double>; _KeyOfValue = std::_Select1st<std::pair<const std::__cxx11::basic_string<char>, double> >; _Compare = std::less<std::__cxx11::basic_string<char> >; _Alloc = std::allocator<std::pair<const std::__cxx11::basic_string<char>, double> >][m[Kâ€™:
[01m[K/usr/include/c++/11/bits/stl_tree.h:1878:7:[m[K [01;31m[Kinternal compiler error: [m[KSegmentation fault
 1878 |       [01;31m[K}[m[K
      |       [01;31m[K^[m[K
DW_FORM_strp out of range in .debug_info at 17
Please submit a full bug report,
with preprocessed source if appropriate.
See <file:///usr/share/doc/gcc-11/README.Bugs> for instructions.
gmake[2]: *** [CMakeFiles/trajectory_generation_common.dir/build.make:76: CMakeFiles/trajectory_generation_common.dir/src/trajectory_functions.cpp.o] Error 1
gmake[2]: *** Waiting for unfinished jobs....
during GIMPLE pass: local-pure-const
In file included from [01m[K/home/jake/moveit2_ws_main/src/moveit2/moveit_planners/pilz_industrial_motion_planner/include/pilz_industrial_motion_planner/trajectory_generator.h:50[m[K,
                 from [01m[K/home/jake/moveit2_ws_main/src/moveit2/moveit_planners/pilz_industrial_motion_planner/src/trajectory_generator.cpp:35[m[K:
[01m[K/home/jake/moveit2_ws_main/src/moveit2/moveit_planners/pilz_industrial_motion_planner/include/pilz_industrial_motion_planner/trajectory_generator.h:[m[K In destructor â€˜[01m[Kpilz_industrial_motion_planner::SizeMismatchInStartState::~SizeMismatchInStartState()[m[Kâ€™:
[01m[K/home/jake/moveit2_ws_main/src/moveit2/moveit_planners/pilz_industrial_motion_planner/include/pilz_industrial_motion_planner/trajectory_generator.h:63:36:[m[K [01;31m[Kinternal compiler error: [m[KSegmentation fault
   63 | CREATE_MOVEIT_ERROR_CODE_EXCEPTION([01;31m[KSizeMismatchInStartState[m[K, moveit_msgs::msg::MoveItErrorCodes::INVALID_ROBOT_STATE);
      |                                    [01;31m[K^~~~~~~~~~~~~~~~~~~~~~~~[m[K
[01m[K/home/jake/moveit2_ws_main/src/moveit2/moveit_planners/pilz_industrial_motion_planner/include/pilz_industrial_motion_planner/trajectory_generation_exceptions.h:109:9:[m[K [01;36m[Knote: [m[Kin definition of macro â€˜[01m[KCREATE_MOVEIT_ERROR_CODE_EXCEPTION[m[Kâ€™
  109 |   class [01;36m[KEXCEPTION_CLASS_NAME[m[K : public TemplatedMoveItErrorCodeException<ERROR_CODE>                                    \
      |         [01;36m[K^~~~~~~~~~~~~~~~~~~~[m[K
DW_FORM_strp out of range in .debug_info at 17
Please submit a full bug report,
with preprocessed source if appropriate.
See <file:///usr/share/doc/gcc-11/README.Bugs> for instructions.
gmake[2]: *** [CMakeFiles/trajectory_generation_common.dir/build.make:90: CMakeFiles/trajectory_generation_common.dir/src/trajectory_generator.cpp.o] Error 1
gmake[1]: *** [CMakeFiles/Makefile2:354: CMakeFiles/trajectory_generation_common.dir/all] Error 2
gmake[1]: *** Waiting for unfinished jobs....
In file included from [01m[K/usr/include/c++/11/unordered_map:46[m[K,
                 from [01m[K/usr/include/c++/11/functional:61[m[K,
                 from [01m[K/usr/include/c++/11/pstl/glue_algorithm_defs.h:13[m[K,
                 from [01m[K/usr/include/c++/11/algorithm:74[m[K,
                 from [01m[K/home/jake/ros2_iron/install/gtest_vendor/src/gtest_vendor/include/gtest/internal/gtest-port.h:264[m[K,
                 from [01m[K/home/jake/ros2_iron/install/gtest_vendor/src/gtest_vendor/include/gtest/internal/gtest-internal.h:40[m[K,
                 from [01m[K/home/jake/ros2_iron/install/gtest_vendor/src/gtest_vendor/include/gtest/gtest.h:62[m[K,
                 from [01m[K/home/jake/moveit2_ws_main/src/moveit2/moveit_planners/pilz_industrial_motion_planner/test/unit_tests/src/unittest_joint_limits_aggregator.cpp:35[m[K:
/usr/include/c++/11/bits/hashtable.h: In instantiation of â€˜[01m[Kclass std::_Hashtable<long int, std::pair<const long int, std::pair<std::chrono::time_point<std::chrono::_V2::system_clock, std::chrono::duration<long int, std::ratio<1, 1000000000> > >, std::variant<std::promise<std::shared_ptr<rcl_interfaces::srv::ListParameters_Response_<std::allocator<void> > > >, std::tuple<std::function<void(std::shared_future<std::shared_ptr<rcl_interfaces::srv::ListParameters_Response_<std::allocator<void> > > >)>, std::shared_future<std::shared_ptr<rcl_interfaces::srv::ListParameters_Response_<std::allocator<void> > > >, std::promise<std::shared_ptr<rcl_interfaces::srv::ListParameters_Response_<std::allocator<void> > > > >, std::tuple<std::function<void(std::shared_future<std::pair<std::shared_ptr<rcl_interfaces::srv::ListParameters_Request_<std::allocator<void> > >, std::shared_ptr<rcl_interfaces::srv::ListParameters_Response_<std::allocator<void> > > > >)>, std::shared_ptr<rcl_interfaces::srv::ListParameters_Request_<std::allocator<void> > >, std::shared_future<std::pair<std::shared_ptr<rcl_interfaces::srv::ListParameters_Request_<std::allocator<void> > >, std::shared_ptr<rcl_interfaces::srv::ListParameters_Response_<std::allocator<void> > > > >, std::promise<std::pair<std::shared_ptr<rcl_interfaces::srv::ListParameters_Request_<std::allocator<void> > >, std::shared_ptr<rcl_interfaces::srv::ListParameters_Response_<std::allocator<void> > > > > > > > >, std::allocator<std::pair<const long int, std::pair<std::chrono::time_point<std::chrono::_V2::system_clock, std::chrono::duration<long int, std::ratio<1, 1000000000> > >, std::variant<std::promise<std::shared_ptr<rcl_interfaces::srv::ListParameters_Response_<std::allocator<void> > > >, std::tuple<std::function<void(std::shared_future<std::shared_ptr<rcl_interfaces::srv::ListParameters_Response_<std::allocator<void> > > >)>, std::shared_future<std::shared_ptr<rcl_interfaces::srv::ListParameters_Response_<std::allocator<void> > > >, std::promise<std::shared_ptr<rcl_interfaces::srv::ListParameters_Response_<std::allocator<void> > > > >, std::tuple<std::function<void(std::shared_future<std::pair<std::shared_ptr<rcl_interfaces::srv::ListParameters_Request_<std::allocator<void> > >, std::shared_ptr<rcl_interfaces::srv::ListParameters_Response_<std::allocator<void> > > > >)>, std::shared_ptr<rcl_interfaces::srv::ListParameters_Request_<std::allocator<void> > >, std::shared_future<std::pair<std::shared_ptr<rcl_interfaces::srv::ListParameters_Request_<std::allocator<void> > >, std::shared_ptr<rcl_interfaces::srv::ListParameters_Response_<std::allocator<void> > > > >, std::promise<std::pair<std::shared_ptr<rcl_interfaces::srv::ListParameters_Request_<std::allocator<void> > >, std::shared_ptr<rcl_interfaces::srv::ListParameters_Response_<std::allocator<void> > > > > > > > > >, std::__detail::_Select1st, std::equal_to<long int>, std::hash<long int>, std::__detail::_Mod_range_hashing, std::__detail::_Default_ranged_hash, std::__detail::_Prime_rehash_policy, std::__detail::_Hashtable_traits<false, false, true> >[m[Kâ€™:
[01m[K/usr/include/c++/11/bits/unordered_map.h:105:18:[m[K   required from â€˜[01m[Kclass std::unordered_map<long int, std::pair<std::chrono::time_point<std::chrono::_V2::system_clock, std::chrono::duration<long int, std::ratio<1, 1000000000> > >, std::variant<std::promise<std::shared_ptr<rcl_interfaces::srv::ListParameters_Response_<std::allocator<void> > > >, std::tuple<std::function<void(std::shared_future<std::shared_ptr<rcl_interfaces::srv::ListParameters_Response_<std::allocator<void> > > >)>, std::shared_future<std::shared_ptr<rcl_interfaces::srv::ListParameters_Response_<std::allocator<void> > > >, std::promise<std::shared_ptr<rcl_interfaces::srv::ListParameters_Response_<std::allocator<void> > > > >, std::tuple<std::function<void(std::shared_future<std::pair<std::shared_ptr<rcl_interfaces::srv::ListParameters_Request_<std::allocator<void> > >, std::shared_ptr<rcl_interfaces::srv::ListParameters_Response_<std::allocator<void> > > > >)>, std::shared_ptr<rcl_interfaces::srv::ListParameters_Request_<std::allocator<void> > >, std::shared_future<std::pair<std::shared_ptr<rcl_interfaces::srv::ListParameters_Request_<std::allocator<void> > >, std::shared_ptr<rcl_interfaces::srv::ListParameters_Response_<std::allocator<void> > > > >, std::promise<std::pair<std::shared_ptr<rcl_interfaces::srv::ListParameters_Request_<std::allocator<void> > >, std::shared_ptr<rcl_interfaces::srv::ListParameters_Response_<std::allocator<void> > > > > > > >, std::hash<long int>, std::equal_to<long int>, std::allocator<std::pair<const long int, std::pair<std::chrono::time_point<std::chrono::_V2::system_clock, std::chrono::duration<long int, std::ratio<1, 1000000000> > >, std::variant<std::promise<std::shared_ptr<rcl_interfaces::srv::ListParameters_Response_<std::allocator<void> > > >, std::tuple<std::function<void(std::shared_future<std::shared_ptr<rcl_interfaces::srv::ListParameters_Response_<std::allocator<void> > > >)>, std::shared_future<std::shared_ptr<rcl_interfaces::srv::ListParameters_Response_<std::allocator<void> > > >, std::promise<std::shared_ptr<rcl_interfaces::srv::ListParameters_Response_<std::allocator<void> > > > >, std::tuple<std::function<void(std::shared_future<std::pair<std::shared_ptr<rcl_interfaces::srv::ListParameters_Request_<std::allocator<void> > >, std::shared_ptr<rcl_interfaces::srv::ListParameters_Response_<std::allocator<void> > > > >)>, std::shared_ptr<rcl_interfaces::srv::ListParameters_Request_<std::allocator<void> > >, std::shared_future<std::pair<std::shared_ptr<rcl_interfaces::srv::ListParameters_Request_<std::allocator<void> > >, std::shared_ptr<rcl_interfaces::srv::ListParameters_Response_<std::allocator<void> > > > >, std::promise<std::pair<std::shared_ptr<rcl_interfaces::srv::ListParameters_Request_<std::allocator<void> > >, std::shared_ptr<rcl_interfaces::srv::ListParameters_Response_<std::allocator<void> > > > > > > > > > >[m[Kâ€™
[01m[K/home/jake/ros2_iron/install/rclcpp/include/rclcpp/rclcpp/client.hpp:860:3:[m[K   required from â€˜[01m[Kclass rclcpp::Client<rcl_interfaces::srv::ListParameters>[m[Kâ€™
[01m[K/home/jake/ros2_iron/install/rclcpp/include/rclcpp/rclcpp/parameter_client.hpp:375:54:[m[K   required from here
[01m[K/usr/include/c++/11/bits/hashtable.h:180:11:[m[K [01;31m[Kinternal compiler error: [m[KSegmentation fault
  180 |     class [01;31m[K_Hashtable[m[K
      |           [01;31m[K^~~~~~~~~~[m[K
DW_FORM_strp out of range in .debug_info at 17
Please submit a full bug report,
with preprocessed source if appropriate.
See <file:///usr/share/doc/gcc-11/README.Bugs> for instructions.
gmake[2]: *** [test/unit_tests/CMakeFiles/unittest_joint_limits_aggregator.dir/build.make:76: test/unit_tests/CMakeFiles/unittest_joint_limits_aggregator.dir/src/unittest_joint_limits_aggregator.cpp.o] Error 1
gmake[1]: *** [CMakeFiles/Makefile2:936: test/unit_tests/CMakeFiles/unittest_joint_limits_aggregator.dir/all] Error 2
In file included from [01m[K/usr/include/eigen3/Eigen/SVD:37[m[K,
                 from [01m[K/usr/include/eigen3/Eigen/Geometry:13[m[K,
                 from [01m[K/home/jake/moveit2_ws_main/install/moveit_core/include/moveit_core/moveit/robot_model/joint_model.h:46[m[K,
                 from [01m[K/home/jake/moveit2_ws_main/install/moveit_core/include/moveit_core/moveit/robot_model/joint_model_group.h:40[m[K,
                 from [01m[K/home/jake/moveit2_ws_main/install/moveit_core/include/moveit_core/moveit/robot_model/robot_model.h:45[m[K,
                 from [01m[K/home/jake/moveit2_ws_main/install/moveit_core/include/moveit_core/moveit/robot_state/robot_state.h:40[m[K,
                 from [01m[K/home/jake/moveit2_ws_main/install/moveit_core/include/moveit_core/moveit/robot_trajectory/robot_trajectory.h:40[m[K,
                 from [01m[K/home/jake/moveit2_ws_main/install/moveit_core/include/moveit_core/moveit/planning_interface/planning_response.h:39[m[K,
                 from [01m[K/home/jake/moveit2_ws_main/install/moveit_core/include/moveit_core/moveit/planning_interface/planning_interface.h:41[m[K,
                 from [01m[K/home/jake/moveit2_ws_main/src/moveit2/moveit_planners/pilz_industrial_motion_planner/include/pilz_industrial_motion_planner/planning_context_loader.h:42[m[K,
                 from [01m[K/home/jake/moveit2_ws_main/src/moveit2/moveit_planners/pilz_industrial_motion_planner/include/pilz_industrial_motion_planner/pilz_industrial_motion_planner.h:40[m[K,
                 from [01m[K/home/jake/moveit2_ws_main/src/moveit2/moveit_planners/pilz_industrial_motion_planner/src/pilz_industrial_motion_planner.cpp:37[m[K:
/usr/include/eigen3/Eigen/src/SVD/JacobiSVD.h: In instantiation of â€˜[01m[KEigen::JacobiSVD<MatrixType, QRPreconditioner>& Eigen::JacobiSVD<MatrixType, QRPreconditioner>::compute(const MatrixType&, unsigned int) [with _MatrixType = Eigen::Matrix<double, 3, 3>; int QRPreconditioner = 2; Eigen::JacobiSVD<MatrixType, QRPreconditioner>::MatrixType = Eigen::Matrix<double, 3, 3>][m[Kâ€™:
[01m[K/usr/include/eigen3/Eigen/src/SVD/JacobiSVD.h:549:14:[m[K   required from â€˜[01m[KEigen::JacobiSVD<MatrixType, QRPreconditioner>::JacobiSVD(const MatrixType&, unsigned int) [with _MatrixType = Eigen::Matrix<double, 3, 3>; int QRPreconditioner = 2; Eigen::JacobiSVD<MatrixType, QRPreconditioner>::MatrixType = Eigen::Matrix<double, 3, 3>][m[Kâ€™
[01m[K/usr/include/eigen3/Eigen/src/Geometry/Transform.h:1101:31:[m[K   required from â€˜[01m[Kvoid Eigen::Transform<Scalar, Dim, Mode, _Options>::computeRotationScaling(RotationMatrixType*, ScalingMatrixType*) const [with RotationMatrixType = Eigen::Matrix<double, 3, 3>; ScalingMatrixType = Eigen::Matrix<double, 3, 3>; _Scalar = double; int _Dim = 3; int _Mode = 1; int _Options = 0][m[Kâ€™
[01m[K/opt/ros/iron/include/geometric_shapes/check_isometry.h:79:35:[m[K   required from here
[01m[K/usr/include/eigen3/Eigen/src/SVD/JacobiSVD.h:794:1:[m[K [01;31m[Kinternal compiler error: [m[KSegmentation fault
  794 | [01;31m[K}[m[K
      | [01;31m[K^[m[K
DW_FORM_strp out of range in .debug_info at 17
Please submit a full bug report,
with preprocessed source if appropriate.
See <file:///usr/share/doc/gcc-11/README.Bugs> for instructions.
gmake[2]: *** [CMakeFiles/pilz_industrial_motion_planner.dir/build.make:76: CMakeFiles/pilz_industrial_motion_planner.dir/src/pilz_industrial_motion_planner.cpp.o] Error 1
gmake[1]: *** [CMakeFiles/Makefile2:410: CMakeFiles/pilz_industrial_motion_planner.dir/all] Error 2
gmake: *** [Makefile:146: all] Error 2
