-- The CXX compiler identification is GNU 11.4.0
-- Detecting CXX compiler ABI info
-- Detecting CXX compiler ABI info - done
-- Check for working CXX compiler: /usr/bin/c++ - skipped
-- Detecting CXX compile features
-- Detecting CXX compile features - done
-- Found moveit_common: 2.11.0 (/home/jake/moveit2_ws_main/install/moveit_common/share/moveit_common/cmake)
-- Found ament_cmake: 2.0.6 (/home/jake/ros2_iron/install/ament_cmake/share/ament_cmake/cmake)
-- Found Python3: /usr/bin/python3.10 (found version "3.10.12") found components: Interpreter 
-- Found eigen3_cmake_module: 0.2.2 (/home/jake/ros2_iron/install/eigen3_cmake_module/share/eigen3_cmake_module/cmake)
-- Found Eigen3: TRUE (found version "3.4.0") 
-- Found generate_parameter_library: 0.3.7 (/home/jake/moveit2_ws_main/install/generate_parameter_library/share/generate_parameter_library/cmake)
-- Found parameter_traits: 0.3.7 (/home/jake/moveit2_ws_main/install/parameter_traits/share/parameter_traits/cmake)
-- Found rosidl_generator_c: 4.0.1 (/home/jake/ros2_iron/install/rosidl_generator_c/share/rosidl_generator_c/cmake)
-- Found rosidl_generator_cpp: 4.0.1 (/home/jake/ros2_iron/install/rosidl_generator_cpp/share/rosidl_generator_cpp/cmake)
-- Using all available rosidl_typesupport_c: rosidl_typesupport_introspection_c;rosidl_typesupport_fastrtps_c
-- Using all available rosidl_typesupport_cpp: rosidl_typesupport_introspection_cpp;rosidl_typesupport_fastrtps_cpp
-- Found rmw_implementation_cmake: 7.1.0 (/home/jake/ros2_iron/install/rmw_implementation_cmake/share/rmw_implementation_cmake/cmake)
-- Found rmw_fastrtps_cpp: 7.1.4 (/home/jake/ros2_iron/install/rmw_fastrtps_cpp/share/rmw_fastrtps_cpp/cmake)
-- Found OpenSSL: /usr/lib/x86_64-linux-gnu/libcrypto.so (found version "3.0.2")  
-- Found FastRTPS: /home/jake/ros2_iron/install/fastrtps/include  
-- Using RMW implementation 'rmw_fastrtps_cpp' as default
-- Found rclcpp_lifecycle: 21.0.7 (/home/jake/ros2_iron/install/rclcpp_lifecycle/share/rclcpp_lifecycle/cmake)
-- Found geometry_msgs: 5.0.1 (/home/jake/ros2_iron/install/geometry_msgs/share/geometry_msgs/cmake)
-- Found moveit_core: 2.11.0 (/home/jake/moveit2_ws_main/install/moveit_core/share/moveit_core/cmake)
-- Found Boost: /usr/lib/x86_64-linux-gnu/cmake/Boost-1.74.0/BoostConfig.cmake (found version "1.74.0") found components: chrono date_time filesystem iostreams program_options regex serialization system thread 
-- Found Boost: /usr/lib/x86_64-linux-gnu/cmake/Boost-1.74.0/BoostConfig.cmake (found version "1.74.0") found components: filesystem 
-- library: /usr/lib/x86_64-linux-gnu/libcurl.so
-- Ensuring Eigen3 include directory is part of orocos-kdl CMake target
-- Found moveit_ros_move_group: 2.11.0 (/home/jake/moveit2_ws_main/install/moveit_ros_move_group/share/moveit_ros_move_group/cmake)
-- Found Boost: /usr/lib/x86_64-linux-gnu/cmake/Boost-1.74.0/BoostConfig.cmake (found version "1.74.0") found components: system filesystem date_time program_options thread 
-- Found Boost: /usr/lib/x86_64-linux-gnu/cmake/Boost-1.74.0/BoostConfig.cmake (found version "1.74.0") found components: system filesystem date_time program_options thread chrono 
-- Found tf2_eigen_kdl: 0.31.8 (/home/jake/ros2_iron/install/tf2_eigen_kdl/share/tf2_eigen_kdl/cmake)
-- Found Boost: /usr/lib/x86_64-linux-gnu/cmake/Boost-1.74.0/BoostConfig.cmake (found version "1.74.0")  
-- Found ament_cmake_gtest: 2.0.6 (/home/jake/ros2_iron/install/ament_cmake_gtest/share/ament_cmake_gtest/cmake)
-- Found ament_cmake_gmock: 2.0.6 (/home/jake/ros2_iron/install/ament_cmake_gmock/share/ament_cmake_gmock/cmake)
-- Found ros_testing: 0.5.2 (/home/jake/ros2_iron/install/ros_testing/share/ros_testing/cmake)
-- Found launch_testing_ament_cmake: 2.0.4 (/home/jake/ros2_iron/install/launch_testing_ament_cmake/share/launch_testing_ament_cmake/cmake)
-- Found python_cmake_module: 0.10.2 (/home/jake/ros2_iron/install/python_cmake_module/share/python_cmake_module/cmake)
-- Found PythonInterp: /usr/bin/python3 (found suitable version "3.10.12", minimum required is "3.6") 
-- Found PythonLibs: /usr/lib/x86_64-linux-gnu/libpython3.10.so (found suitable version "3.10.12", minimum required is "3.5") 
-- Using PYTHON_EXECUTABLE: /usr/bin/python3
-- Using PYTHON_INCLUDE_DIRS: /usr/include/python3.10
-- Using PYTHON_LIBRARIES: /usr/lib/x86_64-linux-gnu/libpython3.10.so
-- Found PythonExtra: .so  
-- Found moveit_resources_prbt_support: 2.11.0 (/home/jake/moveit2_ws_main/install/moveit_resources_prbt_support/share/moveit_resources_prbt_support/cmake)
-- Found moveit_resources_prbt_moveit_config: 2.11.0 (/home/jake/moveit2_ws_main/install/moveit_resources_prbt_moveit_config/share/moveit_resources_prbt_moveit_config/cmake)
-- Found Boost: /usr/lib/x86_64-linux-gnu/cmake/Boost-1.74.0/BoostConfig.cmake (found version "1.74.0") found components: thread 
-- Found pilz_industrial_motion_planner_testutils: 2.11.0 (/home/jake/moveit2_ws_main/install/pilz_industrial_motion_planner_testutils/share/pilz_industrial_motion_planner_testutils/cmake)
-- Found gtest sources under '/home/jake/ros2_iron/install/gtest_vendor/src/gtest_vendor': C++ tests using 'Google Test' will be built
-- The C compiler identification is GNU 11.4.0
-- Detecting C compiler ABI info
-- Detecting C compiler ABI info - done
-- Check for working C compiler: /usr/bin/cc - skipped
-- Detecting C compile features
-- Detecting C compile features - done
-- Found Threads: TRUE  
-- Found gmock sources under '/home/jake/ros2_iron/install/gmock_vendor/src/gmock_vendor': C++ tests using 'Google Mock' will be built
-- Configuring done
-- Generating done
-- Build files have been written to: /home/jake/moveit2_ws_main/build/pilz_industrial_motion_planner
[  1%] [32mBuilding CXX object gtest/CMakeFiles/gtest_main.dir/src/gtest_main.cc.o[0m
[  3%] [32mBuilding CXX object gmock/CMakeFiles/gmock.dir/src/gmock-all.cc.o[0m
[  3%] [32mBuilding CXX object gmock/CMakeFiles/gmock_main.dir/src/gmock_main.cc.o[0m
[  5%] [32mBuilding CXX object gtest/CMakeFiles/gtest.dir/src/gtest-all.cc.o[0m
[  6%] [32mBuilding CXX object gmock/CMakeFiles/gmock.dir/home/jake/ros2_iron/install/gtest_vendor/src/gtest_vendor/src/gtest-all.cc.o[0m
[  7%] [34m[1mRunning `/opt/ros/iron/bin/generate_parameter_library_cpp /home/jake/moveit2_ws_main/build/pilz_industrial_motion_planner/cartesian_limits_parameters/include//cartesian_limits_parameters.hpp /home/jake/moveit2_ws_main/src/moveit2/moveit_planners/pilz_industrial_motion_planner/src/cartesian_limits_parameters.yaml `[0m
[  7%] Built target cartesian_limits_parameters
[  8%] [32mBuilding CXX object CMakeFiles/planning_context_loader_base.dir/src/planning_context_loader.cpp.o[0m
[ 10%] [32mBuilding CXX object CMakeFiles/trajectory_generation_common.dir/src/trajectory_functions.cpp.o[0m
[ 11%] [32mBuilding CXX object CMakeFiles/joint_limits_common.dir/src/joint_limits_aggregator.cpp.o[0m
[ 12%] [32m[1mLinking CXX static library libgmock_main.a[0m
[ 13%] [32m[1mLinking CXX static library libgtest_main.a[0m
[ 13%] Built target gmock_main
[ 15%] [32mBuilding CXX object CMakeFiles/joint_limits_common.dir/src/joint_limits_container.cpp.o[0m
[ 15%] Built target gtest_main
[ 16%] [32mBuilding CXX object CMakeFiles/joint_limits_common.dir/src/joint_limits_validator.cpp.o[0m
[ 17%] [32mBuilding CXX object CMakeFiles/trajectory_generation_common.dir/src/trajectory_generator.cpp.o[0m
[ 18%] [32mBuilding CXX object CMakeFiles/joint_limits_common.dir/src/limits_container.cpp.o[0m
[ 20%] [32m[1mLinking CXX static library libgmock.a[0m
[ 21%] [32mBuilding CXX object CMakeFiles/trajectory_generation_common.dir/src/trajectory_blender_transition_window.cpp.o[0m
[ 21%] Built target gmock
[ 22%] [32m[1mLinking CXX static library libgtest.a[0m
[ 22%] Built target gtest
[ 23%] [32m[1mLinking CXX shared library libplanning_context_loader_base.so[0m
during RTL pass: reload
In file included from [01m[K/usr/include/c++/11/map:60[m[K,
                 from [01m[K/opt/ros/iron/include/srdfdom/model.h:40[m[K,
                 from [01m[K/home/jake/moveit2_ws_main/install/moveit_core/include/moveit_core/moveit/robot_model/robot_model.h:42[m[K,
                 from [01m[K/home/jake/moveit2_ws_main/src/moveit2/moveit_planners/pilz_industrial_motion_planner/include/pilz_industrial_motion_planner/trajectory_functions.h:39[m[K,
                 from [01m[K/home/jake/moveit2_ws_main/src/moveit2/moveit_planners/pilz_industrial_motion_planner/src/trajectory_functions.cpp:35[m[K:
[01m[K/usr/include/c++/11/bits/stl_tree.h:[m[K In function â€˜[01m[Kstd::_Rb_tree_node<_Val>* std::_Rb_tree<_Key, _Val, _KeyOfValue, _Compare, _Alloc>::_M_copy(std::_Rb_tree<_Key, _Val, _KeyOfValue, _Compare, _Alloc>::_Link_type, std::_Rb_tree<_Key, _Val, _KeyOfValue, _Compare, _Alloc>::_Base_ptr, _NodeGen&) [with bool _MoveValues = false; _NodeGen = std::_Rb_tree<std::__cxx11::basic_string<char>, std::pair<const std::__cxx11::basic_string<char>, double>, std::_Select1st<std::pair<const std::__cxx11::basic_string<char>, double> >, std::less<std::__cxx11::basic_string<char> >, std::allocator<std::pair<const std::__cxx11::basic_string<char>, double> > >::_Alloc_node; _Key = std::__cxx11::basic_string<char>; _Val = std::pair<const std::__cxx11::basic_string<char>, double>; _KeyOfValue = std::_Select1st<std::pair<const std::__cxx11::basic_string<char>, double> >; _Compare = std::less<std::__cxx11::basic_string<char> >; _Alloc = std::allocator<std::pair<const std::__cxx11::basic_string<char>, double> >][m[Kâ€™:
[01m[K/usr/include/c++/11/bits/stl_tree.h:1878:7:[m[K [01;31m[Kinternal compiler error: [m[KSegmentation fault
 1878 |       [01;31m[K}[m[K
      |       [01;31m[K^[m[K
DW_FORM_strp out of range in .debug_info at 17
Please submit a full bug report,
with preprocessed source if appropriate.
See <file:///usr/share/doc/gcc-11/README.Bugs> for instructions.
gmake[2]: *** [CMakeFiles/trajectory_generation_common.dir/build.make:76: CMakeFiles/trajectory_generation_common.dir/src/trajectory_functions.cpp.o] Error 1
gmake[2]: *** Waiting for unfinished jobs....
[ 25%] [32m[1mLinking CXX shared library libjoint_limits_common.so[0m
[ 25%] Built target planning_context_loader_base
[ 25%] Built target joint_limits_common
[ 26%] [32mBuilding CXX object test/unit_tests/CMakeFiles/unittest_joint_limit.dir/src/unittest_joint_limit.cpp.o[0m
[ 27%] [32mBuilding CXX object test/unit_tests/CMakeFiles/unittest_joint_limits_container.dir/src/unittest_joint_limits_container.cpp.o[0m
[ 28%] [32mBuilding CXX object CMakeFiles/pilz_industrial_motion_planner.dir/src/pilz_industrial_motion_planner.cpp.o[0m
[ 30%] [32mBuilding CXX object test/unit_tests/CMakeFiles/unittest_joint_limits_validator.dir/src/unittest_joint_limits_validator.cpp.o[0m
[ 31%] [32mBuilding CXX object test/unit_tests/CMakeFiles/unittest_joint_limits_aggregator.dir/src/unittest_joint_limits_aggregator.cpp.o[0m
[ 32%] [32m[1mLinking CXX executable unittest_joint_limits_container[0m
during GIMPLE pass: local-pure-const
In file included from [01m[K/home/jake/moveit2_ws_main/src/moveit2/moveit_planners/pilz_industrial_motion_planner/include/pilz_industrial_motion_planner/trajectory_generator.h:50[m[K,
                 from [01m[K/home/jake/moveit2_ws_main/src/moveit2/moveit_planners/pilz_industrial_motion_planner/src/trajectory_generator.cpp:35[m[K:
[01m[K/home/jake/moveit2_ws_main/src/moveit2/moveit_planners/pilz_industrial_motion_planner/include/pilz_industrial_motion_planner/trajectory_generator.h:[m[K In destructor â€˜[01m[Kpilz_industrial_motion_planner::SizeMismatchInStartState::~SizeMismatchInStartState()[m[Kâ€™:
[01m[K/home/jake/moveit2_ws_main/src/moveit2/moveit_planners/pilz_industrial_motion_planner/include/pilz_industrial_motion_planner/trajectory_generator.h:63:36:[m[K [01;31m[Kinternal compiler error: [m[KSegmentation fault
   63 | CREATE_MOVEIT_ERROR_CODE_EXCEPTION([01;31m[KSizeMismatchInStartState[m[K, moveit_msgs::msg::MoveItErrorCodes::INVALID_ROBOT_STATE);
      |                                    [01;31m[K^~~~~~~~~~~~~~~~~~~~~~~~[m[K
[01m[K/home/jake/moveit2_ws_main/src/moveit2/moveit_planners/pilz_industrial_motion_planner/include/pilz_industrial_motion_planner/trajectory_generation_exceptions.h:109:9:[m[K [01;36m[Knote: [m[Kin definition of macro â€˜[01m[KCREATE_MOVEIT_ERROR_CODE_EXCEPTION[m[Kâ€™
  109 |   class [01;36m[KEXCEPTION_CLASS_NAME[m[K : public TemplatedMoveItErrorCodeException<ERROR_CODE>                                    \
      |         [01;36m[K^~~~~~~~~~~~~~~~~~~~[m[K
DW_FORM_strp out of range in .debug_info at 17
Please submit a full bug report,
with preprocessed source if appropriate.
See <file:///usr/share/doc/gcc-11/README.Bugs> for instructions.
gmake[2]: *** [CMakeFiles/trajectory_generation_common.dir/build.make:90: CMakeFiles/trajectory_generation_common.dir/src/trajectory_generator.cpp.o] Error 1
[ 32%] Built target unittest_joint_limits_container
[ 33%] [32m[1mLinking CXX executable unittest_joint_limits_validator[0m
[ 33%] Built target unittest_joint_limits_validator
gmake[1]: *** [CMakeFiles/Makefile2:354: CMakeFiles/trajectory_generation_common.dir/all] Error 2
gmake[1]: *** Waiting for unfinished jobs....
[ 35%] [32m[1mLinking CXX executable unittest_joint_limit[0m
In file included from [01m[K/usr/include/c++/11/unordered_map:46[m[K,
                 from [01m[K/usr/include/c++/11/functional:61[m[K,
                 from [01m[K/usr/include/c++/11/pstl/glue_algorithm_defs.h:13[m[K,
                 from [01m[K/usr/include/c++/11/algorithm:74[m[K,
                 from [01m[K/home/jake/ros2_iron/install/gtest_vendor/src/gtest_vendor/include/gtest/internal/gtest-port.h:264[m[K,
                 from [01m[K/home/jake/ros2_iron/install/gtest_vendor/src/gtest_vendor/include/gtest/internal/gtest-internal.h:40[m[K,
                 from [01m[K/home/jake/ros2_iron/install/gtest_vendor/src/gtest_vendor/include/gtest/gtest.h:62[m[K,
                 from [01m[K/home/jake/moveit2_ws_main/src/moveit2/moveit_planners/pilz_industrial_motion_planner/test/unit_tests/src/unittest_joint_limits_aggregator.cpp:35[m[K:
/usr/include/c++/11/bits/hashtable.h: In instantiation of â€˜[01m[Kclass std::_Hashtable<long int, std::pair<const long int, std::pair<std::chrono::time_point<std::chrono::_V2::system_clock, std::chrono::duration<long int, std::ratio<1, 1000000000> > >, std::variant<std::promise<std::shared_ptr<rcl_interfaces::srv::ListParameters_Response_<std::allocator<void> > > >, std::tuple<std::function<void(std::shared_future<std::shared_ptr<rcl_interfaces::srv::ListParameters_Response_<std::allocator<void> > > >)>, std::shared_future<std::shared_ptr<rcl_interfaces::srv::ListParameters_Response_<std::allocator<void> > > >, std::promise<std::shared_ptr<rcl_interfaces::srv::ListParameters_Response_<std::allocator<void> > > > >, std::tuple<std::function<void(std::shared_future<std::pair<std::shared_ptr<rcl_interfaces::srv::ListParameters_Request_<std::allocator<void> > >, std::shared_ptr<rcl_interfaces::srv::ListParameters_Response_<std::allocator<void> > > > >)>, std::shared_ptr<rcl_interfaces::srv::ListParameters_Request_<std::allocator<void> > >, std::shared_future<std::pair<std::shared_ptr<rcl_interfaces::srv::ListParameters_Request_<std::allocator<void> > >, std::shared_ptr<rcl_interfaces::srv::ListParameters_Response_<std::allocator<void> > > > >, std::promise<std::pair<std::shared_ptr<rcl_interfaces::srv::ListParameters_Request_<std::allocator<void> > >, std::shared_ptr<rcl_interfaces::srv::ListParameters_Response_<std::allocator<void> > > > > > > > >, std::allocator<std::pair<const long int, std::pair<std::chrono::time_point<std::chrono::_V2::system_clock, std::chrono::duration<long int, std::ratio<1, 1000000000> > >, std::variant<std::promise<std::shared_ptr<rcl_interfaces::srv::ListParameters_Response_<std::allocator<void> > > >, std::tuple<std::function<void(std::shared_future<std::shared_ptr<rcl_interfaces::srv::ListParameters_Response_<std::allocator<void> > > >)>, std::shared_future<std::shared_ptr<rcl_interfaces::srv::ListParameters_Response_<std::allocator<void> > > >, std::promise<std::shared_ptr<rcl_interfaces::srv::ListParameters_Response_<std::allocator<void> > > > >, std::tuple<std::function<void(std::shared_future<std::pair<std::shared_ptr<rcl_interfaces::srv::ListParameters_Request_<std::allocator<void> > >, std::shared_ptr<rcl_interfaces::srv::ListParameters_Response_<std::allocator<void> > > > >)>, std::shared_ptr<rcl_interfaces::srv::ListParameters_Request_<std::allocator<void> > >, std::shared_future<std::pair<std::shared_ptr<rcl_interfaces::srv::ListParameters_Request_<std::allocator<void> > >, std::shared_ptr<rcl_interfaces::srv::ListParameters_Response_<std::allocator<void> > > > >, std::promise<std::pair<std::shared_ptr<rcl_interfaces::srv::ListParameters_Request_<std::allocator<void> > >, std::shared_ptr<rcl_interfaces::srv::ListParameters_Response_<std::allocator<void> > > > > > > > > >, std::__detail::_Select1st, std::equal_to<long int>, std::hash<long int>, std::__detail::_Mod_range_hashing, std::__detail::_Default_ranged_hash, std::__detail::_Prime_rehash_policy, std::__detail::_Hashtable_traits<false, false, true> >[m[Kâ€™:
[01m[K/usr/include/c++/11/bits/unordered_map.h:105:18:[m[K   required from â€˜[01m[Kclass std::unordered_map<long int, std::pair<std::chrono::time_point<std::chrono::_V2::system_clock, std::chrono::duration<long int, std::ratio<1, 1000000000> > >, std::variant<std::promise<std::shared_ptr<rcl_interfaces::srv::ListParameters_Response_<std::allocator<void> > > >, std::tuple<std::function<void(std::shared_future<std::shared_ptr<rcl_interfaces::srv::ListParameters_Response_<std::allocator<void> > > >)>, std::shared_future<std::shared_ptr<rcl_interfaces::srv::ListParameters_Response_<std::allocator<void> > > >, std::promise<std::shared_ptr<rcl_interfaces::srv::ListParameters_Response_<std::allocator<void> > > > >, std::tuple<std::function<void(std::shared_future<std::pair<std::shared_ptr<rcl_interfaces::srv::ListParameters_Request_<std::allocator<void> > >, std::shared_ptr<rcl_interfaces::srv::ListParameters_Response_<std::allocator<void> > > > >)>, std::shared_ptr<rcl_interfaces::srv::ListParameters_Request_<std::allocator<void> > >, std::shared_future<std::pair<std::shared_ptr<rcl_interfaces::srv::ListParameters_Request_<std::allocator<void> > >, std::shared_ptr<rcl_interfaces::srv::ListParameters_Response_<std::allocator<void> > > > >, std::promise<std::pair<std::shared_ptr<rcl_interfaces::srv::ListParameters_Request_<std::allocator<void> > >, std::shared_ptr<rcl_interfaces::srv::ListParameters_Response_<std::allocator<void> > > > > > > >, std::hash<long int>, std::equal_to<long int>, std::allocator<std::pair<const long int, std::pair<std::chrono::time_point<std::chrono::_V2::system_clock, std::chrono::duration<long int, std::ratio<1, 1000000000> > >, std::variant<std::promise<std::shared_ptr<rcl_interfaces::srv::ListParameters_Response_<std::allocator<void> > > >, std::tuple<std::function<void(std::shared_future<std::shared_ptr<rcl_interfaces::srv::ListParameters_Response_<std::allocator<void> > > >)>, std::shared_future<std::shared_ptr<rcl_interfaces::srv::ListParameters_Response_<std::allocator<void> > > >, std::promise<std::shared_ptr<rcl_interfaces::srv::ListParameters_Response_<std::allocator<void> > > > >, std::tuple<std::function<void(std::shared_future<std::pair<std::shared_ptr<rcl_interfaces::srv::ListParameters_Request_<std::allocator<void> > >, std::shared_ptr<rcl_interfaces::srv::ListParameters_Response_<std::allocator<void> > > > >)>, std::shared_ptr<rcl_interfaces::srv::ListParameters_Request_<std::allocator<void> > >, std::shared_future<std::pair<std::shared_ptr<rcl_interfaces::srv::ListParameters_Request_<std::allocator<void> > >, std::shared_ptr<rcl_interfaces::srv::ListParameters_Response_<std::allocator<void> > > > >, std::promise<std::pair<std::shared_ptr<rcl_interfaces::srv::ListParameters_Request_<std::allocator<void> > >, std::shared_ptr<rcl_interfaces::srv::ListParameters_Response_<std::allocator<void> > > > > > > > > > >[m[Kâ€™
[01m[K/home/jake/ros2_iron/install/rclcpp/include/rclcpp/rclcpp/client.hpp:860:3:[m[K   required from â€˜[01m[Kclass rclcpp::Client<rcl_interfaces::srv::ListParameters>[m[Kâ€™
[01m[K/home/jake/ros2_iron/install/rclcpp/include/rclcpp/rclcpp/parameter_client.hpp:375:54:[m[K   required from here
[01m[K/usr/include/c++/11/bits/hashtable.h:180:11:[m[K [01;31m[Kinternal compiler error: [m[KSegmentation fault
  180 |     class [01;31m[K_Hashtable[m[K
      |           [01;31m[K^~~~~~~~~~[m[K
DW_FORM_strp out of range in .debug_info at 17
Please submit a full bug report,
with preprocessed source if appropriate.
See <file:///usr/share/doc/gcc-11/README.Bugs> for instructions.
gmake[2]: *** [test/unit_tests/CMakeFiles/unittest_joint_limits_aggregator.dir/build.make:76: test/unit_tests/CMakeFiles/unittest_joint_limits_aggregator.dir/src/unittest_joint_limits_aggregator.cpp.o] Error 1
gmake[1]: *** [CMakeFiles/Makefile2:936: test/unit_tests/CMakeFiles/unittest_joint_limits_aggregator.dir/all] Error 2
[ 35%] Built target unittest_joint_limit
In file included from [01m[K/usr/include/eigen3/Eigen/SVD:37[m[K,
                 from [01m[K/usr/include/eigen3/Eigen/Geometry:13[m[K,
                 from [01m[K/home/jake/moveit2_ws_main/install/moveit_core/include/moveit_core/moveit/robot_model/joint_model.h:46[m[K,
                 from [01m[K/home/jake/moveit2_ws_main/install/moveit_core/include/moveit_core/moveit/robot_model/joint_model_group.h:40[m[K,
                 from [01m[K/home/jake/moveit2_ws_main/install/moveit_core/include/moveit_core/moveit/robot_model/robot_model.h:45[m[K,
                 from [01m[K/home/jake/moveit2_ws_main/install/moveit_core/include/moveit_core/moveit/robot_state/robot_state.h:40[m[K,
                 from [01m[K/home/jake/moveit2_ws_main/install/moveit_core/include/moveit_core/moveit/robot_trajectory/robot_trajectory.h:40[m[K,
                 from [01m[K/home/jake/moveit2_ws_main/install/moveit_core/include/moveit_core/moveit/planning_interface/planning_response.h:39[m[K,
                 from [01m[K/home/jake/moveit2_ws_main/install/moveit_core/include/moveit_core/moveit/planning_interface/planning_interface.h:41[m[K,
                 from [01m[K/home/jake/moveit2_ws_main/src/moveit2/moveit_planners/pilz_industrial_motion_planner/include/pilz_industrial_motion_planner/planning_context_loader.h:42[m[K,
                 from [01m[K/home/jake/moveit2_ws_main/src/moveit2/moveit_planners/pilz_industrial_motion_planner/include/pilz_industrial_motion_planner/pilz_industrial_motion_planner.h:40[m[K,
                 from [01m[K/home/jake/moveit2_ws_main/src/moveit2/moveit_planners/pilz_industrial_motion_planner/src/pilz_industrial_motion_planner.cpp:37[m[K:
/usr/include/eigen3/Eigen/src/SVD/JacobiSVD.h: In instantiation of â€˜[01m[KEigen::JacobiSVD<MatrixType, QRPreconditioner>& Eigen::JacobiSVD<MatrixType, QRPreconditioner>::compute(const MatrixType&, unsigned int) [with _MatrixType = Eigen::Matrix<double, 3, 3>; int QRPreconditioner = 2; Eigen::JacobiSVD<MatrixType, QRPreconditioner>::MatrixType = Eigen::Matrix<double, 3, 3>][m[Kâ€™:
[01m[K/usr/include/eigen3/Eigen/src/SVD/JacobiSVD.h:549:14:[m[K   required from â€˜[01m[KEigen::JacobiSVD<MatrixType, QRPreconditioner>::JacobiSVD(const MatrixType&, unsigned int) [with _MatrixType = Eigen::Matrix<double, 3, 3>; int QRPreconditioner = 2; Eigen::JacobiSVD<MatrixType, QRPreconditioner>::MatrixType = Eigen::Matrix<double, 3, 3>][m[Kâ€™
[01m[K/usr/include/eigen3/Eigen/src/Geometry/Transform.h:1101:31:[m[K   required from â€˜[01m[Kvoid Eigen::Transform<Scalar, Dim, Mode, _Options>::computeRotationScaling(RotationMatrixType*, ScalingMatrixType*) const [with RotationMatrixType = Eigen::Matrix<double, 3, 3>; ScalingMatrixType = Eigen::Matrix<double, 3, 3>; _Scalar = double; int _Dim = 3; int _Mode = 1; int _Options = 0][m[Kâ€™
[01m[K/opt/ros/iron/include/geometric_shapes/check_isometry.h:79:35:[m[K   required from here
[01m[K/usr/include/eigen3/Eigen/src/SVD/JacobiSVD.h:794:1:[m[K [01;31m[Kinternal compiler error: [m[KSegmentation fault
  794 | [01;31m[K}[m[K
      | [01;31m[K^[m[K
DW_FORM_strp out of range in .debug_info at 17
Please submit a full bug report,
with preprocessed source if appropriate.
See <file:///usr/share/doc/gcc-11/README.Bugs> for instructions.
gmake[2]: *** [CMakeFiles/pilz_industrial_motion_planner.dir/build.make:76: CMakeFiles/pilz_industrial_motion_planner.dir/src/pilz_industrial_motion_planner.cpp.o] Error 1
gmake[1]: *** [CMakeFiles/Makefile2:410: CMakeFiles/pilz_industrial_motion_planner.dir/all] Error 2
gmake: *** [Makefile:146: all] Error 2
