In file included from [01m[K/usr/include/c++/11/mutex:39[m[K,
                 from [01m[K/usr/include/c++/11/future:38[m[K,
                 from [01m[K/home/jake/moveit2_ws_main/src/moveit2/moveit_planners/stomp/src/stomp_moveit_planning_context.cpp:40[m[K:
/usr/include/c++/11/chrono: In substitution of â€˜[01m[Ktemplate<class _Rep2, class> constexpr std::chrono::duration<long int, std::ratio<1, 1000000000> >::duration(const _Rep2&) [with _Rep2 = long int; <template-parameter-1-2> = <missing>][m[Kâ€™:
[01m[K/usr/include/c++/11/chrono:666:9:[m[K   required from â€˜[01m[Kconstexpr typename std::common_type<std::chrono::duration<_Rep1, _Period1>, std::chrono::duration<_Rep2, _Period2> >::type std::chrono::operator-(const std::chrono::duration<_Rep1, _Period1>&, const std::chrono::duration<_Rep2, _Period2>&) [with _Rep1 = long int; _Period1 = std::ratio<1, 1000000000>; _Rep2 = long int; _Period2 = std::ratio<1, 1000000000>; typename std::common_type<std::chrono::duration<_Rep1, _Period1>, std::chrono::duration<_Rep2, _Period2> >::type = std::chrono::duration<long int, std::ratio<1, 1000000000> >][m[Kâ€™
[01m[K/usr/include/c++/11/chrono:1044:41:[m[K   required from â€˜[01m[Kconstexpr typename std::common_type<_Duration1, _Duration2>::type std::chrono::operator-(const std::chrono::time_point<_Clock, _Duration1>&, const std::chrono::time_point<_Clock, _Duration2>&) [with _Clock = std::chrono::_V2::steady_clock; _Dur1 = std::chrono::duration<long int, std::ratio<1, 1000000000> >; _Dur2 = std::chrono::duration<long int, std::ratio<1, 1000000000> >; typename std::common_type<_Duration1, _Duration2>::type = std::chrono::duration<long int, std::ratio<1, 1000000000> >][m[Kâ€™
[01m[K/home/jake/ros2_iron/install/rclcpp/include/rclcpp/rclcpp/wait_set_policies/detail/synchronization_policy_common.hpp:59:90:[m[K   required from here
[01m[K/usr/include/c++/11/chrono:518:34:[m[K [01;31m[Kinternal compiler error: [m[KSegmentation fault
  518 |         template<typename _Rep2, [01;31m[Ktypename[m[K = _Require<
      |                                  [01;31m[K^~~~~~~~[m[K
DW_FORM_strp out of range in .debug_info at 17
Please submit a full bug report,
with preprocessed source if appropriate.
See <file:///usr/share/doc/gcc-11/README.Bugs> for instructions.
gmake[2]: *** [CMakeFiles/stomp_moveit_plugin.dir/build.make:90: CMakeFiles/stomp_moveit_plugin.dir/src/stomp_moveit_planning_context.cpp.o] Error 1
gmake[2]: *** Waiting for unfinished jobs....
gmake[1]: *** [CMakeFiles/Makefile2:202: CMakeFiles/stomp_moveit_plugin.dir/all] Error 2
gmake: *** [Makefile:146: all] Error 2
